2025-11-21 13:00:38.7640  连接已断开，无法发送消息，玩家ID:481227566538293248
2025-11-21 13:12:18.5641 (LoginRequestHandler.cs:53) 当前没有其他玩家在线，无需广播
2025-11-21 13:12:20.4019 (StateSyncRequestHandler.cs:35) 当前没有其他玩家在线，无需广播状态同步消息
2025-11-21 13:12:20.4780 (StateSyncRequestHandler.cs:35) 当前没有其他玩家在线，无需广播状态同步消息
2025-11-21 13:12:20.5780 (StateSyncRequestHandler.cs:35) 当前没有其他玩家在线，无需广播状态同步消息
2025-11-21 13:12:20.6707 (StateSyncRequestHandler.cs:35) 当前没有其他玩家在线，无需广播状态同步消息
2025-11-21 13:12:20.7786 (StateSyncRequestHandler.cs:35) 当前没有其他玩家在线，无需广播状态同步消息
2025-11-21 13:12:20.8717 (StateSyncRequestHandler.cs:35) 当前没有其他玩家在线，无需广播状态同步消息
2025-11-21 13:12:20.9791 (StateSyncRequestHandler.cs:35) 当前没有其他玩家在线，无需广播状态同步消息
2025-11-21 13:12:21.0837 (StateSyncRequestHandler.cs:35) 当前没有其他玩家在线，无需广播状态同步消息
2025-11-21 13:12:21.1775 (StateSyncRequestHandler.cs:35) 当前没有其他玩家在线，无需广播状态同步消息
2025-11-21 13:12:21.2705 (StateSyncRequestHandler.cs:35) 当前没有其他玩家在线，无需广播状态同步消息
2025-11-21 13:12:21.3764 (StateSyncRequestHandler.cs:35) 当前没有其他玩家在线，无需广播状态同步消息
2025-11-21 13:12:21.4764 (StateSyncRequestHandler.cs:35) 当前没有其他玩家在线，无需广播状态同步消息
2025-11-21 13:12:21.5759 (StateSyncRequestHandler.cs:35) 当前没有其他玩家在线，无需广播状态同步消息
2025-11-21 13:12:21.6705 (StateSyncRequestHandler.cs:35) 当前没有其他玩家在线，无需广播状态同步消息
2025-11-21 13:12:21.7826 (StateSyncRequestHandler.cs:35) 当前没有其他玩家在线，无需广播状态同步消息
2025-11-21 13:12:21.8782 (StateSyncRequestHandler.cs:35) 当前没有其他玩家在线，无需广播状态同步消息
2025-11-21 13:12:21.9737 (StateSyncRequestHandler.cs:35) 当前没有其他玩家在线，无需广播状态同步消息
2025-11-21 13:12:22.0810 (StateSyncRequestHandler.cs:35) 当前没有其他玩家在线，无需广播状态同步消息
2025-11-21 13:12:22.1737 (StateSyncRequestHandler.cs:35) 当前没有其他玩家在线，无需广播状态同步消息
2025-11-21 13:12:22.2781 (StateSyncRequestHandler.cs:35) 当前没有其他玩家在线，无需广播状态同步消息
2025-11-21 13:12:22.3807 (StateSyncRequestHandler.cs:35) 当前没有其他玩家在线，无需广播状态同步消息
2025-11-21 13:12:22.4712 (StateSyncRequestHandler.cs:35) 当前没有其他玩家在线，无需广播状态同步消息
2025-11-21 13:12:22.5718 (StateSyncRequestHandler.cs:35) 当前没有其他玩家在线，无需广播状态同步消息
2025-11-21 13:12:22.6708 (StateSyncRequestHandler.cs:35) 当前没有其他玩家在线，无需广播状态同步消息
2025-11-21 13:12:22.7763 (StateSyncRequestHandler.cs:35) 当前没有其他玩家在线，无需广播状态同步消息
2025-11-21 13:12:22.8803 (StateSyncRequestHandler.cs:35) 当前没有其他玩家在线，无需广播状态同步消息
2025-11-21 13:12:22.9753 (StateSyncRequestHandler.cs:35) 当前没有其他玩家在线，无需广播状态同步消息
2025-11-21 13:12:28.9794 (StateSyncRequestHandler.cs:35) 当前没有其他玩家在线，无需广播状态同步消息
2025-11-21 13:12:29.0759 (StateSyncRequestHandler.cs:35) 当前没有其他玩家在线，无需广播状态同步消息
2025-11-21 13:12:29.1708 (StateSyncRequestHandler.cs:35) 当前没有其他玩家在线，无需广播状态同步消息
2025-11-21 13:12:29.2794 (StateSyncRequestHandler.cs:35) 当前没有其他玩家在线，无需广播状态同步消息
2025-11-21 13:12:29.3743 (StateSyncRequestHandler.cs:35) 当前没有其他玩家在线，无需广播状态同步消息
2025-11-21 13:12:29.4691 (StateSyncRequestHandler.cs:35) 当前没有其他玩家在线，无需广播状态同步消息
2025-11-21 13:12:29.5762 (StateSyncRequestHandler.cs:35) 当前没有其他玩家在线，无需广播状态同步消息
2025-11-21 13:12:31.4731 (StateSyncRequestHandler.cs:35) 当前没有其他玩家在线，无需广播状态同步消息
2025-11-21 13:12:31.5778 (StateSyncRequestHandler.cs:35) 当前没有其他玩家在线，无需广播状态同步消息
2025-11-21 13:12:31.6729 (StateSyncRequestHandler.cs:35) 当前没有其他玩家在线，无需广播状态同步消息
2025-11-21 13:12:31.7795 (StateSyncRequestHandler.cs:35) 当前没有其他玩家在线，无需广播状态同步消息
2025-11-21 13:12:31.8727 (StateSyncRequestHandler.cs:35) 当前没有其他玩家在线，无需广播状态同步消息
2025-11-21 13:12:31.9820 (StateSyncRequestHandler.cs:35) 当前没有其他玩家在线，无需广播状态同步消息
2025-11-21 13:12:32.0779 (StateSyncRequestHandler.cs:35) 当前没有其他玩家在线，无需广播状态同步消息
2025-11-21 13:12:32.1708 (StateSyncRequestHandler.cs:35) 当前没有其他玩家在线，无需广播状态同步消息
2025-11-21 13:12:32.2730 (StateSyncRequestHandler.cs:35) 当前没有其他玩家在线，无需广播状态同步消息
2025-11-21 13:12:32.3763 (StateSyncRequestHandler.cs:35) 当前没有其他玩家在线，无需广播状态同步消息
2025-11-21 13:12:32.4756 (StateSyncRequestHandler.cs:35) 当前没有其他玩家在线，无需广播状态同步消息
2025-11-21 13:12:32.5699 (StateSyncRequestHandler.cs:35) 当前没有其他玩家在线，无需广播状态同步消息
2025-11-21 13:12:32.6795 (StateSyncRequestHandler.cs:35) 当前没有其他玩家在线，无需广播状态同步消息
2025-11-21 13:12:32.7757 (StateSyncRequestHandler.cs:35) 当前没有其他玩家在线，无需广播状态同步消息
2025-11-21 13:12:32.8747 (StateSyncRequestHandler.cs:35) 当前没有其他玩家在线，无需广播状态同步消息
2025-11-21 13:12:32.9812 (StateSyncRequestHandler.cs:35) 当前没有其他玩家在线，无需广播状态同步消息
2025-11-21 13:12:33.0714 (StateSyncRequestHandler.cs:35) 当前没有其他玩家在线，无需广播状态同步消息
2025-11-21 13:12:33.1724 (StateSyncRequestHandler.cs:35) 当前没有其他玩家在线，无需广播状态同步消息
2025-11-21 13:12:33.2748 (StateSyncRequestHandler.cs:35) 当前没有其他玩家在线，无需广播状态同步消息
2025-11-21 13:12:33.3743 (StateSyncRequestHandler.cs:35) 当前没有其他玩家在线，无需广播状态同步消息
2025-11-21 13:12:33.4713 (StateSyncRequestHandler.cs:35) 当前没有其他玩家在线，无需广播状态同步消息
2025-11-21 13:12:33.5762 (StateSyncRequestHandler.cs:35) 当前没有其他玩家在线，无需广播状态同步消息
2025-11-21 13:12:33.6759 (StateSyncRequestHandler.cs:35) 当前没有其他玩家在线，无需广播状态同步消息
2025-11-21 13:12:33.7745 (StateSyncRequestHandler.cs:35) 当前没有其他玩家在线，无需广播状态同步消息
2025-11-21 13:12:33.8737 (StateSyncRequestHandler.cs:35) 当前没有其他玩家在线，无需广播状态同步消息
2025-11-21 13:12:33.9728 (StateSyncRequestHandler.cs:35) 当前没有其他玩家在线，无需广播状态同步消息
2025-11-21 13:12:34.0818  当前没有其他玩家在线，无需广播状态同步消息
2025-11-21 13:12:34.1811  当前没有其他玩家在线，无需广播状态同步消息
2025-11-21 13:12:34.2806  当前没有其他玩家在线，无需广播状态同步消息
2025-11-21 13:12:34.3807  当前没有其他玩家在线，无需广播状态同步消息
2025-11-21 13:12:34.4774  当前没有其他玩家在线，无需广播状态同步消息
2025-11-21 13:12:34.5745  当前没有其他玩家在线，无需广播状态同步消息
2025-11-21 13:12:34.6708  当前没有其他玩家在线，无需广播状态同步消息
2025-11-21 13:12:34.7747  当前没有其他玩家在线，无需广播状态同步消息
2025-11-21 13:12:34.8829  当前没有其他玩家在线，无需广播状态同步消息
2025-11-21 13:12:34.9771  当前没有其他玩家在线，无需广播状态同步消息
2025-11-21 13:12:36.2761  当前没有其他玩家在线，无需广播状态同步消息
2025-11-21 13:12:36.3722  当前没有其他玩家在线，无需广播状态同步消息
2025-11-21 13:12:36.4719  当前没有其他玩家在线，无需广播状态同步消息
2025-11-21 13:12:36.5769  当前没有其他玩家在线，无需广播状态同步消息
2025-11-21 13:12:36.6785  当前没有其他玩家在线，无需广播状态同步消息
2025-11-21 13:12:36.7786  当前没有其他玩家在线，无需广播状态同步消息
2025-11-21 13:12:36.8807  当前没有其他玩家在线，无需广播状态同步消息
2025-11-21 13:12:36.9726  当前没有其他玩家在线，无需广播状态同步消息
2025-11-21 13:12:37.0739  当前没有其他玩家在线，无需广播状态同步消息
2025-11-21 13:12:37.1718  当前没有其他玩家在线，无需广播状态同步消息
2025-11-21 13:12:37.2772  当前没有其他玩家在线，无需广播状态同步消息
2025-11-21 13:12:37.3802  当前没有其他玩家在线，无需广播状态同步消息
2025-11-21 13:12:37.4719  当前没有其他玩家在线，无需广播状态同步消息
2025-11-21 13:12:37.5740  当前没有其他玩家在线，无需广播状态同步消息
2025-11-21 13:12:37.6840  当前没有其他玩家在线，无需广播状态同步消息
2025-11-21 13:12:38.1799  当前没有其他玩家在线，无需广播状态同步消息
2025-11-21 13:12:38.2741  当前没有其他玩家在线，无需广播状态同步消息
2025-11-21 13:12:38.3731  当前没有其他玩家在线，无需广播状态同步消息
2025-11-21 13:12:38.4743  当前没有其他玩家在线，无需广播状态同步消息
2025-11-21 13:12:38.5745  当前没有其他玩家在线，无需广播状态同步消息
2025-11-21 13:12:38.6794  当前没有其他玩家在线，无需广播状态同步消息
2025-11-21 13:12:38.7790  当前没有其他玩家在线，无需广播状态同步消息
2025-11-21 13:12:38.8781  当前没有其他玩家在线，无需广播状态同步消息
2025-11-21 13:12:38.9796  当前没有其他玩家在线，无需广播状态同步消息
2025-11-21 13:12:39.0696  当前没有其他玩家在线，无需广播状态同步消息
2025-11-21 13:12:39.1785  当前没有其他玩家在线，无需广播状态同步消息
2025-11-21 13:12:39.2731  当前没有其他玩家在线，无需广播状态同步消息
2025-11-21 13:12:39.3763  当前没有其他玩家在线，无需广播状态同步消息
2025-11-21 13:12:39.4782  当前没有其他玩家在线，无需广播状态同步消息
2025-11-21 13:12:39.5775  当前没有其他玩家在线，无需广播状态同步消息
2025-11-21 13:12:39.6705  当前没有其他玩家在线，无需广播状态同步消息
2025-11-21 13:12:39.7745  当前没有其他玩家在线，无需广播状态同步消息
2025-11-21 13:12:39.8796  当前没有其他玩家在线，无需广播状态同步消息
2025-11-21 13:12:39.9727  当前没有其他玩家在线，无需广播状态同步消息
2025-11-21 13:12:40.0722  当前没有其他玩家在线，无需广播状态同步消息
2025-11-21 13:12:40.1758  当前没有其他玩家在线，无需广播状态同步消息
2025-11-21 13:12:40.2860  当前没有其他玩家在线，无需广播状态同步消息
2025-11-21 13:12:40.3777  当前没有其他玩家在线，无需广播状态同步消息
2025-11-21 13:12:40.4729  当前没有其他玩家在线，无需广播状态同步消息
2025-11-21 13:12:40.5794  当前没有其他玩家在线，无需广播状态同步消息
2025-11-21 13:12:40.6803  当前没有其他玩家在线，无需广播状态同步消息
2025-11-21 13:12:40.7741  当前没有其他玩家在线，无需广播状态同步消息
2025-11-21 13:12:40.8741  当前没有其他玩家在线，无需广播状态同步消息
2025-11-21 13:12:40.9768  当前没有其他玩家在线，无需广播状态同步消息
2025-11-21 13:12:41.0808  当前没有其他玩家在线，无需广播状态同步消息
2025-11-21 13:12:41.2704  当前没有其他玩家在线，无需广播状态同步消息
2025-11-21 13:12:41.3751  当前没有其他玩家在线，无需广播状态同步消息
2025-11-21 13:12:41.4795  当前没有其他玩家在线，无需广播状态同步消息
2025-11-21 13:12:41.5713  当前没有其他玩家在线，无需广播状态同步消息
2025-11-21 13:12:41.6715  当前没有其他玩家在线，无需广播状态同步消息
2025-11-21 13:12:41.7772  当前没有其他玩家在线，无需广播状态同步消息
2025-11-21 13:12:41.8792  当前没有其他玩家在线，无需广播状态同步消息
2025-11-21 13:12:42.6779  当前没有其他玩家在线，无需广播状态同步消息
2025-11-21 13:12:42.7738  当前没有其他玩家在线，无需广播状态同步消息
2025-11-21 13:12:42.8737  当前没有其他玩家在线，无需广播状态同步消息
2025-11-21 13:12:42.9780  当前没有其他玩家在线，无需广播状态同步消息
2025-11-21 13:12:43.0802  当前没有其他玩家在线，无需广播状态同步消息
2025-11-21 13:12:43.1721  当前没有其他玩家在线，无需广播状态同步消息
2025-11-21 13:12:43.2717  当前没有其他玩家在线，无需广播状态同步消息
2025-11-21 13:12:43.3761  当前没有其他玩家在线，无需广播状态同步消息
2025-11-21 13:12:43.4784  当前没有其他玩家在线，无需广播状态同步消息
2025-11-21 13:12:43.5820  当前没有其他玩家在线，无需广播状态同步消息
2025-11-21 13:12:43.7712  当前没有其他玩家在线，无需广播状态同步消息
2025-11-21 13:12:43.8755  当前没有其他玩家在线，无需广播状态同步消息
2025-11-21 13:12:43.9791  当前没有其他玩家在线，无需广播状态同步消息
2025-11-21 13:12:44.0822  当前没有其他玩家在线，无需广播状态同步消息
2025-11-21 13:12:44.1798  当前没有其他玩家在线，无需广播状态同步消息
2025-11-21 13:12:44.2823  当前没有其他玩家在线，无需广播状态同步消息
2025-11-21 13:12:44.3756  当前没有其他玩家在线，无需广播状态同步消息
2025-11-21 13:12:44.5818  当前没有其他玩家在线，无需广播状态同步消息
2025-11-21 13:12:44.6755  当前没有其他玩家在线，无需广播状态同步消息
2025-11-21 13:12:44.9746  当前没有其他玩家在线，无需广播状态同步消息
2025-11-21 13:12:45.0778  当前没有其他玩家在线，无需广播状态同步消息
2025-11-21 13:12:45.1788  当前没有其他玩家在线，无需广播状态同步消息
2025-11-21 13:12:45.2700  当前没有其他玩家在线，无需广播状态同步消息
2025-11-21 13:12:45.3783  当前没有其他玩家在线，无需广播状态同步消息
2025-11-21 13:12:45.4789  当前没有其他玩家在线，无需广播状态同步消息
2025-11-21 13:12:46.3802  当前没有其他玩家在线，无需广播状态同步消息
2025-11-21 13:12:46.4738  当前没有其他玩家在线，无需广播状态同步消息
2025-11-21 13:12:47.0761  当前没有其他玩家在线，无需广播状态同步消息
2025-11-21 13:12:47.1770  当前没有其他玩家在线，无需广播状态同步消息
2025-11-21 13:12:48.0727  当前没有其他玩家在线，无需广播状态同步消息
2025-11-21 13:12:48.1746  当前没有其他玩家在线，无需广播状态同步消息
2025-11-21 13:12:49.4767  当前没有其他玩家在线，无需广播状态同步消息
2025-11-21 13:12:49.5798  当前没有其他玩家在线，无需广播状态同步消息
2025-11-21 13:12:50.4741  当前没有其他玩家在线，无需广播状态同步消息
2025-11-21 13:12:50.5772  当前没有其他玩家在线，无需广播状态同步消息
2025-11-21 13:12:51.4781  当前没有其他玩家在线，无需广播状态同步消息
2025-11-21 13:12:51.5727  当前没有其他玩家在线，无需广播状态同步消息
2025-11-21 13:12:51.6803  当前没有其他玩家在线，无需广播状态同步消息
2025-11-21 13:12:52.5797  当前没有其他玩家在线，无需广播状态同步消息
2025-11-21 13:12:52.6807  当前没有其他玩家在线，无需广播状态同步消息
2025-11-21 13:12:52.7703  当前没有其他玩家在线，无需广播状态同步消息
2025-11-21 13:12:53.8812  当前没有其他玩家在线，无需广播状态同步消息
2025-11-21 13:12:53.9723  当前没有其他玩家在线，无需广播状态同步消息
2025-11-21 13:12:54.9712  当前没有其他玩家在线，无需广播状态同步消息
2025-11-21 13:12:55.0720  当前没有其他玩家在线，无需广播状态同步消息
2025-11-21 13:12:55.1803  当前没有其他玩家在线，无需广播状态同步消息
2025-11-21 13:12:55.2745  当前没有其他玩家在线，无需广播状态同步消息
2025-11-21 13:12:55.3818  当前没有其他玩家在线，无需广播状态同步消息
2025-11-21 13:12:55.4856  当前没有其他玩家在线，无需广播状态同步消息
2025-11-21 13:12:55.5762  当前没有其他玩家在线，无需广播状态同步消息
2025-11-21 13:12:55.6822  当前没有其他玩家在线，无需广播状态同步消息
2025-11-21 13:12:55.7794  当前没有其他玩家在线，无需广播状态同步消息
2025-11-21 13:12:55.8736  当前没有其他玩家在线，无需广播状态同步消息
2025-11-21 13:12:55.9714  当前没有其他玩家在线，无需广播状态同步消息
2025-11-21 13:12:56.0704  当前没有其他玩家在线，无需广播状态同步消息
2025-11-21 13:12:56.1718  当前没有其他玩家在线，无需广播状态同步消息
2025-11-21 13:12:56.2801  当前没有其他玩家在线，无需广播状态同步消息
2025-11-21 13:12:56.3739  当前没有其他玩家在线，无需广播状态同步消息
2025-11-21 13:12:56.4733  当前没有其他玩家在线，无需广播状态同步消息
2025-11-21 13:12:56.5745  当前没有其他玩家在线，无需广播状态同步消息
2025-11-21 13:12:56.6793  当前没有其他玩家在线，无需广播状态同步消息
2025-11-21 13:12:56.7741  当前没有其他玩家在线，无需广播状态同步消息
2025-11-21 13:12:56.8738  当前没有其他玩家在线，无需广播状态同步消息
2025-11-21 13:12:57.4768  当前没有其他玩家在线，无需广播状态同步消息
2025-11-21 13:12:57.5774  当前没有其他玩家在线，无需广播状态同步消息
2025-11-21 13:12:57.6799  当前没有其他玩家在线，无需广播状态同步消息
2025-11-21 13:12:57.7741  当前没有其他玩家在线，无需广播状态同步消息
2025-11-21 13:12:58.7767  当前没有其他玩家在线，无需广播状态同步消息
2025-11-21 13:12:58.8728  当前没有其他玩家在线，无需广播状态同步消息
2025-11-21 13:12:58.9739  当前没有其他玩家在线，无需广播状态同步消息
2025-11-21 13:12:59.0712  当前没有其他玩家在线，无需广播状态同步消息
2025-11-21 13:12:59.1733  当前没有其他玩家在线，无需广播状态同步消息
2025-11-21 13:12:59.2770  当前没有其他玩家在线，无需广播状态同步消息
2025-11-21 13:12:59.3706  当前没有其他玩家在线，无需广播状态同步消息
2025-11-21 13:12:59.4800  当前没有其他玩家在线，无需广播状态同步消息
2025-11-21 13:12:59.5711  当前没有其他玩家在线，无需广播状态同步消息
2025-11-21 13:12:59.6714  当前没有其他玩家在线，无需广播状态同步消息
2025-11-21 13:12:59.7711  当前没有其他玩家在线，无需广播状态同步消息
2025-11-21 13:12:59.8720  当前没有其他玩家在线，无需广播状态同步消息
2025-11-21 13:13:00.9804  当前没有其他玩家在线，无需广播状态同步消息
2025-11-21 13:13:01.0711  当前没有其他玩家在线，无需广播状态同步消息
2025-11-21 13:13:01.5814  当前没有其他玩家在线，无需广播状态同步消息
2025-11-21 13:13:01.6814  当前没有其他玩家在线，无需广播状态同步消息
2025-11-21 13:13:01.7795  当前没有其他玩家在线，无需广播状态同步消息
2025-11-21 13:13:01.8784  当前没有其他玩家在线，无需广播状态同步消息
2025-11-21 13:13:01.9798  当前没有其他玩家在线，无需广播状态同步消息
2025-11-21 13:13:02.0699  当前没有其他玩家在线，无需广播状态同步消息
2025-11-21 13:13:02.1761  当前没有其他玩家在线，无需广播状态同步消息
2025-11-21 13:13:02.2795  当前没有其他玩家在线，无需广播状态同步消息
2025-11-21 13:13:02.3749  当前没有其他玩家在线，无需广播状态同步消息
2025-11-21 13:13:02.4718  当前没有其他玩家在线，无需广播状态同步消息
2025-11-21 13:13:02.5818  当前没有其他玩家在线，无需广播状态同步消息
2025-11-21 13:13:02.6719  当前没有其他玩家在线，无需广播状态同步消息
2025-11-21 13:13:02.7754  当前没有其他玩家在线，无需广播状态同步消息
2025-11-21 13:13:02.8695  当前没有其他玩家在线，无需广播状态同步消息
2025-11-21 13:13:02.9752  当前没有其他玩家在线，无需广播状态同步消息
2025-11-21 13:13:03.0700  当前没有其他玩家在线，无需广播状态同步消息
2025-11-21 13:13:03.1831  当前没有其他玩家在线，无需广播状态同步消息
2025-11-21 13:13:03.2764  当前没有其他玩家在线，无需广播状态同步消息
2025-11-21 13:13:03.3705  当前没有其他玩家在线，无需广播状态同步消息
2025-11-21 13:13:03.4722  当前没有其他玩家在线，无需广播状态同步消息
2025-11-21 13:13:03.5779  当前没有其他玩家在线，无需广播状态同步消息
2025-11-21 13:13:03.6743  当前没有其他玩家在线，无需广播状态同步消息
2025-11-21 13:13:03.7767  当前没有其他玩家在线，无需广播状态同步消息
2025-11-21 13:13:03.8801  当前没有其他玩家在线，无需广播状态同步消息
2025-11-21 13:13:03.9704  当前没有其他玩家在线，无需广播状态同步消息
2025-11-21 13:13:04.0745  当前没有其他玩家在线，无需广播状态同步消息
2025-11-21 13:13:04.1759  当前没有其他玩家在线，无需广播状态同步消息
2025-11-21 13:13:04.2804  当前没有其他玩家在线，无需广播状态同步消息
2025-11-21 13:13:04.3803  当前没有其他玩家在线，无需广播状态同步消息
2025-11-21 13:13:07.9796  当前没有其他玩家在线，无需广播状态同步消息
2025-11-21 13:13:08.0773  当前没有其他玩家在线，无需广播状态同步消息
2025-11-21 13:13:08.1804  当前没有其他玩家在线，无需广播状态同步消息
2025-11-21 13:13:08.2809  当前没有其他玩家在线，无需广播状态同步消息
2025-11-21 13:13:08.3690  当前没有其他玩家在线，无需广播状态同步消息
2025-11-21 13:13:08.4718  当前没有其他玩家在线，无需广播状态同步消息
2025-11-21 13:13:08.5830  当前没有其他玩家在线，无需广播状态同步消息
2025-11-21 13:13:08.6792  当前没有其他玩家在线，无需广播状态同步消息
2025-11-21 13:13:08.7736  当前没有其他玩家在线，无需广播状态同步消息
2025-11-21 13:13:08.8743  当前没有其他玩家在线，无需广播状态同步消息
2025-11-21 13:13:08.9787  当前没有其他玩家在线，无需广播状态同步消息
2025-11-21 13:13:09.0823  当前没有其他玩家在线，无需广播状态同步消息
2025-11-21 13:13:09.1722  当前没有其他玩家在线，无需广播状态同步消息
2025-11-21 13:13:09.2798  当前没有其他玩家在线，无需广播状态同步消息
2025-11-21 13:13:09.3787  当前没有其他玩家在线，无需广播状态同步消息
2025-11-21 13:13:09.4791  当前没有其他玩家在线，无需广播状态同步消息
2025-11-21 13:13:09.5731  当前没有其他玩家在线，无需广播状态同步消息
2025-11-21 13:13:09.6755  当前没有其他玩家在线，无需广播状态同步消息
2025-11-21 13:13:09.7785  当前没有其他玩家在线，无需广播状态同步消息
2025-11-21 13:13:09.8820  当前没有其他玩家在线，无需广播状态同步消息
2025-11-21 13:13:09.9798  当前没有其他玩家在线，无需广播状态同步消息
2025-11-21 13:13:10.0766  当前没有其他玩家在线，无需广播状态同步消息
2025-11-21 13:13:10.1706  当前没有其他玩家在线，无需广播状态同步消息
2025-11-21 13:13:12.5700  当前没有其他玩家在线，无需广播状态同步消息
2025-11-21 13:13:12.6743  当前没有其他玩家在线，无需广播状态同步消息
2025-11-21 13:13:12.7705  当前没有其他玩家在线，无需广播状态同步消息
2025-11-21 13:13:12.8768  当前没有其他玩家在线，无需广播状态同步消息
2025-11-21 13:13:12.9814  当前没有其他玩家在线，无需广播状态同步消息
2025-11-21 13:13:13.0788  当前没有其他玩家在线，无需广播状态同步消息
2025-11-21 13:13:13.1773  当前没有其他玩家在线，无需广播状态同步消息
2025-11-21 13:13:13.2703  当前没有其他玩家在线，无需广播状态同步消息
2025-11-21 13:13:13.3749  当前没有其他玩家在线，无需广播状态同步消息
2025-11-21 13:13:13.4732  当前没有其他玩家在线，无需广播状态同步消息
2025-11-21 13:13:13.5764  当前没有其他玩家在线，无需广播状态同步消息
2025-11-21 13:13:13.6804  当前没有其他玩家在线，无需广播状态同步消息
2025-11-21 13:13:13.7814  当前没有其他玩家在线，无需广播状态同步消息
2025-11-21 13:13:13.8737  当前没有其他玩家在线，无需广播状态同步消息
2025-11-21 13:13:13.9779  当前没有其他玩家在线，无需广播状态同步消息
2025-11-21 13:13:14.0704  当前没有其他玩家在线，无需广播状态同步消息
2025-11-21 13:13:14.1718  当前没有其他玩家在线，无需广播状态同步消息
2025-11-21 13:13:19.4241  当前服务器上没有其他玩家在线，无需广播下线消息
2025-11-21 13:13:19.4241  玩家ID:481248302640398336 下线成功
2025-11-21 13:27:35.8019  当前没有其他玩家在线，无需广播
2025-11-21 13:27:40.3289  当前没有其他玩家在线，无需广播状态同步消息
2025-11-21 13:27:40.4241  当前没有其他玩家在线，无需广播状态同步消息
2025-11-21 13:27:40.5262  当前没有其他玩家在线，无需广播状态同步消息
2025-11-21 13:27:40.6271  当前没有其他玩家在线，无需广播状态同步消息
2025-11-21 13:27:41.5299  当前没有其他玩家在线，无需广播状态同步消息
2025-11-21 13:27:41.6291  当前没有其他玩家在线，无需广播状态同步消息
2025-11-21 13:27:41.7299  当前没有其他玩家在线，无需广播状态同步消息
2025-11-21 13:27:41.8297  当前没有其他玩家在线，无需广播状态同步消息
2025-11-21 13:27:41.9271  当前没有其他玩家在线，无需广播状态同步消息
2025-11-21 13:27:42.0272  当前没有其他玩家在线，无需广播状态同步消息
2025-11-21 13:27:42.1272  当前没有其他玩家在线，无需广播状态同步消息
2025-11-21 13:27:42.2264  当前没有其他玩家在线，无需广播状态同步消息
2025-11-21 13:27:42.3233  当前没有其他玩家在线，无需广播状态同步消息
2025-11-21 13:27:42.4232  当前没有其他玩家在线，无需广播状态同步消息
2025-11-21 13:27:42.5297  当前没有其他玩家在线，无需广播状态同步消息
2025-11-21 13:27:42.6267  当前没有其他玩家在线，无需广播状态同步消息
2025-11-21 13:27:42.7241  当前没有其他玩家在线，无需广播状态同步消息
2025-11-21 13:27:42.8300  当前没有其他玩家在线，无需广播状态同步消息
2025-11-21 13:27:42.9286  当前没有其他玩家在线，无需广播状态同步消息
2025-11-21 13:27:43.0219  当前没有其他玩家在线，无需广播状态同步消息
2025-11-21 13:27:43.1269  当前没有其他玩家在线，无需广播状态同步消息
2025-11-21 13:27:43.5280  当前没有其他玩家在线，无需广播状态同步消息
2025-11-21 13:27:43.6238  当前没有其他玩家在线，无需广播状态同步消息
2025-11-21 13:27:43.7232  当前没有其他玩家在线，无需广播状态同步消息
2025-11-21 13:27:43.8280  当前没有其他玩家在线，无需广播状态同步消息
2025-11-21 13:27:43.9215  当前没有其他玩家在线，无需广播状态同步消息
2025-11-21 13:27:44.0311  当前没有其他玩家在线，无需广播状态同步消息
2025-11-21 13:27:44.1311  当前没有其他玩家在线，无需广播状态同步消息
2025-11-21 13:27:50.1329  当前没有其他玩家在线，无需广播状态同步消息
2025-11-21 13:27:50.2270  当前没有其他玩家在线，无需广播状态同步消息
2025-11-21 13:27:50.3240  当前没有其他玩家在线，无需广播状态同步消息
2025-11-21 13:27:50.8259  当前没有其他玩家在线，无需广播状态同步消息
2025-11-21 13:27:50.9311  当前没有其他玩家在线，无需广播状态同步消息
2025-11-21 13:27:51.0271  当前没有其他玩家在线，无需广播状态同步消息
2025-11-21 13:27:51.1285  当前没有其他玩家在线，无需广播状态同步消息
2025-11-21 13:28:23.4458 (LoginRequestHandler.cs:53) 当前没有其他玩家在线，无需广播
2025-11-21 13:28:24.7185 (StateSyncRequestHandler.cs:35) 当前没有其他玩家在线，无需广播状态同步消息
2025-11-21 13:28:24.7846 (StateSyncRequestHandler.cs:35) 当前没有其他玩家在线，无需广播状态同步消息
2025-11-21 13:28:24.8878 (StateSyncRequestHandler.cs:35) 当前没有其他玩家在线，无需广播状态同步消息
2025-11-21 13:28:24.9859 (StateSyncRequestHandler.cs:35) 当前没有其他玩家在线，无需广播状态同步消息
2025-11-21 13:28:25.0960 (StateSyncRequestHandler.cs:35) 当前没有其他玩家在线，无需广播状态同步消息
2025-11-21 13:28:25.2027 (StateSyncRequestHandler.cs:35) 当前没有其他玩家在线，无需广播状态同步消息
2025-11-21 13:28:25.2930 (StateSyncRequestHandler.cs:35) 当前没有其他玩家在线，无需广播状态同步消息
2025-11-21 13:28:25.3927 (StateSyncRequestHandler.cs:35) 当前没有其他玩家在线，无需广播状态同步消息
2025-11-21 13:28:25.4861 (StateSyncRequestHandler.cs:35) 当前没有其他玩家在线，无需广播状态同步消息
2025-11-21 13:28:25.5908 (StateSyncRequestHandler.cs:35) 当前没有其他玩家在线，无需广播状态同步消息
2025-11-21 13:28:25.6871 (StateSyncRequestHandler.cs:35) 当前没有其他玩家在线，无需广播状态同步消息
2025-11-21 13:28:25.7859 (StateSyncRequestHandler.cs:35) 当前没有其他玩家在线，无需广播状态同步消息
2025-11-21 13:28:25.8857 (StateSyncRequestHandler.cs:35) 当前没有其他玩家在线，无需广播状态同步消息
2025-11-21 13:28:25.9944 (StateSyncRequestHandler.cs:35) 当前没有其他玩家在线，无需广播状态同步消息
2025-11-21 13:28:26.0938 (StateSyncRequestHandler.cs:35) 当前没有其他玩家在线，无需广播状态同步消息
2025-11-21 13:28:26.1861 (StateSyncRequestHandler.cs:35) 当前没有其他玩家在线，无需广播状态同步消息
2025-11-21 13:28:26.2972 (StateSyncRequestHandler.cs:35) 当前没有其他玩家在线，无需广播状态同步消息
2025-11-21 13:28:26.3912 (StateSyncRequestHandler.cs:35) 当前没有其他玩家在线，无需广播状态同步消息
2025-11-21 13:28:26.4910 (StateSyncRequestHandler.cs:35) 当前没有其他玩家在线，无需广播状态同步消息
2025-11-21 13:28:26.5892 (StateSyncRequestHandler.cs:35) 当前没有其他玩家在线，无需广播状态同步消息
2025-11-21 13:28:26.6922 (StateSyncRequestHandler.cs:35) 当前没有其他玩家在线，无需广播状态同步消息
2025-11-21 13:28:26.7881 (StateSyncRequestHandler.cs:35) 当前没有其他玩家在线，无需广播状态同步消息
2025-11-21 13:28:26.8879 (StateSyncRequestHandler.cs:35) 当前没有其他玩家在线，无需广播状态同步消息
2025-11-21 13:28:26.9932 (StateSyncRequestHandler.cs:35) 当前没有其他玩家在线，无需广播状态同步消息
2025-11-21 13:28:27.0958 (StateSyncRequestHandler.cs:35) 当前没有其他玩家在线，无需广播状态同步消息
2025-11-21 13:28:27.1903 (StateSyncRequestHandler.cs:35) 当前没有其他玩家在线，无需广播状态同步消息
2025-11-21 13:28:27.2914 (StateSyncRequestHandler.cs:35) 当前没有其他玩家在线，无需广播状态同步消息
2025-11-21 13:28:27.3921 (StateSyncRequestHandler.cs:35) 当前没有其他玩家在线，无需广播状态同步消息
2025-11-21 13:28:27.4968 (StateSyncRequestHandler.cs:35) 当前没有其他玩家在线，无需广播状态同步消息
2025-11-21 13:28:27.5856 (StateSyncRequestHandler.cs:35) 当前没有其他玩家在线，无需广播状态同步消息
2025-11-21 13:28:27.6937 (StateSyncRequestHandler.cs:35) 当前没有其他玩家在线，无需广播状态同步消息
2025-11-21 13:28:27.7892 (StateSyncRequestHandler.cs:35) 当前没有其他玩家在线，无需广播状态同步消息
2025-11-21 13:28:27.8869 (StateSyncRequestHandler.cs:35) 当前没有其他玩家在线，无需广播状态同步消息
2025-11-21 13:28:27.9886 (StateSyncRequestHandler.cs:35) 当前没有其他玩家在线，无需广播状态同步消息
2025-11-21 13:28:28.0938 (StateSyncRequestHandler.cs:35) 当前没有其他玩家在线，无需广播状态同步消息
2025-11-21 13:28:28.1899 (StateSyncRequestHandler.cs:35) 当前没有其他玩家在线，无需广播状态同步消息
2025-11-21 13:28:28.2864 (StateSyncRequestHandler.cs:35) 当前没有其他玩家在线，无需广播状态同步消息
2025-11-21 13:28:28.3902 (StateSyncRequestHandler.cs:35) 当前没有其他玩家在线，无需广播状态同步消息
2025-11-21 13:28:28.8959 (StateSyncRequestHandler.cs:35) 当前没有其他玩家在线，无需广播状态同步消息
2025-11-21 13:28:28.9954 (StateSyncRequestHandler.cs:35) 当前没有其他玩家在线，无需广播状态同步消息
2025-11-21 13:28:29.0855 (StateSyncRequestHandler.cs:35) 当前没有其他玩家在线，无需广播状态同步消息
2025-11-21 13:28:29.1881 (StateSyncRequestHandler.cs:35) 当前没有其他玩家在线，无需广播状态同步消息
2025-11-21 13:28:29.2896 (StateSyncRequestHandler.cs:35) 当前没有其他玩家在线，无需广播状态同步消息
2025-11-21 13:28:29.3951 (StateSyncRequestHandler.cs:35) 当前没有其他玩家在线，无需广播状态同步消息
2025-11-21 13:28:29.4881 (StateSyncRequestHandler.cs:35) 当前没有其他玩家在线，无需广播状态同步消息
2025-11-21 13:28:29.8913 (StateSyncRequestHandler.cs:35) 当前没有其他玩家在线，无需广播状态同步消息
2025-11-21 13:28:29.9925 (StateSyncRequestHandler.cs:35) 当前没有其他玩家在线，无需广播状态同步消息
2025-11-21 13:28:30.0880 (StateSyncRequestHandler.cs:35) 当前没有其他玩家在线，无需广播状态同步消息
2025-11-21 13:28:30.1895 (StateSyncRequestHandler.cs:35) 当前没有其他玩家在线，无需广播状态同步消息
2025-11-21 13:28:32.4913 (StateSyncRequestHandler.cs:35) 当前没有其他玩家在线，无需广播状态同步消息
2025-11-21 13:28:32.5931 (StateSyncRequestHandler.cs:35) 当前没有其他玩家在线，无需广播状态同步消息
2025-11-21 13:28:32.6941 (StateSyncRequestHandler.cs:35) 当前没有其他玩家在线，无需广播状态同步消息
2025-11-21 13:28:32.7933 (StateSyncRequestHandler.cs:35) 当前没有其他玩家在线，无需广播状态同步消息
2025-11-21 13:28:33.0903 (StateSyncRequestHandler.cs:35) 当前没有其他玩家在线，无需广播状态同步消息
2025-11-21 13:28:33.1882 (StateSyncRequestHandler.cs:35) 当前没有其他玩家在线，无需广播状态同步消息
2025-11-21 13:28:33.2898 (StateSyncRequestHandler.cs:35) 当前没有其他玩家在线，无需广播状态同步消息
2025-11-21 13:28:33.3892 (StateSyncRequestHandler.cs:35) 当前没有其他玩家在线，无需广播状态同步消息
2025-11-21 13:28:34.1965 (StateSyncRequestHandler.cs:35) 当前没有其他玩家在线，无需广播状态同步消息
2025-11-21 13:28:34.2859 (StateSyncRequestHandler.cs:35) 当前没有其他玩家在线，无需广播状态同步消息
2025-11-21 13:28:34.3875 (StateSyncRequestHandler.cs:35) 当前没有其他玩家在线，无需广播状态同步消息
2025-11-21 13:40:12.2762 (LoginRequestHandler.cs:53) 当前没有其他玩家在线，无需广播
2025-11-21 13:40:13.9115 (StateSyncRequestHandler.cs:35) 当前没有其他玩家在线，无需广播状态同步消息
2025-11-21 13:40:13.9967 (StateSyncRequestHandler.cs:35) 当前没有其他玩家在线，无需广播状态同步消息
2025-11-21 13:40:14.0931 (StateSyncRequestHandler.cs:35) 当前没有其他玩家在线，无需广播状态同步消息
2025-11-21 13:40:14.2007 (StateSyncRequestHandler.cs:35) 当前没有其他玩家在线，无需广播状态同步消息
2025-11-21 13:40:14.3017 (StateSyncRequestHandler.cs:35) 当前没有其他玩家在线，无需广播状态同步消息
2025-11-21 13:40:14.3977 (StateSyncRequestHandler.cs:35) 当前没有其他玩家在线，无需广播状态同步消息
2025-11-21 13:40:14.5048 (StateSyncRequestHandler.cs:35) 当前没有其他玩家在线，无需广播状态同步消息
2025-11-21 13:40:14.5942 (StateSyncRequestHandler.cs:35) 当前没有其他玩家在线，无需广播状态同步消息
2025-11-21 13:40:14.6914 (StateSyncRequestHandler.cs:35) 当前没有其他玩家在线，无需广播状态同步消息
2025-11-21 13:40:14.7906 (StateSyncRequestHandler.cs:35) 当前没有其他玩家在线，无需广播状态同步消息
2025-11-21 13:40:14.8980 (StateSyncRequestHandler.cs:35) 当前没有其他玩家在线，无需广播状态同步消息
2025-11-21 13:40:14.9994 (StateSyncRequestHandler.cs:35) 当前没有其他玩家在线，无需广播状态同步消息
2025-11-21 13:40:15.0896 (StateSyncRequestHandler.cs:35) 当前没有其他玩家在线，无需广播状态同步消息
2025-11-21 13:40:15.2010 (StateSyncRequestHandler.cs:35) 当前没有其他玩家在线，无需广播状态同步消息
2025-11-21 13:40:15.2872 (StateSyncRequestHandler.cs:35) 当前没有其他玩家在线，无需广播状态同步消息
2025-11-21 13:40:15.3905 (StateSyncRequestHandler.cs:35) 当前没有其他玩家在线，无需广播状态同步消息
2025-11-21 13:40:15.4888 (StateSyncRequestHandler.cs:35) 当前没有其他玩家在线，无需广播状态同步消息
2025-11-21 13:40:15.6011 (StateSyncRequestHandler.cs:35) 当前没有其他玩家在线，无需广播状态同步消息
2025-11-21 13:40:15.6925 (StateSyncRequestHandler.cs:35) 当前没有其他玩家在线，无需广播状态同步消息
2025-11-21 13:40:15.7931 (StateSyncRequestHandler.cs:35) 当前没有其他玩家在线，无需广播状态同步消息
2025-11-21 13:40:15.8892 (StateSyncRequestHandler.cs:35) 当前没有其他玩家在线，无需广播状态同步消息
2025-11-21 13:40:15.9971 (StateSyncRequestHandler.cs:35) 当前没有其他玩家在线，无需广播状态同步消息
2025-11-21 13:40:16.0903 (StateSyncRequestHandler.cs:35) 当前没有其他玩家在线，无需广播状态同步消息
2025-11-21 13:40:16.1977 (StateSyncRequestHandler.cs:35) 当前没有其他玩家在线，无需广播状态同步消息
2025-11-21 13:40:16.2906 (StateSyncRequestHandler.cs:35) 当前没有其他玩家在线，无需广播状态同步消息
2025-11-21 13:40:16.3890 (StateSyncRequestHandler.cs:35) 当前没有其他玩家在线，无需广播状态同步消息
2025-11-21 13:40:16.4933 (StateSyncRequestHandler.cs:35) 当前没有其他玩家在线，无需广播状态同步消息
2025-11-21 13:40:16.5994 (StateSyncRequestHandler.cs:35) 当前没有其他玩家在线，无需广播状态同步消息
2025-11-21 13:40:16.6989 (StateSyncRequestHandler.cs:35) 当前没有其他玩家在线，无需广播状态同步消息
2025-11-21 13:40:16.7958 (StateSyncRequestHandler.cs:35) 当前没有其他玩家在线，无需广播状态同步消息
2025-11-21 13:40:16.8936 (StateSyncRequestHandler.cs:35) 当前没有其他玩家在线，无需广播状态同步消息
2025-11-21 13:40:16.9916 (StateSyncRequestHandler.cs:35) 当前没有其他玩家在线，无需广播状态同步消息
2025-11-21 13:40:17.1023 (StateSyncRequestHandler.cs:35) 当前没有其他玩家在线，无需广播状态同步消息
2025-11-21 13:40:17.1933 (StateSyncRequestHandler.cs:35) 当前没有其他玩家在线，无需广播状态同步消息
2025-11-21 13:40:17.2963 (StateSyncRequestHandler.cs:35) 当前没有其他玩家在线，无需广播状态同步消息
2025-11-21 13:40:17.3980 (StateSyncRequestHandler.cs:35) 当前没有其他玩家在线，无需广播状态同步消息
2025-11-21 13:40:17.4902 (StateSyncRequestHandler.cs:35) 当前没有其他玩家在线，无需广播状态同步消息
2025-11-21 13:40:17.5982 (StateSyncRequestHandler.cs:35) 当前没有其他玩家在线，无需广播状态同步消息
2025-11-21 13:40:17.6964 (StateSyncRequestHandler.cs:35) 当前没有其他玩家在线，无需广播状态同步消息
2025-11-21 13:40:17.7968 (StateSyncRequestHandler.cs:35) 当前没有其他玩家在线，无需广播状态同步消息
2025-11-21 13:40:17.8945 (StateSyncRequestHandler.cs:35) 当前没有其他玩家在线，无需广播状态同步消息
2025-11-21 13:40:17.9955 (StateSyncRequestHandler.cs:35) 当前没有其他玩家在线，无需广播状态同步消息
2025-11-21 13:40:18.0933 (StateSyncRequestHandler.cs:35) 当前没有其他玩家在线，无需广播状态同步消息
2025-11-21 13:40:18.1920 (StateSyncRequestHandler.cs:35) 当前没有其他玩家在线，无需广播状态同步消息
2025-11-21 13:40:18.2904 (StateSyncRequestHandler.cs:35) 当前没有其他玩家在线，无需广播状态同步消息
2025-11-21 13:40:18.3972 (StateSyncRequestHandler.cs:35) 当前没有其他玩家在线，无需广播状态同步消息
2025-11-21 13:40:18.4990 (StateSyncRequestHandler.cs:35) 当前没有其他玩家在线，无需广播状态同步消息
2025-11-21 13:40:18.5896 (StateSyncRequestHandler.cs:35) 当前没有其他玩家在线，无需广播状态同步消息
2025-11-21 13:40:18.6899 (StateSyncRequestHandler.cs:35) 当前没有其他玩家在线，无需广播状态同步消息
2025-11-21 13:40:18.7937 (StateSyncRequestHandler.cs:35) 当前没有其他玩家在线，无需广播状态同步消息
2025-11-21 13:40:18.8959 (StateSyncRequestHandler.cs:35) 当前没有其他玩家在线，无需广播状态同步消息
2025-11-21 13:40:18.9918 (StateSyncRequestHandler.cs:35) 当前没有其他玩家在线，无需广播状态同步消息
2025-11-21 13:40:19.0971 (StateSyncRequestHandler.cs:35) 当前没有其他玩家在线，无需广播状态同步消息
2025-11-21 13:40:19.2020 (StateSyncRequestHandler.cs:35) 当前没有其他玩家在线，无需广播状态同步消息
2025-11-21 13:40:19.2986 (StateSyncRequestHandler.cs:35) 当前没有其他玩家在线，无需广播状态同步消息
2025-11-21 13:40:19.3956 (StateSyncRequestHandler.cs:35) 当前没有其他玩家在线，无需广播状态同步消息
2025-11-21 13:40:19.4946 (StateSyncRequestHandler.cs:35) 当前没有其他玩家在线，无需广播状态同步消息
2025-11-21 13:40:19.5941 (StateSyncRequestHandler.cs:35) 当前没有其他玩家在线，无需广播状态同步消息
2025-11-21 13:40:19.6972 (StateSyncRequestHandler.cs:35) 当前没有其他玩家在线，无需广播状态同步消息
2025-11-21 13:40:19.7933 (StateSyncRequestHandler.cs:35) 当前没有其他玩家在线，无需广播状态同步消息
2025-11-21 13:40:19.8980  当前没有其他玩家在线，无需广播状态同步消息
2025-11-21 13:40:19.9915  当前没有其他玩家在线，无需广播状态同步消息
2025-11-21 13:40:20.0883  当前没有其他玩家在线，无需广播状态同步消息
2025-11-21 13:40:20.1994  当前没有其他玩家在线，无需广播状态同步消息
2025-11-21 13:40:20.2956  当前没有其他玩家在线，无需广播状态同步消息
2025-11-21 13:40:20.3981  当前没有其他玩家在线，无需广播状态同步消息
2025-11-21 13:40:20.4974  当前没有其他玩家在线，无需广播状态同步消息
2025-11-21 13:40:20.5977  当前没有其他玩家在线，无需广播状态同步消息
2025-11-21 13:40:20.6982  当前没有其他玩家在线，无需广播状态同步消息
2025-11-21 13:40:20.7945  当前没有其他玩家在线，无需广播状态同步消息
2025-11-21 13:40:20.8902  当前没有其他玩家在线，无需广播状态同步消息
2025-11-21 13:40:21.0039  当前没有其他玩家在线，无需广播状态同步消息
2025-11-21 13:40:21.0897  当前没有其他玩家在线，无需广播状态同步消息
2025-11-21 13:40:21.1919  当前没有其他玩家在线，无需广播状态同步消息
2025-11-21 13:40:21.2932  当前没有其他玩家在线，无需广播状态同步消息
2025-11-21 13:40:21.3954  当前没有其他玩家在线，无需广播状态同步消息
2025-11-21 13:40:21.4895  当前没有其他玩家在线，无需广播状态同步消息
2025-11-21 13:40:21.5928  当前没有其他玩家在线，无需广播状态同步消息
2025-11-21 13:40:21.7006  当前没有其他玩家在线，无需广播状态同步消息
2025-11-21 13:40:21.8036  当前没有其他玩家在线，无需广播状态同步消息
2025-11-21 13:40:21.8929  当前没有其他玩家在线，无需广播状态同步消息
2025-11-21 13:40:21.9939  当前没有其他玩家在线，无需广播状态同步消息
2025-11-21 13:40:22.0909  当前没有其他玩家在线，无需广播状态同步消息
2025-11-21 13:40:22.1920  当前没有其他玩家在线，无需广播状态同步消息
2025-11-21 13:40:22.2907  当前没有其他玩家在线，无需广播状态同步消息
2025-11-21 13:40:22.3870  当前没有其他玩家在线，无需广播状态同步消息
2025-11-21 13:40:22.4950  当前没有其他玩家在线，无需广播状态同步消息
2025-11-21 13:40:22.5979  当前没有其他玩家在线，无需广播状态同步消息
2025-11-21 13:40:22.6909  当前没有其他玩家在线，无需广播状态同步消息
2025-11-21 13:40:22.7936  当前没有其他玩家在线，无需广播状态同步消息
2025-11-21 13:40:22.8892  当前没有其他玩家在线，无需广播状态同步消息
2025-11-21 13:40:22.9887  当前没有其他玩家在线，无需广播状态同步消息
2025-11-21 13:40:23.0895  当前没有其他玩家在线，无需广播状态同步消息
2025-11-21 13:40:23.1890  当前没有其他玩家在线，无需广播状态同步消息
2025-11-21 13:40:23.2903  当前没有其他玩家在线，无需广播状态同步消息
2025-11-21 13:40:23.3971  当前没有其他玩家在线，无需广播状态同步消息
2025-11-21 13:40:23.4927  当前没有其他玩家在线，无需广播状态同步消息
2025-11-21 13:40:23.5894  当前没有其他玩家在线，无需广播状态同步消息
2025-11-21 13:40:23.6893  当前没有其他玩家在线，无需广播状态同步消息
2025-11-21 13:40:23.7955  当前没有其他玩家在线，无需广播状态同步消息
2025-11-21 13:40:23.8997  当前没有其他玩家在线，无需广播状态同步消息
2025-11-21 13:40:23.9975  当前没有其他玩家在线，无需广播状态同步消息
2025-11-21 13:40:24.0960  当前没有其他玩家在线，无需广播状态同步消息
2025-11-21 13:40:24.1969  当前没有其他玩家在线，无需广播状态同步消息
2025-11-21 13:40:24.2960  当前没有其他玩家在线，无需广播状态同步消息
2025-11-21 13:40:24.3993  当前没有其他玩家在线，无需广播状态同步消息
2025-11-21 13:40:24.4978  当前没有其他玩家在线，无需广播状态同步消息
2025-11-21 13:40:24.5905  当前没有其他玩家在线，无需广播状态同步消息
2025-11-21 13:40:24.6991  当前没有其他玩家在线，无需广播状态同步消息
2025-11-21 13:40:24.7983  当前没有其他玩家在线，无需广播状态同步消息
2025-11-21 13:40:24.8930  当前没有其他玩家在线，无需广播状态同步消息
2025-11-21 13:40:24.9947  当前没有其他玩家在线，无需广播状态同步消息
2025-11-21 13:40:25.0920  当前没有其他玩家在线，无需广播状态同步消息
2025-11-21 13:40:25.1888  当前没有其他玩家在线，无需广播状态同步消息
2025-11-21 13:40:25.2950  当前没有其他玩家在线，无需广播状态同步消息
2025-11-21 13:40:25.3965  当前没有其他玩家在线，无需广播状态同步消息
2025-11-21 13:40:25.4986  当前没有其他玩家在线，无需广播状态同步消息
2025-11-21 13:40:25.5978  当前没有其他玩家在线，无需广播状态同步消息
2025-11-21 13:40:25.7005  当前没有其他玩家在线，无需广播状态同步消息
2025-11-21 13:40:25.7949  当前没有其他玩家在线，无需广播状态同步消息
2025-11-21 13:40:25.8943  当前没有其他玩家在线，无需广播状态同步消息
2025-11-21 13:40:25.9972  当前没有其他玩家在线，无需广播状态同步消息
2025-11-21 13:40:26.0889  当前没有其他玩家在线，无需广播状态同步消息
2025-11-21 13:40:26.1892  当前没有其他玩家在线，无需广播状态同步消息
2025-11-21 13:40:26.2977  当前没有其他玩家在线，无需广播状态同步消息
2025-11-21 13:40:26.3970  当前没有其他玩家在线，无需广播状态同步消息
2025-11-21 13:40:26.4884  当前没有其他玩家在线，无需广播状态同步消息
2025-11-21 13:40:26.5889  当前没有其他玩家在线，无需广播状态同步消息
2025-11-21 13:40:26.6923  当前没有其他玩家在线，无需广播状态同步消息
2025-11-21 13:40:26.7986  当前没有其他玩家在线，无需广播状态同步消息
2025-11-21 13:40:26.9014  当前没有其他玩家在线，无需广播状态同步消息
2025-11-21 13:40:26.9953  当前没有其他玩家在线，无需广播状态同步消息
2025-11-21 13:40:27.0899  当前没有其他玩家在线，无需广播状态同步消息
2025-11-21 13:40:27.2005  当前没有其他玩家在线，无需广播状态同步消息
2025-11-21 13:40:27.2969  当前没有其他玩家在线，无需广播状态同步消息
2025-11-21 13:40:27.3911  当前没有其他玩家在线，无需广播状态同步消息
2025-11-21 13:40:27.5025  当前没有其他玩家在线，无需广播状态同步消息
2025-11-21 13:40:27.5948  当前没有其他玩家在线，无需广播状态同步消息
2025-11-21 13:40:27.6990  当前没有其他玩家在线，无需广播状态同步消息
2025-11-21 13:40:27.7988  当前没有其他玩家在线，无需广播状态同步消息
2025-11-21 13:40:27.9034  当前没有其他玩家在线，无需广播状态同步消息
2025-11-21 13:40:27.9891  当前没有其他玩家在线，无需广播状态同步消息
2025-11-21 13:40:28.0900  当前没有其他玩家在线，无需广播状态同步消息
2025-11-21 13:40:28.1900  当前没有其他玩家在线，无需广播状态同步消息
2025-11-21 13:40:28.2901  当前没有其他玩家在线，无需广播状态同步消息
2025-11-21 13:40:28.3988  当前没有其他玩家在线，无需广播状态同步消息
2025-11-21 13:40:28.4950  当前没有其他玩家在线，无需广播状态同步消息
2025-11-21 13:40:28.5963  当前没有其他玩家在线，无需广播状态同步消息
2025-11-21 13:40:28.6906  当前没有其他玩家在线，无需广播状态同步消息
2025-11-21 13:40:28.7943  当前没有其他玩家在线，无需广播状态同步消息
2025-11-21 13:40:28.9012  当前没有其他玩家在线，无需广播状态同步消息
2025-11-21 13:40:28.9903  当前没有其他玩家在线，无需广播状态同步消息
2025-11-21 13:40:29.0994  当前没有其他玩家在线，无需广播状态同步消息
2025-11-21 13:40:29.1976  当前没有其他玩家在线，无需广播状态同步消息
2025-11-21 13:40:29.2922  当前没有其他玩家在线，无需广播状态同步消息
2025-11-21 13:40:29.4016  当前没有其他玩家在线，无需广播状态同步消息
2025-11-21 13:40:29.4943  当前没有其他玩家在线，无需广播状态同步消息
2025-11-21 13:40:29.5890  当前没有其他玩家在线，无需广播状态同步消息
2025-11-21 13:40:29.6956  当前没有其他玩家在线，无需广播状态同步消息
2025-11-21 13:40:29.7928  当前没有其他玩家在线，无需广播状态同步消息
2025-11-21 13:40:29.8992  当前没有其他玩家在线，无需广播状态同步消息
2025-11-21 13:40:29.9945  当前没有其他玩家在线，无需广播状态同步消息
2025-11-21 13:40:30.0973  当前没有其他玩家在线，无需广播状态同步消息
2025-11-21 13:40:30.1906  当前没有其他玩家在线，无需广播状态同步消息
2025-11-21 13:40:30.2951  当前没有其他玩家在线，无需广播状态同步消息
2025-11-21 13:40:31.2956  当前没有其他玩家在线，无需广播状态同步消息
2025-11-21 13:40:31.3950  当前没有其他玩家在线，无需广播状态同步消息
2025-11-21 13:40:31.4907  当前没有其他玩家在线，无需广播状态同步消息
2025-11-21 13:40:31.5972  当前没有其他玩家在线，无需广播状态同步消息
2025-11-21 13:40:31.6988  当前没有其他玩家在线，无需广播状态同步消息
2025-11-21 13:40:31.7917  当前没有其他玩家在线，无需广播状态同步消息
2025-11-21 13:40:31.8896  当前没有其他玩家在线，无需广播状态同步消息
2025-11-21 13:40:32.6910  当前没有其他玩家在线，无需广播状态同步消息
2025-11-21 13:40:32.7964  当前没有其他玩家在线，无需广播状态同步消息
2025-11-21 13:40:32.8912  当前没有其他玩家在线，无需广播状态同步消息
2025-11-21 13:40:32.9881  当前没有其他玩家在线，无需广播状态同步消息
2025-11-21 13:40:33.0884  当前没有其他玩家在线，无需广播状态同步消息
2025-11-21 13:40:33.2040  当前没有其他玩家在线，无需广播状态同步消息
2025-11-21 13:40:33.6973  当前没有其他玩家在线，无需广播状态同步消息
2025-11-21 13:40:33.7932  当前没有其他玩家在线，无需广播状态同步消息
2025-11-21 13:40:33.8927  当前没有其他玩家在线，无需广播状态同步消息
2025-11-21 13:40:33.9893  当前没有其他玩家在线，无需广播状态同步消息
2025-11-21 13:40:34.0923  当前没有其他玩家在线，无需广播状态同步消息
2025-11-21 13:40:34.1928  当前没有其他玩家在线，无需广播状态同步消息
2025-11-21 13:40:34.2930  当前没有其他玩家在线，无需广播状态同步消息
2025-11-21 13:40:34.3979  当前没有其他玩家在线，无需广播状态同步消息
2025-11-21 13:40:34.4958  当前没有其他玩家在线，无需广播状态同步消息
2025-11-21 13:40:34.5982  当前没有其他玩家在线，无需广播状态同步消息
2025-11-21 13:40:34.7004  当前没有其他玩家在线，无需广播状态同步消息
2025-11-21 13:40:34.7973  当前没有其他玩家在线，无需广播状态同步消息
2025-11-21 13:40:34.8992  当前没有其他玩家在线，无需广播状态同步消息
2025-11-21 13:40:34.9943  当前没有其他玩家在线，无需广播状态同步消息
2025-11-21 13:40:35.0994  当前没有其他玩家在线，无需广播状态同步消息
2025-11-21 13:40:35.1980  当前没有其他玩家在线，无需广播状态同步消息
2025-11-21 13:40:35.2972  当前没有其他玩家在线，无需广播状态同步消息
2025-11-21 13:40:35.3911  当前没有其他玩家在线，无需广播状态同步消息
2025-11-21 13:40:35.4946  当前没有其他玩家在线，无需广播状态同步消息
2025-11-21 13:40:35.6004  当前没有其他玩家在线，无需广播状态同步消息
2025-11-21 13:40:35.6907  当前没有其他玩家在线，无需广播状态同步消息
2025-11-21 13:40:35.7985  当前没有其他玩家在线，无需广播状态同步消息
2025-11-21 13:40:35.8907  当前没有其他玩家在线，无需广播状态同步消息
2025-11-21 13:40:35.9957  当前没有其他玩家在线，无需广播状态同步消息
2025-11-21 13:40:36.0905  当前没有其他玩家在线，无需广播状态同步消息
2025-11-21 13:40:36.1932  当前没有其他玩家在线，无需广播状态同步消息
2025-11-21 13:40:36.2995  当前没有其他玩家在线，无需广播状态同步消息
2025-11-21 13:40:36.3895  当前没有其他玩家在线，无需广播状态同步消息
2025-11-21 13:40:36.4928  当前没有其他玩家在线，无需广播状态同步消息
2025-11-21 13:40:36.5935  当前没有其他玩家在线，无需广播状态同步消息
2025-11-21 13:40:36.6891  当前没有其他玩家在线，无需广播状态同步消息
2025-11-21 13:40:36.7954  当前没有其他玩家在线，无需广播状态同步消息
2025-11-21 13:40:36.8958  当前没有其他玩家在线，无需广播状态同步消息
2025-11-21 13:40:36.9941  当前没有其他玩家在线，无需广播状态同步消息
2025-11-21 13:40:37.0922  当前没有其他玩家在线，无需广播状态同步消息
2025-11-21 13:40:37.1968  当前没有其他玩家在线，无需广播状态同步消息
2025-11-21 13:40:37.2927  当前没有其他玩家在线，无需广播状态同步消息
2025-11-21 13:40:37.3922  当前没有其他玩家在线，无需广播状态同步消息
2025-11-21 13:40:37.4890  当前没有其他玩家在线，无需广播状态同步消息
2025-11-21 13:40:37.6031  当前没有其他玩家在线，无需广播状态同步消息
2025-11-21 13:40:37.7010  当前没有其他玩家在线，无需广播状态同步消息
2025-11-21 13:40:37.7961  当前没有其他玩家在线，无需广播状态同步消息
2025-11-21 13:40:37.9094  当前没有其他玩家在线，无需广播状态同步消息
2025-11-21 13:40:37.9928  当前没有其他玩家在线，无需广播状态同步消息
2025-11-21 13:40:38.0914  当前没有其他玩家在线，无需广播状态同步消息
2025-11-21 13:40:38.1945  当前没有其他玩家在线，无需广播状态同步消息
2025-11-21 13:40:38.2966  当前没有其他玩家在线，无需广播状态同步消息
2025-11-21 13:40:38.3929  当前没有其他玩家在线，无需广播状态同步消息
2025-11-21 13:40:38.4998  当前没有其他玩家在线，无需广播状态同步消息
2025-11-21 13:40:38.5958  当前没有其他玩家在线，无需广播状态同步消息
2025-11-21 13:40:38.6910  当前没有其他玩家在线，无需广播状态同步消息
2025-11-21 13:40:38.7895  当前没有其他玩家在线，无需广播状态同步消息
2025-11-21 13:40:38.8961  当前没有其他玩家在线，无需广播状态同步消息
2025-11-21 13:40:38.9881  当前没有其他玩家在线，无需广播状态同步消息
2025-11-21 13:40:39.0944  当前没有其他玩家在线，无需广播状态同步消息
2025-11-21 13:40:39.1915  当前没有其他玩家在线，无需广播状态同步消息
2025-11-21 13:40:39.2943  当前没有其他玩家在线，无需广播状态同步消息
2025-11-21 13:40:39.3938  当前没有其他玩家在线，无需广播状态同步消息
2025-11-21 13:40:39.4922  当前没有其他玩家在线，无需广播状态同步消息
2025-11-21 13:40:39.5917  当前没有其他玩家在线，无需广播状态同步消息
2025-11-21 13:40:39.6928  当前没有其他玩家在线，无需广播状态同步消息
2025-11-21 13:40:39.7908  当前没有其他玩家在线，无需广播状态同步消息
2025-11-21 13:40:39.8905  当前没有其他玩家在线，无需广播状态同步消息
2025-11-21 13:40:40.0011  当前没有其他玩家在线，无需广播状态同步消息
2025-11-21 13:40:40.0979  当前没有其他玩家在线，无需广播状态同步消息
2025-11-21 13:40:40.1964  当前没有其他玩家在线，无需广播状态同步消息
2025-11-21 13:40:40.2991  当前没有其他玩家在线，无需广播状态同步消息
2025-11-21 13:40:40.3880  当前没有其他玩家在线，无需广播状态同步消息
2025-11-21 13:40:40.4994  当前没有其他玩家在线，无需广播状态同步消息
2025-11-21 13:40:40.5974  当前没有其他玩家在线，无需广播状态同步消息
2025-11-21 13:40:40.6889  当前没有其他玩家在线，无需广播状态同步消息
2025-11-21 13:40:40.7957  当前没有其他玩家在线，无需广播状态同步消息
2025-11-21 13:40:40.8904  当前没有其他玩家在线，无需广播状态同步消息
2025-11-21 13:40:40.9974  当前没有其他玩家在线，无需广播状态同步消息
2025-11-21 13:40:41.0915  当前没有其他玩家在线，无需广播状态同步消息
2025-11-21 13:40:41.1975  当前没有其他玩家在线，无需广播状态同步消息
2025-11-21 13:40:41.2964  当前没有其他玩家在线，无需广播状态同步消息
2025-11-21 13:40:41.3916  当前没有其他玩家在线，无需广播状态同步消息
2025-11-21 13:40:41.4908  当前没有其他玩家在线，无需广播状态同步消息
2025-11-21 13:40:41.5892  当前没有其他玩家在线，无需广播状态同步消息
2025-11-21 13:40:41.6891  当前没有其他玩家在线，无需广播状态同步消息
2025-11-21 13:40:41.7960  当前没有其他玩家在线，无需广播状态同步消息
2025-11-21 13:40:41.8990  当前没有其他玩家在线，无需广播状态同步消息
2025-11-21 13:40:41.9929  当前没有其他玩家在线，无需广播状态同步消息
2025-11-21 13:40:42.0966  当前没有其他玩家在线，无需广播状态同步消息
2025-11-21 13:40:42.2020  当前没有其他玩家在线，无需广播状态同步消息
2025-11-21 13:40:42.2923  当前没有其他玩家在线，无需广播状态同步消息
2025-11-21 13:40:42.3893  当前没有其他玩家在线，无需广播状态同步消息
2025-11-21 13:40:42.4891  当前没有其他玩家在线，无需广播状态同步消息
2025-11-21 13:40:42.5933  当前没有其他玩家在线，无需广播状态同步消息
2025-11-21 13:40:42.6954  当前没有其他玩家在线，无需广播状态同步消息
2025-11-21 13:40:42.7969  当前没有其他玩家在线，无需广播状态同步消息
2025-11-21 13:40:42.8993  当前没有其他玩家在线，无需广播状态同步消息
2025-11-21 13:40:42.9882  当前没有其他玩家在线，无需广播状态同步消息
2025-11-21 13:40:43.1007  当前没有其他玩家在线，无需广播状态同步消息
2025-11-21 13:40:43.1894  当前没有其他玩家在线，无需广播状态同步消息
2025-11-21 13:40:43.2887  当前没有其他玩家在线，无需广播状态同步消息
2025-11-21 13:40:43.3979  当前没有其他玩家在线，无需广播状态同步消息
2025-11-21 13:40:43.4982  当前没有其他玩家在线，无需广播状态同步消息
2025-11-21 13:40:43.5882  当前没有其他玩家在线，无需广播状态同步消息
2025-11-21 13:40:43.6976  当前没有其他玩家在线，无需广播状态同步消息
2025-11-21 13:40:43.7882  当前没有其他玩家在线，无需广播状态同步消息
2025-11-21 13:40:43.8979  当前没有其他玩家在线，无需广播状态同步消息
2025-11-21 13:40:43.9920  当前没有其他玩家在线，无需广播状态同步消息
2025-11-21 13:40:44.0891  当前没有其他玩家在线，无需广播状态同步消息
2025-11-21 13:40:44.1948  当前没有其他玩家在线，无需广播状态同步消息
2025-11-21 13:40:44.2979  当前没有其他玩家在线，无需广播状态同步消息
2025-11-21 13:40:44.4004  当前没有其他玩家在线，无需广播状态同步消息
2025-11-21 13:40:44.4936  当前没有其他玩家在线，无需广播状态同步消息
2025-11-21 13:40:44.5880  当前没有其他玩家在线，无需广播状态同步消息
2025-11-21 13:40:44.6892  当前没有其他玩家在线，无需广播状态同步消息
2025-11-21 13:40:44.7965  当前没有其他玩家在线，无需广播状态同步消息
2025-11-21 13:40:44.8911  当前没有其他玩家在线，无需广播状态同步消息
2025-11-21 13:40:44.9892  当前没有其他玩家在线，无需广播状态同步消息
2025-11-21 13:40:45.0927  当前没有其他玩家在线，无需广播状态同步消息
2025-11-21 13:40:45.1948  当前没有其他玩家在线，无需广播状态同步消息
2025-11-21 13:40:45.2957  当前没有其他玩家在线，无需广播状态同步消息
2025-11-21 13:40:45.3976  当前没有其他玩家在线，无需广播状态同步消息
2025-11-21 13:40:45.4890  当前没有其他玩家在线，无需广播状态同步消息
2025-11-21 13:40:45.5959  当前没有其他玩家在线，无需广播状态同步消息
2025-11-21 13:40:45.6997  当前没有其他玩家在线，无需广播状态同步消息
2025-11-21 13:40:45.7885  当前没有其他玩家在线，无需广播状态同步消息
2025-11-21 13:40:45.8936  当前没有其他玩家在线，无需广播状态同步消息
2025-11-21 13:40:45.9970  当前没有其他玩家在线，无需广播状态同步消息
2025-11-21 13:40:46.0958  当前没有其他玩家在线，无需广播状态同步消息
2025-11-21 13:40:46.1977  当前没有其他玩家在线，无需广播状态同步消息
2025-11-21 13:40:46.2912  当前没有其他玩家在线，无需广播状态同步消息
2025-11-21 13:40:46.3962  当前没有其他玩家在线，无需广播状态同步消息
2025-11-21 13:40:46.4888  当前没有其他玩家在线，无需广播状态同步消息
2025-11-21 13:40:46.5918  当前没有其他玩家在线，无需广播状态同步消息
2025-11-21 13:40:46.6945  当前没有其他玩家在线，无需广播状态同步消息
2025-11-21 13:40:46.7960  当前没有其他玩家在线，无需广播状态同步消息
2025-11-21 13:40:46.8950  当前没有其他玩家在线，无需广播状态同步消息
2025-11-21 13:40:46.9945  当前没有其他玩家在线，无需广播状态同步消息
2025-11-21 13:40:47.0966  当前没有其他玩家在线，无需广播状态同步消息
2025-11-21 13:40:47.1948  当前没有其他玩家在线，无需广播状态同步消息
2025-11-21 13:40:47.2924  当前没有其他玩家在线，无需广播状态同步消息
2025-11-21 13:40:47.3962  当前没有其他玩家在线，无需广播状态同步消息
2025-11-21 13:40:47.4915  当前没有其他玩家在线，无需广播状态同步消息
2025-11-21 13:40:47.5882  当前没有其他玩家在线，无需广播状态同步消息
2025-11-21 13:40:47.6994  当前没有其他玩家在线，无需广播状态同步消息
2025-11-21 13:40:47.7990  当前没有其他玩家在线，无需广播状态同步消息
2025-11-21 13:40:47.8979  当前没有其他玩家在线，无需广播状态同步消息
2025-11-21 13:40:47.9909  当前没有其他玩家在线，无需广播状态同步消息
2025-11-21 13:40:48.0971  当前没有其他玩家在线，无需广播状态同步消息
2025-11-21 13:40:48.1935  当前没有其他玩家在线，无需广播状态同步消息
2025-11-21 13:40:48.2907  当前没有其他玩家在线，无需广播状态同步消息
2025-11-21 13:40:48.3971  当前没有其他玩家在线，无需广播状态同步消息
2025-11-21 13:40:48.4980  当前没有其他玩家在线，无需广播状态同步消息
2025-11-21 13:40:48.5963  当前没有其他玩家在线，无需广播状态同步消息
2025-11-21 13:40:48.6960  当前没有其他玩家在线，无需广播状态同步消息
2025-11-21 13:40:48.7989  当前没有其他玩家在线，无需广播状态同步消息
2025-11-21 13:40:48.8884  当前没有其他玩家在线，无需广播状态同步消息
2025-11-21 13:40:48.9884  当前没有其他玩家在线，无需广播状态同步消息
2025-11-21 13:40:49.0905  当前没有其他玩家在线，无需广播状态同步消息
2025-11-21 13:40:49.1967  当前没有其他玩家在线，无需广播状态同步消息
2025-11-21 13:40:49.2987  当前没有其他玩家在线，无需广播状态同步消息
2025-11-21 13:40:49.3903  当前没有其他玩家在线，无需广播状态同步消息
2025-11-21 13:40:49.4936  当前没有其他玩家在线，无需广播状态同步消息
2025-11-21 13:40:49.5877  当前没有其他玩家在线，无需广播状态同步消息
2025-11-21 13:40:49.6954  当前没有其他玩家在线，无需广播状态同步消息
2025-11-21 13:40:49.7893  当前没有其他玩家在线，无需广播状态同步消息
2025-11-21 13:40:49.8917  当前没有其他玩家在线，无需广播状态同步消息
2025-11-21 13:40:49.9980  当前没有其他玩家在线，无需广播状态同步消息
2025-11-21 13:40:50.0992  当前没有其他玩家在线，无需广播状态同步消息
2025-11-21 13:40:50.1878  当前没有其他玩家在线，无需广播状态同步消息
2025-11-21 13:40:50.2906  当前没有其他玩家在线，无需广播状态同步消息
2025-11-21 13:40:50.3948  当前没有其他玩家在线，无需广播状态同步消息
2025-11-21 13:40:50.4956  当前没有其他玩家在线，无需广播状态同步消息
2025-11-21 13:40:50.5915  当前没有其他玩家在线，无需广播状态同步消息
2025-11-21 13:40:50.6983  当前没有其他玩家在线，无需广播状态同步消息
2025-11-21 13:40:50.7935  当前没有其他玩家在线，无需广播状态同步消息
2025-11-21 13:40:50.8904  当前没有其他玩家在线，无需广播状态同步消息
2025-11-21 13:40:50.9936  当前没有其他玩家在线，无需广播状态同步消息
2025-11-21 13:40:51.0892  当前没有其他玩家在线，无需广播状态同步消息
2025-11-21 13:40:51.1933  当前没有其他玩家在线，无需广播状态同步消息
2025-11-21 13:40:51.2905  当前没有其他玩家在线，无需广播状态同步消息
2025-11-21 13:40:51.3947  当前没有其他玩家在线，无需广播状态同步消息
2025-11-21 13:40:51.4994  当前没有其他玩家在线，无需广播状态同步消息
2025-11-21 13:40:51.5965  当前没有其他玩家在线，无需广播状态同步消息
2025-11-21 13:40:51.6936  当前没有其他玩家在线，无需广播状态同步消息
2025-11-21 13:40:51.7943  当前没有其他玩家在线，无需广播状态同步消息
2025-11-21 13:41:26.6839  向ID:481277061741412352发送其他玩家登录请求
2025-11-21 13:42:50.3706  向玩家ID:481277061741412352 发送玩家ID:481278333051731968下线消息
2025-11-21 13:42:50.3706  玩家ID:481278333051731968 下线成功
2025-11-21 13:42:52.5596  向ID:481277061741412352发送其他玩家登录请求
2025-11-21 13:43:03.5883  向玩家ID:481277061741412352 发送玩家ID:481279810520481792下线消息
2025-11-21 13:43:03.5883  玩家ID:481279810520481792 下线成功
2025-11-21 13:43:05.5172  当前服务器上没有其他玩家在线，无需广播下线消息
2025-11-21 13:43:05.5172  玩家ID:481277061741412352 下线成功
2025-11-21 13:46:20.3670  当前没有其他玩家在线，无需广播
2025-11-21 13:46:21.4853  当前没有其他玩家在线，无需广播状态同步消息
2025-11-21 13:46:21.5781  当前没有其他玩家在线，无需广播状态同步消息
2025-11-21 13:46:21.6861  当前没有其他玩家在线，无需广播状态同步消息
2025-11-21 13:46:21.7808  当前没有其他玩家在线，无需广播状态同步消息
2025-11-21 13:46:21.8885  当前没有其他玩家在线，无需广播状态同步消息
2025-11-21 13:46:21.9956  当前没有其他玩家在线，无需广播状态同步消息
2025-11-21 13:46:22.0895  当前没有其他玩家在线，无需广播状态同步消息
2025-11-21 13:46:22.1836  当前没有其他玩家在线，无需广播状态同步消息
2025-11-21 13:46:22.2924  当前没有其他玩家在线，无需广播状态同步消息
2025-11-21 13:46:22.4011  当前没有其他玩家在线，无需广播状态同步消息
2025-11-21 13:46:22.4940  当前没有其他玩家在线，无需广播状态同步消息
2025-11-21 13:46:22.5861  当前没有其他玩家在线，无需广播状态同步消息
2025-11-21 13:46:22.6796  当前没有其他玩家在线，无需广播状态同步消息
2025-11-21 13:46:22.7892  当前没有其他玩家在线，无需广播状态同步消息
2025-11-21 13:46:22.8813  当前没有其他玩家在线，无需广播状态同步消息
2025-11-21 13:46:22.9888  当前没有其他玩家在线，无需广播状态同步消息
2025-11-21 13:46:23.0972  当前没有其他玩家在线，无需广播状态同步消息
2025-11-21 13:46:23.1903  当前没有其他玩家在线，无需广播状态同步消息
2025-11-21 13:46:23.2816  当前没有其他玩家在线，无需广播状态同步消息
2025-11-21 13:46:23.3913  当前没有其他玩家在线，无需广播状态同步消息
2025-11-21 13:46:23.4979  当前没有其他玩家在线，无需广播状态同步消息
2025-11-21 13:46:23.5908  当前没有其他玩家在线，无需广播状态同步消息
2025-11-21 13:46:23.6832  当前没有其他玩家在线，无需广播状态同步消息
2025-11-21 13:46:23.7895  当前没有其他玩家在线，无需广播状态同步消息
2025-11-21 13:46:23.8838  当前没有其他玩家在线，无需广播状态同步消息
2025-11-21 13:46:23.9903  当前没有其他玩家在线，无需广播状态同步消息
2025-11-21 13:46:24.0830  当前没有其他玩家在线，无需广播状态同步消息
2025-11-21 13:46:24.1900  当前没有其他玩家在线，无需广播状态同步消息
2025-11-21 13:46:24.2843  当前没有其他玩家在线，无需广播状态同步消息
2025-11-21 13:46:24.3925  当前没有其他玩家在线，无需广播状态同步消息
2025-11-21 13:46:24.4845  当前没有其他玩家在线，无需广播状态同步消息
2025-11-21 13:46:24.5919  当前没有其他玩家在线，无需广播状态同步消息
2025-11-21 13:46:24.6848  当前没有其他玩家在线，无需广播状态同步消息
2025-11-21 13:46:24.7938  当前没有其他玩家在线，无需广播状态同步消息
2025-11-21 13:46:24.9039  当前没有其他玩家在线，无需广播状态同步消息
2025-11-21 13:46:24.9959  当前没有其他玩家在线，无需广播状态同步消息
2025-11-21 13:46:25.0879  当前没有其他玩家在线，无需广播状态同步消息
2025-11-21 13:46:25.1802  当前没有其他玩家在线，无需广播状态同步消息
2025-11-21 13:46:25.2873  当前没有其他玩家在线，无需广播状态同步消息
2025-11-21 13:46:25.3947  当前没有其他玩家在线，无需广播状态同步消息
2025-11-21 13:46:25.4866  当前没有其他玩家在线，无需广播状态同步消息
2025-11-21 13:46:25.5812  当前没有其他玩家在线，无需广播状态同步消息
2025-11-21 13:46:25.6887  当前没有其他玩家在线，无需广播状态同步消息
2025-11-21 13:46:25.7975  当前没有其他玩家在线，无需广播状态同步消息
2025-11-21 13:46:25.8895  当前没有其他玩家在线，无需广播状态同步消息
2025-11-21 13:46:25.9979  当前没有其他玩家在线，无需广播状态同步消息
2025-11-21 13:46:26.0757  当前没有其他玩家在线，无需广播状态同步消息
2025-11-21 13:46:26.1840  当前没有其他玩家在线，无需广播状态同步消息
2025-11-21 13:46:26.2947  当前没有其他玩家在线，无需广播状态同步消息
2025-11-21 13:46:26.3865  当前没有其他玩家在线，无需广播状态同步消息
2025-11-21 13:46:26.4940  当前没有其他玩家在线，无需广播状态同步消息
2025-11-21 13:46:26.5870  当前没有其他玩家在线，无需广播状态同步消息
2025-11-21 13:46:26.6793  当前没有其他玩家在线，无需广播状态同步消息
2025-11-21 13:46:26.8023  当前没有其他玩家在线，无需广播状态同步消息
2025-11-21 13:46:26.8944  当前没有其他玩家在线，无需广播状态同步消息
2025-11-21 13:46:27.0011  当前没有其他玩家在线，无需广播状态同步消息
2025-11-21 13:46:27.0952  当前没有其他玩家在线，无需广播状态同步消息
2025-11-21 13:46:27.1891  当前没有其他玩家在线，无需广播状态同步消息
2025-11-21 13:46:27.2966  当前没有其他玩家在线，无需广播状态同步消息
2025-11-21 13:46:27.3900  当前没有其他玩家在线，无需广播状态同步消息
2025-11-21 13:46:27.4973  当前没有其他玩家在线，无需广播状态同步消息
2025-11-21 13:46:27.5900  当前没有其他玩家在线，无需广播状态同步消息
2025-11-21 13:46:27.6831  当前没有其他玩家在线，无需广播状态同步消息
2025-11-21 13:46:27.7934  当前没有其他玩家在线，无需广播状态同步消息
2025-11-21 13:46:27.9036  当前没有其他玩家在线，无需广播状态同步消息
2025-11-21 13:46:27.9978  当前没有其他玩家在线，无需广播状态同步消息
2025-11-21 13:46:28.0910  当前没有其他玩家在线，无需广播状态同步消息
2025-11-21 13:46:28.1827  当前没有其他玩家在线，无需广播状态同步消息
2025-11-21 13:46:28.2913  当前没有其他玩家在线，无需广播状态同步消息
2025-11-21 13:46:28.3993  当前没有其他玩家在线，无需广播状态同步消息
2025-11-21 13:46:32.3366  向ID:481283383933272064发送其他玩家登录请求
