2025-11-21 12:47:58.7937  

==========================================================================
 
  ███████╗ █████╗ ███╗   ██╗████████╗ █████╗  ██████╗ ██╗   ██╗
  ██╔════╝██╔══██╗████╗  ██║╚══██╔══╝██╔══██╗██╔════╝ ╚██╗ ██╔╝
  █████╗  ███████║██╔██╗ ██║   ██║   ███████║╚█████╗   ╚████╔╝ 
  ██╔══╝  ██╔══██║██║╚██╗██║   ██║   ██╔══██║╚════██║   ╚██╔╝  
  ██║     ██║  ██║██║ ╚████║   ██║   ██║  ██║██████╔╝    ██║   
  ╚═╝     ╚═╝  ╚═╝╚═╝  ╚═══╝   ╚═╝   ╚═╝  ╚═╝╚═════╝     ╚═╝   
                                                            
 Version : Fantasy 2.0 Official version
==========================================================================

2025-11-21 12:47:58.8522  Current inner network protocol:TCP
2025-11-21 12:47:58.8522  Max Message Size(byte):1048560
2025-11-21 12:47:58.8522  Current session idle timeout:8000
2025-11-21 12:47:58.8522  Session-check interval:5000 
2025-11-21 12:47:59.5255  SceneConfigId = 1001 networkTarget = Inner TCPServer Listen 127.0.0.1:11002
2025-11-21 12:47:59.8473  SceneConfigId = 1001 networkTarget = Outer KCPServer Listen 0.0.0.0:20000
2025-11-21 12:47:59.8473  Process:1 Startup Complete SceneCount:1
2025-11-21 12:49:06.3951 (LoginRequestHandler.cs:18) 收到登录请求
2025-11-21 12:49:06.3982 (LoginRequestHandler.cs:22) 登陆成功，分配玩家ID:481224388262494208
2025-11-21 12:50:09.2217 (LoginRequestHandler.cs:18) 收到登录请求
2025-11-21 12:50:09.2217 (LoginRequestHandler.cs:22) 登陆成功，分配玩家ID:481225470594252800
2025-11-21 12:50:21.3829 (LobbyPlayerManagerComponentSystem.cs:68) 玩家ID:481225470594252800 移动方向: -1 , 0 , 0
2025-11-21 12:50:21.3841 (LobbyPlayerManagerComponentSystem.cs:73) 玩家ID:481225470594252800 移动到新位置: -0.19999999 , 0 , 0
2025-11-21 12:50:21.4457 (LobbyPlayerManagerComponentSystem.cs:68) 玩家ID:481225470594252800 移动方向: -1 , 0 , 0
2025-11-21 12:50:21.4457 (LobbyPlayerManagerComponentSystem.cs:73) 玩家ID:481225470594252800 移动到新位置: -0.39999998 , 0 , 0
2025-11-21 12:50:21.5551 (LobbyPlayerManagerComponentSystem.cs:68) 玩家ID:481225470594252800 移动方向: -1 , 0 , 0
2025-11-21 12:50:21.5551 (LobbyPlayerManagerComponentSystem.cs:73) 玩家ID:481225470594252800 移动到新位置: -0.59999996 , 0 , 0
2025-11-21 12:50:21.6494 (LobbyPlayerManagerComponentSystem.cs:68) 玩家ID:481225470594252800 移动方向: -1 , 0 , 0
2025-11-21 12:50:21.6494 (LobbyPlayerManagerComponentSystem.cs:73) 玩家ID:481225470594252800 移动到新位置: -0.79999995 , 0 , 0
2025-11-21 12:50:21.7566 (LobbyPlayerManagerComponentSystem.cs:73) 玩家ID:481225470594252800 移动到新位置: -0.79999995 , 0 , 0
2025-11-21 12:50:22.1471 (LobbyPlayerManagerComponentSystem.cs:68) 玩家ID:481225470594252800 移动方向: -1 , 0 , 0
2025-11-21 12:50:22.1471 (LobbyPlayerManagerComponentSystem.cs:73) 玩家ID:481225470594252800 移动到新位置: -0.99999994 , 0 , 0
2025-11-21 12:50:22.2396 (LobbyPlayerManagerComponentSystem.cs:68) 玩家ID:481225470594252800 移动方向: 0 , 0 , -1
2025-11-21 12:50:22.2396 (LobbyPlayerManagerComponentSystem.cs:73) 玩家ID:481225470594252800 移动到新位置: -0.99999994 , 0 , -0.19999999
2025-11-21 12:50:22.3468 (LobbyPlayerManagerComponentSystem.cs:68) 玩家ID:481225470594252800 移动方向: 0 , 0 , -1
2025-11-21 12:50:22.3468 (LobbyPlayerManagerComponentSystem.cs:73) 玩家ID:481225470594252800 移动到新位置: -0.99999994 , 0 , -0.39999998
2025-11-21 12:50:22.4558 (LobbyPlayerManagerComponentSystem.cs:68) 玩家ID:481225470594252800 移动方向: 0 , 0 , -1
2025-11-21 12:50:22.4558 (LobbyPlayerManagerComponentSystem.cs:73) 玩家ID:481225470594252800 移动到新位置: -0.99999994 , 0 , -0.59999996
2025-11-21 12:50:22.5503 (LobbyPlayerManagerComponentSystem.cs:68) 玩家ID:481225470594252800 移动方向: 0 , 0 , -1
2025-11-21 12:50:22.5503 (LobbyPlayerManagerComponentSystem.cs:73) 玩家ID:481225470594252800 移动到新位置: -0.99999994 , 0 , -0.79999995
2025-11-21 12:50:22.6446 (LobbyPlayerManagerComponentSystem.cs:68) 玩家ID:481225470594252800 移动方向: 0.70710677 , 0 , -0.70710677
2025-11-21 12:50:22.6446 (LobbyPlayerManagerComponentSystem.cs:73) 玩家ID:481225470594252800 移动到新位置: -0.85857856 , 0 , -0.9414213
2025-11-21 12:50:22.7538 (LobbyPlayerManagerComponentSystem.cs:68) 玩家ID:481225470594252800 移动方向: 0.70710677 , 0 , -0.70710677
2025-11-21 12:50:22.7538 (LobbyPlayerManagerComponentSystem.cs:73) 玩家ID:481225470594252800 移动到新位置: -0.71715724 , 0 , -1.0828426
2025-11-21 12:50:22.8474 (LobbyPlayerManagerComponentSystem.cs:68) 玩家ID:481225470594252800 移动方向: 0.70710677 , 0 , -0.70710677
2025-11-21 12:50:22.8474 (LobbyPlayerManagerComponentSystem.cs:73) 玩家ID:481225470594252800 移动到新位置: -0.5757359 , 0 , -1.2242639
2025-11-21 12:50:22.9407 (LobbyPlayerManagerComponentSystem.cs:68) 玩家ID:481225470594252800 移动方向: 0.70710677 , 0 , -0.70710677
2025-11-21 12:50:22.9407 (LobbyPlayerManagerComponentSystem.cs:73) 玩家ID:481225470594252800 移动到新位置: -0.43431458 , 0 , -1.3656852
2025-11-21 12:50:23.0356 (LobbyPlayerManagerComponentSystem.cs:68) 玩家ID:481225470594252800 移动方向: -0.70710677 , 0 , -0.70710677
2025-11-21 12:50:23.0356 (LobbyPlayerManagerComponentSystem.cs:73) 玩家ID:481225470594252800 移动到新位置: -0.5757359 , 0 , -1.5071065
2025-11-21 12:50:23.1453 (LobbyPlayerManagerComponentSystem.cs:68) 玩家ID:481225470594252800 移动方向: -0.70710677 , 0 , -0.70710677
2025-11-21 12:50:23.1453 (LobbyPlayerManagerComponentSystem.cs:73) 玩家ID:481225470594252800 移动到新位置: -0.71715724 , 0 , -1.6485279
2025-11-21 12:50:23.2525 (LobbyPlayerManagerComponentSystem.cs:68) 玩家ID:481225470594252800 移动方向: -1 , 0 , 0
2025-11-21 12:50:23.2525 (LobbyPlayerManagerComponentSystem.cs:73) 玩家ID:481225470594252800 移动到新位置: -0.91715723 , 0 , -1.6485279
2025-11-21 12:50:23.3456 (LobbyPlayerManagerComponentSystem.cs:68) 玩家ID:481225470594252800 移动方向: -1 , 0 , 0
2025-11-21 12:50:23.3456 (LobbyPlayerManagerComponentSystem.cs:73) 玩家ID:481225470594252800 移动到新位置: -1.1171572 , 0 , -1.6485279
2025-11-21 12:50:23.4552 (LobbyPlayerManagerComponentSystem.cs:68) 玩家ID:481225470594252800 移动方向: -0.70710677 , 0 , 0.70710677
2025-11-21 12:50:23.4552 (LobbyPlayerManagerComponentSystem.cs:73) 玩家ID:481225470594252800 移动到新位置: -1.2585785 , 0 , -1.5071065
2025-11-21 12:50:23.5460 (LobbyPlayerManagerComponentSystem.cs:68) 玩家ID:481225470594252800 移动方向: 0 , 0 , 1
2025-11-21 12:50:23.5460 (LobbyPlayerManagerComponentSystem.cs:73) 玩家ID:481225470594252800 移动到新位置: -1.2585785 , 0 , -1.3071065
2025-11-21 12:50:23.6397 (LobbyPlayerManagerComponentSystem.cs:68) 玩家ID:481225470594252800 移动方向: 0 , 0 , 1
2025-11-21 12:50:23.6397 (LobbyPlayerManagerComponentSystem.cs:73) 玩家ID:481225470594252800 移动到新位置: -1.2585785 , 0 , -1.1071064
2025-11-21 12:50:23.7483 (LobbyPlayerManagerComponentSystem.cs:68) 玩家ID:481225470594252800 移动方向: 0 , 0 , 1
2025-11-21 12:50:23.7483 (LobbyPlayerManagerComponentSystem.cs:73) 玩家ID:481225470594252800 移动到新位置: -1.2585785 , 0 , -0.90710646
2025-11-21 12:50:23.8413 (LobbyPlayerManagerComponentSystem.cs:68) 玩家ID:481225470594252800 移动方向: 0 , 0 , 1
2025-11-21 12:50:23.8413 (LobbyPlayerManagerComponentSystem.cs:73) 玩家ID:481225470594252800 移动到新位置: -1.2585785 , 0 , -0.7071065
2025-11-21 12:50:23.9514 (LobbyPlayerManagerComponentSystem.cs:68) 玩家ID:481225470594252800 移动方向: -1 , 0 , 0
2025-11-21 12:50:23.9514 (LobbyPlayerManagerComponentSystem.cs:73) 玩家ID:481225470594252800 移动到新位置: -1.4585786 , 0 , -0.7071065
2025-11-21 12:50:24.0445 (LobbyPlayerManagerComponentSystem.cs:68) 玩家ID:481225470594252800 移动方向: -1 , 0 , 0
2025-11-21 12:50:24.0445 (LobbyPlayerManagerComponentSystem.cs:73) 玩家ID:481225470594252800 移动到新位置: -1.6585786 , 0 , -0.7071065
2025-11-21 12:50:24.1535 (LobbyPlayerManagerComponentSystem.cs:68) 玩家ID:481225470594252800 移动方向: -1 , 0 , 0
2025-11-21 12:50:24.1535 (LobbyPlayerManagerComponentSystem.cs:73) 玩家ID:481225470594252800 移动到新位置: -1.8585787 , 0 , -0.7071065
2025-11-21 12:50:24.2489 (LobbyPlayerManagerComponentSystem.cs:68) 玩家ID:481225470594252800 移动方向: -0.70710677 , 0 , -0.70710677
2025-11-21 12:50:24.2489 (LobbyPlayerManagerComponentSystem.cs:73) 玩家ID:481225470594252800 移动到新位置: -2 , 0 , -0.8485278
2025-11-21 12:50:24.3403 (StateSyncRequestHandler.cs:17) 玩家ID:481225470594252800 移动方向: 0 , 0 , -1
2025-11-21 12:50:24.3403 (StateSyncRequestHandler.cs:17) 玩家ID:481225470594252800 移动到新位置: -2 , 0 , -1.0485277
2025-11-21 12:50:24.4336 (StateSyncRequestHandler.cs:17) 玩家ID:481225470594252800 移动方向: 0 , 0 , -1
2025-11-21 12:50:24.4336 (StateSyncRequestHandler.cs:17) 玩家ID:481225470594252800 移动到新位置: -2 , 0 , -1.2485278
2025-11-21 12:50:24.5421 (StateSyncRequestHandler.cs:17) 玩家ID:481225470594252800 移动方向: 0 , 0 , -1
2025-11-21 12:50:24.5421 (StateSyncRequestHandler.cs:17) 玩家ID:481225470594252800 移动到新位置: -2 , 0 , -1.4485278
2025-11-21 12:50:24.6504 (StateSyncRequestHandler.cs:17) 玩家ID:481225470594252800 移动方向: 0 , 0 , -1
2025-11-21 12:50:24.6504 (StateSyncRequestHandler.cs:17) 玩家ID:481225470594252800 移动到新位置: -2 , 0 , -1.6485279
2025-11-21 12:50:24.7442 (StateSyncRequestHandler.cs:17) 玩家ID:481225470594252800 移动方向: -0.70710677 , 0 , -0.70710677
2025-11-21 12:50:24.7442 (StateSyncRequestHandler.cs:17) 玩家ID:481225470594252800 移动到新位置: -2.1414213 , 0 , -1.7899492
2025-11-21 12:50:24.8385 (StateSyncRequestHandler.cs:17) 玩家ID:481225470594252800 移动方向: -1 , 0 , 0
2025-11-21 12:50:24.8385 (StateSyncRequestHandler.cs:17) 玩家ID:481225470594252800 移动到新位置: -2.3414214 , 0 , -1.7899492
2025-11-21 12:50:24.9463 (StateSyncRequestHandler.cs:17) 玩家ID:481225470594252800 移动方向: -1 , 0 , 0
2025-11-21 12:50:24.9463 (StateSyncRequestHandler.cs:17) 玩家ID:481225470594252800 移动到新位置: -2.5414214 , 0 , -1.7899492
2025-11-21 12:50:25.0410 (StateSyncRequestHandler.cs:17) 玩家ID:481225470594252800 移动方向: -0.70710677 , 0 , 0.70710677
2025-11-21 12:50:25.0410 (StateSyncRequestHandler.cs:17) 玩家ID:481225470594252800 移动到新位置: -2.6828427 , 0 , -1.6485279
2025-11-21 12:50:25.1491 (StateSyncRequestHandler.cs:17) 玩家ID:481225470594252800 移动方向: -0.70710677 , 0 , 0.70710677
2025-11-21 12:50:25.1491 (StateSyncRequestHandler.cs:17) 玩家ID:481225470594252800 移动到新位置: -2.824264 , 0 , -1.5071065
2025-11-21 12:50:25.2428 (StateSyncRequestHandler.cs:17) 玩家ID:481225470594252800 移动方向: -1 , 0 , 0
2025-11-21 12:50:25.2428 (StateSyncRequestHandler.cs:17) 玩家ID:481225470594252800 移动到新位置: -3.024264 , 0 , -1.5071065
2025-11-21 12:50:25.3523 (StateSyncRequestHandler.cs:17) 玩家ID:481225470594252800 移动方向: -1 , 0 , 0
2025-11-21 12:50:25.3523 (StateSyncRequestHandler.cs:17) 玩家ID:481225470594252800 移动到新位置: -3.2242641 , 0 , -1.5071065
2025-11-21 12:50:25.4451 (StateSyncRequestHandler.cs:17) 玩家ID:481225470594252800 移动方向: -1 , 0 , 0
2025-11-21 12:50:25.4451 (StateSyncRequestHandler.cs:17) 玩家ID:481225470594252800 移动到新位置: -3.4242642 , 0 , -1.5071065
2025-11-21 12:50:25.5538 (StateSyncRequestHandler.cs:17) 玩家ID:481225470594252800 移动方向: -1 , 0 , 0
2025-11-21 12:50:25.5538 (StateSyncRequestHandler.cs:17) 玩家ID:481225470594252800 移动到新位置: -3.6242642 , 0 , -1.5071065
2025-11-21 12:50:25.6469 (StateSyncRequestHandler.cs:17) 玩家ID:481225470594252800 移动方向: -1 , 0 , 0
2025-11-21 12:50:25.6469 (StateSyncRequestHandler.cs:17) 玩家ID:481225470594252800 移动到新位置: -3.8242643 , 0 , -1.5071065
2025-11-21 12:50:25.7420 (StateSyncRequestHandler.cs:17) 玩家ID:481225470594252800 移动方向: -1 , 0 , 0
2025-11-21 12:50:25.7420 (StateSyncRequestHandler.cs:17) 玩家ID:481225470594252800 移动到新位置: -4.0242643 , 0 , -1.5071065
2025-11-21 12:50:25.8500 (StateSyncRequestHandler.cs:17) 玩家ID:481225470594252800 移动方向: -1 , 0 , 0
2025-11-21 12:50:25.8500 (StateSyncRequestHandler.cs:17) 玩家ID:481225470594252800 移动到新位置: -4.224264 , 0 , -1.5071065
2025-11-21 12:50:25.9444 (StateSyncRequestHandler.cs:17) 玩家ID:481225470594252800 移动方向: 0 , 0 , 1
2025-11-21 12:50:25.9448 (StateSyncRequestHandler.cs:17) 玩家ID:481225470594252800 移动到新位置: -4.224264 , 0 , -1.3071065
2025-11-21 12:50:26.0548 (StateSyncRequestHandler.cs:17) 玩家ID:481225470594252800 移动方向: 0 , 0 , 1
2025-11-21 12:50:26.0548 (StateSyncRequestHandler.cs:17) 玩家ID:481225470594252800 移动到新位置: -4.224264 , 0 , -1.1071064
2025-11-21 12:50:26.1466 (StateSyncRequestHandler.cs:17) 玩家ID:481225470594252800 移动到新位置: -4.224264 , 0 , -1.1071064
2025-11-21 12:52:11.3217  收到登录请求
2025-11-21 12:52:11.3217  登陆成功，分配玩家ID:481227566538293248
2025-11-21 12:52:12.8427 (StateSyncRequestHandler.cs:17) 玩家ID:481227566538293248 移动方向: -1 , 0 , 0
2025-11-21 12:52:12.8427 (StateSyncRequestHandler.cs:17) 玩家ID:481227566538293248 移动到新位置: -0.19999999 , 0 , 0
2025-11-21 12:52:12.9511 (StateSyncRequestHandler.cs:17) 玩家ID:481227566538293248 移动方向: -0.70710677 , 0 , 0.70710677
2025-11-21 12:52:12.9511 (StateSyncRequestHandler.cs:17) 玩家ID:481227566538293248 移动到新位置: -0.34142134 , 0 , 0.14142135
2025-11-21 12:52:13.0458 (StateSyncRequestHandler.cs:17) 玩家ID:481227566538293248 移动方向: -0.70710677 , 0 , 0.70710677
2025-11-21 12:52:13.0458 (StateSyncRequestHandler.cs:17) 玩家ID:481227566538293248 移动到新位置: -0.48284268 , 0 , 0.2828427
2025-11-21 12:52:13.1401 (StateSyncRequestHandler.cs:17) 玩家ID:481227566538293248 移动方向: 0 , 0 , 1
2025-11-21 12:52:13.1401 (StateSyncRequestHandler.cs:17) 玩家ID:481227566538293248 移动到新位置: -0.48284268 , 0 , 0.48284268
2025-11-21 12:52:13.2490 (StateSyncRequestHandler.cs:17) 玩家ID:481227566538293248 移动方向: 0 , 0 , 1
2025-11-21 12:52:13.2490 (StateSyncRequestHandler.cs:17) 玩家ID:481227566538293248 移动到新位置: -0.48284268 , 0 , 0.6828427
2025-11-21 12:52:13.3417 (StateSyncRequestHandler.cs:17) 玩家ID:481227566538293248 移动方向: 0 , 0 , 1
2025-11-21 12:52:13.3417 (StateSyncRequestHandler.cs:17) 玩家ID:481227566538293248 移动到新位置: -0.48284268 , 0 , 0.88284266
2025-11-21 12:52:13.4499 (StateSyncRequestHandler.cs:17) 玩家ID:481227566538293248 移动方向: 0 , 0 , 1
2025-11-21 12:52:13.4499 (StateSyncRequestHandler.cs:17) 玩家ID:481227566538293248 移动到新位置: -0.48284268 , 0 , 1.0828426
2025-11-21 12:52:13.5444 (StateSyncRequestHandler.cs:17) 玩家ID:481227566538293248 移动到新位置: -0.48284268 , 0 , 1.0828426
2025-11-21 12:52:20.7317 (StateSyncRequestHandler.cs:17) 玩家ID:481227566538293248 移动方向: 0 , 0 , 1
2025-11-21 12:52:20.7317 (StateSyncRequestHandler.cs:17) 玩家ID:481227566538293248 移动到新位置: -0.48284268 , 0 , 1.2828426
2025-11-21 12:52:20.8425 (StateSyncRequestHandler.cs:17) 玩家ID:481227566538293248 移动方向: 0 , 0 , 1
2025-11-21 12:52:20.8425 (StateSyncRequestHandler.cs:17) 玩家ID:481227566538293248 移动到新位置: -0.48284268 , 0 , 1.4828427
2025-11-21 12:52:20.9353 (StateSyncRequestHandler.cs:17) 玩家ID:481227566538293248 移动方向: 0 , 0 , 1
2025-11-21 12:52:20.9353 (StateSyncRequestHandler.cs:17) 玩家ID:481227566538293248 移动到新位置: -0.48284268 , 0 , 1.6828427
2025-11-21 12:52:21.0283 (StateSyncRequestHandler.cs:17) 玩家ID:481227566538293248 移动方向: 0 , 0 , 1
2025-11-21 12:52:21.0283 (StateSyncRequestHandler.cs:17) 玩家ID:481227566538293248 移动到新位置: -0.48284268 , 0 , 1.8828428
2025-11-21 12:52:21.1370 (StateSyncRequestHandler.cs:17) 玩家ID:481227566538293248 移动方向: 0 , 0 , 1
2025-11-21 12:52:21.1370 (StateSyncRequestHandler.cs:17) 玩家ID:481227566538293248 移动到新位置: -0.48284268 , 0 , 2.0828428
2025-11-21 12:52:21.2318 (StateSyncRequestHandler.cs:17) 玩家ID:481227566538293248 移动方向: 0 , 0 , 1
2025-11-21 12:52:21.2318 (StateSyncRequestHandler.cs:17) 玩家ID:481227566538293248 移动到新位置: -0.48284268 , 0 , 2.2828429
2025-11-21 12:52:21.3401 (StateSyncRequestHandler.cs:17) 玩家ID:481227566538293248 移动到新位置: -0.48284268 , 0 , 2.2828429
2025-11-21 12:52:22.4435 (StateSyncRequestHandler.cs:17) 玩家ID:481227566538293248 移动方向: 0 , 0 , 1
2025-11-21 12:52:22.4435 (StateSyncRequestHandler.cs:17) 玩家ID:481227566538293248 移动到新位置: -0.48284268 , 0 , 2.482843
2025-11-21 12:52:22.5361 (StateSyncRequestHandler.cs:17) 玩家ID:481227566538293248 移动方向: 0.70710677 , 0 , 0.70710677
2025-11-21 12:52:22.5361 (StateSyncRequestHandler.cs:17) 玩家ID:481227566538293248 移动到新位置: -0.34142134 , 0 , 2.6242642
2025-11-21 12:52:22.6451 (StateSyncRequestHandler.cs:17) 玩家ID:481227566538293248 移动方向: 0.70710677 , 0 , 0.70710677
2025-11-21 12:52:22.6451 (StateSyncRequestHandler.cs:17) 玩家ID:481227566538293248 移动到新位置: -0.19999999 , 0 , 2.7656856
2025-11-21 12:52:22.7398 (StateSyncRequestHandler.cs:17) 玩家ID:481227566538293248 移动方向: 0.70710677 , 0 , 0.70710677
2025-11-21 12:52:22.7398 (StateSyncRequestHandler.cs:17) 玩家ID:481227566538293248 移动到新位置: -0.05857864 , 0 , 2.9071069
2025-11-21 12:52:22.8486 (StateSyncRequestHandler.cs:17) 玩家ID:481227566538293248 移动方向: 1 , 0 , 0
2025-11-21 12:52:22.8486 (StateSyncRequestHandler.cs:17) 玩家ID:481227566538293248 移动到新位置: 0.14142135 , 0 , 2.9071069
2025-11-21 12:52:22.9418 (StateSyncRequestHandler.cs:17) 玩家ID:481227566538293248 移动方向: 1 , 0 , 0
2025-11-21 12:52:22.9418 (StateSyncRequestHandler.cs:17) 玩家ID:481227566538293248 移动到新位置: 0.34142134 , 0 , 2.9071069
2025-11-21 12:52:23.0364 (StateSyncRequestHandler.cs:17) 玩家ID:481227566538293248 移动方向: 0.70710677 , 0 , -0.70710677
2025-11-21 12:52:23.0364 (StateSyncRequestHandler.cs:17) 玩家ID:481227566538293248 移动到新位置: 0.48284268 , 0 , 2.7656856
2025-11-21 12:52:23.1438 (StateSyncRequestHandler.cs:17) 玩家ID:481227566538293248 移动方向: 0 , 0 , -1
2025-11-21 12:52:23.1438 (StateSyncRequestHandler.cs:17) 玩家ID:481227566538293248 移动到新位置: 0.48284268 , 0 , 2.5656855
2025-11-21 12:52:23.2390 (StateSyncRequestHandler.cs:17) 玩家ID:481227566538293248 移动方向: 0 , 0 , -1
2025-11-21 12:52:23.2390 (StateSyncRequestHandler.cs:17) 玩家ID:481227566538293248 移动到新位置: 0.48284268 , 0 , 2.3656855
2025-11-21 12:52:23.3454 (StateSyncRequestHandler.cs:17) 玩家ID:481227566538293248 移动方向: 0 , 0 , -1
2025-11-21 12:52:23.3454 (StateSyncRequestHandler.cs:17) 玩家ID:481227566538293248 移动到新位置: 0.48284268 , 0 , 2.1656854
2025-11-21 12:52:23.4385 (StateSyncRequestHandler.cs:17) 玩家ID:481227566538293248 移动方向: 0 , 0 , -1
2025-11-21 12:52:23.4385 (StateSyncRequestHandler.cs:17) 玩家ID:481227566538293248 移动到新位置: 0.48284268 , 0 , 1.9656854
2025-11-21 12:52:23.5306 (StateSyncRequestHandler.cs:17) 玩家ID:481227566538293248 移动方向: -0.70710677 , 0 , -0.70710677
2025-11-21 12:52:23.5306 (StateSyncRequestHandler.cs:17) 玩家ID:481227566538293248 移动到新位置: 0.34142134 , 0 , 1.824264
2025-11-21 12:52:23.6413 (StateSyncRequestHandler.cs:17) 玩家ID:481227566538293248 移动方向: -0.70710677 , 0 , -0.70710677
2025-11-21 12:52:23.6413 (StateSyncRequestHandler.cs:17) 玩家ID:481227566538293248 移动到新位置: 0.19999999 , 0 , 1.6828427
2025-11-21 12:52:23.7352 (StateSyncRequestHandler.cs:17) 玩家ID:481227566538293248 移动方向: -0.70710677 , 0 , -0.70710677
2025-11-21 12:52:23.7352 (StateSyncRequestHandler.cs:17) 玩家ID:481227566538293248 移动到新位置: 0.05857864 , 0 , 1.5414214
2025-11-21 12:52:23.8434 (StateSyncRequestHandler.cs:17) 玩家ID:481227566538293248 移动方向: -0.70710677 , 0 , -0.70710677
2025-11-21 12:52:23.8434 (StateSyncRequestHandler.cs:17) 玩家ID:481227566538293248 移动到新位置: -0.08284271 , 0 , 1.4000001
2025-11-21 12:52:23.9366 (StateSyncRequestHandler.cs:17) 玩家ID:481227566538293248 移动方向: 0 , 0 , -1
2025-11-21 12:52:23.9366 (StateSyncRequestHandler.cs:17) 玩家ID:481227566538293248 移动到新位置: -0.08284271 , 0 , 1.2
2025-11-21 12:52:24.0445 (StateSyncRequestHandler.cs:17) 玩家ID:481227566538293248 移动方向: 0 , 0 , -1
2025-11-21 12:52:24.0445 (StateSyncRequestHandler.cs:17) 玩家ID:481227566538293248 移动到新位置: -0.08284271 , 0 , 1
2025-11-21 12:52:24.1389 (StateSyncRequestHandler.cs:17) 玩家ID:481227566538293248 移动方向: 0 , 0 , -1
2025-11-21 12:52:24.1389 (StateSyncRequestHandler.cs:17) 玩家ID:481227566538293248 移动到新位置: -0.08284271 , 0 , 0.8
2025-11-21 12:52:24.2467 (StateSyncRequestHandler.cs:17) 玩家ID:481227566538293248 移动方向: 0 , 0 , -1
2025-11-21 12:52:24.2467 (StateSyncRequestHandler.cs:17) 玩家ID:481227566538293248 移动到新位置: -0.08284271 , 0 , 0.6
2025-11-21 12:52:24.3413 (StateSyncRequestHandler.cs:17) 玩家ID:481227566538293248 移动方向: 0 , 0 , -1
2025-11-21 12:52:24.3413 (StateSyncRequestHandler.cs:17) 玩家ID:481227566538293248 移动到新位置: -0.08284271 , 0 , 0.40000004
2025-11-21 12:52:24.4347 (StateSyncRequestHandler.cs:17) 玩家ID:481227566538293248 移动方向: 0 , 0 , -1
2025-11-21 12:52:24.4347 (StateSyncRequestHandler.cs:17) 玩家ID:481227566538293248 移动到新位置: -0.08284271 , 0 , 0.20000005
2025-11-21 12:52:24.5460 (StateSyncRequestHandler.cs:17) 玩家ID:481227566538293248 移动方向: 0 , 0 , -1
2025-11-21 12:52:24.5460 (StateSyncRequestHandler.cs:17) 玩家ID:481227566538293248 移动到新位置: -0.08284271 , 0 , 5.9604645E-08
2025-11-21 12:52:24.6392 (StateSyncRequestHandler.cs:17) 玩家ID:481227566538293248 移动到新位置: -0.08284271 , 0 , 5.9604645E-08
2025-11-21 12:52:52.9453 (StateSyncRequestHandler.cs:17) 玩家ID:481227566538293248 移动方向: 0 , 0 , 1
2025-11-21 12:52:52.9453 (StateSyncRequestHandler.cs:17) 玩家ID:481227566538293248 移动到新位置: -0.08284271 , 0 , 0.20000005
2025-11-21 12:52:53.0400 (StateSyncRequestHandler.cs:17) 玩家ID:481227566538293248 移动方向: 0 , 0 , 1
2025-11-21 12:52:53.0400 (StateSyncRequestHandler.cs:17) 玩家ID:481227566538293248 移动到新位置: -0.08284271 , 0 , 0.40000004
2025-11-21 12:52:53.1330 (StateSyncRequestHandler.cs:17) 玩家ID:481227566538293248 移动方向: 0 , 0 , 1
2025-11-21 12:52:53.1330 (StateSyncRequestHandler.cs:17) 玩家ID:481227566538293248 移动到新位置: -0.08284271 , 0 , 0.6
2025-11-21 12:52:53.2422 (StateSyncRequestHandler.cs:17) 玩家ID:481227566538293248 移动方向: 0 , 0 , 1
2025-11-21 12:52:53.2422 (StateSyncRequestHandler.cs:17) 玩家ID:481227566538293248 移动到新位置: -0.08284271 , 0 , 0.8
2025-11-21 12:52:53.3364 (StateSyncRequestHandler.cs:17) 玩家ID:481227566538293248 移动方向: 0 , 0 , 1
2025-11-21 12:52:53.3364 (StateSyncRequestHandler.cs:17) 玩家ID:481227566538293248 移动到新位置: -0.08284271 , 0 , 1
2025-11-21 12:52:53.4455 (StateSyncRequestHandler.cs:17) 玩家ID:481227566538293248 移动方向: 0 , 0 , 1
2025-11-21 12:52:53.4455 (StateSyncRequestHandler.cs:17) 玩家ID:481227566538293248 移动到新位置: -0.08284271 , 0 , 1.2
2025-11-21 12:52:53.5374 (StateSyncRequestHandler.cs:17) 玩家ID:481227566538293248 移动方向: 0 , 0 , 1
2025-11-21 12:52:53.5374 (StateSyncRequestHandler.cs:17) 玩家ID:481227566538293248 移动到新位置: -0.08284271 , 0 , 1.4000001
2025-11-21 12:52:53.6290 (StateSyncRequestHandler.cs:17) 玩家ID:481227566538293248 移动到新位置: -0.08284271 , 0 , 1.4000001
2025-11-21 12:52:54.0494 (StateSyncRequestHandler.cs:17) 玩家ID:481227566538293248 移动方向: 0 , 0 , -1
2025-11-21 12:52:54.0494 (StateSyncRequestHandler.cs:17) 玩家ID:481227566538293248 移动到新位置: -0.08284271 , 0 , 1.2
2025-11-21 12:52:54.1433 (StateSyncRequestHandler.cs:17) 玩家ID:481227566538293248 移动方向: 0 , 0 , -1
2025-11-21 12:52:54.1433 (StateSyncRequestHandler.cs:17) 玩家ID:481227566538293248 移动到新位置: -0.08284271 , 0 , 1
2025-11-21 12:52:54.2365 (StateSyncRequestHandler.cs:17) 玩家ID:481227566538293248 移动方向: 0 , 0 , -1
2025-11-21 12:52:54.2365 (StateSyncRequestHandler.cs:17) 玩家ID:481227566538293248 移动到新位置: -0.08284271 , 0 , 0.8
2025-11-21 12:52:54.3304 (StateSyncRequestHandler.cs:17) 玩家ID:481227566538293248 移动方向: 0 , 0 , -1
2025-11-21 12:52:54.3304 (StateSyncRequestHandler.cs:17) 玩家ID:481227566538293248 移动到新位置: -0.08284271 , 0 , 0.6
2025-11-21 12:52:54.4397 (StateSyncRequestHandler.cs:17) 玩家ID:481227566538293248 移动方向: 0 , 0 , -1
2025-11-21 12:52:54.4397 (StateSyncRequestHandler.cs:17) 玩家ID:481227566538293248 移动到新位置: -0.08284271 , 0 , 0.40000004
2025-11-21 12:52:54.5326 (StateSyncRequestHandler.cs:17) 玩家ID:481227566538293248 移动方向: 0 , 0 , -1
2025-11-21 12:52:54.5326 (StateSyncRequestHandler.cs:17) 玩家ID:481227566538293248 移动到新位置: -0.08284271 , 0 , 0.20000005
2025-11-21 12:52:54.6396 (StateSyncRequestHandler.cs:17) 玩家ID:481227566538293248 移动方向: 0 , 0 , -1
2025-11-21 12:52:54.6396 (StateSyncRequestHandler.cs:17) 玩家ID:481227566538293248 移动到新位置: -0.08284271 , 0 , 5.9604645E-08
2025-11-21 12:52:54.7343 (StateSyncRequestHandler.cs:17) 玩家ID:481227566538293248 移动方向: 0 , 0 , -1
2025-11-21 12:52:54.7343 (StateSyncRequestHandler.cs:17) 玩家ID:481227566538293248 移动到新位置: -0.08284271 , 0 , -0.19999993
2025-11-21 12:52:54.8430 (StateSyncRequestHandler.cs:17) 玩家ID:481227566538293248 移动到新位置: -0.08284271 , 0 , -0.19999993
2025-11-21 12:52:55.1374 (StateSyncRequestHandler.cs:17) 玩家ID:481227566538293248 移动方向: 0 , 0 , 1
2025-11-21 12:52:55.1374 (StateSyncRequestHandler.cs:17) 玩家ID:481227566538293248 移动到新位置: -0.08284271 , 0 , 5.9604645E-08
2025-11-21 12:52:55.2308 (StateSyncRequestHandler.cs:17) 玩家ID:481227566538293248 移动方向: 0 , 0 , 1
2025-11-21 12:52:55.2308 (StateSyncRequestHandler.cs:17) 玩家ID:481227566538293248 移动到新位置: -0.08284271 , 0 , 0.20000005
2025-11-21 12:52:55.3396 (StateSyncRequestHandler.cs:17) 玩家ID:481227566538293248 移动方向: 0 , 0 , 1
2025-11-21 12:52:55.3396 (StateSyncRequestHandler.cs:17) 玩家ID:481227566538293248 移动到新位置: -0.08284271 , 0 , 0.40000004
2025-11-21 12:52:55.4489 (StateSyncRequestHandler.cs:17) 玩家ID:481227566538293248 移动方向: 0 , 0 , 1
2025-11-21 12:52:55.4489 (StateSyncRequestHandler.cs:17) 玩家ID:481227566538293248 移动到新位置: -0.08284271 , 0 , 0.6
2025-11-21 12:52:55.5423 (StateSyncRequestHandler.cs:17) 玩家ID:481227566538293248 移动方向: 0 , 0 , 1
2025-11-21 12:52:55.5423 (StateSyncRequestHandler.cs:17) 玩家ID:481227566538293248 移动到新位置: -0.08284271 , 0 , 0.8
2025-11-21 12:52:55.6369 (StateSyncRequestHandler.cs:17) 玩家ID:481227566538293248 移动方向: 0 , 0 , 1
2025-11-21 12:52:55.6369 (StateSyncRequestHandler.cs:17) 玩家ID:481227566538293248 移动到新位置: -0.08284271 , 0 , 1
2025-11-21 12:52:55.7452 (StateSyncRequestHandler.cs:17) 玩家ID:481227566538293248 移动方向: 0.70710677 , 0 , 0.70710677
2025-11-21 12:52:55.7452 (StateSyncRequestHandler.cs:17) 玩家ID:481227566538293248 移动到新位置: 0.05857864 , 0 , 1.1414213
2025-11-21 12:52:55.8391 (StateSyncRequestHandler.cs:17) 玩家ID:481227566538293248 移动方向: 0.70710677 , 0 , 0.70710677
2025-11-21 12:52:55.8391 (StateSyncRequestHandler.cs:17) 玩家ID:481227566538293248 移动到新位置: 0.19999999 , 0 , 1.2828426
2025-11-21 12:52:55.9326 (StateSyncRequestHandler.cs:17) 玩家ID:481227566538293248 移动方向: 0.70710677 , 0 , 0.70710677
2025-11-21 12:52:55.9326 (StateSyncRequestHandler.cs:17) 玩家ID:481227566538293248 移动到新位置: 0.34142134 , 0 , 1.424264
2025-11-21 12:52:56.0410 (StateSyncRequestHandler.cs:17) 玩家ID:481227566538293248 移动方向: 0.70710677 , 0 , 0.70710677
2025-11-21 12:52:56.0410 (StateSyncRequestHandler.cs:17) 玩家ID:481227566538293248 移动到新位置: 0.48284268 , 0 , 1.5656853
2025-11-21 12:52:56.1500 (StateSyncRequestHandler.cs:17) 玩家ID:481227566538293248 移动方向: 0.70710677 , 0 , 0.70710677
2025-11-21 12:52:56.1500 (StateSyncRequestHandler.cs:17) 玩家ID:481227566538293248 移动到新位置: 0.624264 , 0 , 1.7071066
2025-11-21 12:52:56.2430 (StateSyncRequestHandler.cs:17) 玩家ID:481227566538293248 移动方向: 0.70710677 , 0 , 0.70710677
2025-11-21 12:52:56.2430 (StateSyncRequestHandler.cs:17) 玩家ID:481227566538293248 移动到新位置: 0.7656853 , 0 , 1.8485279
2025-11-21 12:52:56.3358 (StateSyncRequestHandler.cs:17) 玩家ID:481227566538293248 移动方向: 0.70710677 , 0 , 0.70710677
2025-11-21 12:52:56.3358 (StateSyncRequestHandler.cs:17) 玩家ID:481227566538293248 移动到新位置: 0.90710664 , 0 , 1.9899492
2025-11-21 12:52:56.4449 (StateSyncRequestHandler.cs:17) 玩家ID:481227566538293248 移动方向: 0.70710677 , 0 , 0.70710677
2025-11-21 12:52:56.4449 (StateSyncRequestHandler.cs:17) 玩家ID:481227566538293248 移动到新位置: 1.048528 , 0 , 2.1313705
2025-11-21 12:52:56.5365 (StateSyncRequestHandler.cs:17) 玩家ID:481227566538293248 移动方向: 0 , 0 , 1
2025-11-21 12:52:56.5365 (StateSyncRequestHandler.cs:17) 玩家ID:481227566538293248 移动到新位置: 1.048528 , 0 , 2.3313706
2025-11-21 12:52:56.6452 (StateSyncRequestHandler.cs:17) 玩家ID:481227566538293248 移动方向: 0 , 0 , 1
2025-11-21 12:52:56.6452 (StateSyncRequestHandler.cs:17) 玩家ID:481227566538293248 移动到新位置: 1.048528 , 0 , 2.5313706
2025-11-21 12:52:56.7375 (StateSyncRequestHandler.cs:17) 玩家ID:481227566538293248 移动方向: 0 , 0 , 1
2025-11-21 12:52:56.7375 (StateSyncRequestHandler.cs:17) 玩家ID:481227566538293248 移动到新位置: 1.048528 , 0 , 2.7313707
2025-11-21 12:52:56.8447 (StateSyncRequestHandler.cs:17) 玩家ID:481227566538293248 移动方向: 0 , 0 , 1
2025-11-21 12:52:56.8447 (StateSyncRequestHandler.cs:17) 玩家ID:481227566538293248 移动到新位置: 1.048528 , 0 , 2.9313707
2025-11-21 12:52:56.9396 (StateSyncRequestHandler.cs:17) 玩家ID:481227566538293248 移动到新位置: 1.048528 , 0 , 2.9313707
2025-11-21 12:53:10.7552 (StateSyncRequestHandler.cs:17) 玩家ID:481227566538293248 移动方向: 0.70710677 , 0 , 0.70710677
2025-11-21 12:53:10.7552 (StateSyncRequestHandler.cs:17) 玩家ID:481227566538293248 移动到新位置: 1.1899493 , 0 , 3.072792
2025-11-21 12:53:10.8338 (StateSyncRequestHandler.cs:17) 玩家ID:481227566538293248 移动方向: 0.70710677 , 0 , 0.70710677
2025-11-21 12:53:10.8338 (StateSyncRequestHandler.cs:17) 玩家ID:481227566538293248 移动到新位置: 1.3313706 , 0 , 3.2142134
2025-11-21 12:53:10.9413 (StateSyncRequestHandler.cs:17) 玩家ID:481227566538293248 移动方向: 0.70710677 , 0 , 0.70710677
2025-11-21 12:53:10.9413 (StateSyncRequestHandler.cs:17) 玩家ID:481227566538293248 移动到新位置: 1.4727919 , 0 , 3.3556347
2025-11-21 12:53:11.0517 (StateSyncRequestHandler.cs:17) 玩家ID:481227566538293248 移动方向: 0.70710677 , 0 , 0.70710677
2025-11-21 12:53:11.0517 (StateSyncRequestHandler.cs:17) 玩家ID:481227566538293248 移动到新位置: 1.6142132 , 0 , 3.497056
2025-11-21 12:53:11.1432 (StateSyncRequestHandler.cs:17) 玩家ID:481227566538293248 移动方向: 0.70710677 , 0 , 0.70710677
2025-11-21 12:53:11.1432 (StateSyncRequestHandler.cs:17) 玩家ID:481227566538293248 移动到新位置: 1.7556345 , 0 , 3.6384773
2025-11-21 12:53:11.2516 (StateSyncRequestHandler.cs:17) 玩家ID:481227566538293248 移动方向: 0.70710677 , 0 , 0.70710677
2025-11-21 12:53:11.2516 (StateSyncRequestHandler.cs:17) 玩家ID:481227566538293248 移动到新位置: 1.8970559 , 0 , 3.7798986
2025-11-21 12:53:11.3445 (StateSyncRequestHandler.cs:17) 玩家ID:481227566538293248 移动方向: 0.70710677 , 0 , 0.70710677
2025-11-21 12:53:11.3445 (StateSyncRequestHandler.cs:17) 玩家ID:481227566538293248 移动到新位置: 2.0384772 , 0 , 3.92132
2025-11-21 12:53:11.4382 (StateSyncRequestHandler.cs:17) 玩家ID:481227566538293248 移动方向: 0.70710677 , 0 , 0.70710677
2025-11-21 12:53:11.4382 (StateSyncRequestHandler.cs:17) 玩家ID:481227566538293248 移动到新位置: 2.1798985 , 0 , 4.0627413
2025-11-21 12:53:11.5295 (StateSyncRequestHandler.cs:17) 玩家ID:481227566538293248 移动方向: 1 , 0 , 0
2025-11-21 12:53:11.5295 (StateSyncRequestHandler.cs:17) 玩家ID:481227566538293248 移动到新位置: 2.3798985 , 0 , 4.0627413
2025-11-21 12:53:11.6389 (StateSyncRequestHandler.cs:17) 玩家ID:481227566538293248 移动方向: 1 , 0 , 0
2025-11-21 12:53:11.6389 (StateSyncRequestHandler.cs:17) 玩家ID:481227566538293248 移动到新位置: 2.5798986 , 0 , 4.0627413
2025-11-21 12:53:11.7475 (StateSyncRequestHandler.cs:17) 玩家ID:481227566538293248 移动到新位置: 2.5798986 , 0 , 4.0627413
2025-11-21 12:53:12.0299 (StateSyncRequestHandler.cs:17) 玩家ID:481227566538293248 移动方向: 1 , 0 , 0
2025-11-21 12:53:12.0299 (StateSyncRequestHandler.cs:17) 玩家ID:481227566538293248 移动到新位置: 2.7798986 , 0 , 4.0627413
2025-11-21 12:53:12.1397 (StateSyncRequestHandler.cs:17) 玩家ID:481227566538293248 移动方向: 1 , 0 , 0
2025-11-21 12:53:12.1397 (StateSyncRequestHandler.cs:17) 玩家ID:481227566538293248 移动到新位置: 2.9798987 , 0 , 4.0627413
2025-11-21 12:53:12.2484 (StateSyncRequestHandler.cs:17) 玩家ID:481227566538293248 移动方向: 1 , 0 , 0
2025-11-21 12:53:12.2484 (StateSyncRequestHandler.cs:17) 玩家ID:481227566538293248 移动到新位置: 3.1798987 , 0 , 4.0627413
2025-11-21 12:53:12.3404 (StateSyncRequestHandler.cs:17) 玩家ID:481227566538293248 移动方向: 1 , 0 , 0
2025-11-21 12:53:12.3404 (StateSyncRequestHandler.cs:17) 玩家ID:481227566538293248 移动到新位置: 3.3798988 , 0 , 4.0627413
2025-11-21 12:53:12.4492 (StateSyncRequestHandler.cs:17) 玩家ID:481227566538293248 移动方向: 1 , 0 , 0
2025-11-21 12:53:12.4492 (StateSyncRequestHandler.cs:17) 玩家ID:481227566538293248 移动到新位置: 3.5798988 , 0 , 4.0627413
2025-11-21 12:53:12.5258 (StateSyncRequestHandler.cs:17) 玩家ID:481227566538293248 移动方向: 1 , 0 , 0
2025-11-21 12:53:12.5258 (StateSyncRequestHandler.cs:17) 玩家ID:481227566538293248 移动到新位置: 3.779899 , 0 , 4.0627413
2025-11-21 12:53:12.6345 (StateSyncRequestHandler.cs:17) 玩家ID:481227566538293248 移动到新位置: 3.779899 , 0 , 4.0627413
2025-11-21 12:53:12.8377 (StateSyncRequestHandler.cs:17) 玩家ID:481227566538293248 移动方向: 0 , 0 , -1
2025-11-21 12:53:12.8377 (StateSyncRequestHandler.cs:17) 玩家ID:481227566538293248 移动到新位置: 3.779899 , 0 , 3.8627412
2025-11-21 12:53:12.9443 (StateSyncRequestHandler.cs:17) 玩家ID:481227566538293248 移动方向: 0 , 0 , -1
2025-11-21 12:53:12.9449 (StateSyncRequestHandler.cs:17) 玩家ID:481227566538293248 移动到新位置: 3.779899 , 0 , 3.6627412
2025-11-21 12:53:13.0376 (StateSyncRequestHandler.cs:17) 玩家ID:481227566538293248 移动方向: 0 , 0 , -1
2025-11-21 12:53:13.0383 (StateSyncRequestHandler.cs:17) 玩家ID:481227566538293248 移动到新位置: 3.779899 , 0 , 3.4627411
2025-11-21 12:53:13.1292 (StateSyncRequestHandler.cs:17) 玩家ID:481227566538293248 移动方向: 0 , 0 , -1
2025-11-21 12:53:13.1292 (StateSyncRequestHandler.cs:17) 玩家ID:481227566538293248 移动到新位置: 3.779899 , 0 , 3.262741
2025-11-21 12:53:13.2363 (StateSyncRequestHandler.cs:17) 玩家ID:481227566538293248 移动方向: 0 , 0 , -1
2025-11-21 12:53:13.2363 (StateSyncRequestHandler.cs:17) 玩家ID:481227566538293248 移动到新位置: 3.779899 , 0 , 3.062741
2025-11-21 12:53:13.3461 (StateSyncRequestHandler.cs:17) 玩家ID:481227566538293248 移动方向: 0 , 0 , -1
2025-11-21 12:53:13.3461 (StateSyncRequestHandler.cs:17) 玩家ID:481227566538293248 移动到新位置: 3.779899 , 0 , 2.862741
2025-11-21 12:53:13.4399 (StateSyncRequestHandler.cs:17) 玩家ID:481227566538293248 移动方向: 0 , 0 , -1
2025-11-21 12:53:13.4399 (StateSyncRequestHandler.cs:17) 玩家ID:481227566538293248 移动到新位置: 3.779899 , 0 , 2.662741
2025-11-21 12:53:13.5316 (StateSyncRequestHandler.cs:17) 玩家ID:481227566538293248 移动方向: 0 , 0 , -1
2025-11-21 12:53:13.5316 (StateSyncRequestHandler.cs:17) 玩家ID:481227566538293248 移动到新位置: 3.779899 , 0 , 2.462741
2025-11-21 12:53:13.6256 (StateSyncRequestHandler.cs:17) 玩家ID:481227566538293248 移动方向: 0 , 0 , -1
2025-11-21 12:53:13.6256 (StateSyncRequestHandler.cs:17) 玩家ID:481227566538293248 移动到新位置: 3.779899 , 0 , 2.2627409
2025-11-21 12:53:13.7344 (StateSyncRequestHandler.cs:17) 玩家ID:481227566538293248 移动方向: 0 , 0 , -1
2025-11-21 12:53:13.7344 (StateSyncRequestHandler.cs:17) 玩家ID:481227566538293248 移动到新位置: 3.779899 , 0 , 2.0627408
2025-11-21 12:53:13.8424 (StateSyncRequestHandler.cs:17) 玩家ID:481227566538293248 移动方向: 0 , 0 , -1
2025-11-21 12:53:13.8424 (StateSyncRequestHandler.cs:17) 玩家ID:481227566538293248 移动到新位置: 3.779899 , 0 , 1.8627408
2025-11-21 12:53:13.9355 (StateSyncRequestHandler.cs:17) 玩家ID:481227566538293248 移动方向: 0 , 0 , -1
2025-11-21 12:53:13.9355 (StateSyncRequestHandler.cs:17) 玩家ID:481227566538293248 移动到新位置: 3.779899 , 0 , 1.6627407
2025-11-21 12:53:14.0451 (StateSyncRequestHandler.cs:17) 玩家ID:481227566538293248 移动方向: 0 , 0 , -1
2025-11-21 12:53:14.0451 (StateSyncRequestHandler.cs:17) 玩家ID:481227566538293248 移动到新位置: 3.779899 , 0 , 1.4627407
2025-11-21 12:53:14.1396 (StateSyncRequestHandler.cs:17) 玩家ID:481227566538293248 移动方向: 0 , 0 , -1
2025-11-21 12:53:14.1396 (StateSyncRequestHandler.cs:17) 玩家ID:481227566538293248 移动到新位置: 3.779899 , 0 , 1.2627406
2025-11-21 12:53:14.2338 (StateSyncRequestHandler.cs:17) 玩家ID:481227566538293248 移动方向: 0 , 0 , -1
2025-11-21 12:53:14.2338 (StateSyncRequestHandler.cs:17) 玩家ID:481227566538293248 移动到新位置: 3.779899 , 0 , 1.0627406
2025-11-21 12:53:14.3411 (StateSyncRequestHandler.cs:17) 玩家ID:481227566538293248 移动方向: 0 , 0 , -1
2025-11-21 12:53:14.3411 (StateSyncRequestHandler.cs:17) 玩家ID:481227566538293248 移动到新位置: 3.779899 , 0 , 0.8627406
2025-11-21 12:53:14.4356 (StateSyncRequestHandler.cs:17) 玩家ID:481227566538293248 移动方向: 0 , 0 , -1
2025-11-21 12:53:14.4356 (StateSyncRequestHandler.cs:17) 玩家ID:481227566538293248 移动到新位置: 3.779899 , 0 , 0.6627406
2025-11-21 12:53:14.5314 (StateSyncRequestHandler.cs:17) 玩家ID:481227566538293248 移动方向: 0 , 0 , -1
2025-11-21 12:53:14.5314 (StateSyncRequestHandler.cs:17) 玩家ID:481227566538293248 移动到新位置: 3.779899 , 0 , 0.4627406
2025-11-21 12:53:14.6394 (StateSyncRequestHandler.cs:17) 玩家ID:481227566538293248 移动方向: 0 , 0 , -1
2025-11-21 12:53:14.6394 (StateSyncRequestHandler.cs:17) 玩家ID:481227566538293248 移动到新位置: 3.779899 , 0 , 0.2627406
2025-11-21 12:53:14.7344 (StateSyncRequestHandler.cs:17) 玩家ID:481227566538293248 移动方向: 0 , 0 , -1
2025-11-21 12:53:14.7344 (StateSyncRequestHandler.cs:17) 玩家ID:481227566538293248 移动到新位置: 3.779899 , 0 , 0.062740624
2025-11-21 12:53:14.8285 (StateSyncRequestHandler.cs:17) 玩家ID:481227566538293248 移动到新位置: 3.779899 , 0 , 0.062740624
