2025-11-21 22:33:03.7430  

==========================================================================
 
  ███████╗ █████╗ ███╗   ██╗████████╗ █████╗  ██████╗ ██╗   ██╗
  ██╔════╝██╔══██╗████╗  ██║╚══██╔══╝██╔══██╗██╔════╝ ╚██╗ ██╔╝
  █████╗  ███████║██╔██╗ ██║   ██║   ███████║╚█████╗   ╚████╔╝ 
  ██╔══╝  ██╔══██║██║╚██╗██║   ██║   ██╔══██║╚════██║   ╚██╔╝  
  ██║     ██║  ██║██║ ╚████║   ██║   ██║  ██║██████╔╝    ██║   
  ╚═╝     ╚═╝  ╚═╝╚═╝  ╚═══╝   ╚═╝   ╚═╝  ╚═╝╚═════╝     ╚═╝   
                                                            
 Version : Fantasy 2.0 Official version
==========================================================================

2025-11-21 22:33:03.8326  Current inner network protocol:TCP
2025-11-21 22:33:03.8326  Max Message Size(byte):1048560
2025-11-21 22:33:03.8326  Current session idle timeout:8000
2025-11-21 22:33:03.8326  Session-check interval:5000 
2025-11-21 22:33:04.4968  dbName:OnlineTest Initialize the db database and connect to the target.
2025-11-21 22:33:04.9192  dbName:OnlineTest Database connection successful.
2025-11-21 22:33:05.2783  SceneConfigId = 1001 networkTarget = Inner TCPServer Listen 127.0.0.1:11002
2025-11-21 22:33:05.5925  SceneConfigId = 1001 networkTarget = Outer KCPServer Listen 0.0.0.0:20000
2025-11-21 22:33:05.5925  Process:1 Startup Complete SceneCount:1
2025-11-21 22:34:34.2909  

==========================================================================
 
  ███████╗ █████╗ ███╗   ██╗████████╗ █████╗  ██████╗ ██╗   ██╗
  ██╔════╝██╔══██╗████╗  ██║╚══██╔══╝██╔══██╗██╔════╝ ╚██╗ ██╔╝
  █████╗  ███████║██╔██╗ ██║   ██║   ███████║╚█████╗   ╚████╔╝ 
  ██╔══╝  ██╔══██║██║╚██╗██║   ██║   ██╔══██║╚════██║   ╚██╔╝  
  ██║     ██║  ██║██║ ╚████║   ██║   ██║  ██║██████╔╝    ██║   
  ╚═╝     ╚═╝  ╚═╝╚═╝  ╚═══╝   ╚═╝   ╚═╝  ╚═╝╚═════╝     ╚═╝   
                                                            
 Version : Fantasy 2.0 Official version
==========================================================================

2025-11-21 22:34:34.3361  Current inner network protocol:TCP
2025-11-21 22:34:34.3361  Max Message Size(byte):1048560
2025-11-21 22:34:34.3361  Current session idle timeout:8000
2025-11-21 22:34:34.3361  Session-check interval:5000 
2025-11-21 22:34:34.6732  dbName:OnlineTest Initialize the db database and connect to the target.
2025-11-21 22:34:34.9117  dbName:OnlineTest Database connection successful.
2025-11-21 22:34:35.2765  SceneConfigId = 1001 networkTarget = Inner TCPServer Listen 127.0.0.1:11002
2025-11-21 22:34:35.5686  SceneConfigId = 1001 networkTarget = Outer KCPServer Listen 0.0.0.0:20000
2025-11-21 22:34:35.5686  Process:1 Startup Complete SceneCount:1
2025-11-21 22:35:09.1062 (AuthenticationAccountComponentSystem.cs:39) 账号不存在，可以注册:111
2025-11-21 22:35:19.7679 (LoginRequestHandler.cs:19) 收到登录请求
2025-11-21 22:38:04.3445  

==========================================================================
 
  ███████╗ █████╗ ███╗   ██╗████████╗ █████╗  ██████╗ ██╗   ██╗
  ██╔════╝██╔══██╗████╗  ██║╚══██╔══╝██╔══██╗██╔════╝ ╚██╗ ██╔╝
  █████╗  ███████║██╔██╗ ██║   ██║   ███████║╚█████╗   ╚████╔╝ 
  ██╔══╝  ██╔══██║██║╚██╗██║   ██║   ██╔══██║╚════██║   ╚██╔╝  
  ██║     ██║  ██║██║ ╚████║   ██║   ██║  ██║██████╔╝    ██║   
  ╚═╝     ╚═╝  ╚═╝╚═╝  ╚═══╝   ╚═╝   ╚═╝  ╚═╝╚═════╝     ╚═╝   
                                                            
 Version : Fantasy 2.0 Official version
==========================================================================

2025-11-21 22:38:04.4021  Current inner network protocol:TCP
2025-11-21 22:38:04.4021  Max Message Size(byte):1048560
2025-11-21 22:38:04.4021  Current session idle timeout:8000
2025-11-21 22:38:04.4021  Session-check interval:5000 
2025-11-21 22:38:04.8754  dbName:OnlineTest Initialize the db database and connect to the target.
2025-11-21 22:38:05.2424  dbName:OnlineTest Database connection successful.
2025-11-21 22:38:05.6128  SceneConfigId = 1001 networkTarget = Inner TCPServer Listen 127.0.0.1:11002
2025-11-21 22:38:05.9206  SceneConfigId = 1001 networkTarget = Outer KCPServer Listen 0.0.0.0:20000
2025-11-21 22:38:05.9206  Process:1 Startup Complete SceneCount:1
2025-11-21 22:38:19.8061 (AuthenticationAccountComponentSystem.cs:39) 账号不存在，可以注册:222
2025-11-21 22:38:24.5934 (LoginRequestHandler.cs:19) 收到登录请求
2025-11-21 22:38:24.6473 (LoginRequestHandler.cs:44) 登陆成功，分配玩家ID:481831748177756161
2025-11-21 22:38:24.6493 (LoginRequestHandler.cs:57) 获取其他玩家数据，玩家ID:481831834077102081
2025-11-21 22:39:35.2541  

==========================================================================
 
  ███████╗ █████╗ ███╗   ██╗████████╗ █████╗  ██████╗ ██╗   ██╗
  ██╔════╝██╔══██╗████╗  ██║╚══██╔══╝██╔══██╗██╔════╝ ╚██╗ ██╔╝
  █████╗  ███████║██╔██╗ ██║   ██║   ███████║╚█████╗   ╚████╔╝ 
  ██╔══╝  ██╔══██║██║╚██╗██║   ██║   ██╔══██║╚════██║   ╚██╔╝  
  ██║     ██║  ██║██║ ╚████║   ██║   ██║  ██║██████╔╝    ██║   
  ╚═╝     ╚═╝  ╚═╝╚═╝  ╚═══╝   ╚═╝   ╚═╝  ╚═╝╚═════╝     ╚═╝   
                                                            
 Version : Fantasy 2.0 Official version
==========================================================================

2025-11-21 22:39:35.3142  Current inner network protocol:TCP
2025-11-21 22:39:35.3142  Max Message Size(byte):1048560
2025-11-21 22:39:35.3142  Current session idle timeout:8000
2025-11-21 22:39:35.3142  Session-check interval:5000 
2025-11-21 22:39:35.8022  dbName:OnlineTest Initialize the db database and connect to the target.
2025-11-21 22:39:36.1300  dbName:OnlineTest Database connection successful.
2025-11-21 22:39:36.4911  SceneConfigId = 1001 networkTarget = Inner TCPServer Listen 127.0.0.1:11002
2025-11-21 22:39:36.8047  SceneConfigId = 1001 networkTarget = Outer KCPServer Listen 0.0.0.0:20000
2025-11-21 22:39:36.8047  Process:1 Startup Complete SceneCount:1
2025-11-21 22:39:46.5620 (AuthenticationAccountComponentSystem.cs:39) 账号不存在，可以注册:333
2025-11-21 22:39:54.2135 (LoginRequestHandler.cs:19) 收到登录请求
2025-11-21 22:39:54.2623 (LoginRequestHandler.cs:44) 登陆成功，分配玩家ID:481833242826375169
2025-11-21 22:39:54.2623 (LoginRequestHandler.cs:57) 获取其他玩家数据，玩家ID:481833380265328641
2025-11-21 22:40:44.2310  

==========================================================================
 
  ███████╗ █████╗ ███╗   ██╗████████╗ █████╗  ██████╗ ██╗   ██╗
  ██╔════╝██╔══██╗████╗  ██║╚══██╔══╝██╔══██╗██╔════╝ ╚██╗ ██╔╝
  █████╗  ███████║██╔██╗ ██║   ██║   ███████║╚█████╗   ╚████╔╝ 
  ██╔══╝  ██╔══██║██║╚██╗██║   ██║   ██╔══██║╚════██║   ╚██╔╝  
  ██║     ██║  ██║██║ ╚████║   ██║   ██║  ██║██████╔╝    ██║   
  ╚═╝     ╚═╝  ╚═╝╚═╝  ╚═══╝   ╚═╝   ╚═╝  ╚═╝╚═════╝     ╚═╝   
                                                            
 Version : Fantasy 2.0 Official version
==========================================================================

2025-11-21 22:40:44.2847  Current inner network protocol:TCP
2025-11-21 22:40:44.2847  Max Message Size(byte):1048560
2025-11-21 22:40:44.2847  Current session idle timeout:8000
2025-11-21 22:40:44.2847  Session-check interval:5000 
2025-11-21 22:40:44.7468  dbName:OnlineTest Initialize the db database and connect to the target.
2025-11-21 22:40:45.0392  dbName:OnlineTest Database connection successful.
2025-11-21 22:40:45.4451  SceneConfigId = 1001 networkTarget = Inner TCPServer Listen 127.0.0.1:11002
2025-11-21 22:40:45.7881  SceneConfigId = 1001 networkTarget = Outer KCPServer Listen 0.0.0.0:20000
2025-11-21 22:40:45.7881  Process:1 Startup Complete SceneCount:1
2025-11-21 22:40:52.4328 (AuthenticationAccountComponentSystem.cs:39) 账号不存在，可以注册:444
2025-11-21 22:40:57.4248 (LoginRequestHandler.cs:19) 收到登录请求
2025-11-21 22:40:57.4755 (LoginRequestHandler.cs:44) 登陆成功，分配玩家ID:481834376697741313
2025-11-21 22:40:57.4778 (LoginRequestHandler.cs:57) 获取其他玩家数据，玩家ID:481834462597087233
2025-11-21 22:45:11.2214  

==========================================================================
 
  ███████╗ █████╗ ███╗   ██╗████████╗ █████╗  ██████╗ ██╗   ██╗
  ██╔════╝██╔══██╗████╗  ██║╚══██╔══╝██╔══██╗██╔════╝ ╚██╗ ██╔╝
  █████╗  ███████║██╔██╗ ██║   ██║   ███████║╚█████╗   ╚████╔╝ 
  ██╔══╝  ██╔══██║██║╚██╗██║   ██║   ██╔══██║╚════██║   ╚██╔╝  
  ██║     ██║  ██║██║ ╚████║   ██║   ██║  ██║██████╔╝    ██║   
  ╚═╝     ╚═╝  ╚═╝╚═╝  ╚═══╝   ╚═╝   ╚═╝  ╚═╝╚═════╝     ╚═╝   
                                                            
 Version : Fantasy 2.0 Official version
==========================================================================

2025-11-21 22:45:11.4016  Current inner network protocol:TCP
2025-11-21 22:45:11.4016  Max Message Size(byte):1048560
2025-11-21 22:45:11.4016  Current session idle timeout:8000
2025-11-21 22:45:11.4016  Session-check interval:5000 
2025-11-21 22:45:12.4403  dbName:OnlineTest Initialize the db database and connect to the target.
2025-11-21 22:45:13.3614  dbName:OnlineTest Database connection successful.
2025-11-21 22:45:13.9282  SceneConfigId = 1001 networkTarget = Inner TCPServer Listen 127.0.0.1:11002
2025-11-21 22:45:14.3758  SceneConfigId = 1001 networkTarget = Outer KCPServer Listen 0.0.0.0:20000
2025-11-21 22:45:14.3758  Process:1 Startup Complete SceneCount:1
2025-11-21 22:45:37.5007 (AuthenticationAccountComponentSystem.cs:39) 账号不存在，可以注册:666
2025-11-21 22:45:44.3863 (LoginRequestHandler.cs:19) 收到登录请求
2025-11-21 22:45:44.4359 (LoginRequestHandler.cs:44) 登陆成功，分配玩家ID:481839272960458753
2025-11-21 22:45:44.4359 (LoginRequestHandler.cs:57) 获取其他玩家数据，玩家ID:481839393219543041
2025-11-21 22:48:59.0124  

==========================================================================
 
  ███████╗ █████╗ ███╗   ██╗████████╗ █████╗  ██████╗ ██╗   ██╗
  ██╔════╝██╔══██╗████╗  ██║╚══██╔══╝██╔══██╗██╔════╝ ╚██╗ ██╔╝
  █████╗  ███████║██╔██╗ ██║   ██║   ███████║╚█████╗   ╚████╔╝ 
  ██╔══╝  ██╔══██║██║╚██╗██║   ██║   ██╔══██║╚════██║   ╚██╔╝  
  ██║     ██║  ██║██║ ╚████║   ██║   ██║  ██║██████╔╝    ██║   
  ╚═╝     ╚═╝  ╚═╝╚═╝  ╚═══╝   ╚═╝   ╚═╝  ╚═╝╚═════╝     ╚═╝   
                                                            
 Version : Fantasy 2.0 Official version
==========================================================================

2025-11-21 22:48:59.0653  Current inner network protocol:TCP
2025-11-21 22:48:59.0653  Max Message Size(byte):1048560
2025-11-21 22:48:59.0653  Current session idle timeout:8000
2025-11-21 22:48:59.0653  Session-check interval:5000 
2025-11-21 22:48:59.3966  dbName:OnlineTest Initialize the db database and connect to the target.
2025-11-21 22:48:59.6120  dbName:OnlineTest Database connection successful.
2025-11-21 22:48:59.9434  SceneConfigId = 1001 networkTarget = Inner TCPServer Listen 127.0.0.1:11002
2025-11-21 22:49:00.2201  SceneConfigId = 1001 networkTarget = Outer KCPServer Listen 0.0.0.0:20000
2025-11-21 22:49:00.2201  Process:1 Startup Complete SceneCount:1
2025-11-21 22:49:16.5527 (AuthenticationAccountComponentSystem.cs:39) 账号不存在，可以注册:111
2025-11-21 22:49:20.9639 (LoginRequestHandler.cs:19) 收到登录请求
2025-11-21 22:49:21.0165 (LoginRequestHandler.cs:44) 登陆成功，分配玩家ID:481843035351810049
2025-11-21 22:49:22.5811 (LobbyPlayerManagerComponentSystem.cs:86) 玩家ID:481843035351810049 移动方向: -0.92191523 , 0 , 0.38739163
2025-11-21 22:49:22.5811 (LobbyPlayerManagerComponentSystem.cs:91) 玩家ID:481843035351810049 移动到新位置: -0.18438303 , 0 , 0.07747832
2025-11-21 22:49:22.6634 (LobbyPlayerManagerComponentSystem.cs:86) 玩家ID:481843035351810049 移动方向: -0.75889474 , 0 , 0.65121335
2025-11-21 22:49:22.6640 (LobbyPlayerManagerComponentSystem.cs:91) 玩家ID:481843035351810049 移动到新位置: -0.33616197 , 0 , 0.207721
2025-11-21 22:49:22.7606 (LobbyPlayerManagerComponentSystem.cs:86) 玩家ID:481843035351810049 移动方向: -0.44204044 , 0 , 0.89699507
2025-11-21 22:49:22.7606 (LobbyPlayerManagerComponentSystem.cs:91) 玩家ID:481843035351810049 移动到新位置: -0.42457005 , 0 , 0.38712
2025-11-21 22:49:22.8626 (LobbyPlayerManagerComponentSystem.cs:86) 玩家ID:481843035351810049 移动方向: -0.9759441 , 0 , -0.218021
2025-11-21 22:49:22.8626 (LobbyPlayerManagerComponentSystem.cs:91) 玩家ID:481843035351810049 移动到新位置: -0.61975884 , 0 , 0.3435158
2025-11-21 22:49:22.9595 (LobbyPlayerManagerComponentSystem.cs:86) 玩家ID:481843035351810049 移动方向: -0.99150914 , 0 , -0.13003713
2025-11-21 22:49:22.9595 (LobbyPlayerManagerComponentSystem.cs:91) 玩家ID:481843035351810049 移动到新位置: -0.81806064 , 0 , 0.3175084
2025-11-21 22:49:23.0569 (LobbyPlayerManagerComponentSystem.cs:86) 玩家ID:481843035351810049 移动方向: -0.9951477 , 0 , -0.098392025
2025-11-21 22:49:23.0569 (LobbyPlayerManagerComponentSystem.cs:91) 玩家ID:481843035351810049 移动到新位置: -1.0170902 , 0 , 0.29783
2025-11-21 22:49:23.1650 (LobbyPlayerManagerComponentSystem.cs:86) 玩家ID:481843035351810049 移动方向: -0.99620265 , 0 , -0.08706434
2025-11-21 22:49:23.1650 (LobbyPlayerManagerComponentSystem.cs:91) 玩家ID:481843035351810049 移动到新位置: -1.2163308 , 0 , 0.2804171
2025-11-21 22:49:23.2640 (LobbyPlayerManagerComponentSystem.cs:86) 玩家ID:481843035351810049 移动方向: -0.7638886 , 0 , 0.6453481
2025-11-21 22:49:23.2640 (LobbyPlayerManagerComponentSystem.cs:91) 玩家ID:481843035351810049 移动到新位置: -1.3691084 , 0 , 0.4094867
2025-11-21 22:49:23.3561 (LobbyPlayerManagerComponentSystem.cs:86) 玩家ID:481843035351810049 移动方向: -0.0828454 , 0 , 0.9965624
2025-11-21 22:49:23.3561 (LobbyPlayerManagerComponentSystem.cs:91) 玩家ID:481843035351810049 移动到新位置: -1.3856776 , 0 , 0.6087992
2025-11-21 22:49:23.4639 (LobbyPlayerManagerComponentSystem.cs:86) 玩家ID:481843035351810049 移动方向: -0.08250357 , 0 , 0.99659073
2025-11-21 22:49:23.4639 (LobbyPlayerManagerComponentSystem.cs:91) 玩家ID:481843035351810049 移动到新位置: -1.4021783 , 0 , 0.8081174
2025-11-21 22:49:23.5587 (LobbyPlayerManagerComponentSystem.cs:86) 玩家ID:481843035351810049 移动方向: 0.9965982 , 0 , 0.08241374
2025-11-21 22:49:23.5587 (LobbyPlayerManagerComponentSystem.cs:91) 玩家ID:481843035351810049 移动到新位置: -1.2028587 , 0 , 0.82460016
2025-11-21 22:49:23.6619 (LobbyPlayerManagerComponentSystem.cs:86) 玩家ID:481843035351810049 移动方向: -0.0823845 , 0 , 0.9966006
2025-11-21 22:49:23.6619 (LobbyPlayerManagerComponentSystem.cs:91) 玩家ID:481843035351810049 移动到新位置: -1.2193356 , 0 , 1.0239203
2025-11-21 22:49:23.7602 (LobbyPlayerManagerComponentSystem.cs:86) 玩家ID:481843035351810049 移动方向: -0.08237668 , 0 , 0.9966013
2025-11-21 22:49:23.7602 (LobbyPlayerManagerComponentSystem.cs:91) 玩家ID:481843035351810049 移动到新位置: -1.2358109 , 0 , 1.2232406
2025-11-21 22:49:23.8569 (LobbyPlayerManagerComponentSystem.cs:86) 玩家ID:481843035351810049 移动方向: -0.76295114 , 0 , 0.64645606
2025-11-21 22:49:23.8569 (LobbyPlayerManagerComponentSystem.cs:91) 玩家ID:481843035351810049 移动到新位置: -1.3884012 , 0 , 1.3525318
2025-11-21 22:49:23.9584 (LobbyPlayerManagerComponentSystem.cs:86) 玩家ID:481843035351810049 移动方向: -0.99660146 , 0 , -0.082373664
2025-11-21 22:49:23.9584 (LobbyPlayerManagerComponentSystem.cs:91) 玩家ID:481843035351810049 移动到新位置: -1.5877215 , 0 , 1.3360571
2025-11-21 22:49:24.0566 (LobbyPlayerManagerComponentSystem.cs:86) 玩家ID:481843035351810049 移动方向: -0.99660146 , 0 , -0.082373664
2025-11-21 22:49:24.0566 (LobbyPlayerManagerComponentSystem.cs:91) 玩家ID:481843035351810049 移动到新位置: -1.7870418 , 0 , 1.3195823
2025-11-21 22:49:24.1651 (LobbyPlayerManagerComponentSystem.cs:86) 玩家ID:481843035351810049 移动方向: -0.7629506 , 0 , 0.64645666
2025-11-21 22:49:24.1651 (LobbyPlayerManagerComponentSystem.cs:91) 玩家ID:481843035351810049 移动到新位置: -1.9396319 , 0 , 1.4488736
2025-11-21 22:49:24.2617 (LobbyPlayerManagerComponentSystem.cs:86) 玩家ID:481843035351810049 移动方向: -0.7629506 , 0 , 0.64645666
2025-11-21 22:49:24.2617 (LobbyPlayerManagerComponentSystem.cs:91) 玩家ID:481843035351810049 移动到新位置: -2.092222 , 0 , 1.5781649
2025-11-21 22:49:24.3630 (LobbyPlayerManagerComponentSystem.cs:86) 玩家ID:481843035351810049 移动方向: -0.7629506 , 0 , 0.64645666
2025-11-21 22:49:24.3630 (LobbyPlayerManagerComponentSystem.cs:91) 玩家ID:481843035351810049 移动到新位置: -2.244812 , 0 , 1.7074562
2025-11-21 22:49:24.4588 (LobbyPlayerManagerComponentSystem.cs:86) 玩家ID:481843035351810049 移动方向: -0.08237367 , 0 , 0.99660146
2025-11-21 22:49:24.4588 (LobbyPlayerManagerComponentSystem.cs:91) 玩家ID:481843035351810049 移动到新位置: -2.2612867 , 0 , 1.9067765
2025-11-21 22:49:24.5662 (LobbyPlayerManagerComponentSystem.cs:86) 玩家ID:481843035351810049 移动方向: -0.08237367 , 0 , 0.99660146
2025-11-21 22:49:24.5662 (LobbyPlayerManagerComponentSystem.cs:91) 玩家ID:481843035351810049 移动到新位置: -2.2777615 , 0 , 2.1060967
2025-11-21 22:49:24.6564 (LobbyPlayerManagerComponentSystem.cs:86) 玩家ID:481843035351810049 移动方向: -0.08237367 , 0 , 0.99660146
2025-11-21 22:49:24.6564 (LobbyPlayerManagerComponentSystem.cs:91) 玩家ID:481843035351810049 移动到新位置: -2.2942362 , 0 , 2.305417
2025-11-21 22:49:24.7669 (LobbyPlayerManagerComponentSystem.cs:86) 玩家ID:481843035351810049 移动方向: -0.7629506 , 0 , 0.64645666
2025-11-21 22:49:24.7669 (LobbyPlayerManagerComponentSystem.cs:91) 玩家ID:481843035351810049 移动到新位置: -2.4468262 , 0 , 2.4347084
2025-11-21 22:49:24.8613 (LobbyPlayerManagerComponentSystem.cs:86) 玩家ID:481843035351810049 移动方向: -0.99660146 , 0 , -0.082373664
2025-11-21 22:49:24.8613 (LobbyPlayerManagerComponentSystem.cs:91) 玩家ID:481843035351810049 移动到新位置: -2.6461465 , 0 , 2.4182336
2025-11-21 22:49:24.9732 (LobbyPlayerManagerComponentSystem.cs:86) 玩家ID:481843035351810049 移动方向: -0.99660146 , 0 , -0.082373664
2025-11-21 22:49:24.9732 (LobbyPlayerManagerComponentSystem.cs:91) 玩家ID:481843035351810049 移动到新位置: -2.8454669 , 0 , 2.401759
2025-11-21 22:49:25.0611 (LobbyPlayerManagerComponentSystem.cs:86) 玩家ID:481843035351810049 移动方向: -0.99660146 , 0 , -0.082373664
2025-11-21 22:49:25.0611 (LobbyPlayerManagerComponentSystem.cs:91) 玩家ID:481843035351810049 移动到新位置: -3.0447872 , 0 , 2.3852842
2025-11-21 22:49:25.1568 (LobbyPlayerManagerComponentSystem.cs:86) 玩家ID:481843035351810049 移动方向: -0.7629506 , 0 , 0.64645666
2025-11-21 22:49:25.1568 (LobbyPlayerManagerComponentSystem.cs:91) 玩家ID:481843035351810049 移动到新位置: -3.1973772 , 0 , 2.5145755
2025-11-21 22:49:25.2634 (StateSyncRequestHandler.cs:17) 玩家ID:481843035351810049 移动方向: -0.7629506 , 0 , 0.64645666
2025-11-21 22:49:25.2634 (StateSyncRequestHandler.cs:17) 玩家ID:481843035351810049 移动到新位置: -3.3499672 , 0 , 2.6438668
2025-11-21 22:49:25.3584 (StateSyncRequestHandler.cs:17) 玩家ID:481843035351810049 移动方向: -0.7629506 , 0 , 0.64645666
2025-11-21 22:49:25.3584 (StateSyncRequestHandler.cs:17) 玩家ID:481843035351810049 移动到新位置: -3.5025573 , 0 , 2.773158
2025-11-21 22:49:25.4552 (StateSyncRequestHandler.cs:17) 玩家ID:481843035351810049 移动方向: -0.7629506 , 0 , 0.64645666
2025-11-21 22:49:25.4552 (StateSyncRequestHandler.cs:17) 玩家ID:481843035351810049 移动到新位置: -3.6551473 , 0 , 2.9024494
2025-11-21 22:49:25.5587 (StateSyncRequestHandler.cs:17) 玩家ID:481843035351810049 移动方向: -0.08237367 , 0 , 0.99660146
2025-11-21 22:49:25.5587 (StateSyncRequestHandler.cs:17) 玩家ID:481843035351810049 移动到新位置: -3.671622 , 0 , 3.1017697
2025-11-21 22:49:25.6580 (StateSyncRequestHandler.cs:17) 玩家ID:481843035351810049 移动方向: -0.08237367 , 0 , 0.99660146
2025-11-21 22:49:25.6580 (StateSyncRequestHandler.cs:17) 玩家ID:481843035351810049 移动到新位置: -3.6880968 , 0 , 3.30109
2025-11-21 22:49:25.7604 (StateSyncRequestHandler.cs:17) 玩家ID:481843035351810049 移动方向: -0.08237367 , 0 , 0.99660146
2025-11-21 22:49:25.7604 (StateSyncRequestHandler.cs:17) 玩家ID:481843035351810049 移动到新位置: -3.7045715 , 0 , 3.5004103
2025-11-21 22:49:25.8601 (StateSyncRequestHandler.cs:17) 玩家ID:481843035351810049 移动方向: -0.7629506 , 0 , 0.64645666
2025-11-21 22:49:25.8601 (StateSyncRequestHandler.cs:17) 玩家ID:481843035351810049 移动到新位置: -3.8571615 , 0 , 3.6297016
2025-11-21 22:49:25.9615 (StateSyncRequestHandler.cs:17) 玩家ID:481843035351810049 移动方向: -0.99660146 , 0 , -0.082373664
2025-11-21 22:49:25.9615 (StateSyncRequestHandler.cs:17) 玩家ID:481843035351810049 移动到新位置: -4.056482 , 0 , 3.613227
2025-11-21 22:49:26.0582 (StateSyncRequestHandler.cs:17) 玩家ID:481843035351810049 移动方向: -0.99660146 , 0 , -0.082373664
2025-11-21 22:49:26.0582 (StateSyncRequestHandler.cs:17) 玩家ID:481843035351810049 移动到新位置: -4.255802 , 0 , 3.5967522
2025-11-21 22:49:26.1648 (StateSyncRequestHandler.cs:17) 玩家ID:481843035351810049 移动方向: -0.99660146 , 0 , -0.082373664
2025-11-21 22:49:26.1648 (StateSyncRequestHandler.cs:17) 玩家ID:481843035351810049 移动到新位置: -4.4551225 , 0 , 3.5802774
2025-11-21 22:49:26.2608 (StateSyncRequestHandler.cs:17) 玩家ID:481843035351810049 移动到新位置: -4.4551225 , 0 , 3.5802774
2025-11-21 22:50:13.7768  账号已存在:111
2025-11-21 22:50:20.5245  账号不存在，可以注册:222
2025-11-21 22:50:25.0609  收到登录请求
2025-11-21 22:50:25.0886  登陆成功，分配玩家ID:481844134863437825
2025-11-21 22:50:25.0886  获取其他玩家数据，玩家ID:481843121251155968
2025-11-21 22:50:28.9617 (StateSyncRequestHandler.cs:17) 玩家ID:481844134863437825 移动方向: -0.8140772 , 0 , -0.58075666
2025-11-21 22:50:28.9617 (StateSyncRequestHandler.cs:17) 玩家ID:481844134863437825 移动到新位置: -0.16281544 , 0 , -0.11615133
2025-11-21 22:50:29.0549 (StateSyncRequestHandler.cs:17) 玩家ID:481844134863437825 移动方向: -0.8870834 , 0 , -0.46160913
2025-11-21 22:50:29.0549 (StateSyncRequestHandler.cs:17) 玩家ID:481844134863437825 移动到新位置: -0.3402321 , 0 , -0.20847315
2025-11-21 22:50:29.1500 (StateSyncRequestHandler.cs:17) 玩家ID:481844134863437825 移动方向: -0.91032135 , 0 , -0.41390222
2025-11-21 22:50:29.1500 (StateSyncRequestHandler.cs:17) 玩家ID:481844134863437825 移动到新位置: -0.52229637 , 0 , -0.29125357
2025-11-21 22:50:29.2560 (StateSyncRequestHandler.cs:17) 玩家ID:481844134863437825 移动方向: -0.91910183 , 0 , -0.39402008
2025-11-21 22:50:29.2560 (StateSyncRequestHandler.cs:17) 玩家ID:481844134863437825 移动到新位置: -0.70611674 , 0 , -0.37005758
2025-11-21 22:50:29.3486 (StateSyncRequestHandler.cs:17) 玩家ID:481844134863437825 移动方向: -0.9223477 , 0 , -0.3863608
2025-11-21 22:50:29.3486 (StateSyncRequestHandler.cs:17) 玩家ID:481844134863437825 移动到新位置: -0.89058626 , 0 , -0.44732973
2025-11-21 22:50:29.4568 (StateSyncRequestHandler.cs:17) 玩家ID:481844134863437825 移动方向: -0.9234153 , 0 , -0.3838023
2025-11-21 22:50:29.4616 (StateSyncRequestHandler.cs:17) 玩家ID:481844134863437825 移动到新位置: -1.0752693 , 0 , -0.5240902
2025-11-21 22:50:29.5668 (StateSyncRequestHandler.cs:17) 玩家ID:481844134863437825 移动方向: -0.9237534 , 0 , -0.38298795
2025-11-21 22:50:29.5668 (StateSyncRequestHandler.cs:17) 玩家ID:481844134863437825 移动到新位置: -1.26002 , 0 , -0.60068774
2025-11-21 22:50:29.6582 (StateSyncRequestHandler.cs:17) 玩家ID:481844134863437825 移动方向: -0.9238357 , 0 , -0.38278928
2025-11-21 22:50:29.6582 (StateSyncRequestHandler.cs:17) 玩家ID:481844134863437825 移动到新位置: -1.4447871 , 0 , -0.6772456
2025-11-21 22:50:29.7499 (StateSyncRequestHandler.cs:17) 玩家ID:481844134863437825 移动到新位置: -1.4447871 , 0 , -0.6772456
2025-11-21 22:50:31.4395 (StateSyncRequestHandler.cs:17) 玩家ID:481844134863437825 移动方向: -0.9721638 , 0 , -0.23430225
2025-11-21 22:50:31.4395 (StateSyncRequestHandler.cs:17) 玩家ID:481844134863437825 移动到新位置: -1.6392199 , 0 , -0.7241061
2025-11-21 22:50:31.5470 (StateSyncRequestHandler.cs:17) 玩家ID:481844134863437825 移动方向: -0.9829595 , 0 , -0.18382233
2025-11-21 22:50:31.5470 (StateSyncRequestHandler.cs:17) 玩家ID:481844134863437825 移动到新位置: -1.8358117 , 0 , -0.7608705
2025-11-21 22:50:31.6588 (StateSyncRequestHandler.cs:17) 玩家ID:481844134863437825 移动方向: -0.9857751 , 0 , -0.1680697
2025-11-21 22:50:31.6588 (StateSyncRequestHandler.cs:17) 玩家ID:481844134863437825 移动到新位置: -2.0329669 , 0 , -0.79448444
2025-11-21 22:50:31.7508 (StateSyncRequestHandler.cs:17) 玩家ID:481844134863437825 移动方向: -0.98665714 , 0 , -0.16281165
2025-11-21 22:50:31.7508 (StateSyncRequestHandler.cs:17) 玩家ID:481844134863437825 移动到新位置: -2.2302983 , 0 , -0.82704675
2025-11-21 22:50:31.8439 (StateSyncRequestHandler.cs:17) 玩家ID:481844134863437825 移动方向: -0.9869281 , 0 , -0.16116114
2025-11-21 22:50:31.8439 (StateSyncRequestHandler.cs:17) 玩家ID:481844134863437825 移动到新位置: -2.4276838 , 0 , -0.859279
2025-11-21 22:50:31.9509 (StateSyncRequestHandler.cs:17) 玩家ID:481844134863437825 移动方向: -0.9870312 , 0 , -0.16052851
2025-11-21 22:50:31.9509 (StateSyncRequestHandler.cs:17) 玩家ID:481844134863437825 移动到新位置: -2.6250901 , 0 , -0.89138466
2025-11-21 22:50:32.0581 (StateSyncRequestHandler.cs:17) 玩家ID:481844134863437825 移动方向: -0.9870551 , 0 , -0.16038153
2025-11-21 22:50:32.0581 (StateSyncRequestHandler.cs:17) 玩家ID:481844134863437825 移动到新位置: -2.8225012 , 0 , -0.92346096
2025-11-21 22:50:32.1529 (StateSyncRequestHandler.cs:17) 玩家ID:481844134863437825 移动到新位置: -2.8225012 , 0 , -0.92346096
2025-11-21 22:50:32.7535 (StateSyncRequestHandler.cs:17) 玩家ID:481844134863437825 移动方向: -0.9870664 , 0 , -0.16031218
2025-11-21 22:50:32.7535 (StateSyncRequestHandler.cs:17) 玩家ID:481844134863437825 移动到新位置: -3.0199144 , 0 , -0.9555234
2025-11-21 22:50:32.8461 (StateSyncRequestHandler.cs:17) 玩家ID:481844134863437825 移动到新位置: -3.0199144 , 0 , -0.9555234
2025-11-21 22:50:33.1547 (StateSyncRequestHandler.cs:17) 玩家ID:481844134863437825 移动方向: -0.9870664 , 0 , -0.16031218
2025-11-21 22:50:33.1547 (StateSyncRequestHandler.cs:17) 玩家ID:481844134863437825 移动到新位置: -3.2173276 , 0 , -0.9875858
2025-11-21 22:50:33.2475 (StateSyncRequestHandler.cs:17) 玩家ID:481844134863437825 移动方向: -0.9870664 , 0 , -0.16031218
2025-11-21 22:50:33.2475 (StateSyncRequestHandler.cs:17) 玩家ID:481844134863437825 移动到新位置: -3.4147408 , 0 , -1.0196482
2025-11-21 22:50:33.3559 (StateSyncRequestHandler.cs:17) 玩家ID:481844134863437825 移动到新位置: -3.4147408 , 0 , -1.0196482
2025-11-21 22:50:33.7595 (StateSyncRequestHandler.cs:17) 玩家ID:481844134863437825 移动方向: -0.9870664 , 0 , -0.16031218
2025-11-21 22:50:33.7595 (StateSyncRequestHandler.cs:17) 玩家ID:481844134863437825 移动到新位置: -3.612154 , 0 , -1.0517106
2025-11-21 22:50:33.8525 (StateSyncRequestHandler.cs:17) 玩家ID:481844134863437825 移动方向: -0.9870664 , 0 , -0.16031218
2025-11-21 22:50:33.8525 (StateSyncRequestHandler.cs:17) 玩家ID:481844134863437825 移动到新位置: -3.8095672 , 0 , -1.083773
2025-11-21 22:50:33.9613 (StateSyncRequestHandler.cs:17) 玩家ID:481844134863437825 移动到新位置: -3.8095672 , 0 , -1.083773
2025-11-21 22:50:36.2619 (StateSyncRequestHandler.cs:17) 玩家ID:481843035351810049 移动方向: 0.6846258 , 0 , -0.72889465
2025-11-21 22:50:36.2619 (StateSyncRequestHandler.cs:17) 玩家ID:481843035351810049 移动到新位置: -4.3181973 , 0 , 3.4344985
2025-11-21 22:50:36.3710 (StateSyncRequestHandler.cs:17) 玩家ID:481843035351810049 移动方向: 0.6770226 , 0 , -0.7359622
2025-11-21 22:50:36.3710 (StateSyncRequestHandler.cs:17) 玩家ID:481843035351810049 移动到新位置: -4.1827927 , 0 , 3.287306
2025-11-21 22:50:36.4803 (StateSyncRequestHandler.cs:17) 玩家ID:481843035351810049 移动方向: 0.6167288 , 0 , -0.7871757
2025-11-21 22:50:36.4803 (StateSyncRequestHandler.cs:17) 玩家ID:481843035351810049 移动到新位置: -4.059447 , 0 , 3.129871
2025-11-21 22:50:36.5576 (StateSyncRequestHandler.cs:17) 玩家ID:481843035351810049 移动方向: 0.5198665 , 0 , -0.85424745
2025-11-21 22:50:36.5576 (StateSyncRequestHandler.cs:17) 玩家ID:481843035351810049 移动到新位置: -3.9554734 , 0 , 2.9590213
2025-11-21 22:50:36.6662 (StateSyncRequestHandler.cs:17) 玩家ID:481843035351810049 移动方向: -0.33072528 , 0 , -0.943727
2025-11-21 22:50:36.6662 (StateSyncRequestHandler.cs:17) 玩家ID:481843035351810049 移动到新位置: -4.0216184 , 0 , 2.7702758
2025-11-21 22:50:36.7751 (StateSyncRequestHandler.cs:17) 玩家ID:481843035351810049 移动方向: -0.36243737 , 0 , -0.93200815
2025-11-21 22:50:36.7751 (StateSyncRequestHandler.cs:17) 玩家ID:481843035351810049 移动到新位置: -4.0941057 , 0 , 2.5838742
2025-11-21 22:50:36.8693 (StateSyncRequestHandler.cs:17) 玩家ID:481843035351810049 移动方向: -0.3731829 , 0 , -0.92775774
2025-11-21 22:50:36.8693 (StateSyncRequestHandler.cs:17) 玩家ID:481843035351810049 移动到新位置: -4.168742 , 0 , 2.3983226
2025-11-21 22:50:36.9606 (StateSyncRequestHandler.cs:17) 玩家ID:481843035351810049 移动方向: -0.37706468 , 0 , -0.9261869
2025-11-21 22:50:36.9615 (StateSyncRequestHandler.cs:17) 玩家ID:481843035351810049 移动到新位置: -4.244155 , 0 , 2.2130852
2025-11-21 22:50:37.0670 (StateSyncRequestHandler.cs:17) 玩家ID:481843035351810049 移动方向: -0.37844306 , 0 , -0.9256245
2025-11-21 22:50:37.0670 (StateSyncRequestHandler.cs:17) 玩家ID:481843035351810049 移动到新位置: -4.319844 , 0 , 2.0279603
2025-11-21 22:50:37.1755 (StateSyncRequestHandler.cs:17) 玩家ID:481843035351810049 移动方向: -0.3788756 , 0 , -0.9254475
2025-11-21 22:50:37.1755 (StateSyncRequestHandler.cs:17) 玩家ID:481843035351810049 移动到新位置: -4.395619 , 0 , 1.8428708
2025-11-21 22:50:37.2685 (StateSyncRequestHandler.cs:17) 玩家ID:481843035351810049 移动方向: -0.3734138 , 0 , -0.9276648
2025-11-21 22:50:37.2685 (StateSyncRequestHandler.cs:17) 玩家ID:481843035351810049 移动到新位置: -4.4703016 , 0 , 1.6573379
2025-11-21 22:50:37.3782 (StateSyncRequestHandler.cs:17) 玩家ID:481843035351810049 移动方向: -0.31446546 , 0 , -0.9492689
2025-11-21 22:50:37.3782 (StateSyncRequestHandler.cs:17) 玩家ID:481843035351810049 移动到新位置: -4.5331945 , 0 , 1.4674841
2025-11-21 22:50:37.4704 (StateSyncRequestHandler.cs:17) 玩家ID:481843035351810049 移动方向: -0.24096435 , 0 , -0.97053397
2025-11-21 22:50:37.4704 (StateSyncRequestHandler.cs:17) 玩家ID:481843035351810049 移动到新位置: -4.5813875 , 0 , 1.2733773
2025-11-21 22:50:37.5645 (StateSyncRequestHandler.cs:17) 玩家ID:481843035351810049 移动方向: -0.1721065 , 0 , -0.98507833
2025-11-21 22:50:37.5645 (StateSyncRequestHandler.cs:17) 玩家ID:481843035351810049 移动到新位置: -4.615809 , 0 , 1.0763617
2025-11-21 22:50:37.6745 (StateSyncRequestHandler.cs:17) 玩家ID:481843035351810049 移动方向: -0.09890157 , 0 , -0.9950972
2025-11-21 22:50:37.6745 (StateSyncRequestHandler.cs:17) 玩家ID:481843035351810049 移动到新位置: -4.635589 , 0 , 0.8773422
2025-11-21 22:50:37.7670 (StateSyncRequestHandler.cs:17) 玩家ID:481843035351810049 移动方向: -0.06815466 , 0 , -0.9976747
2025-11-21 22:50:37.7670 (StateSyncRequestHandler.cs:17) 玩家ID:481843035351810049 移动到新位置: -4.64922 , 0 , 0.67780733
2025-11-21 22:50:37.8746 (StateSyncRequestHandler.cs:17) 玩家ID:481843035351810049 移动方向: -0.741339 , 0 , -0.6711308
2025-11-21 22:50:37.8746 (StateSyncRequestHandler.cs:17) 玩家ID:481843035351810049 移动到新位置: -4.7974877 , 0 , 0.5435812
2025-11-21 22:50:37.9670 (StateSyncRequestHandler.cs:17) 玩家ID:481843035351810049 移动方向: -0.72579974 , 0 , -0.68790615
2025-11-21 22:50:37.9670 (StateSyncRequestHandler.cs:17) 玩家ID:481843035351810049 移动到新位置: -4.9426475 , 0 , 0.40599996
2025-11-21 22:50:38.0754 (StateSyncRequestHandler.cs:17) 玩家ID:481843035351810049 移动方向: -0.683188 , 0 , -0.73024255
2025-11-21 22:50:38.0754 (StateSyncRequestHandler.cs:17) 玩家ID:481843035351810049 移动到新位置: -5.079285 , 0 , 0.25995147
2025-11-21 22:50:38.1674 (StateSyncRequestHandler.cs:17) 玩家ID:481843035351810049 移动到新位置: -5.079285 , 0 , 0.25995147
2025-11-21 22:50:46.4690 (StateSyncRequestHandler.cs:17) 玩家ID:481843035351810049 移动方向: 0.9032988 , 0 , -0.42901197
2025-11-21 22:50:46.4690 (StateSyncRequestHandler.cs:17) 玩家ID:481843035351810049 移动到新位置: -4.8986254 , 0 , 0.17414908
2025-11-21 22:50:46.5603 (StateSyncRequestHandler.cs:17) 玩家ID:481843035351810049 移动方向: -0.42447722 , 0 , -0.90543866
2025-11-21 22:50:46.5603 (StateSyncRequestHandler.cs:17) 玩家ID:481843035351810049 移动到新位置: -4.983521 , 0 , -0.0069386363
2025-11-21 22:50:46.6691 (StateSyncRequestHandler.cs:17) 玩家ID:481843035351810049 移动方向: -0.42295346 , 0 , -0.9061514
2025-11-21 22:50:46.6691 (StateSyncRequestHandler.cs:17) 玩家ID:481843035351810049 移动到新位置: -5.068112 , 0 , -0.18816893
2025-11-21 22:50:46.7761 (StateSyncRequestHandler.cs:17) 玩家ID:481843035351810049 移动方向: 0.34223625 , 0 , -0.93961394
2025-11-21 22:50:46.7761 (StateSyncRequestHandler.cs:17) 玩家ID:481843035351810049 移动到新位置: -4.999665 , 0 , -0.37609172
2025-11-21 22:50:46.8703 (StateSyncRequestHandler.cs:17) 玩家ID:481843035351810049 移动方向: 0.34237692 , 0 , -0.9395627
2025-11-21 22:50:46.8703 (StateSyncRequestHandler.cs:17) 玩家ID:481843035351810049 移动到新位置: -4.9311895 , 0 , -0.56400424
2025-11-21 22:50:46.9781 (StateSyncRequestHandler.cs:17) 玩家ID:481843035351810049 移动方向: 0.34241623 , 0 , -0.9395484
2025-11-21 22:50:46.9781 (StateSyncRequestHandler.cs:17) 玩家ID:481843035351810049 移动到新位置: -4.862706 , 0 , -0.7519139
2025-11-21 22:50:47.0701 (StateSyncRequestHandler.cs:17) 玩家ID:481843035351810049 移动方向: 0.34242895 , 0 , -0.9395437
2025-11-21 22:50:47.0701 (StateSyncRequestHandler.cs:17) 玩家ID:481843035351810049 移动到新位置: -4.7942204 , 0 , -0.9398227
2025-11-21 22:50:47.1779 (StateSyncRequestHandler.cs:17) 玩家ID:481843035351810049 移动方向: 0.34243158 , 0 , -0.9395428
2025-11-21 22:50:47.1779 (StateSyncRequestHandler.cs:17) 玩家ID:481843035351810049 移动到新位置: -4.725734 , 0 , -1.1277312
2025-11-21 22:50:47.2713 (StateSyncRequestHandler.cs:17) 玩家ID:481843035351810049 移动方向: 0.9064935 , 0 , -0.42221975
2025-11-21 22:50:47.2713 (StateSyncRequestHandler.cs:17) 玩家ID:481843035351810049 移动到新位置: -4.5444355 , 0 , -1.2121751
2025-11-21 22:50:47.3649 (StateSyncRequestHandler.cs:17) 玩家ID:481843035351810049 移动到新位置: -4.5444355 , 0 , -1.2121751
2025-11-21 22:50:47.9786 (StateSyncRequestHandler.cs:17) 玩家ID:481843035351810049 移动方向: -0.42221963 , 0 , -0.9064936
2025-11-21 22:50:47.9786 (StateSyncRequestHandler.cs:17) 玩家ID:481843035351810049 移动到新位置: -4.6288795 , 0 , -1.3934739
2025-11-21 22:50:48.0710 (StateSyncRequestHandler.cs:17) 玩家ID:481843035351810049 移动方向: -0.42221963 , 0 , -0.9064936
2025-11-21 22:50:48.0710 (StateSyncRequestHandler.cs:17) 玩家ID:481843035351810049 移动到新位置: -4.7133236 , 0 , -1.5747726
2025-11-21 22:50:48.1657 (StateSyncRequestHandler.cs:17) 玩家ID:481843035351810049 移动方向: -0.42221963 , 0 , -0.9064936
2025-11-21 22:50:48.1657 (StateSyncRequestHandler.cs:17) 玩家ID:481843035351810049 移动到新位置: -4.7977676 , 0 , -1.7560713
2025-11-21 22:50:48.2727 (StateSyncRequestHandler.cs:17) 玩家ID:481843035351810049 移动方向: -0.42221963 , 0 , -0.9064936
2025-11-21 22:50:48.2735 (StateSyncRequestHandler.cs:17) 玩家ID:481843035351810049 移动到新位置: -4.8822117 , 0 , -1.9373701
2025-11-21 22:50:48.3648 (StateSyncRequestHandler.cs:17) 玩家ID:481843035351810049 移动方向: -0.42221963 , 0 , -0.9064936
2025-11-21 22:50:48.3648 (StateSyncRequestHandler.cs:17) 玩家ID:481843035351810049 移动到新位置: -4.9666557 , 0 , -2.1186688
2025-11-21 22:50:48.4586 (StateSyncRequestHandler.cs:17) 玩家ID:481843035351810049 移动方向: -0.42221963 , 0 , -0.9064936
2025-11-21 22:50:48.4586 (StateSyncRequestHandler.cs:17) 玩家ID:481843035351810049 移动到新位置: -5.0511 , 0 , -2.2999675
2025-11-21 22:50:48.5687 (StateSyncRequestHandler.cs:17) 玩家ID:481843035351810049 移动方向: -0.42221963 , 0 , -0.9064936
2025-11-21 22:50:48.5687 (StateSyncRequestHandler.cs:17) 玩家ID:481843035351810049 移动到新位置: -5.135544 , 0 , -2.4812663
2025-11-21 22:50:48.6603 (StateSyncRequestHandler.cs:17) 玩家ID:481843035351810049 移动到新位置: -5.135544 , 0 , -2.4812663
2025-11-21 22:50:49.0617 (StateSyncRequestHandler.cs:17) 玩家ID:481843035351810049 移动方向: -0.90649354 , 0 , 0.42221963
2025-11-21 22:50:49.0617 (StateSyncRequestHandler.cs:17) 玩家ID:481843035351810049 移动到新位置: -5.3168426 , 0 , -2.3968225
2025-11-21 22:50:49.1708 (StateSyncRequestHandler.cs:17) 玩家ID:481843035351810049 移动到新位置: -5.3168426 , 0 , -2.3968225
2025-11-21 22:51:54.2507 (StateSyncRequestHandler.cs:17) 玩家ID:481844134863437825 移动方向: 0.8550408 , 0 , 0.5185607
2025-11-21 22:51:54.2507 (StateSyncRequestHandler.cs:17) 玩家ID:481844134863437825 移动到新位置: -3.638559 , 0 , -0.9800609
2025-11-21 22:51:54.3430 (StateSyncRequestHandler.cs:17) 玩家ID:481844134863437825 移动方向: 0.78382844 , 0 , 0.6209775
2025-11-21 22:51:54.3430 (StateSyncRequestHandler.cs:17) 玩家ID:481844134863437825 移动到新位置: -3.4817934 , 0 , -0.85586536
2025-11-21 22:51:54.4515 (StateSyncRequestHandler.cs:17) 玩家ID:481844134863437825 移动方向: 0.7425151 , 0 , 0.6698294
2025-11-21 22:51:54.4515 (StateSyncRequestHandler.cs:17) 玩家ID:481844134863437825 移动到新位置: -3.3332903 , 0 , -0.7218995
2025-11-21 22:51:54.5599 (StateSyncRequestHandler.cs:17) 玩家ID:481844134863437825 移动到新位置: -3.3332903 , 0 , -0.7218995
2025-11-21 22:51:54.7596 (StateSyncRequestHandler.cs:17) 玩家ID:481844134863437825 移动方向: 0.67890936 , 0 , -0.7342221
2025-11-21 22:51:54.7596 (StateSyncRequestHandler.cs:17) 玩家ID:481844134863437825 移动到新位置: -3.1975086 , 0 , -0.8687439
2025-11-21 22:51:54.8514 (StateSyncRequestHandler.cs:17) 玩家ID:481844134863437825 移动方向: 0.68370163 , 0 , -0.7297616
2025-11-21 22:51:54.8514 (StateSyncRequestHandler.cs:17) 玩家ID:481844134863437825 移动到新位置: -3.0607681 , 0 , -1.0146962
2025-11-21 22:51:54.9434 (StateSyncRequestHandler.cs:17) 玩家ID:481844134863437825 移动到新位置: -3.0607681 , 0 , -1.0146962
2025-11-21 22:51:55.4517 (StateSyncRequestHandler.cs:17) 玩家ID:481844134863437825 移动方向: -0.7477545 , 0 , 0.66397536
2025-11-21 22:51:55.4517 (StateSyncRequestHandler.cs:17) 玩家ID:481844134863437825 移动到新位置: -3.210319 , 0 , -0.88190114
2025-11-21 22:51:55.5588 (StateSyncRequestHandler.cs:17) 玩家ID:481844134863437825 移动方向: -0.86445534 , 0 , 0.5027096
2025-11-21 22:51:55.5588 (StateSyncRequestHandler.cs:17) 玩家ID:481844134863437825 移动到新位置: -3.3832102 , 0 , -0.7813592
2025-11-21 22:51:55.6511 (StateSyncRequestHandler.cs:17) 玩家ID:481844134863437825 移动方向: -0.37556705 , 0 , 0.92679524
2025-11-21 22:51:55.6511 (StateSyncRequestHandler.cs:17) 玩家ID:481844134863437825 移动到新位置: -3.4583235 , 0 , -0.59600013
2025-11-21 22:51:55.7592 (StateSyncRequestHandler.cs:17) 玩家ID:481844134863437825 移动方向: 0.31729245 , 0 , 0.9483277
2025-11-21 22:51:55.7592 (StateSyncRequestHandler.cs:17) 玩家ID:481844134863437825 移动到新位置: -3.394865 , 0 , -0.40633458
2025-11-21 22:51:55.8510 (StateSyncRequestHandler.cs:17) 玩家ID:481844134863437825 移动方向: 0.8829659 , 0 , 0.46943712
2025-11-21 22:51:55.8510 (StateSyncRequestHandler.cs:17) 玩家ID:481844134863437825 移动到新位置: -3.2182717 , 0 , -0.31244716
2025-11-21 22:51:55.9611 (StateSyncRequestHandler.cs:17) 玩家ID:481844134863437825 移动方向: 0.959251 , 0 , -0.28255537
2025-11-21 22:51:55.9611 (StateSyncRequestHandler.cs:17) 玩家ID:481844134863437825 移动到新位置: -3.0264215 , 0 , -0.36895823
2025-11-21 22:51:56.0552 (StateSyncRequestHandler.cs:17) 玩家ID:481844134863437825 移动方向: 0.96491754 , 0 , -0.262553
2025-11-21 22:51:56.0552 (StateSyncRequestHandler.cs:17) 玩家ID:481844134863437825 移动到新位置: -2.833438 , 0 , -0.42146885
2025-11-21 22:51:56.1624 (StateSyncRequestHandler.cs:17) 玩家ID:481844134863437825 移动方向: 0.20142925 , 0 , 0.97950304
2025-11-21 22:51:56.1624 (StateSyncRequestHandler.cs:17) 玩家ID:481844134863437825 移动到新位置: -2.793152 , 0 , -0.22556823
2025-11-21 22:51:56.2536 (StateSyncRequestHandler.cs:17) 玩家ID:481844134863437825 移动方向: 0.14800768 , 0 , 0.98898625
2025-11-21 22:51:56.2536 (StateSyncRequestHandler.cs:17) 玩家ID:481844134863437825 移动到新位置: -2.7635505 , 0 , -0.027770981
2025-11-21 22:51:56.3452 (StateSyncRequestHandler.cs:17) 玩家ID:481844134863437825 移动方向: 0.11749811 , 0 , 0.9930731
2025-11-21 22:51:56.3452 (StateSyncRequestHandler.cs:17) 玩家ID:481844134863437825 移动到新位置: -2.7400508 , 0 , 0.17084363
2025-11-21 22:51:56.4523 (StateSyncRequestHandler.cs:17) 玩家ID:481844134863437825 移动方向: 0.1051274 , 0 , 0.9944588
2025-11-21 22:51:56.4523 (StateSyncRequestHandler.cs:17) 玩家ID:481844134863437825 移动到新位置: -2.7190254 , 0 , 0.3697354
2025-11-21 22:51:56.5604 (StateSyncRequestHandler.cs:17) 玩家ID:481844134863437825 移动到新位置: -2.7190254 , 0 , 0.3697354
2025-11-21 22:51:57.5539 (StateSyncRequestHandler.cs:17) 玩家ID:481844134863437825 移动方向: 0.0099035725 , 0 , 0.99995095
2025-11-21 22:51:57.5546 (StateSyncRequestHandler.cs:17) 玩家ID:481844134863437825 移动到新位置: -2.7170446 , 0 , 0.5697256
2025-11-21 22:51:57.6623 (StateSyncRequestHandler.cs:17) 玩家ID:481844134863437825 移动方向: 0.22243018 , 0 , 0.9749486
2025-11-21 22:51:57.6623 (StateSyncRequestHandler.cs:17) 玩家ID:481844134863437825 移动到新位置: -2.6725585 , 0 , 0.7647153
2025-11-21 22:51:57.7553 (StateSyncRequestHandler.cs:17) 玩家ID:481844134863437825 移动方向: 0.7147141 , 0 , 0.69941676
2025-11-21 22:51:57.7553 (StateSyncRequestHandler.cs:17) 玩家ID:481844134863437825 移动到新位置: -2.5296156 , 0 , 0.90459865
2025-11-21 22:51:57.8475 (StateSyncRequestHandler.cs:17) 玩家ID:481844134863437825 移动方向: 0.96946234 , 0 , 0.2452402
2025-11-21 22:51:57.8475 (StateSyncRequestHandler.cs:17) 玩家ID:481844134863437825 移动到新位置: -2.3357232 , 0 , 0.95364666
2025-11-21 22:51:57.9574 (StateSyncRequestHandler.cs:17) 玩家ID:481844134863437825 移动方向: 0.97035867 , 0 , -0.24166925
2025-11-21 22:51:57.9574 (StateSyncRequestHandler.cs:17) 玩家ID:481844134863437825 移动到新位置: -2.1416514 , 0 , 0.90531284
2025-11-21 22:51:58.0497 (StateSyncRequestHandler.cs:17) 玩家ID:481844134863437825 移动方向: 0.5883883 , 0 , -0.8085785
2025-11-21 22:51:58.0497 (StateSyncRequestHandler.cs:17) 玩家ID:481844134863437825 移动到新位置: -2.0239737 , 0 , 0.74359715
2025-11-21 22:51:58.1575 (StateSyncRequestHandler.cs:17) 玩家ID:481844134863437825 移动方向: 0.07146066 , 0 , -0.99744344
2025-11-21 22:51:58.1575 (StateSyncRequestHandler.cs:17) 玩家ID:481844134863437825 移动到新位置: -2.0096815 , 0 , 0.54410845
2025-11-21 22:51:58.2633 (StateSyncRequestHandler.cs:17) 玩家ID:481844134863437825 移动方向: -0.7106441 , 0 , -0.70355165
2025-11-21 22:51:58.2633 (StateSyncRequestHandler.cs:17) 玩家ID:481844134863437825 移动到新位置: -2.1518102 , 0 , 0.40339813
2025-11-21 22:51:58.3561 (StateSyncRequestHandler.cs:17) 玩家ID:481844134863437825 移动方向: -0.999441 , 0 , 0.03343109
2025-11-21 22:51:58.3561 (StateSyncRequestHandler.cs:17) 玩家ID:481844134863437825 移动到新位置: -2.3516984 , 0 , 0.41008434
2025-11-21 22:51:58.4498 (StateSyncRequestHandler.cs:17) 玩家ID:481844134863437825 移动方向: -0.7710765 , 0 , 0.63674253
2025-11-21 22:51:58.4498 (StateSyncRequestHandler.cs:17) 玩家ID:481844134863437825 移动到新位置: -2.5059137 , 0 , 0.53743285
2025-11-21 22:51:58.5571 (StateSyncRequestHandler.cs:17) 玩家ID:481844134863437825 移动方向: -0.3418856 , 0 , 0.93974155
2025-11-21 22:51:58.5571 (StateSyncRequestHandler.cs:17) 玩家ID:481844134863437825 移动到新位置: -2.5742908 , 0 , 0.72538114
2025-11-21 22:51:58.6499 (StateSyncRequestHandler.cs:17) 玩家ID:481844134863437825 移动方向: -0.060591873 , 0 , 0.99816257
2025-11-21 22:51:58.6499 (StateSyncRequestHandler.cs:17) 玩家ID:481844134863437825 移动到新位置: -2.586409 , 0 , 0.92501366
2025-11-21 22:51:58.7578 (StateSyncRequestHandler.cs:17) 玩家ID:481844134863437825 移动方向: 0.25767595 , 0 , 0.96623135
2025-11-21 22:51:58.7578 (StateSyncRequestHandler.cs:17) 玩家ID:481844134863437825 移动到新位置: -2.534874 , 0 , 1.1182599
2025-11-21 22:51:58.8508 (StateSyncRequestHandler.cs:17) 玩家ID:481844134863437825 移动方向: 0.4139735 , 0 , 0.91028893
2025-11-21 22:51:58.8508 (StateSyncRequestHandler.cs:17) 玩家ID:481844134863437825 移动到新位置: -2.4520793 , 0 , 1.3003176
2025-11-21 22:51:58.9432 (StateSyncRequestHandler.cs:17) 玩家ID:481844134863437825 移动方向: 0.33523545 , 0 , 0.9421344
2025-11-21 22:51:58.9432 (StateSyncRequestHandler.cs:17) 玩家ID:481844134863437825 移动到新位置: -2.3850322 , 0 , 1.4887445
2025-11-21 22:51:59.0705 (StateSyncRequestHandler.cs:17) 玩家ID:481844134863437825 移动方向: 0.050704237 , 0 , 0.9987137
2025-11-21 22:51:59.0705 (StateSyncRequestHandler.cs:17) 玩家ID:481844134863437825 移动到新位置: -2.3748913 , 0 , 1.6884873
2025-11-21 22:51:59.1894 (StateSyncRequestHandler.cs:17) 玩家ID:481844134863437825 移动方向: -0.39267635 , 0 , 0.9196767
2025-11-21 22:51:59.1894 (StateSyncRequestHandler.cs:17) 玩家ID:481844134863437825 移动到新位置: -2.4534266 , 0 , 1.8724226
2025-11-21 22:51:59.2835 (StateSyncRequestHandler.cs:17) 玩家ID:481844134863437825 移动方向: -0.5844651 , 0 , 0.8114189
2025-11-21 22:51:59.2835 (StateSyncRequestHandler.cs:17) 玩家ID:481844134863437825 移动到新位置: -2.5703197 , 0 , 2.0347064
2025-11-21 22:51:59.3465 (StateSyncRequestHandler.cs:17) 玩家ID:481844134863437825 移动方向: -0.60388887 , 0 , 0.7970686
2025-11-21 22:51:59.3465 (StateSyncRequestHandler.cs:17) 玩家ID:481844134863437825 移动到新位置: -2.6910975 , 0 , 2.1941202
2025-11-21 22:51:59.4560 (StateSyncRequestHandler.cs:17) 玩家ID:481844134863437825 移动方向: -0.5344609 , 0 , 0.8451932
2025-11-21 22:51:59.4560 (StateSyncRequestHandler.cs:17) 玩家ID:481844134863437825 移动到新位置: -2.7979896 , 0 , 2.3631587
2025-11-21 22:51:59.5639 (StateSyncRequestHandler.cs:17) 玩家ID:481844134863437825 移动到新位置: -2.7979896 , 0 , 2.3631587
2025-11-21 22:52:00.2642 (StateSyncRequestHandler.cs:17) 玩家ID:481844134863437825 移动方向: -0.84937423 , 0 , -0.527791
2025-11-21 22:52:00.2642 (StateSyncRequestHandler.cs:17) 玩家ID:481844134863437825 移动到新位置: -2.9678645 , 0 , 2.2576005
2025-11-21 22:52:00.3432 (StateSyncRequestHandler.cs:17) 玩家ID:481844134863437825 移动方向: -0.9311701 , 0 , -0.36458504
2025-11-21 22:52:00.3432 (StateSyncRequestHandler.cs:17) 玩家ID:481844134863437825 移动到新位置: -3.1540985 , 0 , 2.1846836
2025-11-21 22:52:00.4502 (StateSyncRequestHandler.cs:17) 玩家ID:481844134863437825 移动方向: -0.99641836 , 0 , -0.08456077
2025-11-21 22:52:00.4502 (StateSyncRequestHandler.cs:17) 玩家ID:481844134863437825 移动到新位置: -3.353382 , 0 , 2.1677713
2025-11-21 22:52:00.5600 (StateSyncRequestHandler.cs:17) 玩家ID:481844134863437825 移动方向: -0.9853512 , 0 , 0.17053758
2025-11-21 22:52:00.5600 (StateSyncRequestHandler.cs:17) 玩家ID:481844134863437825 移动到新位置: -3.5504522 , 0 , 2.2018788
2025-11-21 22:52:00.6517 (StateSyncRequestHandler.cs:17) 玩家ID:481844134863437825 移动方向: -0.91224617 , 0 , 0.40964246
2025-11-21 22:52:00.6517 (StateSyncRequestHandler.cs:17) 玩家ID:481844134863437825 移动到新位置: -3.7329016 , 0 , 2.2838073
2025-11-21 22:52:00.7608 (StateSyncRequestHandler.cs:17) 玩家ID:481844134863437825 移动方向: -0.76086706 , 0 , 0.6489078
2025-11-21 22:52:00.7608 (StateSyncRequestHandler.cs:17) 玩家ID:481844134863437825 移动到新位置: -3.885075 , 0 , 2.4135888
2025-11-21 22:52:00.8515 (StateSyncRequestHandler.cs:17) 玩家ID:481844134863437825 移动方向: -0.48116848 , 0 , 0.87662816
2025-11-21 22:52:00.8515 (StateSyncRequestHandler.cs:17) 玩家ID:481844134863437825 移动到新位置: -3.9813087 , 0 , 2.5889144
2025-11-21 22:52:00.9443 (StateSyncRequestHandler.cs:17) 玩家ID:481844134863437825 移动到新位置: -3.9813087 , 0 , 2.5889144
2025-11-21 22:52:02.1558 (StateSyncRequestHandler.cs:17) 玩家ID:481844134863437825 移动方向: -0.99999887 , 0 , 0.0015377308
2025-11-21 22:52:02.1558 (StateSyncRequestHandler.cs:17) 玩家ID:481844134863437825 移动到新位置: -4.1813083 , 0 , 2.589222
2025-11-21 22:52:02.2628 (StateSyncRequestHandler.cs:17) 玩家ID:481844134863437825 移动方向: -0.9955579 , 0 , -0.09415109
2025-11-21 22:52:02.2628 (StateSyncRequestHandler.cs:17) 玩家ID:481844134863437825 移动到新位置: -4.3804197 , 0 , 2.5703917
2025-11-21 22:52:02.3565 (StateSyncRequestHandler.cs:17) 玩家ID:481844134863437825 移动方向: -0.9991764 , 0 , 0.04057845
2025-11-21 22:52:02.3565 (StateSyncRequestHandler.cs:17) 玩家ID:481844134863437825 移动到新位置: -4.580255 , 0 , 2.5785074
2025-11-21 22:52:02.4515 (StateSyncRequestHandler.cs:17) 玩家ID:481844134863437825 移动方向: -0.9651752 , 0 , 0.2616044
2025-11-21 22:52:02.4515 (StateSyncRequestHandler.cs:17) 玩家ID:481844134863437825 移动到新位置: -4.77329 , 0 , 2.6308284
2025-11-21 22:52:02.5615 (StateSyncRequestHandler.cs:17) 玩家ID:481844134863437825 移动到新位置: -4.77329 , 0 , 2.6308284
2025-11-21 22:52:02.8535 (StateSyncRequestHandler.cs:17) 玩家ID:481844134863437825 移动方向: -0.47247884 , 0 , 0.88134205
2025-11-21 22:52:02.8535 (StateSyncRequestHandler.cs:17) 玩家ID:481844134863437825 移动到新位置: -4.867786 , 0 , 2.8070967
2025-11-21 22:52:02.9470 (StateSyncRequestHandler.cs:17) 玩家ID:481844134863437825 移动方向: -0.40615973 , 0 , 0.91380215
2025-11-21 22:52:02.9470 (StateSyncRequestHandler.cs:17) 玩家ID:481844134863437825 移动到新位置: -4.949018 , 0 , 2.9898572
2025-11-21 22:52:03.0531 (StateSyncRequestHandler.cs:17) 玩家ID:481844134863437825 移动到新位置: -4.949018 , 0 , 2.9898572
2025-11-21 22:52:03.3461 (StateSyncRequestHandler.cs:17) 玩家ID:481844134863437825 移动方向: -0.3649248 , 0 , 0.93103695
2025-11-21 22:52:03.3461 (StateSyncRequestHandler.cs:17) 玩家ID:481844134863437825 移动到新位置: -5.022003 , 0 , 3.1760645
2025-11-21 22:52:03.4548 (StateSyncRequestHandler.cs:17) 玩家ID:481844134863437825 移动到新位置: -5.022003 , 0 , 3.1760645
2025-11-21 22:52:03.8575 (StateSyncRequestHandler.cs:17) 玩家ID:481844134863437825 移动方向: -0.3644714 , 0 , 0.9312146
2025-11-21 22:52:03.8575 (StateSyncRequestHandler.cs:17) 玩家ID:481844134863437825 移动到新位置: -5.0948973 , 0 , 3.3623073
2025-11-21 22:52:03.9511 (StateSyncRequestHandler.cs:17) 玩家ID:481844134863437825 移动到新位置: -5.0948973 , 0 , 3.3623073
2025-11-21 22:52:04.3533 (StateSyncRequestHandler.cs:17) 玩家ID:481844134863437825 移动方向: -0.36447063 , 0 , 0.93121487
2025-11-21 22:52:04.3533 (StateSyncRequestHandler.cs:17) 玩家ID:481844134863437825 移动到新位置: -5.1677914 , 0 , 3.5485504
2025-11-21 22:52:04.4459 (StateSyncRequestHandler.cs:17) 玩家ID:481844134863437825 移动到新位置: -5.1677914 , 0 , 3.5485504
2025-11-21 22:52:04.8504 (StateSyncRequestHandler.cs:17) 玩家ID:481844134863437825 移动方向: -0.36447063 , 0 , 0.93121487
2025-11-21 22:52:04.8504 (StateSyncRequestHandler.cs:17) 玩家ID:481844134863437825 移动到新位置: -5.2406855 , 0 , 3.7347934
2025-11-21 22:52:04.9590 (StateSyncRequestHandler.cs:17) 玩家ID:481844134863437825 移动方向: -0.36447063 , 0 , 0.93121487
2025-11-21 22:52:04.9590 (StateSyncRequestHandler.cs:17) 玩家ID:481844134863437825 移动到新位置: -5.3135796 , 0 , 3.9210365
2025-11-21 22:52:05.0518 (StateSyncRequestHandler.cs:17) 玩家ID:481844134863437825 移动到新位置: -5.3135796 , 0 , 3.9210365
2025-11-21 22:52:06.9699 (StateSyncRequestHandler.cs:17) 玩家ID:481843035351810049 移动方向: 0.3804696 , 0 , 0.9247935
2025-11-21 22:52:06.9699 (StateSyncRequestHandler.cs:17) 玩家ID:481843035351810049 移动到新位置: -5.2407484 , 0 , -2.2118638
2025-11-21 22:52:07.0632 (StateSyncRequestHandler.cs:17) 玩家ID:481843035351810049 移动方向: 0.48916462 , 0 , 0.8721915
2025-11-21 22:52:07.0632 (StateSyncRequestHandler.cs:17) 玩家ID:481843035351810049 移动到新位置: -5.1429157 , 0 , -2.0374255
2025-11-21 22:52:07.1697 (StateSyncRequestHandler.cs:17) 玩家ID:481843035351810049 移动方向: 0.5654882 , 0 , 0.8247564
2025-11-21 22:52:07.1697 (StateSyncRequestHandler.cs:17) 玩家ID:481843035351810049 移动到新位置: -5.029818 , 0 , -1.8724742
2025-11-21 22:52:07.2611 (StateSyncRequestHandler.cs:17) 玩家ID:481843035351810049 移动方向: 0.57876986 , 0 , 0.81549096
2025-11-21 22:52:07.2611 (StateSyncRequestHandler.cs:17) 玩家ID:481843035351810049 移动到新位置: -4.914064 , 0 , -1.709376
2025-11-21 22:52:07.3692 (StateSyncRequestHandler.cs:17) 玩家ID:481843035351810049 移动方向: -0.22809899 , 0 , 0.9736379
2025-11-21 22:52:07.3692 (StateSyncRequestHandler.cs:17) 玩家ID:481843035351810049 移动到新位置: -4.959684 , 0 , -1.5146484
2025-11-21 22:52:07.4785 (StateSyncRequestHandler.cs:17) 玩家ID:481843035351810049 移动方向: -0.3794947 , 0 , 0.9251939
2025-11-21 22:52:07.4785 (StateSyncRequestHandler.cs:17) 玩家ID:481843035351810049 移动到新位置: -5.035583 , 0 , -1.3296096
2025-11-21 22:52:07.5713 (StateSyncRequestHandler.cs:17) 玩家ID:481843035351810049 移动方向: -0.48592213 , 0 , 0.8740021
2025-11-21 22:52:07.5713 (StateSyncRequestHandler.cs:17) 玩家ID:481843035351810049 移动到新位置: -5.1327677 , 0 , -1.1548092
2025-11-21 22:52:07.6641 (StateSyncRequestHandler.cs:17) 玩家ID:481843035351810049 移动方向: -0.57109475 , 0 , 0.8208841
2025-11-21 22:52:07.6641 (StateSyncRequestHandler.cs:17) 玩家ID:481843035351810049 移动到新位置: -5.2469864 , 0 , -0.9906324
2025-11-21 22:52:07.7564 (StateSyncRequestHandler.cs:17) 玩家ID:481843035351810049 移动方向: -0.606458 , 0 , 0.7951155
2025-11-21 22:52:07.7564 (StateSyncRequestHandler.cs:17) 玩家ID:481843035351810049 移动到新位置: -5.368278 , 0 , -0.8316093
2025-11-21 22:52:07.8652 (StateSyncRequestHandler.cs:17) 玩家ID:481843035351810049 移动方向: -0.6210715 , 0 , 0.78375393
2025-11-21 22:52:07.8652 (StateSyncRequestHandler.cs:17) 玩家ID:481843035351810049 移动到新位置: -5.492492 , 0 , -0.6748585
2025-11-21 22:52:07.9594 (StateSyncRequestHandler.cs:17) 玩家ID:481843035351810049 移动方向: -0.6259967 , 0 , 0.7798257
2025-11-21 22:52:07.9594 (StateSyncRequestHandler.cs:17) 玩家ID:481843035351810049 移动到新位置: -5.6176915 , 0 , -0.51889336
2025-11-21 22:52:08.0682 (StateSyncRequestHandler.cs:17) 玩家ID:481843035351810049 移动方向: -0.6276048 , 0 , 0.7785321
2025-11-21 22:52:08.0682 (StateSyncRequestHandler.cs:17) 玩家ID:481843035351810049 移动到新位置: -5.7432127 , 0 , -0.36318696
2025-11-21 22:52:08.1766 (StateSyncRequestHandler.cs:17) 玩家ID:481843035351810049 移动方向: 0.10597735 , 0 , 0.99436855
2025-11-21 22:52:08.1766 (StateSyncRequestHandler.cs:17) 玩家ID:481843035351810049 移动到新位置: -5.7220173 , 0 , -0.16431324
2025-11-21 22:52:08.2694 (StateSyncRequestHandler.cs:17) 玩家ID:481843035351810049 移动方向: 0.099900566 , 0 , 0.9949974
2025-11-21 22:52:08.2694 (StateSyncRequestHandler.cs:17) 玩家ID:481843035351810049 移动到新位置: -5.7020373 , 0 , 0.034686238
2025-11-21 22:52:08.3756 (StateSyncRequestHandler.cs:17) 玩家ID:481843035351810049 移动方向: 0.07389896 , 0 , 0.99726576
2025-11-21 22:52:08.3756 (StateSyncRequestHandler.cs:17) 玩家ID:481843035351810049 移动到新位置: -5.687258 , 0 , 0.23413938
2025-11-21 22:52:08.4693 (StateSyncRequestHandler.cs:17) 玩家ID:481843035351810049 移动方向: -0.694256 , 0 , 0.71972805
2025-11-21 22:52:08.4693 (StateSyncRequestHandler.cs:17) 玩家ID:481843035351810049 移动到新位置: -5.826109 , 0 , 0.378085
2025-11-21 22:52:08.5777 (StateSyncRequestHandler.cs:17) 玩家ID:481843035351810049 移动方向: -0.80244166 , 0 , 0.59673053
2025-11-21 22:52:08.5777 (StateSyncRequestHandler.cs:17) 玩家ID:481843035351810049 移动到新位置: -5.986597 , 0 , 0.4974311
2025-11-21 22:52:08.6706 (StateSyncRequestHandler.cs:17) 玩家ID:481843035351810049 移动方向: -0.23689514 , 0 , 0.9715352
2025-11-21 22:52:08.6706 (StateSyncRequestHandler.cs:17) 玩家ID:481843035351810049 移动到新位置: -6.033976 , 0 , 0.6917381
2025-11-21 22:52:08.7625 (StateSyncRequestHandler.cs:17) 玩家ID:481843035351810049 移动方向: -0.27364558 , 0 , 0.9618306
2025-11-21 22:52:08.7625 (StateSyncRequestHandler.cs:17) 玩家ID:481843035351810049 移动到新位置: -6.088705 , 0 , 0.88410425
2025-11-21 22:52:08.8700 (StateSyncRequestHandler.cs:17) 玩家ID:481843035351810049 移动方向: -0.23388095 , 0 , 0.97226524
2025-11-21 22:52:08.8700 (StateSyncRequestHandler.cs:17) 玩家ID:481843035351810049 移动到新位置: -6.1354814 , 0 , 1.0785573
2025-11-21 22:52:08.9632 (StateSyncRequestHandler.cs:17) 玩家ID:481843035351810049 移动方向: -0.2144037 , 0 , 0.9767452
2025-11-21 22:52:08.9632 (StateSyncRequestHandler.cs:17) 玩家ID:481843035351810049 移动到新位置: -6.178362 , 0 , 1.2739062
2025-11-21 22:52:09.0716 (StateSyncRequestHandler.cs:17) 玩家ID:481843035351810049 移动方向: 0.5463004 , 0 , 0.83758926
2025-11-21 22:52:09.0716 (StateSyncRequestHandler.cs:17) 玩家ID:481843035351810049 移动到新位置: -6.069102 , 0 , 1.4414241
2025-11-21 22:52:09.1651 (StateSyncRequestHandler.cs:17) 玩家ID:481843035351810049 移动方向: -0.20388141 , 0 , 0.9789956
2025-11-21 22:52:09.1651 (StateSyncRequestHandler.cs:17) 玩家ID:481843035351810049 移动到新位置: -6.109878 , 0 , 1.6372232
2025-11-21 22:52:09.2587 (StateSyncRequestHandler.cs:17) 玩家ID:481843035351810049 移动方向: -0.20315498 , 0 , 0.9791466
2025-11-21 22:52:09.2587 (StateSyncRequestHandler.cs:17) 玩家ID:481843035351810049 移动到新位置: -6.150509 , 0 , 1.8330525
2025-11-21 22:52:09.3820 (StateSyncRequestHandler.cs:17) 玩家ID:481843035351810049 移动方向: -0.20289162 , 0 , 0.9792012
2025-11-21 22:52:09.3828 (StateSyncRequestHandler.cs:17) 玩家ID:481843035351810049 移动到新位置: -6.1910872 , 0 , 2.0288928
2025-11-21 22:52:09.4600 (StateSyncRequestHandler.cs:17) 玩家ID:481843035351810049 移动方向: -0.20282441 , 0 , 0.9792151
2025-11-21 22:52:09.4614 (StateSyncRequestHandler.cs:17) 玩家ID:481843035351810049 移动到新位置: -6.2316523 , 0 , 2.2247357
2025-11-21 22:52:09.5680 (StateSyncRequestHandler.cs:17) 玩家ID:481843035351810049 移动方向: -0.20280291 , 0 , 0.97921956
2025-11-21 22:52:09.5680 (StateSyncRequestHandler.cs:17) 玩家ID:481843035351810049 移动到新位置: -6.272213 , 0 , 2.4205797
2025-11-21 22:52:09.6766 (StateSyncRequestHandler.cs:17) 玩家ID:481843035351810049 移动方向: -0.20279638 , 0 , 0.9792209
2025-11-21 22:52:09.6766 (StateSyncRequestHandler.cs:17) 玩家ID:481843035351810049 移动到新位置: -6.3127723 , 0 , 2.6164238
2025-11-21 22:52:09.7691 (StateSyncRequestHandler.cs:17) 玩家ID:481843035351810049 移动方向: -0.2027945 , 0 , 0.97922134
2025-11-21 22:52:09.7691 (StateSyncRequestHandler.cs:17) 玩家ID:481843035351810049 移动到新位置: -6.353331 , 0 , 2.812268
2025-11-21 22:52:09.8629 (StateSyncRequestHandler.cs:17) 玩家ID:481843035351810049 移动方向: -0.20354994 , 0 , 0.9790646
2025-11-21 22:52:09.8629 (StateSyncRequestHandler.cs:17) 玩家ID:481843035351810049 移动到新位置: -6.394041 , 0 , 3.008081
2025-11-21 22:52:09.9689 (StateSyncRequestHandler.cs:17) 玩家ID:481843035351810049 移动方向: 0.5468563 , 0 , 0.8372265
2025-11-21 22:52:09.9689 (StateSyncRequestHandler.cs:17) 玩家ID:481843035351810049 移动到新位置: -6.28467 , 0 , 3.1755261
2025-11-21 22:52:10.0613 (StateSyncRequestHandler.cs:17) 玩家ID:481843035351810049 移动方向: 0.5457332 , 0 , 0.83795893
2025-11-21 22:52:10.0613 (StateSyncRequestHandler.cs:17) 玩家ID:481843035351810049 移动到新位置: -6.1755233 , 0 , 3.343118
2025-11-21 22:52:10.1838 (StateSyncRequestHandler.cs:17) 玩家ID:481843035351810049 移动方向: 0.9469415 , 0 , 0.321406
2025-11-21 22:52:10.1838 (StateSyncRequestHandler.cs:17) 玩家ID:481843035351810049 移动到新位置: -5.986135 , 0 , 3.4073992
2025-11-21 22:52:10.2767 (StateSyncRequestHandler.cs:17) 玩家ID:481843035351810049 移动方向: 0.7545354 , 0 , 0.65625936
2025-11-21 22:52:10.2767 (StateSyncRequestHandler.cs:17) 玩家ID:481843035351810049 移动到新位置: -5.835228 , 0 , 3.538651
2025-11-21 22:52:10.3679 (StateSyncRequestHandler.cs:17) 玩家ID:481843035351810049 移动方向: 0.87611353 , 0 , 0.4821049
2025-11-21 22:52:10.3679 (StateSyncRequestHandler.cs:17) 玩家ID:481843035351810049 移动到新位置: -5.660005 , 0 , 3.635072
2025-11-21 22:52:10.4765 (StateSyncRequestHandler.cs:17) 玩家ID:481843035351810049 移动方向: 0.99811596 , 0 , 0.061355434
2025-11-21 22:52:10.4765 (StateSyncRequestHandler.cs:17) 玩家ID:481843035351810049 移动到新位置: -5.460382 , 0 , 3.6473432
2025-11-21 22:52:10.5710 (StateSyncRequestHandler.cs:17) 玩家ID:481843035351810049 移动方向: 0.98136544 , 0 , 0.19215047
2025-11-21 22:52:10.5710 (StateSyncRequestHandler.cs:17) 玩家ID:481843035351810049 移动到新位置: -5.2641087 , 0 , 3.6857734
2025-11-21 22:52:10.6790 (StateSyncRequestHandler.cs:17) 玩家ID:481843035351810049 移动方向: 0.96536285 , 0 , 0.26091114
2025-11-21 22:52:10.6799 (StateSyncRequestHandler.cs:17) 玩家ID:481843035351810049 移动到新位置: -5.0710363 , 0 , 3.7379556
2025-11-21 22:52:10.7720 (StateSyncRequestHandler.cs:17) 玩家ID:481843035351810049 移动方向: 0.8802199 , 0 , -0.47456604
2025-11-21 22:52:10.7720 (StateSyncRequestHandler.cs:17) 玩家ID:481843035351810049 移动到新位置: -4.8949924 , 0 , 3.6430423
2025-11-21 22:52:10.8673 (StateSyncRequestHandler.cs:17) 玩家ID:481843035351810049 移动方向: 0.88521725 , 0 , -0.46517783
2025-11-21 22:52:10.8673 (StateSyncRequestHandler.cs:17) 玩家ID:481843035351810049 移动到新位置: -4.717949 , 0 , 3.5500069
2025-11-21 22:52:10.9604 (StateSyncRequestHandler.cs:17) 玩家ID:481843035351810049 移动方向: 0.29991168 , 0 , -0.953967
2025-11-21 22:52:10.9604 (StateSyncRequestHandler.cs:17) 玩家ID:481843035351810049 移动到新位置: -4.6579666 , 0 , 3.3592134
2025-11-21 22:52:11.0863 (StateSyncRequestHandler.cs:17) 玩家ID:481843035351810049 移动到新位置: -4.6579666 , 0 , 3.3592134
2025-11-21 22:52:11.2851 (StateSyncRequestHandler.cs:17) 玩家ID:481843035351810049 移动方向: -0.9785054 , 0 , 0.20622116
2025-11-21 22:52:11.2851 (StateSyncRequestHandler.cs:17) 玩家ID:481843035351810049 移动到新位置: -4.8536677 , 0 , 3.4004576
2025-11-21 22:52:11.3769 (StateSyncRequestHandler.cs:17) 玩家ID:481843035351810049 移动方向: -0.99808645 , 0 , 0.061834335
2025-11-21 22:52:11.3769 (StateSyncRequestHandler.cs:17) 玩家ID:481843035351810049 移动到新位置: -5.053285 , 0 , 3.4128244
2025-11-21 22:52:11.4695 (StateSyncRequestHandler.cs:17) 玩家ID:481843035351810049 移动方向: -0.7174069 , 0 , 0.69665426
2025-11-21 22:52:11.4695 (StateSyncRequestHandler.cs:17) 玩家ID:481843035351810049 移动到新位置: -5.1967664 , 0 , 3.5521553
2025-11-21 22:52:11.5611 (StateSyncRequestHandler.cs:17) 玩家ID:481843035351810049 移动到新位置: -5.1967664 , 0 , 3.5521553
