2025-11-21 20:21:45.8050 (LoginRequestHandler.cs:59) 当前没有其他玩家在线，无需广播
2025-11-21 20:26:15.0124 (LoginRequestHandler.cs:68) 连接已断开，无法发送消息，玩家ID:481690976329662465
2025-11-21 20:28:56.5239 (LoginRequestHandler.cs:59) 当前没有其他玩家在线，无需广播
2025-11-21 20:35:51.4858 (LoginRequestHandler.cs:59) 当前没有其他玩家在线，无需广播
2025-11-21 20:35:53.9884 (StateSyncRequestHandler.cs:35) 当前没有其他玩家在线，无需广播状态同步消息
2025-11-21 20:35:54.0712 (StateSyncRequestHandler.cs:35) 当前没有其他玩家在线，无需广播状态同步消息
2025-11-21 20:35:54.1670 (StateSyncRequestHandler.cs:35) 当前没有其他玩家在线，无需广播状态同步消息
2025-11-21 20:35:54.2647 (StateSyncRequestHandler.cs:35) 当前没有其他玩家在线，无需广播状态同步消息
2025-11-21 20:35:54.3729 (StateSyncRequestHandler.cs:35) 当前没有其他玩家在线，无需广播状态同步消息
2025-11-21 20:35:54.4699 (StateSyncRequestHandler.cs:35) 当前没有其他玩家在线，无需广播状态同步消息
2025-11-21 20:35:54.5708 (StateSyncRequestHandler.cs:35) 当前没有其他玩家在线，无需广播状态同步消息
2025-11-21 20:35:54.6658 (StateSyncRequestHandler.cs:35) 当前没有其他玩家在线，无需广播状态同步消息
2025-11-21 20:35:54.7662 (StateSyncRequestHandler.cs:35) 当前没有其他玩家在线，无需广播状态同步消息
2025-11-21 20:35:54.8705 (StateSyncRequestHandler.cs:35) 当前没有其他玩家在线，无需广播状态同步消息
2025-11-21 20:35:54.9690 (StateSyncRequestHandler.cs:35) 当前没有其他玩家在线，无需广播状态同步消息
2025-11-21 20:35:55.0696 (StateSyncRequestHandler.cs:35) 当前没有其他玩家在线，无需广播状态同步消息
2025-11-21 20:35:55.1716 (StateSyncRequestHandler.cs:35) 当前没有其他玩家在线，无需广播状态同步消息
2025-11-21 20:35:55.2649 (StateSyncRequestHandler.cs:35) 当前没有其他玩家在线，无需广播状态同步消息
2025-11-21 20:35:55.3729 (StateSyncRequestHandler.cs:35) 当前没有其他玩家在线，无需广播状态同步消息
2025-11-21 20:35:55.4675 (StateSyncRequestHandler.cs:35) 当前没有其他玩家在线，无需广播状态同步消息
2025-11-21 20:35:55.5718 (StateSyncRequestHandler.cs:35) 当前没有其他玩家在线，无需广播状态同步消息
2025-11-21 20:35:55.6743 (StateSyncRequestHandler.cs:35) 当前没有其他玩家在线，无需广播状态同步消息
2025-11-21 20:35:55.7736 (StateSyncRequestHandler.cs:35) 当前没有其他玩家在线，无需广播状态同步消息
2025-11-21 20:35:55.8649 (StateSyncRequestHandler.cs:35) 当前没有其他玩家在线，无需广播状态同步消息
2025-11-21 20:35:55.9704 (StateSyncRequestHandler.cs:35) 当前没有其他玩家在线，无需广播状态同步消息
2025-11-21 20:35:56.0748 (StateSyncRequestHandler.cs:35) 当前没有其他玩家在线，无需广播状态同步消息
2025-11-21 20:35:56.1720 (StateSyncRequestHandler.cs:35) 当前没有其他玩家在线，无需广播状态同步消息
2025-11-21 20:35:56.2652 (StateSyncRequestHandler.cs:35) 当前没有其他玩家在线，无需广播状态同步消息
2025-11-21 20:35:56.3662 (StateSyncRequestHandler.cs:35) 当前没有其他玩家在线，无需广播状态同步消息
2025-11-21 20:35:56.4701 (StateSyncRequestHandler.cs:35) 当前没有其他玩家在线，无需广播状态同步消息
2025-11-21 20:35:56.5664 (StateSyncRequestHandler.cs:35) 当前没有其他玩家在线，无需广播状态同步消息
2025-11-21 20:35:56.6638 (StateSyncRequestHandler.cs:35) 当前没有其他玩家在线，无需广播状态同步消息
2025-11-21 20:35:56.7703 (StateSyncRequestHandler.cs:35) 当前没有其他玩家在线，无需广播状态同步消息
2025-11-21 20:35:56.8692 (StateSyncRequestHandler.cs:35) 当前没有其他玩家在线，无需广播状态同步消息
2025-11-21 20:35:56.9706 (StateSyncRequestHandler.cs:35) 当前没有其他玩家在线，无需广播状态同步消息
2025-11-21 20:35:57.0708 (StateSyncRequestHandler.cs:35) 当前没有其他玩家在线，无需广播状态同步消息
2025-11-21 20:35:57.1727 (StateSyncRequestHandler.cs:35) 当前没有其他玩家在线，无需广播状态同步消息
2025-11-21 20:35:57.2731 (StateSyncRequestHandler.cs:35) 当前没有其他玩家在线，无需广播状态同步消息
2025-11-21 20:35:57.3719 (StateSyncRequestHandler.cs:35) 当前没有其他玩家在线，无需广播状态同步消息
2025-11-21 20:35:57.4660 (StateSyncRequestHandler.cs:35) 当前没有其他玩家在线，无需广播状态同步消息
2025-11-21 20:35:57.5659 (StateSyncRequestHandler.cs:35) 当前没有其他玩家在线，无需广播状态同步消息
2025-11-21 20:35:57.6646 (StateSyncRequestHandler.cs:35) 当前没有其他玩家在线，无需广播状态同步消息
2025-11-21 20:35:57.7692 (StateSyncRequestHandler.cs:35) 当前没有其他玩家在线，无需广播状态同步消息
2025-11-21 20:35:57.8732 (StateSyncRequestHandler.cs:35) 当前没有其他玩家在线，无需广播状态同步消息
2025-11-21 20:35:57.9722 (StateSyncRequestHandler.cs:35) 当前没有其他玩家在线，无需广播状态同步消息
2025-11-21 20:35:58.0741 (StateSyncRequestHandler.cs:35) 当前没有其他玩家在线，无需广播状态同步消息
2025-11-21 20:35:58.1720 (StateSyncRequestHandler.cs:35) 当前没有其他玩家在线，无需广播状态同步消息
2025-11-21 20:35:58.2717 (StateSyncRequestHandler.cs:35) 当前没有其他玩家在线，无需广播状态同步消息
2025-11-21 20:35:58.3692 (StateSyncRequestHandler.cs:35) 当前没有其他玩家在线，无需广播状态同步消息
2025-11-21 20:35:58.4680 (StateSyncRequestHandler.cs:35) 当前没有其他玩家在线，无需广播状态同步消息
2025-11-21 20:35:58.5741 (StateSyncRequestHandler.cs:35) 当前没有其他玩家在线，无需广播状态同步消息
2025-11-21 20:35:58.6676 (StateSyncRequestHandler.cs:35) 当前没有其他玩家在线，无需广播状态同步消息
2025-11-21 20:35:58.7687 (StateSyncRequestHandler.cs:35) 当前没有其他玩家在线，无需广播状态同步消息
2025-11-21 20:35:58.8651 (StateSyncRequestHandler.cs:35) 当前没有其他玩家在线，无需广播状态同步消息
2025-11-21 20:35:58.9636 (StateSyncRequestHandler.cs:35) 当前没有其他玩家在线，无需广播状态同步消息
2025-11-21 20:35:59.0744 (StateSyncRequestHandler.cs:35) 当前没有其他玩家在线，无需广播状态同步消息
2025-11-21 20:35:59.1715 (StateSyncRequestHandler.cs:35) 当前没有其他玩家在线，无需广播状态同步消息
2025-11-21 20:35:59.2746 (StateSyncRequestHandler.cs:35) 当前没有其他玩家在线，无需广播状态同步消息
2025-11-21 20:35:59.3724 (StateSyncRequestHandler.cs:35) 当前没有其他玩家在线，无需广播状态同步消息
2025-11-21 20:35:59.4662 (StateSyncRequestHandler.cs:35) 当前没有其他玩家在线，无需广播状态同步消息
2025-11-21 20:35:59.5688 (StateSyncRequestHandler.cs:35) 当前没有其他玩家在线，无需广播状态同步消息
2025-11-21 20:35:59.6729 (StateSyncRequestHandler.cs:35) 当前没有其他玩家在线，无需广播状态同步消息
2025-11-21 20:35:59.7763 (StateSyncRequestHandler.cs:35) 当前没有其他玩家在线，无需广播状态同步消息
2025-11-21 20:35:59.8706 (StateSyncRequestHandler.cs:35) 当前没有其他玩家在线，无需广播状态同步消息
2025-11-21 20:35:59.9695 (StateSyncRequestHandler.cs:35) 当前没有其他玩家在线，无需广播状态同步消息
2025-11-21 20:36:00.0646  当前没有其他玩家在线，无需广播状态同步消息
2025-11-21 20:36:00.1664  当前没有其他玩家在线，无需广播状态同步消息
2025-11-21 20:36:00.2682  当前没有其他玩家在线，无需广播状态同步消息
2025-11-21 20:36:00.3736  当前没有其他玩家在线，无需广播状态同步消息
2025-11-21 20:36:00.4667  当前没有其他玩家在线，无需广播状态同步消息
2025-11-21 20:36:00.5706  当前没有其他玩家在线，无需广播状态同步消息
2025-11-21 20:36:00.6723  当前没有其他玩家在线，无需广播状态同步消息
2025-11-21 20:36:00.7657  当前没有其他玩家在线，无需广播状态同步消息
2025-11-21 20:36:00.8655  当前没有其他玩家在线，无需广播状态同步消息
2025-11-21 20:36:00.9805  当前没有其他玩家在线，无需广播状态同步消息
2025-11-21 20:36:01.0676  当前没有其他玩家在线，无需广播状态同步消息
2025-11-21 20:36:01.1661  当前没有其他玩家在线，无需广播状态同步消息
2025-11-21 20:36:01.2668  当前没有其他玩家在线，无需广播状态同步消息
2025-11-21 20:36:01.3810  当前没有其他玩家在线，无需广播状态同步消息
2025-11-21 20:36:01.4721  当前没有其他玩家在线，无需广播状态同步消息
2025-11-21 20:36:01.5696  当前没有其他玩家在线，无需广播状态同步消息
2025-11-21 20:36:01.6722  当前没有其他玩家在线，无需广播状态同步消息
2025-11-21 20:36:01.7711  当前没有其他玩家在线，无需广播状态同步消息
2025-11-21 20:36:01.8693  当前没有其他玩家在线，无需广播状态同步消息
2025-11-21 20:36:01.9695  当前没有其他玩家在线，无需广播状态同步消息
2025-11-21 20:36:02.0636  当前没有其他玩家在线，无需广播状态同步消息
2025-11-21 20:36:02.1642  当前没有其他玩家在线，无需广播状态同步消息
2025-11-21 20:36:02.2683  当前没有其他玩家在线，无需广播状态同步消息
2025-11-21 20:36:02.3726  当前没有其他玩家在线，无需广播状态同步消息
2025-11-21 20:36:02.4703  当前没有其他玩家在线，无需广播状态同步消息
2025-11-21 20:36:02.5670  当前没有其他玩家在线，无需广播状态同步消息
2025-11-21 20:36:02.6646  当前没有其他玩家在线，无需广播状态同步消息
2025-11-21 20:36:02.7744  当前没有其他玩家在线，无需广播状态同步消息
2025-11-21 20:36:02.8639  当前没有其他玩家在线，无需广播状态同步消息
2025-11-21 20:36:02.9712  当前没有其他玩家在线，无需广播状态同步消息
2025-11-21 20:36:03.0711  当前没有其他玩家在线，无需广播状态同步消息
2025-11-21 20:36:03.1743  当前没有其他玩家在线，无需广播状态同步消息
2025-11-21 20:36:03.2691  当前没有其他玩家在线，无需广播状态同步消息
2025-11-21 20:36:03.3658  当前没有其他玩家在线，无需广播状态同步消息
2025-11-21 20:36:03.4709  当前没有其他玩家在线，无需广播状态同步消息
2025-11-21 20:36:03.5730  当前没有其他玩家在线，无需广播状态同步消息
2025-11-21 20:36:03.6701  当前没有其他玩家在线，无需广播状态同步消息
2025-11-21 20:36:03.7778  当前没有其他玩家在线，无需广播状态同步消息
2025-11-21 20:36:03.8664  当前没有其他玩家在线，无需广播状态同步消息
2025-11-21 20:36:03.9712  当前没有其他玩家在线，无需广播状态同步消息
2025-11-21 20:36:04.0732  当前没有其他玩家在线，无需广播状态同步消息
2025-11-21 20:36:04.1657  当前没有其他玩家在线，无需广播状态同步消息
2025-11-21 20:36:04.2651  当前没有其他玩家在线，无需广播状态同步消息
2025-11-21 20:36:04.3688  当前没有其他玩家在线，无需广播状态同步消息
2025-11-21 20:36:04.4774  当前没有其他玩家在线，无需广播状态同步消息
2025-11-21 20:36:04.5690  当前没有其他玩家在线，无需广播状态同步消息
2025-11-21 20:36:04.6726  当前没有其他玩家在线，无需广播状态同步消息
2025-11-21 20:36:04.7730  当前没有其他玩家在线，无需广播状态同步消息
2025-11-21 20:36:04.8718  当前没有其他玩家在线，无需广播状态同步消息
2025-11-21 20:36:04.9691  当前没有其他玩家在线，无需广播状态同步消息
2025-11-21 20:36:05.0700  当前没有其他玩家在线，无需广播状态同步消息
2025-11-21 20:36:05.1706  当前没有其他玩家在线，无需广播状态同步消息
2025-11-21 20:36:05.2654  当前没有其他玩家在线，无需广播状态同步消息
2025-11-21 20:36:05.3727  当前没有其他玩家在线，无需广播状态同步消息
2025-11-21 20:36:05.4709  当前没有其他玩家在线，无需广播状态同步消息
2025-11-21 20:36:05.5716  当前没有其他玩家在线，无需广播状态同步消息
2025-11-21 20:36:05.6675  当前没有其他玩家在线，无需广播状态同步消息
2025-11-21 20:36:05.7665  当前没有其他玩家在线，无需广播状态同步消息
2025-11-21 20:36:05.8656  当前没有其他玩家在线，无需广播状态同步消息
2025-11-21 20:36:05.9652  当前没有其他玩家在线，无需广播状态同步消息
2025-11-21 20:36:06.0697  当前没有其他玩家在线，无需广播状态同步消息
2025-11-21 20:36:06.1686  当前没有其他玩家在线，无需广播状态同步消息
2025-11-21 20:36:06.2679  当前没有其他玩家在线，无需广播状态同步消息
2025-11-21 20:36:06.3660  当前没有其他玩家在线，无需广播状态同步消息
2025-11-21 20:36:06.4665  当前没有其他玩家在线，无需广播状态同步消息
2025-11-21 20:36:06.5654  当前没有其他玩家在线，无需广播状态同步消息
2025-11-21 20:36:06.6660  当前没有其他玩家在线，无需广播状态同步消息
2025-11-21 20:36:06.7694  当前没有其他玩家在线，无需广播状态同步消息
2025-11-21 20:36:06.8668  当前没有其他玩家在线，无需广播状态同步消息
2025-11-21 20:36:06.9832  当前没有其他玩家在线，无需广播状态同步消息
2025-11-21 20:36:07.0653  当前没有其他玩家在线，无需广播状态同步消息
2025-11-21 20:36:07.1722  当前没有其他玩家在线，无需广播状态同步消息
2025-11-21 20:36:07.2714  当前没有其他玩家在线，无需广播状态同步消息
2025-11-21 20:36:07.3727  当前没有其他玩家在线，无需广播状态同步消息
2025-11-21 20:36:07.4754  当前没有其他玩家在线，无需广播状态同步消息
2025-11-21 20:36:07.5753  当前没有其他玩家在线，无需广播状态同步消息
2025-11-21 20:36:07.6687  当前没有其他玩家在线，无需广播状态同步消息
2025-11-21 20:36:07.7698  当前没有其他玩家在线，无需广播状态同步消息
2025-11-21 20:36:07.8720  当前没有其他玩家在线，无需广播状态同步消息
2025-11-21 20:36:07.9680  当前没有其他玩家在线，无需广播状态同步消息
2025-11-21 20:36:08.0653  当前没有其他玩家在线，无需广播状态同步消息
2025-11-21 20:36:08.1644  当前没有其他玩家在线，无需广播状态同步消息
2025-11-21 20:36:08.2692  当前没有其他玩家在线，无需广播状态同步消息
2025-11-21 20:36:08.3737  当前没有其他玩家在线，无需广播状态同步消息
2025-11-21 20:36:08.4654  当前没有其他玩家在线，无需广播状态同步消息
2025-11-21 20:36:08.5693  当前没有其他玩家在线，无需广播状态同步消息
2025-11-21 20:36:08.6695  当前没有其他玩家在线，无需广播状态同步消息
2025-11-21 20:36:08.7684  当前没有其他玩家在线，无需广播状态同步消息
2025-11-21 20:36:08.8713  当前没有其他玩家在线，无需广播状态同步消息
2025-11-21 20:36:08.9722  当前没有其他玩家在线，无需广播状态同步消息
2025-11-21 20:36:09.0706  当前没有其他玩家在线，无需广播状态同步消息
2025-11-21 20:36:09.1688  当前没有其他玩家在线，无需广播状态同步消息
2025-11-21 20:36:09.2731  当前没有其他玩家在线，无需广播状态同步消息
2025-11-21 20:36:09.3679  当前没有其他玩家在线，无需广播状态同步消息
2025-11-21 20:36:09.4693  当前没有其他玩家在线，无需广播状态同步消息
2025-11-21 20:36:09.5651  当前没有其他玩家在线，无需广播状态同步消息
2025-11-21 20:36:09.6680  当前没有其他玩家在线，无需广播状态同步消息
2025-11-21 20:36:09.7767  当前没有其他玩家在线，无需广播状态同步消息
2025-11-21 20:36:09.8673  当前没有其他玩家在线，无需广播状态同步消息
2025-11-21 20:36:09.9651  当前没有其他玩家在线，无需广播状态同步消息
2025-11-21 20:36:10.0646  当前没有其他玩家在线，无需广播状态同步消息
2025-11-21 20:36:10.1721  当前没有其他玩家在线，无需广播状态同步消息
2025-11-21 20:36:10.2671  当前没有其他玩家在线，无需广播状态同步消息
2025-11-21 20:36:10.3737  当前没有其他玩家在线，无需广播状态同步消息
2025-11-21 20:36:10.4691  当前没有其他玩家在线，无需广播状态同步消息
2025-11-21 20:36:10.5636  当前没有其他玩家在线，无需广播状态同步消息
2025-11-21 20:36:10.6708  当前没有其他玩家在线，无需广播状态同步消息
2025-11-21 20:36:10.7703  当前没有其他玩家在线，无需广播状态同步消息
2025-11-21 20:36:10.8661  当前没有其他玩家在线，无需广播状态同步消息
2025-11-21 20:36:10.9654  当前没有其他玩家在线，无需广播状态同步消息
2025-11-21 20:36:11.0734  当前没有其他玩家在线，无需广播状态同步消息
2025-11-21 20:36:11.1708  当前没有其他玩家在线，无需广播状态同步消息
2025-11-21 20:36:11.2637  当前没有其他玩家在线，无需广播状态同步消息
2025-11-21 20:36:11.3677  当前没有其他玩家在线，无需广播状态同步消息
2025-11-21 20:36:11.4637  当前没有其他玩家在线，无需广播状态同步消息
2025-11-21 20:36:11.5650  当前没有其他玩家在线，无需广播状态同步消息
2025-11-21 20:36:11.6762  当前没有其他玩家在线，无需广播状态同步消息
2025-11-21 20:36:11.7692  当前没有其他玩家在线，无需广播状态同步消息
2025-11-21 20:36:11.8671  当前没有其他玩家在线，无需广播状态同步消息
2025-11-21 20:36:11.9721  当前没有其他玩家在线，无需广播状态同步消息
2025-11-21 20:36:12.0642  当前没有其他玩家在线，无需广播状态同步消息
2025-11-21 20:36:12.1690  当前没有其他玩家在线，无需广播状态同步消息
2025-11-21 20:36:12.2680  当前没有其他玩家在线，无需广播状态同步消息
2025-11-21 20:36:12.3696  当前没有其他玩家在线，无需广播状态同步消息
2025-11-21 20:36:12.4648  当前没有其他玩家在线，无需广播状态同步消息
2025-11-21 20:36:12.5638  当前没有其他玩家在线，无需广播状态同步消息
2025-11-21 20:36:12.6702  当前没有其他玩家在线，无需广播状态同步消息
2025-11-21 20:36:12.7692  当前没有其他玩家在线，无需广播状态同步消息
2025-11-21 20:36:12.8682  当前没有其他玩家在线，无需广播状态同步消息
2025-11-21 20:36:12.9691  当前没有其他玩家在线，无需广播状态同步消息
2025-11-21 20:36:13.0697  当前没有其他玩家在线，无需广播状态同步消息
2025-11-21 20:36:13.1706  当前没有其他玩家在线，无需广播状态同步消息
2025-11-21 20:36:13.2671  当前没有其他玩家在线，无需广播状态同步消息
2025-11-21 20:36:13.3682  当前没有其他玩家在线，无需广播状态同步消息
2025-11-21 20:36:13.4651  当前没有其他玩家在线，无需广播状态同步消息
2025-11-21 20:36:13.5704  当前没有其他玩家在线，无需广播状态同步消息
2025-11-21 20:36:13.6718  当前没有其他玩家在线，无需广播状态同步消息
2025-11-21 20:36:13.7645  当前没有其他玩家在线，无需广播状态同步消息
2025-11-21 20:36:13.8705  当前没有其他玩家在线，无需广播状态同步消息
2025-11-21 20:36:15.7735  当前没有其他玩家在线，无需广播状态同步消息
2025-11-21 20:36:15.8678  当前没有其他玩家在线，无需广播状态同步消息
2025-11-21 20:36:15.9692  当前没有其他玩家在线，无需广播状态同步消息
2025-11-21 20:36:16.0652  当前没有其他玩家在线，无需广播状态同步消息
2025-11-21 20:36:16.1722  当前没有其他玩家在线，无需广播状态同步消息
2025-11-21 20:36:16.2713  当前没有其他玩家在线，无需广播状态同步消息
2025-11-21 20:36:52.8553  向ID:481705510498992129发送其他玩家登录请求
