2025-11-21 12:49:06.3982 (LoginRequestHandler.cs:53) 当前没有其他玩家在线，无需广播
2025-11-21 12:49:27.7450 (LogoutRequestHandler.cs:28) 当前服务器上没有其他玩家在线，无需广播下线消息
2025-11-21 12:49:27.7450 (LogoutRequestHandler.cs:29) 玩家ID:481224388262494208 下线成功
2025-11-21 12:50:09.2217 (LoginRequestHandler.cs:53) 当前没有其他玩家在线，无需广播
2025-11-21 12:50:21.3841 (StateSyncRequestHandler.cs:35) 当前没有其他玩家在线，无需广播状态同步消息
2025-11-21 12:50:21.4457 (StateSyncRequestHandler.cs:35) 当前没有其他玩家在线，无需广播状态同步消息
2025-11-21 12:50:21.5551 (StateSyncRequestHandler.cs:35) 当前没有其他玩家在线，无需广播状态同步消息
2025-11-21 12:50:21.6494 (StateSyncRequestHandler.cs:35) 当前没有其他玩家在线，无需广播状态同步消息
2025-11-21 12:50:21.7575 (StateSyncRequestHandler.cs:35) 当前没有其他玩家在线，无需广播状态同步消息
2025-11-21 12:50:22.1471 (StateSyncRequestHandler.cs:35) 当前没有其他玩家在线，无需广播状态同步消息
2025-11-21 12:50:22.2396 (StateSyncRequestHandler.cs:35) 当前没有其他玩家在线，无需广播状态同步消息
2025-11-21 12:50:22.3468 (StateSyncRequestHandler.cs:35) 当前没有其他玩家在线，无需广播状态同步消息
2025-11-21 12:50:22.4558 (StateSyncRequestHandler.cs:35) 当前没有其他玩家在线，无需广播状态同步消息
2025-11-21 12:50:22.5503 (StateSyncRequestHandler.cs:35) 当前没有其他玩家在线，无需广播状态同步消息
2025-11-21 12:50:22.6446 (StateSyncRequestHandler.cs:35) 当前没有其他玩家在线，无需广播状态同步消息
2025-11-21 12:50:22.7538 (StateSyncRequestHandler.cs:35) 当前没有其他玩家在线，无需广播状态同步消息
2025-11-21 12:50:22.8474 (StateSyncRequestHandler.cs:35) 当前没有其他玩家在线，无需广播状态同步消息
2025-11-21 12:50:22.9407 (StateSyncRequestHandler.cs:35) 当前没有其他玩家在线，无需广播状态同步消息
2025-11-21 12:50:23.0356 (StateSyncRequestHandler.cs:35) 当前没有其他玩家在线，无需广播状态同步消息
2025-11-21 12:50:23.1453 (StateSyncRequestHandler.cs:35) 当前没有其他玩家在线，无需广播状态同步消息
2025-11-21 12:50:23.2525 (StateSyncRequestHandler.cs:35) 当前没有其他玩家在线，无需广播状态同步消息
2025-11-21 12:50:23.3456 (StateSyncRequestHandler.cs:35) 当前没有其他玩家在线，无需广播状态同步消息
2025-11-21 12:50:23.4552 (StateSyncRequestHandler.cs:35) 当前没有其他玩家在线，无需广播状态同步消息
2025-11-21 12:50:23.5460 (StateSyncRequestHandler.cs:35) 当前没有其他玩家在线，无需广播状态同步消息
2025-11-21 12:50:23.6397 (StateSyncRequestHandler.cs:35) 当前没有其他玩家在线，无需广播状态同步消息
2025-11-21 12:50:23.7483 (StateSyncRequestHandler.cs:35) 当前没有其他玩家在线，无需广播状态同步消息
2025-11-21 12:50:23.8413 (StateSyncRequestHandler.cs:35) 当前没有其他玩家在线，无需广播状态同步消息
2025-11-21 12:50:23.9514 (StateSyncRequestHandler.cs:35) 当前没有其他玩家在线，无需广播状态同步消息
2025-11-21 12:50:24.0445 (StateSyncRequestHandler.cs:35) 当前没有其他玩家在线，无需广播状态同步消息
2025-11-21 12:50:24.1535 (StateSyncRequestHandler.cs:35) 当前没有其他玩家在线，无需广播状态同步消息
2025-11-21 12:50:24.2489 (StateSyncRequestHandler.cs:35) 当前没有其他玩家在线，无需广播状态同步消息
2025-11-21 12:50:24.3403 (StateSyncRequestHandler.cs:35) 当前没有其他玩家在线，无需广播状态同步消息
2025-11-21 12:50:24.4336 (StateSyncRequestHandler.cs:35) 当前没有其他玩家在线，无需广播状态同步消息
2025-11-21 12:50:24.5421 (StateSyncRequestHandler.cs:35) 当前没有其他玩家在线，无需广播状态同步消息
2025-11-21 12:50:24.6504 (StateSyncRequestHandler.cs:35) 当前没有其他玩家在线，无需广播状态同步消息
2025-11-21 12:50:24.7442 (StateSyncRequestHandler.cs:35) 当前没有其他玩家在线，无需广播状态同步消息
2025-11-21 12:50:24.8385 (StateSyncRequestHandler.cs:35) 当前没有其他玩家在线，无需广播状态同步消息
2025-11-21 12:50:24.9463 (StateSyncRequestHandler.cs:35) 当前没有其他玩家在线，无需广播状态同步消息
2025-11-21 12:50:25.0410 (StateSyncRequestHandler.cs:35) 当前没有其他玩家在线，无需广播状态同步消息
2025-11-21 12:50:25.1491 (StateSyncRequestHandler.cs:35) 当前没有其他玩家在线，无需广播状态同步消息
2025-11-21 12:50:25.2428 (StateSyncRequestHandler.cs:35) 当前没有其他玩家在线，无需广播状态同步消息
2025-11-21 12:50:25.3523 (StateSyncRequestHandler.cs:35) 当前没有其他玩家在线，无需广播状态同步消息
2025-11-21 12:50:25.4451 (StateSyncRequestHandler.cs:35) 当前没有其他玩家在线，无需广播状态同步消息
2025-11-21 12:50:25.5538 (StateSyncRequestHandler.cs:35) 当前没有其他玩家在线，无需广播状态同步消息
2025-11-21 12:50:25.6469 (StateSyncRequestHandler.cs:35) 当前没有其他玩家在线，无需广播状态同步消息
2025-11-21 12:50:25.7420 (StateSyncRequestHandler.cs:35) 当前没有其他玩家在线，无需广播状态同步消息
2025-11-21 12:50:25.8500 (StateSyncRequestHandler.cs:35) 当前没有其他玩家在线，无需广播状态同步消息
2025-11-21 12:50:25.9448 (StateSyncRequestHandler.cs:35) 当前没有其他玩家在线，无需广播状态同步消息
2025-11-21 12:50:26.0548 (StateSyncRequestHandler.cs:35) 当前没有其他玩家在线，无需广播状态同步消息
2025-11-21 12:50:26.1466 (StateSyncRequestHandler.cs:35) 当前没有其他玩家在线，无需广播状态同步消息
2025-11-21 12:50:29.3946 (LogoutRequestHandler.cs:28) 当前服务器上没有其他玩家在线，无需广播下线消息
2025-11-21 12:50:29.3946 (LogoutRequestHandler.cs:29) 玩家ID:481225470594252800 下线成功
2025-11-21 12:52:11.3217 (LoginRequestHandler.cs:53) 当前没有其他玩家在线，无需广播
2025-11-21 12:52:12.8427 (StateSyncRequestHandler.cs:35) 当前没有其他玩家在线，无需广播状态同步消息
2025-11-21 12:52:12.9511 (StateSyncRequestHandler.cs:35) 当前没有其他玩家在线，无需广播状态同步消息
2025-11-21 12:52:13.0458 (StateSyncRequestHandler.cs:35) 当前没有其他玩家在线，无需广播状态同步消息
2025-11-21 12:52:13.1401 (StateSyncRequestHandler.cs:35) 当前没有其他玩家在线，无需广播状态同步消息
2025-11-21 12:52:13.2490 (StateSyncRequestHandler.cs:35) 当前没有其他玩家在线，无需广播状态同步消息
2025-11-21 12:52:13.3417 (StateSyncRequestHandler.cs:35) 当前没有其他玩家在线，无需广播状态同步消息
2025-11-21 12:52:13.4499 (StateSyncRequestHandler.cs:35) 当前没有其他玩家在线，无需广播状态同步消息
2025-11-21 12:52:13.5444 (StateSyncRequestHandler.cs:35) 当前没有其他玩家在线，无需广播状态同步消息
2025-11-21 12:52:20.7317  当前没有其他玩家在线，无需广播状态同步消息
2025-11-21 12:52:20.8425  当前没有其他玩家在线，无需广播状态同步消息
2025-11-21 12:52:20.9353  当前没有其他玩家在线，无需广播状态同步消息
2025-11-21 12:52:21.0283  当前没有其他玩家在线，无需广播状态同步消息
2025-11-21 12:52:21.1370  当前没有其他玩家在线，无需广播状态同步消息
2025-11-21 12:52:21.2318  当前没有其他玩家在线，无需广播状态同步消息
2025-11-21 12:52:21.3401  当前没有其他玩家在线，无需广播状态同步消息
2025-11-21 12:52:22.4435  当前没有其他玩家在线，无需广播状态同步消息
2025-11-21 12:52:22.5361  当前没有其他玩家在线，无需广播状态同步消息
2025-11-21 12:52:22.6451  当前没有其他玩家在线，无需广播状态同步消息
2025-11-21 12:52:22.7398  当前没有其他玩家在线，无需广播状态同步消息
2025-11-21 12:52:22.8486  当前没有其他玩家在线，无需广播状态同步消息
2025-11-21 12:52:22.9418  当前没有其他玩家在线，无需广播状态同步消息
2025-11-21 12:52:23.0364  当前没有其他玩家在线，无需广播状态同步消息
2025-11-21 12:52:23.1438  当前没有其他玩家在线，无需广播状态同步消息
2025-11-21 12:52:23.2390  当前没有其他玩家在线，无需广播状态同步消息
2025-11-21 12:52:23.3454  当前没有其他玩家在线，无需广播状态同步消息
2025-11-21 12:52:23.4385  当前没有其他玩家在线，无需广播状态同步消息
2025-11-21 12:52:23.5306  当前没有其他玩家在线，无需广播状态同步消息
2025-11-21 12:52:23.6413  当前没有其他玩家在线，无需广播状态同步消息
2025-11-21 12:52:23.7352  当前没有其他玩家在线，无需广播状态同步消息
2025-11-21 12:52:23.8434  当前没有其他玩家在线，无需广播状态同步消息
2025-11-21 12:52:23.9366  当前没有其他玩家在线，无需广播状态同步消息
2025-11-21 12:52:24.0445  当前没有其他玩家在线，无需广播状态同步消息
2025-11-21 12:52:24.1389  当前没有其他玩家在线，无需广播状态同步消息
2025-11-21 12:52:24.2467  当前没有其他玩家在线，无需广播状态同步消息
2025-11-21 12:52:24.3413  当前没有其他玩家在线，无需广播状态同步消息
2025-11-21 12:52:24.4347  当前没有其他玩家在线，无需广播状态同步消息
2025-11-21 12:52:24.5460  当前没有其他玩家在线，无需广播状态同步消息
2025-11-21 12:52:24.6392  当前没有其他玩家在线，无需广播状态同步消息
2025-11-21 12:52:52.9453  当前没有其他玩家在线，无需广播状态同步消息
2025-11-21 12:52:53.0400  当前没有其他玩家在线，无需广播状态同步消息
2025-11-21 12:52:53.1330  当前没有其他玩家在线，无需广播状态同步消息
2025-11-21 12:52:53.2422  当前没有其他玩家在线，无需广播状态同步消息
2025-11-21 12:52:53.3364  当前没有其他玩家在线，无需广播状态同步消息
2025-11-21 12:52:53.4455  当前没有其他玩家在线，无需广播状态同步消息
2025-11-21 12:52:53.5374  当前没有其他玩家在线，无需广播状态同步消息
2025-11-21 12:52:53.6290  当前没有其他玩家在线，无需广播状态同步消息
2025-11-21 12:52:54.0494  当前没有其他玩家在线，无需广播状态同步消息
2025-11-21 12:52:54.1433  当前没有其他玩家在线，无需广播状态同步消息
2025-11-21 12:52:54.2365  当前没有其他玩家在线，无需广播状态同步消息
2025-11-21 12:52:54.3304  当前没有其他玩家在线，无需广播状态同步消息
2025-11-21 12:52:54.4397  当前没有其他玩家在线，无需广播状态同步消息
2025-11-21 12:52:54.5326  当前没有其他玩家在线，无需广播状态同步消息
2025-11-21 12:52:54.6396  当前没有其他玩家在线，无需广播状态同步消息
2025-11-21 12:52:54.7343  当前没有其他玩家在线，无需广播状态同步消息
2025-11-21 12:52:54.8430  当前没有其他玩家在线，无需广播状态同步消息
2025-11-21 12:52:55.1374  当前没有其他玩家在线，无需广播状态同步消息
2025-11-21 12:52:55.2308  当前没有其他玩家在线，无需广播状态同步消息
2025-11-21 12:52:55.3396  当前没有其他玩家在线，无需广播状态同步消息
2025-11-21 12:52:55.4489  当前没有其他玩家在线，无需广播状态同步消息
2025-11-21 12:52:55.5423  当前没有其他玩家在线，无需广播状态同步消息
2025-11-21 12:52:55.6369  当前没有其他玩家在线，无需广播状态同步消息
2025-11-21 12:52:55.7452  当前没有其他玩家在线，无需广播状态同步消息
2025-11-21 12:52:55.8391  当前没有其他玩家在线，无需广播状态同步消息
2025-11-21 12:52:55.9326  当前没有其他玩家在线，无需广播状态同步消息
2025-11-21 12:52:56.0410  当前没有其他玩家在线，无需广播状态同步消息
2025-11-21 12:52:56.1500  当前没有其他玩家在线，无需广播状态同步消息
2025-11-21 12:52:56.2430  当前没有其他玩家在线，无需广播状态同步消息
2025-11-21 12:52:56.3358  当前没有其他玩家在线，无需广播状态同步消息
2025-11-21 12:52:56.4449  当前没有其他玩家在线，无需广播状态同步消息
2025-11-21 12:52:56.5365  当前没有其他玩家在线，无需广播状态同步消息
2025-11-21 12:52:56.6452  当前没有其他玩家在线，无需广播状态同步消息
2025-11-21 12:52:56.7375  当前没有其他玩家在线，无需广播状态同步消息
2025-11-21 12:52:56.8447  当前没有其他玩家在线，无需广播状态同步消息
2025-11-21 12:52:56.9396  当前没有其他玩家在线，无需广播状态同步消息
2025-11-21 12:53:10.7552  当前没有其他玩家在线，无需广播状态同步消息
2025-11-21 12:53:10.8338  当前没有其他玩家在线，无需广播状态同步消息
2025-11-21 12:53:10.9413  当前没有其他玩家在线，无需广播状态同步消息
2025-11-21 12:53:11.0517  当前没有其他玩家在线，无需广播状态同步消息
2025-11-21 12:53:11.1432  当前没有其他玩家在线，无需广播状态同步消息
2025-11-21 12:53:11.2516  当前没有其他玩家在线，无需广播状态同步消息
2025-11-21 12:53:11.3445  当前没有其他玩家在线，无需广播状态同步消息
2025-11-21 12:53:11.4382  当前没有其他玩家在线，无需广播状态同步消息
2025-11-21 12:53:11.5295  当前没有其他玩家在线，无需广播状态同步消息
2025-11-21 12:53:11.6389  当前没有其他玩家在线，无需广播状态同步消息
2025-11-21 12:53:11.7475  当前没有其他玩家在线，无需广播状态同步消息
2025-11-21 12:53:12.0299  当前没有其他玩家在线，无需广播状态同步消息
2025-11-21 12:53:12.1397  当前没有其他玩家在线，无需广播状态同步消息
2025-11-21 12:53:12.2484  当前没有其他玩家在线，无需广播状态同步消息
2025-11-21 12:53:12.3404  当前没有其他玩家在线，无需广播状态同步消息
2025-11-21 12:53:12.4492  当前没有其他玩家在线，无需广播状态同步消息
2025-11-21 12:53:12.5258  当前没有其他玩家在线，无需广播状态同步消息
2025-11-21 12:53:12.6345  当前没有其他玩家在线，无需广播状态同步消息
2025-11-21 12:53:12.8377  当前没有其他玩家在线，无需广播状态同步消息
2025-11-21 12:53:12.9449  当前没有其他玩家在线，无需广播状态同步消息
2025-11-21 12:53:13.0383  当前没有其他玩家在线，无需广播状态同步消息
2025-11-21 12:53:13.1292  当前没有其他玩家在线，无需广播状态同步消息
2025-11-21 12:53:13.2363  当前没有其他玩家在线，无需广播状态同步消息
2025-11-21 12:53:13.3461  当前没有其他玩家在线，无需广播状态同步消息
2025-11-21 12:53:13.4399  当前没有其他玩家在线，无需广播状态同步消息
2025-11-21 12:53:13.5316  当前没有其他玩家在线，无需广播状态同步消息
2025-11-21 12:53:13.6256  当前没有其他玩家在线，无需广播状态同步消息
2025-11-21 12:53:13.7344  当前没有其他玩家在线，无需广播状态同步消息
2025-11-21 12:53:13.8424  当前没有其他玩家在线，无需广播状态同步消息
2025-11-21 12:53:13.9355  当前没有其他玩家在线，无需广播状态同步消息
2025-11-21 12:53:14.0451  当前没有其他玩家在线，无需广播状态同步消息
2025-11-21 12:53:14.1396  当前没有其他玩家在线，无需广播状态同步消息
2025-11-21 12:53:14.2338  当前没有其他玩家在线，无需广播状态同步消息
2025-11-21 12:53:14.3411  当前没有其他玩家在线，无需广播状态同步消息
2025-11-21 12:53:14.4356  当前没有其他玩家在线，无需广播状态同步消息
2025-11-21 12:53:14.5314  当前没有其他玩家在线，无需广播状态同步消息
2025-11-21 12:53:14.6394  当前没有其他玩家在线，无需广播状态同步消息
2025-11-21 12:53:14.7344  当前没有其他玩家在线，无需广播状态同步消息
2025-11-21 12:53:14.8285  当前没有其他玩家在线，无需广播状态同步消息
