2025-11-17 16:19:51.4364  

==========================================================================
 
  ███████╗ █████╗ ███╗   ██╗████████╗ █████╗  ██████╗ ██╗   ██╗
  ██╔════╝██╔══██╗████╗  ██║╚══██╔══╝██╔══██╗██╔════╝ ╚██╗ ██╔╝
  █████╗  ███████║██╔██╗ ██║   ██║   ███████║╚█████╗   ╚████╔╝ 
  ██╔══╝  ██╔══██║██║╚██╗██║   ██║   ██╔══██║╚════██║   ╚██╔╝  
  ██║     ██║  ██║██║ ╚████║   ██║   ██║  ██║██████╔╝    ██║   
  ╚═╝     ╚═╝  ╚═╝╚═╝  ╚═══╝   ╚═╝   ╚═╝  ╚═╝╚═════╝     ╚═╝   
                                                            
 Version : Fantasy 2.0 Official version
==========================================================================

2025-11-17 16:19:51.4786  Current inner network protocol:TCP
2025-11-17 16:19:51.4786  Max Message Size(byte):1048560
2025-11-17 16:19:51.4786  Current session idle timeout:8000
2025-11-17 16:19:51.4786  Session-check interval:5000 
2025-11-17 16:19:52.1337  SceneConfigId = 1001 networkTarget = Inner TCPServer Listen 127.0.0.1:11002
2025-11-17 16:19:52.4419  SceneConfigId = 1001 networkTarget = Outer KCPServer Listen 127.0.0.1:20000
2025-11-17 16:19:52.4424  Process:1 Startup Complete SceneCount:1
2025-11-17 16:29:12.7509  

==========================================================================
 
  ███████╗ █████╗ ███╗   ██╗████████╗ █████╗  ██████╗ ██╗   ██╗
  ██╔════╝██╔══██╗████╗  ██║╚══██╔══╝██╔══██╗██╔════╝ ╚██╗ ██╔╝
  █████╗  ███████║██╔██╗ ██║   ██║   ███████║╚█████╗   ╚████╔╝ 
  ██╔══╝  ██╔══██║██║╚██╗██║   ██║   ██╔══██║╚════██║   ╚██╔╝  
  ██║     ██║  ██║██║ ╚████║   ██║   ██║  ██║██████╔╝    ██║   
  ╚═╝     ╚═╝  ╚═╝╚═╝  ╚═══╝   ╚═╝   ╚═╝  ╚═╝╚═════╝     ╚═╝   
                                                            
 Version : Fantasy 2.0 Official version
==========================================================================

2025-11-17 16:29:12.8319  Current inner network protocol:TCP
2025-11-17 16:29:12.8319  Max Message Size(byte):1048560
2025-11-17 16:29:12.8319  Current session idle timeout:8000
2025-11-17 16:29:12.8334  Session-check interval:5000 
2025-11-17 16:29:13.5591  SceneConfigId = 1001 networkTarget = Inner TCPServer Listen 127.0.0.1:11002
2025-11-17 16:29:13.8657  SceneConfigId = 1001 networkTarget = Outer KCPServer Listen 127.0.0.1:20000
2025-11-17 16:29:13.8657  Process:1 Startup Complete SceneCount:1
