2025-11-19 21:48:01.1662  

==========================================================================
 
  ███████╗ █████╗ ███╗   ██╗████████╗ █████╗  ██████╗ ██╗   ██╗
  ██╔════╝██╔══██╗████╗  ██║╚══██╔══╝██╔══██╗██╔════╝ ╚██╗ ██╔╝
  █████╗  ███████║██╔██╗ ██║   ██║   ███████║╚█████╗   ╚████╔╝ 
  ██╔══╝  ██╔══██║██║╚██╗██║   ██║   ██╔══██║╚════██║   ╚██╔╝  
  ██║     ██║  ██║██║ ╚████║   ██║   ██║  ██║██████╔╝    ██║   
  ╚═╝     ╚═╝  ╚═╝╚═╝  ╚═══╝   ╚═╝   ╚═╝  ╚═╝╚═════╝     ╚═╝   
                                                            
 Version : Fantasy 2.0 Official version
==========================================================================

2025-11-19 21:48:01.2153  Current inner network protocol:TCP
2025-11-19 21:48:01.2153  Max Message Size(byte):1048560
2025-11-19 21:48:01.2153  Current session idle timeout:8000
2025-11-19 21:48:01.2153  Session-check interval:5000 
2025-11-19 21:48:01.8044  SceneConfigId = 1001 networkTarget = Inner TCPServer Listen 127.0.0.1:11002
2025-11-19 21:48:02.0890  SceneConfigId = 1001 networkTarget = Outer KCPServer Listen 127.0.0.1:20000
2025-11-19 21:48:02.0890  Process:1 Startup Complete SceneCount:1
2025-11-19 21:52:04.2103  

==========================================================================
 
  ███████╗ █████╗ ███╗   ██╗████████╗ █████╗  ██████╗ ██╗   ██╗
  ██╔════╝██╔══██╗████╗  ██║╚══██╔══╝██╔══██╗██╔════╝ ╚██╗ ██╔╝
  █████╗  ███████║██╔██╗ ██║   ██║   ███████║╚█████╗   ╚████╔╝ 
  ██╔══╝  ██╔══██║██║╚██╗██║   ██║   ██╔══██║╚════██║   ╚██╔╝  
  ██║     ██║  ██║██║ ╚████║   ██║   ██║  ██║██████╔╝    ██║   
  ╚═╝     ╚═╝  ╚═╝╚═╝  ╚═══╝   ╚═╝   ╚═╝  ╚═╝╚═════╝     ╚═╝   
                                                            
 Version : Fantasy 2.0 Official version
==========================================================================

2025-11-19 21:52:04.2600  Current inner network protocol:TCP
2025-11-19 21:52:04.2600  Max Message Size(byte):1048560
2025-11-19 21:52:04.2600  Current session idle timeout:8000
2025-11-19 21:52:04.2600  Session-check interval:5000 
2025-11-19 21:52:04.8244  SceneConfigId = 1001 networkTarget = Inner TCPServer Listen 127.0.0.1:11002
2025-11-19 21:52:05.1196  SceneConfigId = 1001 networkTarget = Outer KCPServer Listen 127.0.0.1:20000
2025-11-19 21:52:05.1196  Process:1 Startup Complete SceneCount:1
