2025-11-19 17:03:14.0885  

==========================================================================
 
  ███████╗ █████╗ ███╗   ██╗████████╗ █████╗  ██████╗ ██╗   ██╗
  ██╔════╝██╔══██╗████╗  ██║╚══██╔══╝██╔══██╗██╔════╝ ╚██╗ ██╔╝
  █████╗  ███████║██╔██╗ ██║   ██║   ███████║╚█████╗   ╚████╔╝ 
  ██╔══╝  ██╔══██║██║╚██╗██║   ██║   ██╔══██║╚════██║   ╚██╔╝  
  ██║     ██║  ██║██║ ╚████║   ██║   ██║  ██║██████╔╝    ██║   
  ╚═╝     ╚═╝  ╚═╝╚═╝  ╚═══╝   ╚═╝   ╚═╝  ╚═╝╚═════╝     ╚═╝   
                                                            
 Version : Fantasy 2.0 Official version
==========================================================================

2025-11-19 17:03:14.1235  Current inner network protocol:TCP
2025-11-19 17:03:14.1235  Max Message Size(byte):1048560
2025-11-19 17:03:14.1235  Current session idle timeout:8000
2025-11-19 17:03:14.1235  Session-check interval:5000 
2025-11-19 17:03:14.6785  SceneConfigId = 1001 networkTarget = Inner TCPServer Listen 127.0.0.1:11002
2025-11-19 17:03:14.9564  SceneConfigId = 1001 networkTarget = Outer KCPServer Listen 127.0.0.1:20000
2025-11-19 17:03:14.9564  Process:1 Startup Complete SceneCount:1
2025-11-19 17:07:14.1625  

==========================================================================
 
  ███████╗ █████╗ ███╗   ██╗████████╗ █████╗  ██████╗ ██╗   ██╗
  ██╔════╝██╔══██╗████╗  ██║╚══██╔══╝██╔══██╗██╔════╝ ╚██╗ ██╔╝
  █████╗  ███████║██╔██╗ ██║   ██║   ███████║╚█████╗   ╚████╔╝ 
  ██╔══╝  ██╔══██║██║╚██╗██║   ██║   ██╔══██║╚════██║   ╚██╔╝  
  ██║     ██║  ██║██║ ╚████║   ██║   ██║  ██║██████╔╝    ██║   
  ╚═╝     ╚═╝  ╚═╝╚═╝  ╚═══╝   ╚═╝   ╚═╝  ╚═╝╚═════╝     ╚═╝   
                                                            
 Version : Fantasy 2.0 Official version
==========================================================================

2025-11-19 17:07:14.2142  Current inner network protocol:TCP
2025-11-19 17:07:14.2142  Max Message Size(byte):1048560
2025-11-19 17:07:14.2142  Current session idle timeout:8000
2025-11-19 17:07:14.2142  Session-check interval:5000 
2025-11-19 17:07:14.7940  SceneConfigId = 1001 networkTarget = Inner TCPServer Listen 127.0.0.1:11002
2025-11-19 17:07:15.0818  SceneConfigId = 1001 networkTarget = Outer KCPServer Listen 127.0.0.1:20000
2025-11-19 17:07:15.0818  Process:1 Startup Complete SceneCount:1
2025-11-19 17:16:42.9495  

==========================================================================
 
  ███████╗ █████╗ ███╗   ██╗████████╗ █████╗  ██████╗ ██╗   ██╗
  ██╔════╝██╔══██╗████╗  ██║╚══██╔══╝██╔══██╗██╔════╝ ╚██╗ ██╔╝
  █████╗  ███████║██╔██╗ ██║   ██║   ███████║╚█████╗   ╚████╔╝ 
  ██╔══╝  ██╔══██║██║╚██╗██║   ██║   ██╔══██║╚════██║   ╚██╔╝  
  ██║     ██║  ██║██║ ╚████║   ██║   ██║  ██║██████╔╝    ██║   
  ╚═╝     ╚═╝  ╚═╝╚═╝  ╚═══╝   ╚═╝   ╚═╝  ╚═╝╚═════╝     ╚═╝   
                                                            
 Version : Fantasy 2.0 Official version
==========================================================================

2025-11-19 17:16:42.9804  Current inner network protocol:TCP
2025-11-19 17:16:42.9895  Max Message Size(byte):1048560
2025-11-19 17:16:42.9895  Current session idle timeout:8000
2025-11-19 17:16:42.9895  Session-check interval:5000 
2025-11-19 17:16:43.5653  SceneConfigId = 1001 networkTarget = Inner TCPServer Listen 127.0.0.1:11002
2025-11-19 17:16:43.8436  SceneConfigId = 1001 networkTarget = Outer KCPServer Listen 127.0.0.1:20000
2025-11-19 17:16:43.8436  Process:1 Startup Complete SceneCount:1
