2025-11-19 22:04:51.9762  

==========================================================================
 
  ███████╗ █████╗ ███╗   ██╗████████╗ █████╗  ██████╗ ██╗   ██╗
  ██╔════╝██╔══██╗████╗  ██║╚══██╔══╝██╔══██╗██╔════╝ ╚██╗ ██╔╝
  █████╗  ███████║██╔██╗ ██║   ██║   ███████║╚█████╗   ╚████╔╝ 
  ██╔══╝  ██╔══██║██║╚██╗██║   ██║   ██╔══██║╚════██║   ╚██╔╝  
  ██║     ██║  ██║██║ ╚████║   ██║   ██║  ██║██████╔╝    ██║   
  ╚═╝     ╚═╝  ╚═╝╚═╝  ╚═══╝   ╚═╝   ╚═╝  ╚═╝╚═════╝     ╚═╝   
                                                            
 Version : Fantasy 2.0 Official version
==========================================================================

2025-11-19 22:04:52.0139  Current inner network protocol:TCP
2025-11-19 22:04:52.0139  Max Message Size(byte):1048560
2025-11-19 22:04:52.0139  Current session idle timeout:8000
2025-11-19 22:04:52.0139  Session-check interval:5000 
2025-11-19 22:04:52.6325  SceneConfigId = 1001 networkTarget = Inner TCPServer Listen 127.0.0.1:11002
2025-11-19 22:04:52.9244  SceneConfigId = 1001 networkTarget = Outer KCPServer Listen 127.0.0.1:20000
2025-11-19 22:04:52.9244  Process:1 Startup Complete SceneCount:1
2025-11-19 22:08:12.4631  

==========================================================================
 
  ███████╗ █████╗ ███╗   ██╗████████╗ █████╗  ██████╗ ██╗   ██╗
  ██╔════╝██╔══██╗████╗  ██║╚══██╔══╝██╔══██╗██╔════╝ ╚██╗ ██╔╝
  █████╗  ███████║██╔██╗ ██║   ██║   ███████║╚█████╗   ╚████╔╝ 
  ██╔══╝  ██╔══██║██║╚██╗██║   ██║   ██╔══██║╚════██║   ╚██╔╝  
  ██║     ██║  ██║██║ ╚████║   ██║   ██║  ██║██████╔╝    ██║   
  ╚═╝     ╚═╝  ╚═╝╚═╝  ╚═══╝   ╚═╝   ╚═╝  ╚═╝╚═════╝     ╚═╝   
                                                            
 Version : Fantasy 2.0 Official version
==========================================================================

2025-11-19 22:08:12.4961  Current inner network protocol:TCP
2025-11-19 22:08:12.4961  Max Message Size(byte):1048560
2025-11-19 22:08:12.4961  Current session idle timeout:8000
2025-11-19 22:08:12.4961  Session-check interval:5000 
2025-11-19 22:08:13.0621  SceneConfigId = 1001 networkTarget = Inner TCPServer Listen 127.0.0.1:11002
2025-11-19 22:08:13.3619  SceneConfigId = 1001 networkTarget = Outer KCPServer Listen 127.0.0.1:20000
2025-11-19 22:08:13.3619  Process:1 Startup Complete SceneCount:1
