2025-11-20 19:01:19.4984  当前没有其他玩家在线，无需广播状态同步消息
2025-11-20 19:01:19.5974  当前没有其他玩家在线，无需广播状态同步消息
2025-11-20 19:01:19.6981  当前没有其他玩家在线，无需广播状态同步消息
2025-11-20 19:01:20.2955  当前没有其他玩家在线，无需广播状态同步消息
2025-11-20 19:01:20.3957  当前没有其他玩家在线，无需广播状态同步消息
2025-11-20 19:01:21.1024  当前没有其他玩家在线，无需广播状态同步消息
2025-11-20 19:01:21.2095  当前没有其他玩家在线，无需广播状态同步消息
2025-11-20 19:01:21.4962  当前没有其他玩家在线，无需广播状态同步消息
2025-11-20 19:01:21.6069  当前没有其他玩家在线，无需广播状态同步消息
2025-11-20 19:01:21.8979  当前没有其他玩家在线，无需广播状态同步消息
2025-11-20 19:01:21.9974  当前没有其他玩家在线，无需广播状态同步消息
2025-11-20 19:01:22.2971  当前没有其他玩家在线，无需广播状态同步消息
2025-11-20 19:01:22.3963  当前没有其他玩家在线，无需广播状态同步消息
2025-11-20 19:01:22.4953  当前没有其他玩家在线，无需广播状态同步消息
2025-11-20 19:01:22.6043  当前没有其他玩家在线，无需广播状态同步消息
2025-11-20 19:01:22.7153  当前没有其他玩家在线，无需广播状态同步消息
2025-11-20 19:01:22.8043  当前没有其他玩家在线，无需广播状态同步消息
2025-11-20 19:01:22.9074  当前没有其他玩家在线，无需广播状态同步消息
2025-11-20 19:01:23.2032  当前没有其他玩家在线，无需广播状态同步消息
2025-11-20 19:01:23.2979  当前没有其他玩家在线，无需广播状态同步消息
2025-11-20 19:01:23.4089  当前没有其他玩家在线，无需广播状态同步消息
2025-11-20 19:01:23.5101  当前没有其他玩家在线，无需广播状态同步消息
2025-11-20 19:01:23.5969  当前没有其他玩家在线，无需广播状态同步消息
2025-11-20 19:01:23.6962  当前没有其他玩家在线，无需广播状态同步消息
2025-11-20 19:01:23.8082  当前没有其他玩家在线，无需广播状态同步消息
2025-11-20 19:01:23.8965  当前没有其他玩家在线，无需广播状态同步消息
2025-11-20 19:01:23.9971  当前没有其他玩家在线，无需广播状态同步消息
2025-11-20 19:01:24.0965  当前没有其他玩家在线，无需广播状态同步消息
2025-11-20 19:01:24.1973  当前没有其他玩家在线，无需广播状态同步消息
2025-11-20 19:01:24.3003  当前没有其他玩家在线，无需广播状态同步消息
2025-11-20 19:01:24.5961  当前没有其他玩家在线，无需广播状态同步消息
2025-11-20 19:01:24.6972  当前没有其他玩家在线，无需广播状态同步消息
2025-11-20 19:01:24.7995  当前没有其他玩家在线，无需广播状态同步消息
2025-11-20 19:01:24.8978  当前没有其他玩家在线，无需广播状态同步消息
2025-11-20 19:01:25.0989  当前没有其他玩家在线，无需广播状态同步消息
2025-11-20 19:01:25.1993  当前没有其他玩家在线，无需广播状态同步消息
2025-11-20 19:01:25.3095  当前没有其他玩家在线，无需广播状态同步消息
2025-11-20 19:01:25.4064  当前没有其他玩家在线，无需广播状态同步消息
2025-11-20 19:01:25.4971  当前没有其他玩家在线，无需广播状态同步消息
2025-11-20 19:01:25.6072  当前没有其他玩家在线，无需广播状态同步消息
2025-11-20 19:01:25.6977  当前没有其他玩家在线，无需广播状态同步消息
2025-11-20 19:01:25.7957  当前没有其他玩家在线，无需广播状态同步消息
2025-11-20 19:05:25.2088  当前没有其他玩家在线，无需广播状态同步消息
2025-11-20 19:05:25.2992  当前没有其他玩家在线，无需广播状态同步消息
2025-11-20 19:05:25.4070  当前没有其他玩家在线，无需广播状态同步消息
2025-11-20 19:05:25.5096  当前没有其他玩家在线，无需广播状态同步消息
2025-11-20 19:05:25.6109  当前没有其他玩家在线，无需广播状态同步消息
2025-11-20 19:05:25.7230  当前没有其他玩家在线，无需广播状态同步消息
2025-11-20 19:05:25.8018  当前没有其他玩家在线，无需广播状态同步消息
2025-11-20 19:05:25.9129  当前没有其他玩家在线，无需广播状态同步消息
2025-11-20 19:05:26.0019  当前没有其他玩家在线，无需广播状态同步消息
2025-11-20 19:05:26.0992  当前没有其他玩家在线，无需广播状态同步消息
2025-11-20 19:05:26.1981  当前没有其他玩家在线，无需广播状态同步消息
2025-11-20 19:05:26.3078  当前没有其他玩家在线，无需广播状态同步消息
2025-11-20 19:05:26.4060  当前没有其他玩家在线，无需广播状态同步消息
2025-11-20 19:05:26.5123  当前没有其他玩家在线，无需广播状态同步消息
2025-11-20 19:05:26.6157  当前没有其他玩家在线，无需广播状态同步消息
2025-11-20 19:05:26.6997  当前没有其他玩家在线，无需广播状态同步消息
2025-11-20 19:05:26.8118  当前没有其他玩家在线，无需广播状态同步消息
2025-11-20 19:05:26.9088  当前没有其他玩家在线，无需广播状态同步消息
2025-11-20 19:05:26.9981  当前没有其他玩家在线，无需广播状态同步消息
2025-11-20 19:05:27.0997  当前没有其他玩家在线，无需广播状态同步消息
2025-11-20 19:05:27.2070  当前没有其他玩家在线，无需广播状态同步消息
2025-11-20 19:05:27.3125  当前没有其他玩家在线，无需广播状态同步消息
2025-11-20 19:05:27.4079  当前没有其他玩家在线，无需广播状态同步消息
2025-11-20 19:05:27.5096  当前没有其他玩家在线，无需广播状态同步消息
2025-11-20 19:05:27.5989  当前没有其他玩家在线，无需广播状态同步消息
2025-11-20 19:05:27.7025  当前没有其他玩家在线，无需广播状态同步消息
2025-11-20 19:05:27.8099  当前没有其他玩家在线，无需广播状态同步消息
2025-11-20 19:05:27.8981  当前没有其他玩家在线，无需广播状态同步消息
2025-11-20 19:05:43.3311  收到登录请求
2025-11-20 19:05:43.3311  向ID:480115771304050688发送其他玩家登录请求
2025-11-20 19:06:05.6975  收到登录请求
2025-11-20 19:06:05.6975  向ID:480115771304050688发送其他玩家登录请求
2025-11-20 19:06:05.6975  向ID:480128261068947456发送其他玩家登录请求
2025-11-20 19:06:21.0683  向玩家ID:480115771304050688 发送玩家ID:480128639026069504下线消息
2025-11-20 19:06:21.0683  向玩家ID:480128261068947456 发送玩家ID:480128639026069504下线消息
2025-11-20 19:06:21.0683  玩家ID:480128639026069504 下线成功
2025-11-20 19:06:35.4971  向玩家ID:480115771304050688 发送玩家ID:480128261068947456下线消息
2025-11-20 19:06:35.4971  玩家ID:480128261068947456 下线成功
2025-11-20 19:07:22.0098  当前没有其他玩家在线，无需广播状态同步消息
2025-11-20 19:07:22.1037  当前没有其他玩家在线，无需广播状态同步消息
2025-11-20 19:07:22.1977  当前没有其他玩家在线，无需广播状态同步消息
2025-11-20 19:07:22.3049  当前没有其他玩家在线，无需广播状态同步消息
2025-11-20 19:07:22.4139  当前没有其他玩家在线，无需广播状态同步消息
2025-11-20 19:07:24.3835  收到登录请求
2025-11-20 19:07:24.3835  向ID:480115771304050688发送其他玩家登录请求
2025-11-20 19:07:42.8772  收到登录请求
2025-11-20 19:07:42.8772  向ID:480115771304050688发送其他玩家登录请求
2025-11-20 19:07:42.8772  向ID:480129996235735040发送其他玩家登录请求
2025-11-20 19:10:48.6030  向玩家ID:480129996235735040 发送玩家ID:480115771304050688下线消息
2025-11-20 19:10:48.6030  向玩家ID:480130305473380352 发送玩家ID:480115771304050688下线消息
2025-11-20 19:10:48.6030  玩家ID:480115771304050688 下线成功
2025-11-20 19:10:52.9691  收到登录请求
2025-11-20 19:10:52.9691  向ID:480129996235735040发送其他玩家登录请求
2025-11-20 19:10:52.9691  向ID:480130305473380352发送其他玩家登录请求
2025-11-20 19:11:21.3576  向玩家ID:480129996235735040 发送玩家ID:480133569648525312下线消息
2025-11-20 19:11:21.3576  向玩家ID:480130305473380352 发送玩家ID:480133569648525312下线消息
2025-11-20 19:11:21.3576  玩家ID:480133569648525312 下线成功
2025-11-20 19:11:56.0476  向玩家ID:480130305473380352 发送玩家ID:480129996235735040下线消息
2025-11-20 19:11:56.0476  玩家ID:480129996235735040 下线成功
2025-11-20 19:20:47.8520 (LoginRequestHandler.cs:51) 当前没有其他玩家在线，无需广播
2025-11-20 19:20:48.5353 (StateSyncRequestHandler.cs:35) 当前没有其他玩家在线，无需广播状态同步消息
2025-11-20 19:20:48.6020 (StateSyncRequestHandler.cs:35) 当前没有其他玩家在线，无需广播状态同步消息
2025-11-20 19:20:48.6959 (StateSyncRequestHandler.cs:35) 当前没有其他玩家在线，无需广播状态同步消息
2025-11-20 19:20:48.8044 (StateSyncRequestHandler.cs:35) 当前没有其他玩家在线，无需广播状态同步消息
2025-11-20 19:20:48.8985 (StateSyncRequestHandler.cs:35) 当前没有其他玩家在线，无需广播状态同步消息
2025-11-20 19:20:48.9928 (StateSyncRequestHandler.cs:35) 当前没有其他玩家在线，无需广播状态同步消息
2025-11-20 19:20:49.1015 (StateSyncRequestHandler.cs:35) 当前没有其他玩家在线，无需广播状态同步消息
2025-11-20 19:20:49.1942 (StateSyncRequestHandler.cs:35) 当前没有其他玩家在线，无需广播状态同步消息
2025-11-20 19:20:49.3159 (StateSyncRequestHandler.cs:35) 当前没有其他玩家在线，无需广播状态同步消息
2025-11-20 19:20:49.4080 (StateSyncRequestHandler.cs:35) 当前没有其他玩家在线，无需广播状态同步消息
2025-11-20 19:20:49.5015 (StateSyncRequestHandler.cs:35) 当前没有其他玩家在线，无需广播状态同步消息
2025-11-20 19:20:49.5939 (StateSyncRequestHandler.cs:35) 当前没有其他玩家在线，无需广播状态同步消息
2025-11-20 19:20:49.7030 (StateSyncRequestHandler.cs:35) 当前没有其他玩家在线，无需广播状态同步消息
2025-11-20 19:20:49.8122 (StateSyncRequestHandler.cs:35) 当前没有其他玩家在线，无需广播状态同步消息
2025-11-20 19:20:49.9033 (StateSyncRequestHandler.cs:35) 当前没有其他玩家在线，无需广播状态同步消息
2025-11-20 19:20:50.0115 (StateSyncRequestHandler.cs:35) 当前没有其他玩家在线，无需广播状态同步消息
2025-11-20 19:20:50.1036 (StateSyncRequestHandler.cs:35) 当前没有其他玩家在线，无需广播状态同步消息
2025-11-20 19:20:50.1978 (StateSyncRequestHandler.cs:35) 当前没有其他玩家在线，无需广播状态同步消息
2025-11-20 19:20:50.2909 (StateSyncRequestHandler.cs:35) 当前没有其他玩家在线，无需广播状态同步消息
2025-11-20 19:20:50.3992 (StateSyncRequestHandler.cs:35) 当前没有其他玩家在线，无需广播状态同步消息
2025-11-20 19:20:50.5066 (StateSyncRequestHandler.cs:35) 当前没有其他玩家在线，无需广播状态同步消息
2025-11-20 19:20:50.6000 (StateSyncRequestHandler.cs:35) 当前没有其他玩家在线，无需广播状态同步消息
2025-11-20 19:20:50.7092 (StateSyncRequestHandler.cs:35) 当前没有其他玩家在线，无需广播状态同步消息
2025-11-20 19:20:50.8025 (StateSyncRequestHandler.cs:35) 当前没有其他玩家在线，无需广播状态同步消息
2025-11-20 19:20:50.9104 (StateSyncRequestHandler.cs:35) 当前没有其他玩家在线，无需广播状态同步消息
2025-11-20 19:20:51.0016 (StateSyncRequestHandler.cs:35) 当前没有其他玩家在线，无需广播状态同步消息
2025-11-20 19:21:26.8682 (LoginRequestHandler.cs:64) 向ID:480143791670689792发送其他玩家登录请求
2025-11-20 19:22:22.6645 (LoginRequestHandler.cs:64) 向ID:480143791670689792发送其他玩家登录请求
2025-11-20 19:22:22.6645 (LoginRequestHandler.cs:64) 向ID:480144461685587968发送其他玩家登录请求
2025-11-20 19:26:49.8513 (LoginRequestHandler.cs:51) 当前没有其他玩家在线，无需广播
2025-11-20 19:26:50.5237 (StateSyncRequestHandler.cs:35) 当前没有其他玩家在线，无需广播状态同步消息
2025-11-20 19:26:50.5912 (StateSyncRequestHandler.cs:35) 当前没有其他玩家在线，无需广播状态同步消息
2025-11-20 19:26:50.6849 (StateSyncRequestHandler.cs:35) 当前没有其他玩家在线，无需广播状态同步消息
2025-11-20 19:26:50.7940 (StateSyncRequestHandler.cs:35) 当前没有其他玩家在线，无需广播状态同步消息
2025-11-20 19:26:50.8857 (StateSyncRequestHandler.cs:35) 当前没有其他玩家在线，无需广播状态同步消息
2025-11-20 19:26:50.9936 (StateSyncRequestHandler.cs:35) 当前没有其他玩家在线，无需广播状态同步消息
2025-11-20 19:26:51.0874 (StateSyncRequestHandler.cs:35) 当前没有其他玩家在线，无需广播状态同步消息
2025-11-20 19:26:51.1966 (StateSyncRequestHandler.cs:35) 当前没有其他玩家在线，无需广播状态同步消息
2025-11-20 19:26:51.2898 (StateSyncRequestHandler.cs:35) 当前没有其他玩家在线，无需广播状态同步消息
2025-11-20 19:26:51.3829 (StateSyncRequestHandler.cs:35) 当前没有其他玩家在线，无需广播状态同步消息
2025-11-20 19:26:51.4896 (StateSyncRequestHandler.cs:35) 当前没有其他玩家在线，无需广播状态同步消息
2025-11-20 19:26:51.5830 (StateSyncRequestHandler.cs:35) 当前没有其他玩家在线，无需广播状态同步消息
2025-11-20 19:26:51.6913 (StateSyncRequestHandler.cs:35) 当前没有其他玩家在线，无需广播状态同步消息
2025-11-20 19:26:51.7839 (StateSyncRequestHandler.cs:35) 当前没有其他玩家在线，无需广播状态同步消息
2025-11-20 19:27:10.9060 (LoginRequestHandler.cs:64) 向ID:480150010783334400发送其他玩家登录请求
2025-11-20 19:27:51.4823 (LoginRequestHandler.cs:64) 向ID:480150010783334400发送其他玩家登录请求
2025-11-20 19:27:51.4823 (LoginRequestHandler.cs:64) 向ID:480150371560587264发送其他玩家登录请求
2025-11-20 19:37:49.2485 (LoginRequestHandler.cs:53) 当前没有其他玩家在线，无需广播
2025-11-20 19:37:49.7350 (StateSyncRequestHandler.cs:35) 当前没有其他玩家在线，无需广播状态同步消息
2025-11-20 19:37:49.8052 (StateSyncRequestHandler.cs:35) 当前没有其他玩家在线，无需广播状态同步消息
2025-11-20 19:37:49.9119 (StateSyncRequestHandler.cs:35) 当前没有其他玩家在线，无需广播状态同步消息
2025-11-20 19:37:50.0051 (StateSyncRequestHandler.cs:35) 当前没有其他玩家在线，无需广播状态同步消息
2025-11-20 19:37:50.0980 (StateSyncRequestHandler.cs:35) 当前没有其他玩家在线，无需广播状态同步消息
2025-11-20 19:37:50.2066 (StateSyncRequestHandler.cs:35) 当前没有其他玩家在线，无需广播状态同步消息
2025-11-20 19:37:50.3006 (StateSyncRequestHandler.cs:35) 当前没有其他玩家在线，无需广播状态同步消息
2025-11-20 19:37:50.4092 (StateSyncRequestHandler.cs:35) 当前没有其他玩家在线，无需广播状态同步消息
2025-11-20 19:37:50.5180 (StateSyncRequestHandler.cs:35) 当前没有其他玩家在线，无需广播状态同步消息
2025-11-20 19:37:50.5957 (StateSyncRequestHandler.cs:35) 当前没有其他玩家在线，无需广播状态同步消息
2025-11-20 19:37:50.7047 (StateSyncRequestHandler.cs:35) 当前没有其他玩家在线，无需广播状态同步消息
2025-11-20 19:37:50.8142 (StateSyncRequestHandler.cs:35) 当前没有其他玩家在线，无需广播状态同步消息
2025-11-20 19:37:50.9074 (StateSyncRequestHandler.cs:35) 当前没有其他玩家在线，无需广播状态同步消息
2025-11-20 19:37:51.0153 (StateSyncRequestHandler.cs:35) 当前没有其他玩家在线，无需广播状态同步消息
2025-11-20 19:37:51.1088 (StateSyncRequestHandler.cs:35) 当前没有其他玩家在线，无需广播状态同步消息
2025-11-20 19:37:51.2028 (StateSyncRequestHandler.cs:35) 当前没有其他玩家在线，无需广播状态同步消息
2025-11-20 19:37:51.3107 (StateSyncRequestHandler.cs:35) 当前没有其他玩家在线，无需广播状态同步消息
2025-11-20 19:37:51.4029 (StateSyncRequestHandler.cs:35) 当前没有其他玩家在线，无需广播状态同步消息
2025-11-20 19:37:51.5118 (StateSyncRequestHandler.cs:35) 当前没有其他玩家在线，无需广播状态同步消息
2025-11-20 19:37:51.6031 (StateSyncRequestHandler.cs:35) 当前没有其他玩家在线，无需广播状态同步消息
2025-11-20 19:37:51.7131 (StateSyncRequestHandler.cs:35) 当前没有其他玩家在线，无需广播状态同步消息
2025-11-20 19:37:51.8074 (StateSyncRequestHandler.cs:35) 当前没有其他玩家在线，无需广播状态同步消息
2025-11-20 19:37:52.0121 (StateSyncRequestHandler.cs:35) 当前没有其他玩家在线，无需广播状态同步消息
2025-11-20 19:37:52.1032 (StateSyncRequestHandler.cs:35) 当前没有其他玩家在线，无需广播状态同步消息
2025-11-20 19:37:52.2139 (StateSyncRequestHandler.cs:35) 当前没有其他玩家在线，无需广播状态同步消息
2025-11-20 19:37:52.3064 (StateSyncRequestHandler.cs:35) 当前没有其他玩家在线，无需广播状态同步消息
2025-11-20 19:37:52.3998 (StateSyncRequestHandler.cs:35) 当前没有其他玩家在线，无需广播状态同步消息
2025-11-20 19:37:52.5113 (StateSyncRequestHandler.cs:35) 当前没有其他玩家在线，无需广播状态同步消息
2025-11-20 19:37:52.6040 (StateSyncRequestHandler.cs:35) 当前没有其他玩家在线，无需广播状态同步消息
2025-11-20 19:37:52.7136 (StateSyncRequestHandler.cs:35) 当前没有其他玩家在线，无需广播状态同步消息
2025-11-20 19:37:52.8060 (StateSyncRequestHandler.cs:35) 当前没有其他玩家在线，无需广播状态同步消息
2025-11-20 19:37:52.9139 (StateSyncRequestHandler.cs:35) 当前没有其他玩家在线，无需广播状态同步消息
2025-11-20 19:37:53.3036 (StateSyncRequestHandler.cs:35) 当前没有其他玩家在线，无需广播状态同步消息
2025-11-20 19:37:53.4136 (StateSyncRequestHandler.cs:35) 当前没有其他玩家在线，无需广播状态同步消息
2025-11-20 19:37:53.5063 (StateSyncRequestHandler.cs:35) 当前没有其他玩家在线，无需广播状态同步消息
2025-11-20 19:37:53.6013 (StateSyncRequestHandler.cs:35) 当前没有其他玩家在线，无需广播状态同步消息
2025-11-20 19:37:53.7267 (StateSyncRequestHandler.cs:35) 当前没有其他玩家在线，无需广播状态同步消息
2025-11-20 19:37:53.8056 (StateSyncRequestHandler.cs:35) 当前没有其他玩家在线，无需广播状态同步消息
2025-11-20 19:37:53.9137 (StateSyncRequestHandler.cs:35) 当前没有其他玩家在线，无需广播状态同步消息
2025-11-20 19:37:54.0049 (StateSyncRequestHandler.cs:35) 当前没有其他玩家在线，无需广播状态同步消息
2025-11-20 19:37:54.1000 (StateSyncRequestHandler.cs:35) 当前没有其他玩家在线，无需广播状态同步消息
2025-11-20 19:37:54.2088 (StateSyncRequestHandler.cs:35) 当前没有其他玩家在线，无需广播状态同步消息
2025-11-20 19:37:54.3009 (StateSyncRequestHandler.cs:35) 当前没有其他玩家在线，无需广播状态同步消息
2025-11-20 19:38:03.3562 (LoginRequestHandler.cs:66) 向ID:480161349496995840发送其他玩家登录请求
2025-11-20 19:38:08.0044 (LogoutRequestHandler.cs:46) 向玩家ID:480161349496995840 发送玩家ID:480161590015164416下线消息
2025-11-20 19:38:08.0044 (LogoutRequestHandler.cs:49) 玩家ID:480161590015164416 下线成功
2025-11-20 19:38:11.9119 (LogoutRequestHandler.cs:28) 当前服务器上没有其他玩家在线，无需广播下线消息
2025-11-20 19:38:11.9119 (LogoutRequestHandler.cs:29) 玩家ID:480161349496995840 下线成功
2025-11-20 19:39:26.3516 (LoginRequestHandler.cs:53) 当前没有其他玩家在线，无需广播
2025-11-20 19:39:26.8210 (StateSyncRequestHandler.cs:35) 当前没有其他玩家在线，无需广播状态同步消息
2025-11-20 19:39:26.9053 (StateSyncRequestHandler.cs:35) 当前没有其他玩家在线，无需广播状态同步消息
2025-11-20 19:39:26.9975 (StateSyncRequestHandler.cs:35) 当前没有其他玩家在线，无需广播状态同步消息
2025-11-20 19:39:27.0908 (StateSyncRequestHandler.cs:35) 当前没有其他玩家在线，无需广播状态同步消息
2025-11-20 19:39:27.1998 (StateSyncRequestHandler.cs:35) 当前没有其他玩家在线，无需广播状态同步消息
2025-11-20 19:39:27.2938 (StateSyncRequestHandler.cs:35) 当前没有其他玩家在线，无需广播状态同步消息
2025-11-20 19:39:27.4031 (StateSyncRequestHandler.cs:35) 当前没有其他玩家在线，无需广播状态同步消息
2025-11-20 19:39:27.4972 (StateSyncRequestHandler.cs:35) 当前没有其他玩家在线，无需广播状态同步消息
2025-11-20 19:39:27.5886 (StateSyncRequestHandler.cs:35) 当前没有其他玩家在线，无需广播状态同步消息
2025-11-20 19:39:27.6991 (StateSyncRequestHandler.cs:35) 当前没有其他玩家在线，无需广播状态同步消息
2025-11-20 19:39:27.8082 (StateSyncRequestHandler.cs:35) 当前没有其他玩家在线，无需广播状态同步消息
2025-11-20 19:39:27.8995 (StateSyncRequestHandler.cs:35) 当前没有其他玩家在线，无需广播状态同步消息
2025-11-20 19:39:28.0078 (StateSyncRequestHandler.cs:35) 当前没有其他玩家在线，无需广播状态同步消息
2025-11-20 19:39:28.0856 (StateSyncRequestHandler.cs:35) 当前没有其他玩家在线，无需广播状态同步消息
2025-11-20 19:39:28.1927 (StateSyncRequestHandler.cs:35) 当前没有其他玩家在线，无需广播状态同步消息
2025-11-20 19:39:28.3011 (StateSyncRequestHandler.cs:35) 当前没有其他玩家在线，无需广播状态同步消息
2025-11-20 19:39:28.3966 (StateSyncRequestHandler.cs:35) 当前没有其他玩家在线，无需广播状态同步消息
2025-11-20 19:39:28.5041 (StateSyncRequestHandler.cs:35) 当前没有其他玩家在线，无需广播状态同步消息
2025-11-20 19:39:28.5971 (StateSyncRequestHandler.cs:35) 当前没有其他玩家在线，无需广播状态同步消息
2025-11-20 19:39:28.7061 (StateSyncRequestHandler.cs:35) 当前没有其他玩家在线，无需广播状态同步消息
2025-11-20 19:39:28.7976 (StateSyncRequestHandler.cs:35) 当前没有其他玩家在线，无需广播状态同步消息
2025-11-20 19:39:28.8906 (StateSyncRequestHandler.cs:35) 当前没有其他玩家在线，无需广播状态同步消息
2025-11-20 19:39:28.9986 (StateSyncRequestHandler.cs:35) 当前没有其他玩家在线，无需广播状态同步消息
2025-11-20 19:39:29.0932 (StateSyncRequestHandler.cs:35) 当前没有其他玩家在线，无需广播状态同步消息
2025-11-20 19:39:29.2021 (StateSyncRequestHandler.cs:35) 当前没有其他玩家在线，无需广播状态同步消息
2025-11-20 19:39:29.3123 (StateSyncRequestHandler.cs:35) 当前没有其他玩家在线，无需广播状态同步消息
2025-11-20 19:39:29.3990 (StateSyncRequestHandler.cs:35) 当前没有其他玩家在线，无需广播状态同步消息
2025-11-20 19:39:29.4991 (StateSyncRequestHandler.cs:35) 当前没有其他玩家在线，无需广播状态同步消息
2025-11-20 19:39:29.5901 (StateSyncRequestHandler.cs:35) 当前没有其他玩家在线，无需广播状态同步消息
2025-11-20 19:39:29.6984 (StateSyncRequestHandler.cs:35) 当前没有其他玩家在线，无需广播状态同步消息
2025-11-20 19:39:29.7904 (StateSyncRequestHandler.cs:35) 当前没有其他玩家在线，无需广播状态同步消息
2025-11-20 19:39:29.8988 (StateSyncRequestHandler.cs:35) 当前没有其他玩家在线，无需广播状态同步消息
2025-11-20 19:39:29.9924 (StateSyncRequestHandler.cs:35) 当前没有其他玩家在线，无需广播状态同步消息
2025-11-20 19:39:30.1016 (StateSyncRequestHandler.cs:35) 当前没有其他玩家在线，无需广播状态同步消息
2025-11-20 19:39:43.3305 (LoginRequestHandler.cs:66) 向ID:480163015944306688发送其他玩家登录请求
2025-11-20 19:40:03.3530 (LoginRequestHandler.cs:66) 向ID:480163015944306688发送其他玩家登录请求
2025-11-20 19:40:03.3530 (LoginRequestHandler.cs:66) 向ID:480163308002082816发送其他玩家登录请求
2025-11-20 19:40:55.9690 (LogoutRequestHandler.cs:46) 向玩家ID:480163015944306688 发送玩家ID:480163651599466496下线消息
2025-11-20 19:40:55.9690 (LogoutRequestHandler.cs:46) 向玩家ID:480163308002082816 发送玩家ID:480163651599466496下线消息
2025-11-20 19:40:55.9690 (LogoutRequestHandler.cs:49) 玩家ID:480163651599466496 下线成功
2025-11-20 19:41:00.4129 (LogoutRequestHandler.cs:46) 向玩家ID:480163015944306688 发送玩家ID:480163308002082816下线消息
2025-11-20 19:41:00.4129 (LogoutRequestHandler.cs:49) 玩家ID:480163308002082816 下线成功
2025-11-20 19:43:33.2160 (LoginRequestHandler.cs:66) 向ID:480163015944306688发送其他玩家登录请求
2025-11-20 19:43:49.7083 (LogoutRequestHandler.cs:46) 向玩家ID:480163015944306688 发送玩家ID:480167259371995136下线消息
2025-11-20 19:43:49.7083 (LogoutRequestHandler.cs:49) 玩家ID:480167259371995136 下线成功
2025-11-20 19:43:56.7490 (LogoutRequestHandler.cs:28) 当前服务器上没有其他玩家在线，无需广播下线消息
2025-11-20 19:43:56.7490 (LogoutRequestHandler.cs:29) 玩家ID:480163015944306688 下线成功
2025-11-20 19:47:14.0075 (LoginRequestHandler.cs:53) 当前没有其他玩家在线，无需广播
2025-11-20 19:47:15.4608 (StateSyncRequestHandler.cs:35) 当前没有其他玩家在线，无需广播状态同步消息
2025-11-20 19:47:15.5317 (StateSyncRequestHandler.cs:35) 当前没有其他玩家在线，无需广播状态同步消息
2025-11-20 19:47:15.6544 (StateSyncRequestHandler.cs:35) 当前没有其他玩家在线，无需广播状态同步消息
2025-11-20 19:47:15.7321 (StateSyncRequestHandler.cs:35) 当前没有其他玩家在线，无需广播状态同步消息
2025-11-20 19:47:15.8424 (StateSyncRequestHandler.cs:35) 当前没有其他玩家在线，无需广播状态同步消息
2025-11-20 19:47:15.9368 (StateSyncRequestHandler.cs:35) 当前没有其他玩家在线，无需广播状态同步消息
2025-11-20 19:47:16.0432 (StateSyncRequestHandler.cs:35) 当前没有其他玩家在线，无需广播状态同步消息
2025-11-20 19:47:16.1357 (StateSyncRequestHandler.cs:35) 当前没有其他玩家在线，无需广播状态同步消息
2025-11-20 19:47:16.2454 (StateSyncRequestHandler.cs:35) 当前没有其他玩家在线，无需广播状态同步消息
2025-11-20 19:47:16.3522 (StateSyncRequestHandler.cs:35) 当前没有其他玩家在线，无需广播状态同步消息
2025-11-20 19:47:16.4448 (StateSyncRequestHandler.cs:35) 当前没有其他玩家在线，无需广播状态同步消息
2025-11-20 19:47:16.5387 (StateSyncRequestHandler.cs:35) 当前没有其他玩家在线，无需广播状态同步消息
2025-11-20 19:47:16.6640 (StateSyncRequestHandler.cs:35) 当前没有其他玩家在线，无需广播状态同步消息
2025-11-20 19:47:16.7426 (StateSyncRequestHandler.cs:35) 当前没有其他玩家在线，无需广播状态同步消息
2025-11-20 19:47:16.8336 (StateSyncRequestHandler.cs:35) 当前没有其他玩家在线，无需广播状态同步消息
2025-11-20 19:47:16.9432 (StateSyncRequestHandler.cs:35) 当前没有其他玩家在线，无需广播状态同步消息
2025-11-20 19:47:17.0341 (StateSyncRequestHandler.cs:35) 当前没有其他玩家在线，无需广播状态同步消息
2025-11-20 19:47:18.7351 (LoginRequestHandler.cs:66) 向ID:480171056123084800发送其他玩家登录请求
2025-11-20 19:47:42.8397 (LoginRequestHandler.cs:66) 向ID:480171056123084800发送其他玩家登录请求
2025-11-20 19:47:42.8397 (LoginRequestHandler.cs:66) 向ID:480171124842561536发送其他玩家登录请求
2025-11-20 19:47:55.0782 (LogoutRequestHandler.cs:46) 向玩家ID:480171056123084800 发送玩家ID:480171124842561536下线消息
2025-11-20 19:47:55.0782 (LogoutRequestHandler.cs:46) 向玩家ID:480171537159421952 发送玩家ID:480171124842561536下线消息
2025-11-20 19:47:55.0782 (LogoutRequestHandler.cs:49) 玩家ID:480171124842561536 下线成功
2025-11-20 19:47:58.3742 (LogoutRequestHandler.cs:46) 向玩家ID:480171056123084800 发送玩家ID:480171537159421952下线消息
2025-11-20 19:47:58.3742 (LogoutRequestHandler.cs:49) 玩家ID:480171537159421952 下线成功
2025-11-20 19:48:06.7448 (LogoutRequestHandler.cs:28) 当前服务器上没有其他玩家在线，无需广播下线消息
2025-11-20 19:48:06.7448 (LogoutRequestHandler.cs:29) 玩家ID:480171056123084800 下线成功
2025-11-20 19:51:14.6956 (LoginRequestHandler.cs:53) 当前没有其他玩家在线，无需广播
2025-11-20 19:51:15.2810 (StateSyncRequestHandler.cs:35) 当前没有其他玩家在线，无需广播状态同步消息
2025-11-20 19:51:15.3442 (StateSyncRequestHandler.cs:35) 当前没有其他玩家在线，无需广播状态同步消息
2025-11-20 19:51:15.4352 (StateSyncRequestHandler.cs:35) 当前没有其他玩家在线，无需广播状态同步消息
2025-11-20 19:51:15.5436 (StateSyncRequestHandler.cs:35) 当前没有其他玩家在线，无需广播状态同步消息
2025-11-20 19:51:15.6527 (StateSyncRequestHandler.cs:35) 当前没有其他玩家在线，无需广播状态同步消息
2025-11-20 19:51:15.7301 (StateSyncRequestHandler.cs:35) 当前没有其他玩家在线，无需广播状态同步消息
2025-11-20 19:51:15.8397 (StateSyncRequestHandler.cs:35) 当前没有其他玩家在线，无需广播状态同步消息
2025-11-20 19:51:15.9479 (StateSyncRequestHandler.cs:35) 当前没有其他玩家在线，无需广播状态同步消息
2025-11-20 19:51:16.0414 (StateSyncRequestHandler.cs:35) 当前没有其他玩家在线，无需广播状态同步消息
2025-11-20 19:51:16.1357 (StateSyncRequestHandler.cs:35) 当前没有其他玩家在线，无需广播状态同步消息
2025-11-20 19:51:16.2440 (StateSyncRequestHandler.cs:35) 当前没有其他玩家在线，无需广播状态同步消息
2025-11-20 19:51:16.3537 (StateSyncRequestHandler.cs:35) 当前没有其他玩家在线，无需广播状态同步消息
2025-11-20 19:51:16.4470 (StateSyncRequestHandler.cs:35) 当前没有其他玩家在线，无需广播状态同步消息
2025-11-20 19:51:16.5400 (StateSyncRequestHandler.cs:35) 当前没有其他玩家在线，无需广播状态同步消息
2025-11-20 19:51:16.6495 (StateSyncRequestHandler.cs:35) 当前没有其他玩家在线，无需广播状态同步消息
2025-11-20 19:51:16.7428 (StateSyncRequestHandler.cs:35) 当前没有其他玩家在线，无需广播状态同步消息
2025-11-20 19:51:16.8513 (StateSyncRequestHandler.cs:35) 当前没有其他玩家在线，无需广播状态同步消息
2025-11-20 19:51:16.9457 (StateSyncRequestHandler.cs:35) 当前没有其他玩家在线，无需广播状态同步消息
2025-11-20 19:51:17.0532 (StateSyncRequestHandler.cs:35) 当前没有其他玩家在线，无需广播状态同步消息
2025-11-20 19:51:17.1324 (StateSyncRequestHandler.cs:35) 当前没有其他玩家在线，无需广播状态同步消息
2025-11-20 19:51:17.2405 (StateSyncRequestHandler.cs:35) 当前没有其他玩家在线，无需广播状态同步消息
2025-11-20 19:51:18.9792 (LoginRequestHandler.cs:66) 向ID:480175179291688960发送其他玩家登录请求
2025-11-20 19:51:29.4222 (LogoutRequestHandler.cs:46) 向玩家ID:480175248011165696 发送玩家ID:480175179291688960下线消息
2025-11-20 19:51:29.4222 (LogoutRequestHandler.cs:49) 玩家ID:480175179291688960 下线成功
2025-11-20 19:51:29.4906 (StateSyncRequestHandler.cs:35) 当前没有其他玩家在线，无需广播状态同步消息
2025-11-20 19:51:29.5979 (StateSyncRequestHandler.cs:35) 当前没有其他玩家在线，无需广播状态同步消息
2025-11-20 19:51:29.6896 (StateSyncRequestHandler.cs:35) 当前没有其他玩家在线，无需广播状态同步消息
2025-11-20 19:51:30.5104 (StateSyncRequestHandler.cs:35) 当前没有其他玩家在线，无需广播状态同步消息
2025-11-20 19:51:30.6189 (StateSyncRequestHandler.cs:35) 当前没有其他玩家在线，无需广播状态同步消息
2025-11-20 19:51:30.6961 (StateSyncRequestHandler.cs:35) 当前没有其他玩家在线，无需广播状态同步消息
2025-11-20 19:51:30.7885 (StateSyncRequestHandler.cs:35) 当前没有其他玩家在线，无需广播状态同步消息
2025-11-20 19:51:30.8964 (StateSyncRequestHandler.cs:35) 当前没有其他玩家在线，无需广播状态同步消息
2025-11-20 19:51:31.0050 (StateSyncRequestHandler.cs:35) 当前没有其他玩家在线，无需广播状态同步消息
2025-11-20 19:51:31.0982 (StateSyncRequestHandler.cs:35) 当前没有其他玩家在线，无需广播状态同步消息
2025-11-20 19:51:31.1901 (StateSyncRequestHandler.cs:35) 当前没有其他玩家在线，无需广播状态同步消息
2025-11-20 19:51:31.2976 (StateSyncRequestHandler.cs:35) 当前没有其他玩家在线，无需广播状态同步消息
2025-11-20 19:51:31.3909 (StateSyncRequestHandler.cs:35) 当前没有其他玩家在线，无需广播状态同步消息
2025-11-20 19:51:32.1855 (StateSyncRequestHandler.cs:35) 当前没有其他玩家在线，无需广播状态同步消息
2025-11-20 19:51:32.2951 (StateSyncRequestHandler.cs:35) 当前没有其他玩家在线，无需广播状态同步消息
2025-11-20 19:51:32.3893 (StateSyncRequestHandler.cs:35) 当前没有其他玩家在线，无需广播状态同步消息
2025-11-20 19:51:32.4984 (StateSyncRequestHandler.cs:35) 当前没有其他玩家在线，无需广播状态同步消息
2025-11-20 19:51:32.5905 (StateSyncRequestHandler.cs:35) 当前没有其他玩家在线，无需广播状态同步消息
2025-11-20 19:51:32.6984 (StateSyncRequestHandler.cs:35) 当前没有其他玩家在线，无需广播状态同步消息
2025-11-20 19:51:32.7905 (StateSyncRequestHandler.cs:35) 当前没有其他玩家在线，无需广播状态同步消息
2025-11-20 19:51:32.9006 (StateSyncRequestHandler.cs:35) 当前没有其他玩家在线，无需广播状态同步消息
2025-11-20 19:51:32.9927 (StateSyncRequestHandler.cs:35) 当前没有其他玩家在线，无需广播状态同步消息
2025-11-20 19:51:33.0861 (StateSyncRequestHandler.cs:35) 当前没有其他玩家在线，无需广播状态同步消息
2025-11-20 19:51:33.1939 (StateSyncRequestHandler.cs:35) 当前没有其他玩家在线，无需广播状态同步消息
2025-11-20 19:51:33.3042 (StateSyncRequestHandler.cs:35) 当前没有其他玩家在线，无需广播状态同步消息
2025-11-20 19:51:33.3972 (StateSyncRequestHandler.cs:35) 当前没有其他玩家在线，无需广播状态同步消息
2025-11-20 19:51:33.4896 (StateSyncRequestHandler.cs:35) 当前没有其他玩家在线，无需广播状态同步消息
2025-11-20 19:51:33.5984 (StateSyncRequestHandler.cs:35) 当前没有其他玩家在线，无需广播状态同步消息
2025-11-20 19:51:33.6923 (StateSyncRequestHandler.cs:35) 当前没有其他玩家在线，无需广播状态同步消息
2025-11-20 19:51:33.8006 (StateSyncRequestHandler.cs:35) 当前没有其他玩家在线，无需广播状态同步消息
2025-11-20 19:51:33.8936 (StateSyncRequestHandler.cs:35) 当前没有其他玩家在线，无需广播状态同步消息
2025-11-20 19:51:34.0008 (StateSyncRequestHandler.cs:35) 当前没有其他玩家在线，无需广播状态同步消息
2025-11-20 19:51:35.2880 (StateSyncRequestHandler.cs:35) 当前没有其他玩家在线，无需广播状态同步消息
2025-11-20 19:51:35.3962 (StateSyncRequestHandler.cs:35) 当前没有其他玩家在线，无需广播状态同步消息
2025-11-20 19:51:35.4884 (StateSyncRequestHandler.cs:35) 当前没有其他玩家在线，无需广播状态同步消息
2025-11-20 19:51:35.5961 (StateSyncRequestHandler.cs:35) 当前没有其他玩家在线，无需广播状态同步消息
2025-11-20 19:51:35.6895  当前没有其他玩家在线，无需广播状态同步消息
2025-11-20 19:51:35.7973  当前没有其他玩家在线，无需广播状态同步消息
2025-11-20 19:51:35.8909  当前没有其他玩家在线，无需广播状态同步消息
2025-11-20 19:51:35.9997  当前没有其他玩家在线，无需广播状态同步消息
2025-11-20 19:51:36.0929  当前没有其他玩家在线，无需广播状态同步消息
2025-11-20 19:51:36.1873  当前没有其他玩家在线，无需广播状态同步消息
2025-11-20 19:51:36.2955  当前没有其他玩家在线，无需广播状态同步消息
2025-11-20 19:51:36.3877  当前没有其他玩家在线，无需广播状态同步消息
2025-11-20 19:51:36.4948  当前没有其他玩家在线，无需广播状态同步消息
2025-11-20 19:51:36.5876  当前没有其他玩家在线，无需广播状态同步消息
2025-11-20 19:51:36.6966  当前没有其他玩家在线，无需广播状态同步消息
2025-11-20 19:51:36.7889  当前没有其他玩家在线，无需广播状态同步消息
2025-11-20 19:51:36.8966  当前没有其他玩家在线，无需广播状态同步消息
2025-11-20 19:51:36.9890  当前没有其他玩家在线，无需广播状态同步消息
2025-11-20 19:51:37.0980  当前没有其他玩家在线，无需广播状态同步消息
2025-11-20 19:51:37.1902  当前没有其他玩家在线，无需广播状态同步消息
2025-11-20 19:51:37.2825  当前没有其他玩家在线，无需广播状态同步消息
2025-11-20 19:51:37.3916  当前没有其他玩家在线，无需广播状态同步消息
2025-11-20 19:51:37.5006  当前没有其他玩家在线，无需广播状态同步消息
2025-11-20 19:51:37.5943  当前没有其他玩家在线，无需广播状态同步消息
2025-11-20 19:51:37.6868  当前没有其他玩家在线，无需广播状态同步消息
2025-11-20 19:51:37.7966  当前没有其他玩家在线，无需广播状态同步消息
2025-11-20 19:51:37.8916  当前没有其他玩家在线，无需广播状态同步消息
2025-11-20 19:51:37.9842  当前没有其他玩家在线，无需广播状态同步消息
2025-11-20 19:51:38.0928  当前没有其他玩家在线，无需广播状态同步消息
2025-11-20 19:51:38.1849  当前没有其他玩家在线，无需广播状态同步消息
2025-11-20 19:51:38.2925  当前没有其他玩家在线，无需广播状态同步消息
2025-11-20 19:51:38.4000  当前没有其他玩家在线，无需广播状态同步消息
2025-11-20 19:51:38.4944  当前没有其他玩家在线，无需广播状态同步消息
2025-11-20 19:51:38.6023  当前没有其他玩家在线，无需广播状态同步消息
2025-11-20 19:51:38.6952  当前没有其他玩家在线，无需广播状态同步消息
2025-11-20 19:51:38.7890  当前没有其他玩家在线，无需广播状态同步消息
2025-11-20 19:51:38.8961  当前没有其他玩家在线，无需广播状态同步消息
2025-11-20 19:51:38.9911  当前没有其他玩家在线，无需广播状态同步消息
2025-11-20 19:51:39.0995  当前没有其他玩家在线，无需广播状态同步消息
2025-11-20 19:51:39.1912  当前没有其他玩家在线，无需广播状态同步消息
2025-11-20 19:51:39.4406  向ID:480175248011165696发送其他玩家登录请求
2025-11-20 19:51:52.0336  向玩家ID:480175608788418560 发送玩家ID:480175248011165696下线消息
2025-11-20 19:51:52.0336  玩家ID:480175248011165696 下线成功
2025-11-20 19:51:54.7424  当前没有其他玩家在线，无需广播状态同步消息
2025-11-20 19:51:54.8356  当前没有其他玩家在线，无需广播状态同步消息
2025-11-20 19:51:54.9455  当前没有其他玩家在线，无需广播状态同步消息
2025-11-20 19:51:55.0377  当前没有其他玩家在线，无需广播状态同步消息
2025-11-20 19:51:55.1465  当前没有其他玩家在线，无需广播状态同步消息
2025-11-20 19:51:55.2404  当前没有其他玩家在线，无需广播状态同步消息
2025-11-20 19:51:55.3485  当前没有其他玩家在线，无需广播状态同步消息
2025-11-20 19:51:55.4406  当前没有其他玩家在线，无需广播状态同步消息
2025-11-20 19:51:55.5475  当前没有其他玩家在线，无需广播状态同步消息
2025-11-20 19:51:55.6405  当前没有其他玩家在线，无需广播状态同步消息
2025-11-20 19:51:55.7499  当前没有其他玩家在线，无需广播状态同步消息
2025-11-20 19:51:55.8420  当前没有其他玩家在线，无需广播状态同步消息
2025-11-20 19:51:55.9334  当前没有其他玩家在线，无需广播状态同步消息
2025-11-20 19:51:56.0425  当前没有其他玩家在线，无需广播状态同步消息
2025-11-20 19:51:56.1353  当前没有其他玩家在线，无需广播状态同步消息
2025-11-20 19:51:56.2436  当前没有其他玩家在线，无需广播状态同步消息
2025-11-20 19:51:56.3539  当前没有其他玩家在线，无需广播状态同步消息
2025-11-20 19:51:56.4464  当前没有其他玩家在线，无需广播状态同步消息
2025-11-20 19:51:56.5555  当前没有其他玩家在线，无需广播状态同步消息
2025-11-20 19:51:56.6489  当前没有其他玩家在线，无需广播状态同步消息
2025-11-20 19:51:56.7574  当前没有其他玩家在线，无需广播状态同步消息
2025-11-20 19:51:56.8501  当前没有其他玩家在线，无需广播状态同步消息
2025-11-20 19:51:56.9437  当前没有其他玩家在线，无需广播状态同步消息
2025-11-20 19:51:57.0369  当前没有其他玩家在线，无需广播状态同步消息
2025-11-20 19:51:57.1453  当前没有其他玩家在线，无需广播状态同步消息
2025-11-20 19:51:57.2353  当前没有其他玩家在线，无需广播状态同步消息
2025-11-20 19:51:57.3452  当前没有其他玩家在线，无需广播状态同步消息
2025-11-20 19:51:57.4379  当前没有其他玩家在线，无需广播状态同步消息
2025-11-20 19:51:57.5451  当前没有其他玩家在线，无需广播状态同步消息
2025-11-20 19:51:57.6385  当前没有其他玩家在线，无需广播状态同步消息
2025-11-20 19:51:57.7332  当前没有其他玩家在线，无需广播状态同步消息
2025-11-20 19:51:57.8414  当前没有其他玩家在线，无需广播状态同步消息
2025-11-20 19:51:57.9496  当前没有其他玩家在线，无需广播状态同步消息
2025-11-20 19:51:58.0415  当前没有其他玩家在线，无需广播状态同步消息
2025-11-20 19:51:58.1493  当前没有其他玩家在线，无需广播状态同步消息
2025-11-20 19:51:58.2119  向ID:480175608788418560发送其他玩家登录请求
2025-11-20 19:52:07.8435  向玩家ID:480175608788418560 发送玩家ID:480175935205933056下线消息
2025-11-20 19:52:07.8435  玩家ID:480175935205933056 下线成功
2025-11-20 19:52:10.5385  当前没有其他玩家在线，无需广播状态同步消息
2025-11-20 19:52:10.6456  当前没有其他玩家在线，无需广播状态同步消息
2025-11-20 19:52:10.7397  当前没有其他玩家在线，无需广播状态同步消息
2025-11-20 19:52:10.8468  当前没有其他玩家在线，无需广播状态同步消息
2025-11-20 19:52:10.9562  当前没有其他玩家在线，无需广播状态同步消息
2025-11-20 19:52:11.0333  当前没有其他玩家在线，无需广播状态同步消息
2025-11-20 19:52:11.1552  当前没有其他玩家在线，无需广播状态同步消息
2025-11-20 19:52:11.2480  当前没有其他玩家在线，无需广播状态同步消息
2025-11-20 19:52:11.3400  当前没有其他玩家在线，无需广播状态同步消息
2025-11-20 19:52:11.4497  当前没有其他玩家在线，无需广播状态同步消息
2025-11-20 19:52:11.5579  当前没有其他玩家在线，无需广播状态同步消息
2025-11-20 19:52:11.6511  当前没有其他玩家在线，无需广播状态同步消息
2025-11-20 19:52:11.7435  当前没有其他玩家在线，无需广播状态同步消息
2025-11-20 19:52:11.8377  当前没有其他玩家在线，无需广播状态同步消息
2025-11-20 19:52:11.9465  当前没有其他玩家在线，无需广播状态同步消息
2025-11-20 19:52:12.0400  当前没有其他玩家在线，无需广播状态同步消息
2025-11-20 19:52:12.1461  当前没有其他玩家在线，无需广播状态同步消息
2025-11-20 19:52:12.2415  当前没有其他玩家在线，无需广播状态同步消息
2025-11-20 19:52:12.3500  当前没有其他玩家在线，无需广播状态同步消息
2025-11-20 19:52:12.4420  当前没有其他玩家在线，无需广播状态同步消息
2025-11-20 19:52:13.2452  向ID:480175608788418560发送其他玩家登录请求
2025-11-20 19:52:42.9730  向玩家ID:480176192903970816 发送玩家ID:480175608788418560下线消息
2025-11-20 19:52:42.9730  玩家ID:480175608788418560 下线成功
2025-11-20 19:53:57.4341  当前服务器上没有其他玩家在线，无需广播下线消息
2025-11-20 19:53:57.4341  玩家ID:480176192903970816 下线成功
