2025-11-20 15:01:51.5262 (StateSyncRequestHandler.cs:17) 玩家ID:479876868043177984 移动到新位置: 0 , 0 , -0.19999999
2025-11-20 15:01:51.6187 (StateSyncRequestHandler.cs:17) 玩家ID:479876868043177984 移动到新位置: 0 , 0 , -0.39999998
2025-11-20 15:01:51.7282 (StateSyncRequestHandler.cs:17) 玩家ID:479876868043177984 移动到新位置: 0 , 0 , -0.59999996
2025-11-20 15:01:51.8361 (StateSyncRequestHandler.cs:17) 玩家ID:479876868043177984 移动到新位置: 0 , 0 , -0.59999996
2025-11-20 15:01:52.5304 (StateSyncRequestHandler.cs:17) 玩家ID:479876868043177984 移动到新位置: -0.19999999 , 0 , -0.59999996
2025-11-20 15:01:52.6235 (StateSyncRequestHandler.cs:17) 玩家ID:479876868043177984 移动到新位置: -0.39999998 , 0 , -0.59999996
2025-11-20 15:01:52.7321 (StateSyncRequestHandler.cs:17) 玩家ID:479876868043177984 移动到新位置: -0.59999996 , 0 , -0.59999996
2025-11-20 15:01:52.8251 (StateSyncRequestHandler.cs:17) 玩家ID:479876868043177984 移动到新位置: -0.59999996 , 0 , -0.59999996
2025-11-20 15:01:53.3247 (StateSyncRequestHandler.cs:17) 玩家ID:479876868043177984 移动到新位置: -0.59999996 , 0 , -0.79999995
2025-11-20 15:01:53.4329 (StateSyncRequestHandler.cs:17) 玩家ID:479876868043177984 移动到新位置: -0.59999996 , 0 , -0.99999994
2025-11-20 15:01:53.5259 (StateSyncRequestHandler.cs:17) 玩家ID:479876868043177984 移动到新位置: -0.59999996 , 0 , -1.1999999
2025-11-20 15:01:53.6352 (StateSyncRequestHandler.cs:17) 玩家ID:479876868043177984 移动到新位置: -0.59999996 , 0 , -1.3999999
2025-11-20 15:01:53.7299 (StateSyncRequestHandler.cs:17) 玩家ID:479876868043177984 移动到新位置: -0.74142134 , 0 , -1.5414212
2025-11-20 15:01:53.8385 (StateSyncRequestHandler.cs:17) 玩家ID:479876868043177984 移动到新位置: -0.74142134 , 0 , -1.5414212
2025-11-20 15:01:54.6316 (StateSyncRequestHandler.cs:17) 玩家ID:479876868043177984 移动到新位置: -0.94142133 , 0 , -1.5414212
2025-11-20 15:01:54.7245 (StateSyncRequestHandler.cs:17) 玩家ID:479876868043177984 移动到新位置: -1.1414213 , 0 , -1.5414212
2025-11-20 15:01:54.8326 (StateSyncRequestHandler.cs:17) 玩家ID:479876868043177984 移动到新位置: -1.1414213 , 0 , -1.5414212
2025-11-20 15:01:55.1268 (StateSyncRequestHandler.cs:17) 玩家ID:479876868043177984 移动到新位置: -0.94142133 , 0 , -1.5414212
2025-11-20 15:01:55.2183 (StateSyncRequestHandler.cs:17) 玩家ID:479876868043177984 移动到新位置: -0.94142133 , 0 , -1.5414212
2025-11-20 15:01:56.0234 (StateSyncRequestHandler.cs:17) 玩家ID:479876868043177984 移动到新位置: -1.1414213 , 0 , -1.5414212
2025-11-20 15:01:56.1166 (StateSyncRequestHandler.cs:17) 玩家ID:479876868043177984 移动到新位置: -1.3414214 , 0 , -1.5414212
2025-11-20 15:01:56.2243 (StateSyncRequestHandler.cs:17) 玩家ID:479876868043177984 移动到新位置: -1.3414214 , 0 , -1.5414212
2025-11-20 15:01:56.6276 (StateSyncRequestHandler.cs:17) 玩家ID:479876868043177984 移动到新位置: -1.1414213 , 0 , -1.5414212
2025-11-20 15:01:56.7365 (StateSyncRequestHandler.cs:17) 玩家ID:479876868043177984 移动到新位置: -1.1414213 , 0 , -1.5414212
2025-11-20 15:01:57.2307 (StateSyncRequestHandler.cs:17) 玩家ID:479876868043177984 移动到新位置: -1.1414213 , 0 , -1.3414211
2025-11-20 15:01:57.3385 (StateSyncRequestHandler.cs:17) 玩家ID:479876868043177984 移动到新位置: -1.1414213 , 0 , -1.3414211
2025-11-20 15:01:57.7275 (StateSyncRequestHandler.cs:17) 玩家ID:479876868043177984 移动到新位置: -1.1414213 , 0 , -1.5414212
2025-11-20 15:01:57.8222 (StateSyncRequestHandler.cs:17) 玩家ID:479876868043177984 移动到新位置: -1.1414213 , 0 , -1.7414212
2025-11-20 15:01:57.9163 (StateSyncRequestHandler.cs:17) 玩家ID:479876868043177984 移动到新位置: -1.1414213 , 0 , -1.7414212
2025-11-20 15:01:58.4300 (StateSyncRequestHandler.cs:17) 玩家ID:479876868043177984 移动到新位置: -1.3414214 , 0 , -1.7414212
2025-11-20 15:01:58.5231 (StateSyncRequestHandler.cs:17) 玩家ID:479876868043177984 移动到新位置: -1.3414214 , 0 , -1.7414212
2025-11-20 15:01:58.9280 (StateSyncRequestHandler.cs:17) 玩家ID:479876868043177984 移动到新位置: -1.1414213 , 0 , -1.7414212
2025-11-20 15:01:59.0218 (StateSyncRequestHandler.cs:17) 玩家ID:479876868043177984 移动到新位置: -1.1414213 , 0 , -1.7414212
2025-11-20 15:02:00.3242 (StateSyncRequestHandler.cs:17) 玩家ID:479876868043177984 移动到新位置: -1.1414213 , 0 , -1.5414212
2025-11-20 15:02:00.4355 (StateSyncRequestHandler.cs:17) 玩家ID:479876868043177984 移动到新位置: -1.1414213 , 0 , -1.3414211
2025-11-20 15:02:00.5289 (StateSyncRequestHandler.cs:17) 玩家ID:479876868043177984 移动到新位置: -1.1414213 , 0 , -1.3414211
2025-11-20 15:02:01.6263 (StateSyncRequestHandler.cs:17) 玩家ID:479876868043177984 移动到新位置: -1.1414213 , 0 , -1.5414212
2025-11-20 15:02:01.7194 (StateSyncRequestHandler.cs:17) 玩家ID:479876868043177984 移动到新位置: -1.1414213 , 0 , -1.7414212
2025-11-20 15:02:01.8302 (StateSyncRequestHandler.cs:17) 玩家ID:479876868043177984 移动到新位置: -1.1414213 , 0 , -1.9414213
2025-11-20 15:02:01.9371 (StateSyncRequestHandler.cs:17) 玩家ID:479876868043177984 移动到新位置: -1.1414213 , 0 , -2.1414213
2025-11-20 15:02:02.0301 (StateSyncRequestHandler.cs:17) 玩家ID:479876868043177984 移动到新位置: -1.1414213 , 0 , -2.3414214
2025-11-20 15:02:02.1233 (StateSyncRequestHandler.cs:17) 玩家ID:479876868043177984 移动到新位置: -1.1414213 , 0 , -2.3414214
2025-11-20 15:02:02.7281 (StateSyncRequestHandler.cs:17) 玩家ID:479876868043177984 移动到新位置: -1.3414214 , 0 , -2.3414214
2025-11-20 15:02:02.8223 (StateSyncRequestHandler.cs:17) 玩家ID:479876868043177984 移动到新位置: -1.5414214 , 0 , -2.3414214
2025-11-20 15:02:02.9157 (StateSyncRequestHandler.cs:17) 玩家ID:479876868043177984 移动到新位置: -1.5414214 , 0 , -2.3414214
2025-11-20 15:02:03.5264 (StateSyncRequestHandler.cs:17) 玩家ID:479876868043177984 移动到新位置: -1.3414214 , 0 , -2.3414214
2025-11-20 15:02:03.6348 (StateSyncRequestHandler.cs:17) 玩家ID:479876868043177984 移动到新位置: -1.1414213 , 0 , -2.3414214
2025-11-20 15:02:03.7279 (StateSyncRequestHandler.cs:17) 玩家ID:479876868043177984 移动到新位置: -0.94142133 , 0 , -2.3414214
2025-11-20 15:02:03.8215 (StateSyncRequestHandler.cs:17) 玩家ID:479876868043177984 移动到新位置: -0.94142133 , 0 , -2.3414214
2025-11-20 15:02:04.1294 (StateSyncRequestHandler.cs:17) 玩家ID:479876868043177984 移动到新位置: -1.1414213 , 0 , -2.3414214
2025-11-20 15:02:04.2228 (StateSyncRequestHandler.cs:17) 玩家ID:479876868043177984 移动到新位置: -1.3414214 , 0 , -2.3414214
2025-11-20 15:02:04.3152 (StateSyncRequestHandler.cs:17) 玩家ID:479876868043177984 移动到新位置: -1.5414214 , 0 , -2.3414214
2025-11-20 15:02:04.4403 (StateSyncRequestHandler.cs:17) 玩家ID:479876868043177984 移动到新位置: -1.5414214 , 0 , -2.3414214
2025-11-20 15:02:04.7196 (StateSyncRequestHandler.cs:17) 玩家ID:479876868043177984 移动到新位置: -1.5414214 , 0 , -2.5414214
2025-11-20 15:02:04.8282 (StateSyncRequestHandler.cs:17) 玩家ID:479876868043177984 移动到新位置: -1.5414214 , 0 , -2.7414215
2025-11-20 15:02:04.9373 (StateSyncRequestHandler.cs:17) 玩家ID:479876868043177984 移动到新位置: -1.5414214 , 0 , -2.9414215
2025-11-20 15:02:05.0308 (StateSyncRequestHandler.cs:17) 玩家ID:479876868043177984 移动到新位置: -1.5414214 , 0 , -2.9414215
2025-11-20 15:02:05.1237 (StateSyncRequestHandler.cs:17) 玩家ID:479876868043177984 移动到新位置: -1.7414215 , 0 , -2.9414215
2025-11-20 15:02:05.2327 (StateSyncRequestHandler.cs:17) 玩家ID:479876868043177984 移动到新位置: -1.9414215 , 0 , -2.9414215
2025-11-20 15:02:05.3256 (StateSyncRequestHandler.cs:17) 玩家ID:479876868043177984 移动到新位置: -2.1414216 , 0 , -2.9414215
2025-11-20 15:02:05.4354 (StateSyncRequestHandler.cs:17) 玩家ID:479876868043177984 移动到新位置: -2.3414216 , 0 , -2.9414215
2025-11-20 15:02:05.5286 (StateSyncRequestHandler.cs:17) 玩家ID:479876868043177984 移动到新位置: -2.3414216 , 0 , -3.1414216
2025-11-20 15:02:05.6235 (StateSyncRequestHandler.cs:17) 玩家ID:479876868043177984 移动到新位置: -2.3414216 , 0 , -3.3414216
2025-11-20 15:02:05.7322 (StateSyncRequestHandler.cs:17) 玩家ID:479876868043177984 移动到新位置: -2.3414216 , 0 , -3.5414217
2025-11-20 15:02:05.8261 (StateSyncRequestHandler.cs:17) 玩家ID:479876868043177984 移动到新位置: -2.2000003 , 0 , -3.682843
2025-11-20 15:02:05.9349 (StateSyncRequestHandler.cs:17) 玩家ID:479876868043177984 移动到新位置: -2.2000003 , 0 , -3.882843
2025-11-20 15:02:06.0281 (StateSyncRequestHandler.cs:17) 玩家ID:479876868043177984 移动到新位置: -2.3414216 , 0 , -4.0242643
2025-11-20 15:02:06.1352 (StateSyncRequestHandler.cs:17) 玩家ID:479876868043177984 移动到新位置: -2.5414217 , 0 , -4.0242643
2025-11-20 15:02:06.2284 (StateSyncRequestHandler.cs:17) 玩家ID:479876868043177984 移动到新位置: -2.7414217 , 0 , -4.0242643
2025-11-20 15:02:06.3369 (StateSyncRequestHandler.cs:17) 玩家ID:479876868043177984 移动到新位置: -2.9414217 , 0 , -4.0242643
2025-11-20 15:02:06.4306 (StateSyncRequestHandler.cs:17) 玩家ID:479876868043177984 移动到新位置: -3.082843 , 0 , -4.1656857
2025-11-20 15:02:06.5392 (StateSyncRequestHandler.cs:17) 玩家ID:479876868043177984 移动到新位置: -3.2242644 , 0 , -4.307107
2025-11-20 15:02:06.6319 (StateSyncRequestHandler.cs:17) 玩家ID:479876868043177984 移动到新位置: -3.3656857 , 0 , -4.4485283
2025-11-20 15:02:06.7237 (StateSyncRequestHandler.cs:17) 玩家ID:479876868043177984 移动到新位置: -3.3656857 , 0 , -4.648528
2025-11-20 15:02:06.8314 (StateSyncRequestHandler.cs:17) 玩家ID:479876868043177984 移动到新位置: -3.3656857 , 0 , -4.848528
2025-11-20 15:02:06.9240 (StateSyncRequestHandler.cs:17) 玩家ID:479876868043177984 移动到新位置: -3.3656857 , 0 , -5.0485277
2025-11-20 15:02:07.0298 (StateSyncRequestHandler.cs:17) 玩家ID:479876868043177984 移动到新位置: -3.2242644 , 0 , -5.189949
2025-11-20 15:02:07.1394 (StateSyncRequestHandler.cs:17) 玩家ID:479876868043177984 移动到新位置: -3.082843 , 0 , -5.3313704
2025-11-20 15:02:07.2301 (StateSyncRequestHandler.cs:17) 玩家ID:479876868043177984 移动到新位置: -3.082843 , 0 , -5.53137
2025-11-20 15:02:07.3214 (StateSyncRequestHandler.cs:17) 玩家ID:479876868043177984 移动到新位置: -3.082843 , 0 , -5.73137
2025-11-20 15:02:07.4292 (StateSyncRequestHandler.cs:17) 玩家ID:479876868043177984 移动到新位置: -3.2242644 , 0 , -5.8727913
2025-11-20 15:02:07.5222 (StateSyncRequestHandler.cs:17) 玩家ID:479876868043177984 移动到新位置: -3.4242644 , 0 , -5.8727913
2025-11-20 15:02:07.6316 (StateSyncRequestHandler.cs:17) 玩家ID:479876868043177984 移动到新位置: -3.6242645 , 0 , -5.8727913
2025-11-20 15:02:07.7260 (StateSyncRequestHandler.cs:17) 玩家ID:479876868043177984 移动到新位置: -3.8242645 , 0 , -5.8727913
2025-11-20 15:02:07.8366 (StateSyncRequestHandler.cs:17) 玩家ID:479876868043177984 移动到新位置: -4.0242643 , 0 , -5.8727913
2025-11-20 15:02:07.9302 (StateSyncRequestHandler.cs:17) 玩家ID:479876868043177984 移动到新位置: -4.224264 , 0 , -5.8727913
2025-11-20 15:02:08.0226 (StateSyncRequestHandler.cs:17) 玩家ID:479876868043177984 移动到新位置: -4.3656855 , 0 , -5.73137
2025-11-20 15:02:08.1307 (StateSyncRequestHandler.cs:17) 玩家ID:479876868043177984 移动到新位置: -4.3656855 , 0 , -5.53137
2025-11-20 15:02:08.2228 (StateSyncRequestHandler.cs:17) 玩家ID:479876868043177984 移动到新位置: -4.3656855 , 0 , -5.3313704
2025-11-20 15:02:08.3314 (StateSyncRequestHandler.cs:17) 玩家ID:479876868043177984 移动到新位置: -4.5656853 , 0 , -5.3313704
2025-11-20 15:02:08.4249 (StateSyncRequestHandler.cs:17) 玩家ID:479876868043177984 移动到新位置: -4.765685 , 0 , -5.3313704
2025-11-20 15:02:08.5317 (StateSyncRequestHandler.cs:17) 玩家ID:479876868043177984 移动到新位置: -4.9071064 , 0 , -5.4727917
2025-11-20 15:02:08.6244 (StateSyncRequestHandler.cs:17) 玩家ID:479876868043177984 移动到新位置: -4.9071064 , 0 , -5.6727915
2025-11-20 15:02:08.7334 (StateSyncRequestHandler.cs:17) 玩家ID:479876868043177984 移动到新位置: -5.107106 , 0 , -5.6727915
2025-11-20 15:02:08.8277 (StateSyncRequestHandler.cs:17) 玩家ID:479876868043177984 移动到新位置: -5.307106 , 0 , -5.6727915
2025-11-20 15:02:08.9382 (StateSyncRequestHandler.cs:17) 玩家ID:479876868043177984 移动到新位置: -5.4485273 , 0 , -5.53137
2025-11-20 15:02:09.0311 (StateSyncRequestHandler.cs:17) 玩家ID:479876868043177984 移动到新位置: -5.4485273 , 0 , -5.3313704
2025-11-20 15:02:09.1246 (StateSyncRequestHandler.cs:17) 玩家ID:479876868043177984 移动到新位置: -5.4485273 , 0 , -5.1313705
2025-11-20 15:02:09.2186 (StateSyncRequestHandler.cs:17) 玩家ID:479876868043177984 移动到新位置: -5.4485273 , 0 , -4.9313707
2025-11-20 15:02:09.3249 (StateSyncRequestHandler.cs:17) 玩家ID:479876868043177984 移动到新位置: -5.4485273 , 0 , -4.731371
2025-11-20 15:02:09.4193 (StateSyncRequestHandler.cs:17) 玩家ID:479876868043177984 移动到新位置: -5.4485273 , 0 , -4.531371
2025-11-20 15:02:09.5271 (StateSyncRequestHandler.cs:17) 玩家ID:479876868043177984 移动到新位置: -5.5899487 , 0 , -4.38995
2025-11-20 15:02:09.6369 (StateSyncRequestHandler.cs:17) 玩家ID:479876868043177984 移动到新位置: -5.7899485 , 0 , -4.38995
2025-11-20 15:02:09.7308 (StateSyncRequestHandler.cs:17) 玩家ID:479876868043177984 移动到新位置: -5.9899483 , 0 , -4.38995
2025-11-20 15:02:09.8233 (StateSyncRequestHandler.cs:17) 玩家ID:479876868043177984 移动到新位置: -6.189948 , 0 , -4.38995
2025-11-20 15:02:09.9336 (StateSyncRequestHandler.cs:17) 玩家ID:479876868043177984 移动到新位置: -6.189948 , 0 , -4.18995
2025-11-20 15:02:10.0252 (StateSyncRequestHandler.cs:17) 玩家ID:479876868043177984 移动到新位置: -6.189948 , 0 , -3.98995
2025-11-20 15:02:10.1340 (StateSyncRequestHandler.cs:17) 玩家ID:479876868043177984 移动到新位置: -6.189948 , 0 , -3.78995
2025-11-20 15:02:10.2261 (StateSyncRequestHandler.cs:17) 玩家ID:479876868043177984 移动到新位置: -6.189948 , 0 , -3.5899498
2025-11-20 15:02:10.3196 (StateSyncRequestHandler.cs:17) 玩家ID:479876868043177984 移动到新位置: -6.189948 , 0 , -3.3899498
2025-11-20 15:02:10.4284 (StateSyncRequestHandler.cs:17) 玩家ID:479876868043177984 移动到新位置: -6.189948 , 0 , -3.1899498
2025-11-20 15:02:10.5228 (StateSyncRequestHandler.cs:17) 玩家ID:479876868043177984 移动到新位置: -6.189948 , 0 , -2.9899497
2025-11-20 15:02:10.6300 (StateSyncRequestHandler.cs:17) 玩家ID:479876868043177984 移动到新位置: -6.189948 , 0 , -2.7899497
2025-11-20 15:02:10.7384 (StateSyncRequestHandler.cs:17) 玩家ID:479876868043177984 移动到新位置: -6.189948 , 0 , -2.5899496
2025-11-20 15:02:10.8164 (StateSyncRequestHandler.cs:17) 玩家ID:479876868043177984 移动到新位置: -5.9899483 , 0 , -2.5899496
2025-11-20 15:02:10.9267 (StateSyncRequestHandler.cs:17) 玩家ID:479876868043177984 移动到新位置: -5.7899485 , 0 , -2.5899496
2025-11-20 15:02:11.0341 (StateSyncRequestHandler.cs:17) 玩家ID:479876868043177984 移动到新位置: -5.5899487 , 0 , -2.5899496
2025-11-20 15:02:11.1287 (StateSyncRequestHandler.cs:17) 玩家ID:479876868043177984 移动到新位置: -5.5899487 , 0 , -2.7899497
2025-11-20 15:02:11.2370 (StateSyncRequestHandler.cs:17) 玩家ID:479876868043177984 移动到新位置: -5.5899487 , 0 , -2.9899497
2025-11-20 15:02:11.3309 (StateSyncRequestHandler.cs:17) 玩家ID:479876868043177984 移动到新位置: -5.5899487 , 0 , -3.1899498
2025-11-20 15:02:11.4235 (StateSyncRequestHandler.cs:17) 玩家ID:479876868043177984 移动到新位置: -5.389949 , 0 , -3.1899498
2025-11-20 15:02:11.5323 (StateSyncRequestHandler.cs:17) 玩家ID:479876868043177984 移动到新位置: -5.189949 , 0 , -3.1899498
2025-11-20 15:02:11.6259 (StateSyncRequestHandler.cs:17) 玩家ID:479876868043177984 移动到新位置: -4.989949 , 0 , -3.1899498
2025-11-20 15:02:11.7327 (StateSyncRequestHandler.cs:17) 玩家ID:479876868043177984 移动到新位置: -4.848528 , 0 , -3.0485284
2025-11-20 15:02:11.8258 (StateSyncRequestHandler.cs:17) 玩家ID:479876868043177984 移动到新位置: -4.848528 , 0 , -2.8485284
2025-11-20 15:02:11.9347 (StateSyncRequestHandler.cs:17) 玩家ID:479876868043177984 移动到新位置: -4.989949 , 0 , -2.707107
2025-11-20 15:02:12.0288 (StateSyncRequestHandler.cs:17) 玩家ID:479876868043177984 移动到新位置: -5.1313705 , 0 , -2.5656857
2025-11-20 15:02:12.1223 (StateSyncRequestHandler.cs:17) 玩家ID:479876868043177984 移动到新位置: -5.1313705 , 0 , -2.3656857
2025-11-20 15:02:12.2308 (StateSyncRequestHandler.cs:17) 玩家ID:479876868043177984 移动到新位置: -4.989949 , 0 , -2.2242644
2025-11-20 15:02:12.3245 (StateSyncRequestHandler.cs:17) 玩家ID:479876868043177984 移动到新位置: -4.848528 , 0 , -2.082843
2025-11-20 15:02:12.4331 (StateSyncRequestHandler.cs:17) 玩家ID:479876868043177984 移动到新位置: -4.7071066 , 0 , -1.9414217
2025-11-20 15:02:12.5266 (StateSyncRequestHandler.cs:17) 玩家ID:479876868043177984 移动到新位置: -4.7071066 , 0 , -1.7414217
2025-11-20 15:02:12.6192 (StateSyncRequestHandler.cs:17) 玩家ID:479876868043177984 移动到新位置: -4.848528 , 0 , -1.6000004
2025-11-20 15:02:12.7285 (StateSyncRequestHandler.cs:17) 玩家ID:479876868043177984 移动到新位置: -4.848528 , 0 , -1.4000003
2025-11-20 15:02:12.8375 (StateSyncRequestHandler.cs:17) 玩家ID:479876868043177984 移动到新位置: -4.648528 , 0 , -1.4000003
2025-11-20 15:02:12.9299 (StateSyncRequestHandler.cs:17) 玩家ID:479876868043177984 移动到新位置: -4.4485283 , 0 , -1.4000003
2025-11-20 15:02:13.0247 (StateSyncRequestHandler.cs:17) 玩家ID:479876868043177984 移动到新位置: -4.307107 , 0 , -1.5414217
2025-11-20 15:02:13.1340 (StateSyncRequestHandler.cs:17) 玩家ID:479876868043177984 移动到新位置: -4.307107 , 0 , -1.7414217
2025-11-20 15:02:13.2251 (StateSyncRequestHandler.cs:17) 玩家ID:479876868043177984 移动到新位置: -4.4485283 , 0 , -1.882843
2025-11-20 15:02:13.3354 (StateSyncRequestHandler.cs:17) 玩家ID:479876868043177984 移动到新位置: -4.648528 , 0 , -1.882843
2025-11-20 15:02:13.4289 (StateSyncRequestHandler.cs:17) 玩家ID:479876868043177984 移动到新位置: -4.848528 , 0 , -1.882843
2025-11-20 15:02:13.5226 (StateSyncRequestHandler.cs:17) 玩家ID:479876868043177984 移动到新位置: -4.648528 , 0 , -1.882843
2025-11-20 15:02:13.6321 (StateSyncRequestHandler.cs:17) 玩家ID:479876868043177984 移动到新位置: -4.4485283 , 0 , -1.882843
2025-11-20 15:02:13.7270 (StateSyncRequestHandler.cs:17) 玩家ID:479876868043177984 移动到新位置: -4.2485285 , 0 , -1.882843
2025-11-20 15:02:13.8200 (StateSyncRequestHandler.cs:17) 玩家ID:479876868043177984 移动到新位置: -4.107107 , 0 , -1.7414217
2025-11-20 15:02:13.9287 (StateSyncRequestHandler.cs:17) 玩家ID:479876868043177984 移动到新位置: -4.107107 , 0 , -1.5414217
2025-11-20 15:02:14.0370 (StateSyncRequestHandler.cs:17) 玩家ID:479876868043177984 移动到新位置: -4.2485285 , 0 , -1.4000003
2025-11-20 15:02:14.1310 (StateSyncRequestHandler.cs:17) 玩家ID:479876868043177984 移动到新位置: -4.38995 , 0 , -1.258579
2025-11-20 15:02:14.2251 (StateSyncRequestHandler.cs:17) 玩家ID:479876868043177984 移动到新位置: -4.38995 , 0 , -1.058579
2025-11-20 15:02:14.3177 (StateSyncRequestHandler.cs:17) 玩家ID:479876868043177984 移动到新位置: -4.38995 , 0 , -0.858579
2025-11-20 15:02:14.4265 (StateSyncRequestHandler.cs:17) 玩家ID:479876868043177984 移动到新位置: -4.38995 , 0 , -0.858579
2025-11-20 15:02:16.2224 (StateSyncRequestHandler.cs:17) 玩家ID:479876868043177984 移动到新位置: -4.18995 , 0 , -0.858579
2025-11-20 15:02:16.3318 (StateSyncRequestHandler.cs:17) 玩家ID:479876868043177984 移动到新位置: -4.18995 , 0 , -0.858579
2025-11-20 15:02:16.7381 (StateSyncRequestHandler.cs:17) 玩家ID:479876868043177984 移动到新位置: -4.18995 , 0 , -1.058579
2025-11-20 15:02:16.8308 (StateSyncRequestHandler.cs:17) 玩家ID:479876868043177984 移动到新位置: -4.18995 , 0 , -1.058579
2025-11-20 15:02:17.2187 (StateSyncRequestHandler.cs:17) 玩家ID:479876868043177984 移动到新位置: -4.38995 , 0 , -1.058579
2025-11-20 15:02:17.3256 (StateSyncRequestHandler.cs:17) 玩家ID:479876868043177984 移动到新位置: -4.38995 , 0 , -1.058579
2025-11-20 15:02:17.6343 (StateSyncRequestHandler.cs:17) 玩家ID:479876868043177984 移动到新位置: -4.18995 , 0 , -1.058579
2025-11-20 15:02:17.7275 (StateSyncRequestHandler.cs:17) 玩家ID:479876868043177984 移动到新位置: -4.18995 , 0 , -1.058579
2025-11-20 15:02:18.0255 (StateSyncRequestHandler.cs:17) 玩家ID:479876868043177984 移动到新位置: -4.18995 , 0 , -1.258579
2025-11-20 15:02:18.1204 (StateSyncRequestHandler.cs:17) 玩家ID:479876868043177984 移动到新位置: -4.18995 , 0 , -1.258579
2025-11-20 15:02:18.4307 (StateSyncRequestHandler.cs:17) 玩家ID:479876868043177984 移动到新位置: -4.18995 , 0 , -1.058579
2025-11-20 15:02:18.5248 (StateSyncRequestHandler.cs:17) 玩家ID:479876868043177984 移动到新位置: -4.18995 , 0 , -1.058579
2025-11-20 15:07:18.7644  

==========================================================================
 
  ███████╗ █████╗ ███╗   ██╗████████╗ █████╗  ██████╗ ██╗   ██╗
  ██╔════╝██╔══██╗████╗  ██║╚══██╔══╝██╔══██╗██╔════╝ ╚██╗ ██╔╝
  █████╗  ███████║██╔██╗ ██║   ██║   ███████║╚█████╗   ╚████╔╝ 
  ██╔══╝  ██╔══██║██║╚██╗██║   ██║   ██╔══██║╚════██║   ╚██╔╝  
  ██║     ██║  ██║██║ ╚████║   ██║   ██║  ██║██████╔╝    ██║   
  ╚═╝     ╚═╝  ╚═╝╚═╝  ╚═══╝   ╚═╝   ╚═╝  ╚═╝╚═════╝     ╚═╝   
                                                            
 Version : Fantasy 2.0 Official version
==========================================================================

2025-11-20 15:07:18.8410  Current inner network protocol:TCP
2025-11-20 15:07:18.8410  Max Message Size(byte):1048560
2025-11-20 15:07:18.8410  Current session idle timeout:8000
2025-11-20 15:07:18.8410  Session-check interval:5000 
2025-11-20 15:07:19.6820  SceneConfigId = 1001 networkTarget = Inner TCPServer Listen 127.0.0.1:11002
2025-11-20 15:07:20.0297  SceneConfigId = 1001 networkTarget = Outer KCPServer Listen 127.0.0.1:20000
2025-11-20 15:07:20.0297  Process:1 Startup Complete SceneCount:1
2025-11-20 15:07:46.1826 (LobbyPlayerManagerComponentSystem.cs:69) 玩家ID:479882966896738304 移动到新位置: -0.19999999 , 0 , 0
2025-11-20 15:07:46.2536 (LobbyPlayerManagerComponentSystem.cs:69) 玩家ID:479882966896738304 移动到新位置: -0.39999998 , 0 , 0
2025-11-20 15:07:46.3476 (LobbyPlayerManagerComponentSystem.cs:69) 玩家ID:479882966896738304 移动到新位置: -0.59999996 , 0 , 0
2025-11-20 15:07:46.4554 (LobbyPlayerManagerComponentSystem.cs:69) 玩家ID:479882966896738304 移动到新位置: -0.79999995 , 0 , 0
2025-11-20 15:07:46.5473 (LobbyPlayerManagerComponentSystem.cs:69) 玩家ID:479882966896738304 移动到新位置: -0.99999994 , 0 , 0
2025-11-20 15:07:46.6418 (LobbyPlayerManagerComponentSystem.cs:69) 玩家ID:479882966896738304 移动到新位置: -1.1999999 , 0 , 0
2025-11-20 15:07:46.7493 (LobbyPlayerManagerComponentSystem.cs:69) 玩家ID:479882966896738304 移动到新位置: -1.3999999 , 0 , 0
2025-11-20 15:07:46.8583 (LobbyPlayerManagerComponentSystem.cs:69) 玩家ID:479882966896738304 移动到新位置: -1.3999999 , 0 , -0.19999999
2025-11-20 15:07:46.9503 (LobbyPlayerManagerComponentSystem.cs:69) 玩家ID:479882966896738304 移动到新位置: -1.3999999 , 0 , -0.39999998
2025-11-20 15:07:47.0434 (LobbyPlayerManagerComponentSystem.cs:69) 玩家ID:479882966896738304 移动到新位置: -1.3999999 , 0 , -0.59999996
2025-11-20 15:07:47.1499 (LobbyPlayerManagerComponentSystem.cs:69) 玩家ID:479882966896738304 移动到新位置: -1.3999999 , 0 , -0.79999995
2025-11-20 15:07:47.2603 (LobbyPlayerManagerComponentSystem.cs:69) 玩家ID:479882966896738304 移动到新位置: -1.3999999 , 0 , -0.99999994
2025-11-20 15:07:47.3372 (LobbyPlayerManagerComponentSystem.cs:69) 玩家ID:479882966896738304 移动到新位置: -1.5414212 , 0 , -1.1414213
2025-11-20 15:07:47.4623 (LobbyPlayerManagerComponentSystem.cs:69) 玩家ID:479882966896738304 移动到新位置: -1.6828425 , 0 , -1.2828426
2025-11-20 15:07:47.5407 (LobbyPlayerManagerComponentSystem.cs:69) 玩家ID:479882966896738304 移动到新位置: -1.8242638 , 0 , -1.424264
2025-11-20 15:07:47.6474 (LobbyPlayerManagerComponentSystem.cs:69) 玩家ID:479882966896738304 移动到新位置: -1.9656851 , 0 , -1.5656853
2025-11-20 15:07:47.7553 (LobbyPlayerManagerComponentSystem.cs:69) 玩家ID:479882966896738304 移动到新位置: -2.1071064 , 0 , -1.7071066
2025-11-20 15:07:47.8478 (LobbyPlayerManagerComponentSystem.cs:69) 玩家ID:479882966896738304 移动到新位置: -2.2485278 , 0 , -1.8485279
2025-11-20 15:07:47.9409 (LobbyPlayerManagerComponentSystem.cs:69) 玩家ID:479882966896738304 移动到新位置: -2.4485278 , 0 , -1.8485279
2025-11-20 15:07:48.0484 (LobbyPlayerManagerComponentSystem.cs:69) 玩家ID:479882966896738304 移动到新位置: -2.6485279 , 0 , -1.8485279
2025-11-20 15:07:48.1563 (LobbyPlayerManagerComponentSystem.cs:69) 玩家ID:479882966896738304 移动到新位置: -2.848528 , 0 , -1.8485279
2025-11-20 15:07:48.2482 (LobbyPlayerManagerComponentSystem.cs:69) 玩家ID:479882966896738304 移动到新位置: -3.048528 , 0 , -1.8485279
2025-11-20 15:07:48.3411 (LobbyPlayerManagerComponentSystem.cs:69) 玩家ID:479882966896738304 移动到新位置: -3.248528 , 0 , -1.8485279
2025-11-20 15:07:48.4492 (LobbyPlayerManagerComponentSystem.cs:69) 玩家ID:479882966896738304 移动到新位置: -3.448528 , 0 , -1.8485279
2025-11-20 15:07:48.5404 (LobbyPlayerManagerComponentSystem.cs:69) 玩家ID:479882966896738304 移动到新位置: -3.448528 , 0 , -2.048528
2025-11-20 15:07:48.6480 (LobbyPlayerManagerComponentSystem.cs:69) 玩家ID:479882966896738304 移动到新位置: -3.448528 , 0 , -2.048528
2025-11-20 15:07:49.1416 (LobbyPlayerManagerComponentSystem.cs:69) 玩家ID:479882966896738304 移动到新位置: -3.648528 , 0 , -2.048528
2025-11-20 15:07:49.2501 (LobbyPlayerManagerComponentSystem.cs:69) 玩家ID:479882966896738304 移动到新位置: -3.8485281 , 0 , -2.048528
2025-11-20 15:07:49.3440 (LobbyPlayerManagerComponentSystem.cs:69) 玩家ID:479882966896738304 移动到新位置: -4.048528 , 0 , -2.048528
2025-11-20 15:07:49.4524 (LobbyPlayerManagerComponentSystem.cs:69) 玩家ID:479882966896738304 移动到新位置: -4.048528 , 0 , -2.048528
2025-11-20 15:07:49.7444 (LobbyPlayerManagerComponentSystem.cs:69) 玩家ID:479882966896738304 移动到新位置: -3.8485281 , 0 , -2.048528
2025-11-20 15:07:49.8511 (LobbyPlayerManagerComponentSystem.cs:69) 玩家ID:479882966896738304 移动到新位置: -3.8485281 , 0 , -2.048528
2025-11-20 15:07:50.2415 (LobbyPlayerManagerComponentSystem.cs:69) 玩家ID:479882966896738304 移动到新位置: -3.8485281 , 0 , -2.248528
2025-11-20 15:07:50.3480 (LobbyPlayerManagerComponentSystem.cs:69) 玩家ID:479882966896738304 移动到新位置: -3.8485281 , 0 , -2.248528
2025-11-20 15:07:50.7520 (LobbyPlayerManagerComponentSystem.cs:69) 玩家ID:479882966896738304 移动到新位置: -4.048528 , 0 , -2.248528
2025-11-20 15:07:50.8451 (LobbyPlayerManagerComponentSystem.cs:69) 玩家ID:479882966896738304 移动到新位置: -4.248528 , 0 , -2.248528
2025-11-20 15:07:50.9542 (LobbyPlayerManagerComponentSystem.cs:69) 玩家ID:479882966896738304 移动到新位置: -4.448528 , 0 , -2.248528
2025-11-20 15:07:51.0477 (LobbyPlayerManagerComponentSystem.cs:69) 玩家ID:479882966896738304 移动到新位置: -4.589949 , 0 , -2.1071067
2025-11-20 15:07:51.1405 (LobbyPlayerManagerComponentSystem.cs:69) 玩家ID:479882966896738304 移动到新位置: -4.589949 , 0 , -1.9071066
2025-11-20 15:07:51.2494 (LobbyPlayerManagerComponentSystem.cs:69) 玩家ID:479882966896738304 移动到新位置: -4.589949 , 0 , -1.7071066
2025-11-20 15:07:51.3419 (LobbyPlayerManagerComponentSystem.cs:69) 玩家ID:479882966896738304 移动到新位置: -4.589949 , 0 , -1.5071065
2025-11-20 15:07:51.4500 (LobbyPlayerManagerComponentSystem.cs:69) 玩家ID:479882966896738304 移动到新位置: -4.589949 , 0 , -1.3071065
2025-11-20 15:07:51.5594 (LobbyPlayerManagerComponentSystem.cs:69) 玩家ID:479882966896738304 移动到新位置: -4.7313704 , 0 , -1.1656852
2025-11-20 15:07:51.6506 (LobbyPlayerManagerComponentSystem.cs:69) 玩家ID:479882966896738304 移动到新位置: -4.9313703 , 0 , -1.1656852
2025-11-20 15:07:51.7605 (LobbyPlayerManagerComponentSystem.cs:69) 玩家ID:479882966896738304 移动到新位置: -5.13137 , 0 , -1.1656852
2025-11-20 15:07:51.8544 (LobbyPlayerManagerComponentSystem.cs:69) 玩家ID:479882966896738304 移动到新位置: -5.33137 , 0 , -1.1656852
2025-11-20 15:07:51.9473 (LobbyPlayerManagerComponentSystem.cs:69) 玩家ID:479882966896738304 移动到新位置: -5.472791 , 0 , -1.0242639
2025-11-20 15:07:52.0549 (LobbyPlayerManagerComponentSystem.cs:69) 玩家ID:479882966896738304 移动到新位置: -5.472791 , 0 , -0.8242639
2025-11-20 15:07:52.1456 (LobbyPlayerManagerComponentSystem.cs:69) 玩家ID:479882966896738304 移动到新位置: -5.472791 , 0 , -0.6242639
2025-11-20 15:07:52.2545 (LobbyPlayerManagerComponentSystem.cs:69) 玩家ID:479882966896738304 移动到新位置: -5.472791 , 0 , -0.4242639
2025-11-20 15:07:52.3479 (LobbyPlayerManagerComponentSystem.cs:69) 玩家ID:479882966896738304 移动到新位置: -5.33137 , 0 , -0.28284255
2025-11-20 15:07:52.4409 (LobbyPlayerManagerComponentSystem.cs:69) 玩家ID:479882966896738304 移动到新位置: -5.1899486 , 0 , -0.1414212
2025-11-20 15:07:52.5482 (LobbyPlayerManagerComponentSystem.cs:69) 玩家ID:479882966896738304 移动到新位置: -5.0485272 , 0 , 1.4901161E-07
2025-11-20 15:07:52.6559 (LobbyPlayerManagerComponentSystem.cs:69) 玩家ID:479882966896738304 移动到新位置: -5.0485272 , 0 , 0.20000014
2025-11-20 15:07:52.7485 (LobbyPlayerManagerComponentSystem.cs:69) 玩家ID:479882966896738304 移动到新位置: -5.1899486 , 0 , 0.34142148
2025-11-20 15:07:52.8427 (LobbyPlayerManagerComponentSystem.cs:69) 玩家ID:479882966896738304 移动到新位置: -5.33137 , 0 , 0.48284283
2025-11-20 15:07:52.9508 (LobbyPlayerManagerComponentSystem.cs:69) 玩家ID:479882966896738304 移动到新位置: -5.33137 , 0 , 0.68284285
2025-11-20 15:07:53.0427 (LobbyPlayerManagerComponentSystem.cs:69) 玩家ID:479882966896738304 移动到新位置: -5.1899486 , 0 , 0.82426417
2025-11-20 15:07:53.1510 (StateSyncRequestHandler.cs:17) 玩家ID:479882966896738304 移动到新位置: -4.9899487 , 0 , 0.82426417
2025-11-20 15:07:53.2439 (StateSyncRequestHandler.cs:17) 玩家ID:479882966896738304 移动到新位置: -4.8485274 , 0 , 0.68284285
2025-11-20 15:07:53.3507 (StateSyncRequestHandler.cs:17) 玩家ID:479882966896738304 移动到新位置: -4.8485274 , 0 , 0.48284286
2025-11-20 15:07:53.4411 (StateSyncRequestHandler.cs:17) 玩家ID:479882966896738304 移动到新位置: -4.8485274 , 0 , 0.28284287
2025-11-20 15:07:53.5489 (StateSyncRequestHandler.cs:17) 玩家ID:479882966896738304 移动到新位置: -4.9899487 , 0 , 0.14142153
2025-11-20 15:07:53.6415 (StateSyncRequestHandler.cs:17) 玩家ID:479882966896738304 移动到新位置: -5.1899486 , 0 , 0.14142153
2025-11-20 15:07:53.7510 (StateSyncRequestHandler.cs:17) 玩家ID:479882966896738304 移动到新位置: -5.3899484 , 0 , 0.14142153
2025-11-20 15:07:53.8600 (StateSyncRequestHandler.cs:17) 玩家ID:479882966896738304 移动到新位置: -5.3899484 , 0 , 0.3414215
2025-11-20 15:07:53.9513 (StateSyncRequestHandler.cs:17) 玩家ID:479882966896738304 移动到新位置: -5.3899484 , 0 , 0.54142153
2025-11-20 15:07:54.0441 (StateSyncRequestHandler.cs:17) 玩家ID:479882966896738304 移动到新位置: -5.5313697 , 0 , 0.68284285
2025-11-20 15:07:54.1517 (StateSyncRequestHandler.cs:17) 玩家ID:479882966896738304 移动到新位置: -5.7313695 , 0 , 0.68284285
2025-11-20 15:07:54.2589 (StateSyncRequestHandler.cs:17) 玩家ID:479882966896738304 移动到新位置: -5.872791 , 0 , 0.54142153
2025-11-20 15:07:54.3354 (StateSyncRequestHandler.cs:17) 玩家ID:479882966896738304 移动到新位置: -6.0727906 , 0 , 0.54142153
2025-11-20 15:07:54.4463 (StateSyncRequestHandler.cs:17) 玩家ID:479882966896738304 移动到新位置: -6.214212 , 0 , 0.68284285
2025-11-20 15:07:54.5401 (StateSyncRequestHandler.cs:17) 玩家ID:479882966896738304 移动到新位置: -6.214212 , 0 , 0.88284284
2025-11-20 15:07:54.6483 (StateSyncRequestHandler.cs:17) 玩家ID:479882966896738304 移动到新位置: -6.214212 , 0 , 1.0828428
2025-11-20 15:07:54.7570 (StateSyncRequestHandler.cs:17) 玩家ID:479882966896738304 移动到新位置: -6.214212 , 0 , 1.2828429
2025-11-20 15:07:54.8490 (StateSyncRequestHandler.cs:17) 玩家ID:479882966896738304 移动到新位置: -6.214212 , 0 , 1.4828429
2025-11-20 15:07:54.9435 (StateSyncRequestHandler.cs:17) 玩家ID:479882966896738304 移动到新位置: -6.0727906 , 0 , 1.6242642
2025-11-20 15:07:55.0512 (StateSyncRequestHandler.cs:17) 玩家ID:479882966896738304 移动到新位置: -5.9313693 , 0 , 1.7656856
2025-11-20 15:07:55.1440 (StateSyncRequestHandler.cs:17) 玩家ID:479882966896738304 移动到新位置: -5.7313695 , 0 , 1.7656856
2025-11-20 15:07:55.2387 (StateSyncRequestHandler.cs:17) 玩家ID:479882966896738304 移动到新位置: -5.5313697 , 0 , 1.7656856
2025-11-20 15:07:55.3457 (StateSyncRequestHandler.cs:17) 玩家ID:479882966896738304 移动到新位置: -5.33137 , 0 , 1.7656856
2025-11-20 15:07:55.4559 (StateSyncRequestHandler.cs:17) 玩家ID:479882966896738304 移动到新位置: -5.13137 , 0 , 1.7656856
2025-11-20 15:07:55.5483 (StateSyncRequestHandler.cs:17) 玩家ID:479882966896738304 移动到新位置: -4.9899487 , 0 , 1.9071069
2025-11-20 15:07:55.6402 (StateSyncRequestHandler.cs:17) 玩家ID:479882966896738304 移动到新位置: -4.9899487 , 0 , 2.107107
2025-11-20 15:07:55.7491 (StateSyncRequestHandler.cs:17) 玩家ID:479882966896738304 移动到新位置: -4.9899487 , 0 , 2.307107
2025-11-20 15:07:55.8564 (StateSyncRequestHandler.cs:17) 玩家ID:479882966896738304 移动到新位置: -4.9899487 , 0 , 2.507107
2025-11-20 15:07:55.9494 (StateSyncRequestHandler.cs:17) 玩家ID:479882966896738304 移动到新位置: -5.13137 , 0 , 2.6485283
2025-11-20 15:07:56.0547 (StateSyncRequestHandler.cs:17) 玩家ID:479882966896738304 移动到新位置: -5.33137 , 0 , 2.6485283
2025-11-20 15:07:56.1480 (StateSyncRequestHandler.cs:17) 玩家ID:479882966896738304 移动到新位置: -5.5313697 , 0 , 2.6485283
2025-11-20 15:07:56.2383 (StateSyncRequestHandler.cs:17) 玩家ID:479882966896738304 移动到新位置: -5.7313695 , 0 , 2.6485283
2025-11-20 15:07:56.3487 (StateSyncRequestHandler.cs:17) 玩家ID:479882966896738304 移动到新位置: -5.9313693 , 0 , 2.6485283
2025-11-20 15:07:56.4409 (StateSyncRequestHandler.cs:17) 玩家ID:479882966896738304 移动到新位置: -6.0727906 , 0 , 2.7899497
2025-11-20 15:07:56.5488 (StateSyncRequestHandler.cs:17) 玩家ID:479882966896738304 移动到新位置: -6.0727906 , 0 , 2.9899497
2025-11-20 15:07:56.6424 (StateSyncRequestHandler.cs:17) 玩家ID:479882966896738304 移动到新位置: -6.0727906 , 0 , 3.1899498
2025-11-20 15:07:56.7497 (StateSyncRequestHandler.cs:17) 玩家ID:479882966896738304 移动到新位置: -6.0727906 , 0 , 3.3899498
2025-11-20 15:07:56.8433 (StateSyncRequestHandler.cs:17) 玩家ID:479882966896738304 移动到新位置: -6.0727906 , 0 , 3.5899498
2025-11-20 15:07:56.9509 (StateSyncRequestHandler.cs:17) 玩家ID:479882966896738304 移动到新位置: -6.0727906 , 0 , 3.78995
2025-11-20 15:07:57.0438 (StateSyncRequestHandler.cs:17) 玩家ID:479882966896738304 移动到新位置: -6.0727906 , 0 , 3.78995
2025-11-20 15:07:58.4468 (StateSyncRequestHandler.cs:17) 玩家ID:479882966896738304 移动到新位置: -6.0727906 , 0 , 3.5899498
2025-11-20 15:07:58.5560 (StateSyncRequestHandler.cs:17) 玩家ID:479882966896738304 移动到新位置: -5.9313693 , 0 , 3.4485285
2025-11-20 15:07:58.6486 (StateSyncRequestHandler.cs:17) 玩家ID:479882966896738304 移动到新位置: -5.789948 , 0 , 3.3071072
2025-11-20 15:07:58.7561 (StateSyncRequestHandler.cs:17) 玩家ID:479882966896738304 移动到新位置: -5.6485267 , 0 , 3.165686
2025-11-20 15:07:58.8486 (StateSyncRequestHandler.cs:17) 玩家ID:479882966896738304 移动到新位置: -5.6485267 , 0 , 2.9656858
2025-11-20 15:07:58.9403 (StateSyncRequestHandler.cs:17) 玩家ID:479882966896738304 移动到新位置: -5.6485267 , 0 , 2.7656858
2025-11-20 15:07:59.0470 (StateSyncRequestHandler.cs:17) 玩家ID:479882966896738304 移动到新位置: -5.6485267 , 0 , 2.5656857
2025-11-20 15:07:59.1547 (StateSyncRequestHandler.cs:17) 玩家ID:479882966896738304 移动到新位置: -5.6485267 , 0 , 2.3656857
2025-11-20 15:07:59.2475 (StateSyncRequestHandler.cs:17) 玩家ID:479882966896738304 移动到新位置: -5.5071054 , 0 , 2.2242644
2025-11-20 15:07:59.3401 (StateSyncRequestHandler.cs:17) 玩家ID:479882966896738304 移动到新位置: -5.365684 , 0 , 2.082843
2025-11-20 15:07:59.4480 (StateSyncRequestHandler.cs:17) 玩家ID:479882966896738304 移动到新位置: -5.2242627 , 0 , 1.9414217
2025-11-20 15:07:59.5560 (StateSyncRequestHandler.cs:17) 玩家ID:479882966896738304 移动到新位置: -5.2242627 , 0 , 1.9414217
2025-11-20 15:08:00.1453 (StateSyncRequestHandler.cs:17) 玩家ID:479882966896738304 移动到新位置: -5.0828414 , 0 , 1.8000004
2025-11-20 15:08:00.2537 (StateSyncRequestHandler.cs:17) 玩家ID:479882966896738304 移动到新位置: -4.94142 , 0 , 1.6585791
2025-11-20 15:08:00.3446 (StateSyncRequestHandler.cs:17) 玩家ID:479882966896738304 移动到新位置: -4.94142 , 0 , 1.6585791
2025-11-20 15:08:01.2562 (StateSyncRequestHandler.cs:17) 玩家ID:479882966896738304 移动到新位置: -4.7999988 , 0 , 1.5171578
2025-11-20 15:08:01.3484 (StateSyncRequestHandler.cs:17) 玩家ID:479882966896738304 移动到新位置: -4.6585774 , 0 , 1.3757365
2025-11-20 15:08:01.4409 (StateSyncRequestHandler.cs:17) 玩家ID:479882966896738304 移动到新位置: -4.517156 , 0 , 1.2343152
2025-11-20 15:08:01.5502 (StateSyncRequestHandler.cs:17) 玩家ID:479882966896738304 移动到新位置: -4.517156 , 0 , 1.2343152
2025-11-20 15:08:02.0458 (StateSyncRequestHandler.cs:17) 玩家ID:479882966896738304 移动到新位置: -4.717156 , 0 , 1.2343152
2025-11-20 15:08:02.1544 (StateSyncRequestHandler.cs:17) 玩家ID:479882966896738304 移动到新位置: -4.8585773 , 0 , 1.0928938
2025-11-20 15:08:02.2461 (StateSyncRequestHandler.cs:17) 玩家ID:479882966896738304 移动到新位置: -4.9999986 , 0 , 0.9514725
2025-11-20 15:08:02.3551 (StateSyncRequestHandler.cs:17) 玩家ID:479882966896738304 移动到新位置: -5.14142 , 0 , 0.8100512
2025-11-20 15:08:02.4476 (StateSyncRequestHandler.cs:17) 玩家ID:479882966896738304 移动到新位置: -5.14142 , 0 , 0.6100512
2025-11-20 15:08:02.5540 (StateSyncRequestHandler.cs:17) 玩家ID:479882966896738304 移动到新位置: -5.14142 , 0 , 0.6100512
2025-11-20 15:08:02.7412 (StateSyncRequestHandler.cs:17) 玩家ID:479882966896738304 移动到新位置: -5.14142 , 0 , 0.41005123
2025-11-20 15:08:02.8491 (StateSyncRequestHandler.cs:17) 玩家ID:479882966896738304 移动到新位置: -5.14142 , 0 , 0.21005124
2025-11-20 15:08:02.9562 (StateSyncRequestHandler.cs:17) 玩家ID:479882966896738304 移动到新位置: -5.14142 , 0 , 0.01005125
2025-11-20 15:08:03.0477 (StateSyncRequestHandler.cs:17) 玩家ID:479882966896738304 移动到新位置: -5.14142 , 0 , -0.18994874
2025-11-20 15:08:03.1402 (StateSyncRequestHandler.cs:17) 玩家ID:479882966896738304 移动到新位置: -5.14142 , 0 , -0.38994873
2025-11-20 15:08:03.2501 (StateSyncRequestHandler.cs:17) 玩家ID:479882966896738304 移动到新位置: -5.14142 , 0 , -0.5899487
2025-11-20 15:08:03.3426 (StateSyncRequestHandler.cs:17) 玩家ID:479882966896738304 移动到新位置: -4.9999986 , 0 , -0.7313701
2025-11-20 15:08:03.4521 (StateSyncRequestHandler.cs:17) 玩家ID:479882966896738304 移动到新位置: -4.7999988 , 0 , -0.7313701
2025-11-20 15:08:03.5449 (StateSyncRequestHandler.cs:17) 玩家ID:479882966896738304 移动到新位置: -4.599999 , 0 , -0.7313701
2025-11-20 15:08:03.6363 (StateSyncRequestHandler.cs:17) 玩家ID:479882966896738304 移动到新位置: -4.599999 , 0 , -0.5313701
2025-11-20 15:08:03.7447 (StateSyncRequestHandler.cs:17) 玩家ID:479882966896738304 移动到新位置: -4.7414203 , 0 , -0.38994876
2025-11-20 15:08:03.8541 (StateSyncRequestHandler.cs:17) 玩家ID:479882966896738304 移动到新位置: -4.8828416 , 0 , -0.24852741
2025-11-20 15:08:03.9468 (StateSyncRequestHandler.cs:17) 玩家ID:479882966896738304 移动到新位置: -5.024263 , 0 , -0.10710606
2025-11-20 15:08:04.0405 (StateSyncRequestHandler.cs:17) 玩家ID:479882966896738304 移动到新位置: -5.165684 , 0 , 0.034315288
2025-11-20 15:08:04.1498 (StateSyncRequestHandler.cs:17) 玩家ID:479882966896738304 移动到新位置: -5.3071055 , 0 , 0.17573664
2025-11-20 15:08:04.2580 (StateSyncRequestHandler.cs:17) 玩家ID:479882966896738304 移动到新位置: -5.448527 , 0 , 0.31715798
2025-11-20 15:08:04.3357 (StateSyncRequestHandler.cs:17) 玩家ID:479882966896738304 移动到新位置: -5.448527 , 0 , 0.517158
2025-11-20 15:08:04.4592 (StateSyncRequestHandler.cs:17) 玩家ID:479882966896738304 移动到新位置: -5.448527 , 0 , 0.71715796
2025-11-20 15:08:04.5518 (StateSyncRequestHandler.cs:17) 玩家ID:479882966896738304 移动到新位置: -5.448527 , 0 , 0.71715796
2025-11-20 15:08:06.1493 (StateSyncRequestHandler.cs:17) 玩家ID:479882966896738304 移动到新位置: -5.248527 , 0 , 0.71715796
2025-11-20 15:08:06.2430 (StateSyncRequestHandler.cs:17) 玩家ID:479882966896738304 移动到新位置: -5.248527 , 0 , 0.91715795
2025-11-20 15:08:06.3507 (StateSyncRequestHandler.cs:17) 玩家ID:479882966896738304 移动到新位置: -5.248527 , 0 , 1.1171579
2025-11-20 15:08:06.4583 (StateSyncRequestHandler.cs:17) 玩家ID:479882966896738304 移动到新位置: -5.3899484 , 0 , 1.2585793
2025-11-20 15:08:06.5509 (StateSyncRequestHandler.cs:17) 玩家ID:479882966896738304 移动到新位置: -5.5313697 , 0 , 1.4000006
2025-11-20 15:08:06.6434 (StateSyncRequestHandler.cs:17) 玩家ID:479882966896738304 移动到新位置: -5.5313697 , 0 , 1.6000006
2025-11-20 15:08:06.7522 (StateSyncRequestHandler.cs:17) 玩家ID:479882966896738304 移动到新位置: -5.5313697 , 0 , 1.6000006
2025-11-20 15:08:16.5472 (StateSyncRequestHandler.cs:17) 玩家ID:479882966896738304 移动到新位置: -5.5313697 , 0 , 1.4000006
2025-11-20 15:08:16.6553 (StateSyncRequestHandler.cs:17) 玩家ID:479882966896738304 移动到新位置: -5.5313697 , 0 , 1.2000005
2025-11-20 15:08:16.7488 (StateSyncRequestHandler.cs:17) 玩家ID:479882966896738304 移动到新位置: -5.5313697 , 0 , 1.0000005
2025-11-20 15:08:16.8563 (StateSyncRequestHandler.cs:17) 玩家ID:479882966896738304 移动到新位置: -5.5313697 , 0 , 0.8000005
2025-11-20 15:08:16.9485 (StateSyncRequestHandler.cs:17) 玩家ID:479882966896738304 移动到新位置: -5.3899484 , 0 , 0.6585791
2025-11-20 15:08:17.0556 (StateSyncRequestHandler.cs:17) 玩家ID:479882966896738304 移动到新位置: -5.3899484 , 0 , 0.45857912
2025-11-20 15:08:17.1489 (StateSyncRequestHandler.cs:17) 玩家ID:479882966896738304 移动到新位置: -5.3899484 , 0 , 0.25857913
2025-11-20 15:08:17.2572 (StateSyncRequestHandler.cs:17) 玩家ID:479882966896738304 移动到新位置: -5.5313697 , 0 , 0.11715779
2025-11-20 15:08:17.3501 (StateSyncRequestHandler.cs:17) 玩家ID:479882966896738304 移动到新位置: -5.7313695 , 0 , 0.11715779
2025-11-20 15:08:17.4420 (StateSyncRequestHandler.cs:17) 玩家ID:479882966896738304 移动到新位置: -5.9313693 , 0 , 0.11715779
2025-11-20 15:08:17.5502 (StateSyncRequestHandler.cs:17) 玩家ID:479882966896738304 移动到新位置: -6.131369 , 0 , 0.11715779
2025-11-20 15:08:17.6573 (StateSyncRequestHandler.cs:17) 玩家ID:479882966896738304 移动到新位置: -6.131369 , 0 , 0.11715779
2025-11-20 15:08:18.0597 (StateSyncRequestHandler.cs:17) 玩家ID:479882966896738304 移动到新位置: -6.131369 , 0 , -0.0828422
2025-11-20 15:08:18.1513 (StateSyncRequestHandler.cs:17) 玩家ID:479882966896738304 移动到新位置: -6.131369 , 0 , -0.2828422
2025-11-20 15:08:18.2445 (StateSyncRequestHandler.cs:17) 玩家ID:479882966896738304 移动到新位置: -6.131369 , 0 , -0.48284218
2025-11-20 15:08:18.3536 (StateSyncRequestHandler.cs:17) 玩家ID:479882966896738304 移动到新位置: -5.989948 , 0 , -0.6242635
2025-11-20 15:08:18.4467 (StateSyncRequestHandler.cs:17) 玩家ID:479882966896738304 移动到新位置: -5.8485265 , 0 , -0.76568484
2025-11-20 15:08:18.5552 (StateSyncRequestHandler.cs:17) 玩家ID:479882966896738304 移动到新位置: -5.6485267 , 0 , -0.76568484
2025-11-20 15:08:18.6490 (StateSyncRequestHandler.cs:17) 玩家ID:479882966896738304 移动到新位置: -5.448527 , 0 , -0.76568484
2025-11-20 15:08:18.7588 (StateSyncRequestHandler.cs:17) 玩家ID:479882966896738304 移动到新位置: -5.448527 , 0 , -0.56568485
2025-11-20 15:08:18.8497 (StateSyncRequestHandler.cs:17) 玩家ID:479882966896738304 移动到新位置: -5.448527 , 0 , -0.36568487
2025-11-20 15:08:18.9598 (StateSyncRequestHandler.cs:17) 玩家ID:479882966896738304 移动到新位置: -5.589948 , 0 , -0.22426352
2025-11-20 15:08:19.0521 (StateSyncRequestHandler.cs:17) 玩家ID:479882966896738304 移动到新位置: -5.7313695 , 0 , -0.08284217
2025-11-20 15:08:19.1614 (StateSyncRequestHandler.cs:17) 玩家ID:479882966896738304 移动到新位置: -5.872791 , 0 , 0.058579177
2025-11-20 15:08:19.2534 (StateSyncRequestHandler.cs:17) 玩家ID:479882966896738304 移动到新位置: -5.872791 , 0 , 0.25857916
2025-11-20 15:08:19.3633 (StateSyncRequestHandler.cs:17) 玩家ID:479882966896738304 移动到新位置: -5.7313695 , 0 , 0.4000005
2025-11-20 15:08:19.4422 (StateSyncRequestHandler.cs:17) 玩家ID:479882966896738304 移动到新位置: -5.5313697 , 0 , 0.4000005
2025-11-20 15:08:19.5513 (StateSyncRequestHandler.cs:17) 玩家ID:479882966896738304 移动到新位置: -5.33137 , 0 , 0.4000005
2025-11-20 15:08:19.6604 (StateSyncRequestHandler.cs:17) 玩家ID:479882966896738304 移动到新位置: -5.13137 , 0 , 0.4000005
2025-11-20 15:08:19.7383 (StateSyncRequestHandler.cs:17) 玩家ID:479882966896738304 移动到新位置: -4.9899487 , 0 , 0.25857916
2025-11-20 15:08:19.8468 (StateSyncRequestHandler.cs:17) 玩家ID:479882966896738304 移动到新位置: -4.9899487 , 0 , 0.058579177
2025-11-20 15:08:19.9548 (StateSyncRequestHandler.cs:17) 玩家ID:479882966896738304 移动到新位置: -4.9899487 , 0 , -0.14142081
2025-11-20 15:08:20.0469 (StateSyncRequestHandler.cs:17) 玩家ID:479882966896738304 移动到新位置: -4.9899487 , 0 , -0.3414208
2025-11-20 15:08:20.1549 (StateSyncRequestHandler.cs:17) 玩家ID:479882966896738304 移动到新位置: -4.9899487 , 0 , -0.5414208
2025-11-20 15:08:20.2486 (StateSyncRequestHandler.cs:17) 玩家ID:479882966896738304 移动到新位置: -4.9899487 , 0 , -0.7414208
2025-11-20 15:08:20.3571 (StateSyncRequestHandler.cs:17) 玩家ID:479882966896738304 移动到新位置: -4.9899487 , 0 , -0.9414208
2025-11-20 15:08:20.4652 (StateSyncRequestHandler.cs:17) 玩家ID:479882966896738304 移动到新位置: -4.9899487 , 0 , -1.1414208
2025-11-20 15:08:20.5582 (StateSyncRequestHandler.cs:17) 玩家ID:479882966896738304 移动到新位置: -4.9899487 , 0 , -1.3414209
2025-11-20 15:08:20.6512 (StateSyncRequestHandler.cs:17) 玩家ID:479882966896738304 移动到新位置: -4.9899487 , 0 , -1.3414209
2025-11-20 15:08:22.2504 (StateSyncRequestHandler.cs:17) 玩家ID:479883430753206272 移动到新位置: 0 , 0 , -0.19999999
2025-11-20 15:08:22.3427 (StateSyncRequestHandler.cs:17) 玩家ID:479883430753206272 移动到新位置: 0 , 0 , -0.39999998
2025-11-20 15:08:22.4363 (StateSyncRequestHandler.cs:17) 玩家ID:479883430753206272 移动到新位置: 0 , 0 , -0.59999996
2025-11-20 15:08:22.5315 (StateSyncRequestHandler.cs:17) 玩家ID:479883430753206272 移动到新位置: -0.14142135 , 0 , -0.74142134
2025-11-20 15:08:22.6399 (StateSyncRequestHandler.cs:17) 玩家ID:479883430753206272 移动到新位置: -0.2828427 , 0 , -0.88284266
2025-11-20 15:08:22.7342 (StateSyncRequestHandler.cs:17) 玩家ID:479883430753206272 移动到新位置: -0.42426404 , 0 , -1.024264
2025-11-20 15:08:22.8567 (StateSyncRequestHandler.cs:17) 玩家ID:479883430753206272 移动到新位置: -0.5656854 , 0 , -1.1656853
2025-11-20 15:08:22.9494 (StateSyncRequestHandler.cs:17) 玩家ID:479883430753206272 移动到新位置: -0.7656854 , 0 , -1.1656853
2025-11-20 15:08:23.0444 (StateSyncRequestHandler.cs:17) 玩家ID:479883430753206272 移动到新位置: -0.96568537 , 0 , -1.1656853
2025-11-20 15:08:23.1533 (StateSyncRequestHandler.cs:17) 玩家ID:479883430753206272 移动到新位置: -1.1656854 , 0 , -1.1656853
2025-11-20 15:08:23.2450 (StateSyncRequestHandler.cs:17) 玩家ID:479883430753206272 移动到新位置: -1.3656855 , 0 , -1.1656853
2025-11-20 15:08:23.3394 (StateSyncRequestHandler.cs:17) 玩家ID:479883430753206272 移动到新位置: -1.5071068 , 0 , -1.3071066
2025-11-20 15:08:23.4480 (StateSyncRequestHandler.cs:17) 玩家ID:479883430753206272 移动到新位置: -1.5071068 , 0 , -1.5071065
2025-11-20 15:08:23.5567 (StateSyncRequestHandler.cs:17) 玩家ID:479883430753206272 移动到新位置: -1.5071068 , 0 , -1.7071066
2025-11-20 15:08:23.6342 (StateSyncRequestHandler.cs:17) 玩家ID:479883430753206272 移动到新位置: -1.5071068 , 0 , -1.9071066
2025-11-20 15:08:23.7446 (StateSyncRequestHandler.cs:17) 玩家ID:479883430753206272 移动到新位置: -1.6485281 , 0 , -2.048528
2025-11-20 15:08:23.8382 (StateSyncRequestHandler.cs:17) 玩家ID:479883430753206272 移动到新位置: -1.8485281 , 0 , -2.048528
2025-11-20 15:08:23.9467 (StateSyncRequestHandler.cs:17) 玩家ID:479883430753206272 移动到新位置: -2.0485282 , 0 , -2.048528
2025-11-20 15:08:24.0556 (StateSyncRequestHandler.cs:17) 玩家ID:479883430753206272 移动到新位置: -2.0485282 , 0 , -1.8485279
2025-11-20 15:08:24.1326 (StateSyncRequestHandler.cs:17) 玩家ID:479883430753206272 移动到新位置: -2.0485282 , 0 , -1.6485279
2025-11-20 15:08:24.2382 (StateSyncRequestHandler.cs:17) 玩家ID:479883430753206272 移动到新位置: -1.9071069 , 0 , -1.5071065
2025-11-20 15:08:24.3471 (StateSyncRequestHandler.cs:17) 玩家ID:479883430753206272 移动到新位置: -1.7656856 , 0 , -1.3656852
2025-11-20 15:08:24.4394 (StateSyncRequestHandler.cs:17) 玩家ID:479883430753206272 移动到新位置: -1.6242642 , 0 , -1.2242639
2025-11-20 15:08:24.5469 (StateSyncRequestHandler.cs:17) 玩家ID:479883430753206272 移动到新位置: -1.4828429 , 0 , -1.0828426
2025-11-20 15:08:24.6564 (StateSyncRequestHandler.cs:17) 玩家ID:479883430753206272 移动到新位置: -1.3414216 , 0 , -0.9414213
2025-11-20 15:08:24.7470 (StateSyncRequestHandler.cs:17) 玩家ID:479883430753206272 移动到新位置: -1.3414216 , 0 , -0.7414213
2025-11-20 15:08:24.8392 (StateSyncRequestHandler.cs:17) 玩家ID:479883430753206272 移动到新位置: -1.5414217 , 0 , -0.7414213
2025-11-20 15:08:24.9461 (StateSyncRequestHandler.cs:17) 玩家ID:479883430753206272 移动到新位置: -1.7414217 , 0 , -0.7414213
2025-11-20 15:08:25.0389 (StateSyncRequestHandler.cs:17) 玩家ID:479883430753206272 移动到新位置: -1.7414217 , 0 , -0.9414213
2025-11-20 15:08:25.1318 (StateSyncRequestHandler.cs:17) 玩家ID:479883430753206272 移动到新位置: -1.7414217 , 0 , -1.1414213
2025-11-20 15:08:25.2421 (StateSyncRequestHandler.cs:17) 玩家ID:479883430753206272 移动到新位置: -1.6000004 , 0 , -1.2828426
2025-11-20 15:08:25.3341 (StateSyncRequestHandler.cs:17) 玩家ID:479883430753206272 移动到新位置: -1.4000003 , 0 , -1.2828426
2025-11-20 15:08:25.4440 (StateSyncRequestHandler.cs:17) 玩家ID:479883430753206272 移动到新位置: -1.2000003 , 0 , -1.2828426
2025-11-20 15:08:25.5511 (StateSyncRequestHandler.cs:17) 玩家ID:479883430753206272 移动到新位置: -1.0000002 , 0 , -1.2828426
2025-11-20 15:08:25.6434 (StateSyncRequestHandler.cs:17) 玩家ID:479883430753206272 移动到新位置: -0.8585789 , 0 , -1.424264
2025-11-20 15:08:25.7358 (StateSyncRequestHandler.cs:17) 玩家ID:479883430753206272 移动到新位置: -0.8585789 , 0 , -1.624264
2025-11-20 15:08:25.8442 (StateSyncRequestHandler.cs:17) 玩家ID:479883430753206272 移动到新位置: -1.0000002 , 0 , -1.7656853
2025-11-20 15:08:25.9371 (StateSyncRequestHandler.cs:17) 玩家ID:479883430753206272 移动到新位置: -1.1414216 , 0 , -1.9071066
2025-11-20 15:08:26.0470 (StateSyncRequestHandler.cs:17) 玩家ID:479883430753206272 移动到新位置: -1.1414216 , 0 , -1.9071066
2025-11-20 15:08:26.5412 (StateSyncRequestHandler.cs:17) 玩家ID:479883430753206272 移动到新位置: -0.94142157 , 0 , -1.9071066
2025-11-20 15:08:26.6484 (StateSyncRequestHandler.cs:17) 玩家ID:479883430753206272 移动到新位置: -0.94142157 , 0 , -1.9071066
2025-11-20 15:08:26.8322 (StateSyncRequestHandler.cs:17) 玩家ID:479883430753206272 移动到新位置: -0.94142157 , 0 , -2.1071067
2025-11-20 15:08:26.9558 (StateSyncRequestHandler.cs:17) 玩家ID:479883430753206272 移动到新位置: -0.94142157 , 0 , -2.3071067
2025-11-20 15:08:27.0484 (StateSyncRequestHandler.cs:17) 玩家ID:479883430753206272 移动到新位置: -0.94142157 , 0 , -2.5071068
2025-11-20 15:08:27.1435 (StateSyncRequestHandler.cs:17) 玩家ID:479883430753206272 移动到新位置: -0.94142157 , 0 , -2.5071068
2025-11-20 15:08:28.2440 (StateSyncRequestHandler.cs:17) 玩家ID:479883430753206272 移动到新位置: -1.1414216 , 0 , -2.5071068
2025-11-20 15:08:28.3367 (StateSyncRequestHandler.cs:17) 玩家ID:479883430753206272 移动到新位置: -1.3414216 , 0 , -2.5071068
2025-11-20 15:08:28.4440 (StateSyncRequestHandler.cs:17) 玩家ID:479883430753206272 移动到新位置: -1.4828429 , 0 , -2.3656855
2025-11-20 15:08:28.5335 (StateSyncRequestHandler.cs:17) 玩家ID:479883430753206272 移动到新位置: -1.4828429 , 0 , -2.1656854
2025-11-20 15:08:28.6425 (StateSyncRequestHandler.cs:17) 玩家ID:479883430753206272 移动到新位置: -1.4828429 , 0 , -1.9656854
2025-11-20 15:08:28.7365 (StateSyncRequestHandler.cs:17) 玩家ID:479883430753206272 移动到新位置: -1.4828429 , 0 , -1.7656853
2025-11-20 15:08:28.8436 (StateSyncRequestHandler.cs:17) 玩家ID:479883430753206272 移动到新位置: -1.6242642 , 0 , -1.624264
2025-11-20 15:08:28.9365 (StateSyncRequestHandler.cs:17) 玩家ID:479883430753206272 移动到新位置: -1.7656856 , 0 , -1.4828427
2025-11-20 15:08:29.0444 (StateSyncRequestHandler.cs:17) 玩家ID:479883430753206272 移动到新位置: -1.9656856 , 0 , -1.4828427
2025-11-20 15:08:29.1543 (StateSyncRequestHandler.cs:17) 玩家ID:479883430753206272 移动到新位置: -2.1656857 , 0 , -1.4828427
2025-11-20 15:08:29.2460 (StateSyncRequestHandler.cs:17) 玩家ID:479883430753206272 移动到新位置: -2.1656857 , 0 , -1.6828427
2025-11-20 15:08:29.3551 (StateSyncRequestHandler.cs:17) 玩家ID:479883430753206272 移动到新位置: -2.1656857 , 0 , -1.8828428
2025-11-20 15:08:29.4316 (StateSyncRequestHandler.cs:17) 玩家ID:479883430753206272 移动到新位置: -2.1656857 , 0 , -2.0828428
2025-11-20 15:08:29.5421 (StateSyncRequestHandler.cs:17) 玩家ID:479883430753206272 移动到新位置: -2.1656857 , 0 , -2.2828429
2025-11-20 15:08:29.6519 (StateSyncRequestHandler.cs:17) 玩家ID:479883430753206272 移动到新位置: -2.1656857 , 0 , -2.482843
2025-11-20 15:08:29.7460 (StateSyncRequestHandler.cs:17) 玩家ID:479883430753206272 移动到新位置: -2.307107 , 0 , -2.6242642
2025-11-20 15:08:29.8383 (StateSyncRequestHandler.cs:17) 玩家ID:479883430753206272 移动到新位置: -2.507107 , 0 , -2.6242642
2025-11-20 15:08:29.9633 (StateSyncRequestHandler.cs:17) 玩家ID:479883430753206272 移动到新位置: -2.707107 , 0 , -2.6242642
2025-11-20 15:08:30.0394 (StateSyncRequestHandler.cs:17) 玩家ID:479883430753206272 移动到新位置: -2.707107 , 0 , -2.4242642
2025-11-20 15:08:30.1486 (StateSyncRequestHandler.cs:17) 玩家ID:479883430753206272 移动到新位置: -2.707107 , 0 , -2.2242641
2025-11-20 15:08:30.2431 (StateSyncRequestHandler.cs:17) 玩家ID:479883430753206272 移动到新位置: -2.707107 , 0 , -2.024264
2025-11-20 15:08:30.3503 (StateSyncRequestHandler.cs:17) 玩家ID:479883430753206272 移动到新位置: -2.5656857 , 0 , -1.8828428
2025-11-20 15:08:30.4420 (StateSyncRequestHandler.cs:17) 玩家ID:479883430753206272 移动到新位置: -2.4242644 , 0 , -1.7414215
2025-11-20 15:08:30.5494 (StateSyncRequestHandler.cs:17) 玩家ID:479883430753206272 移动到新位置: -2.282843 , 0 , -1.6000001
2025-11-20 15:08:30.6427 (StateSyncRequestHandler.cs:17) 玩家ID:479883430753206272 移动到新位置: -2.1414218 , 0 , -1.4585788
2025-11-20 15:08:30.7345 (StateSyncRequestHandler.cs:17) 玩家ID:479883430753206272 移动到新位置: -2.1414218 , 0 , -1.2585788
2025-11-20 15:08:30.8436 (StateSyncRequestHandler.cs:17) 玩家ID:479883430753206272 移动到新位置: -2.1414218 , 0 , -1.0585787
2025-11-20 15:08:30.9509 (StateSyncRequestHandler.cs:17) 玩家ID:479883430753206272 移动到新位置: -2.1414218 , 0 , -0.85857874
2025-11-20 15:08:31.0455 (StateSyncRequestHandler.cs:17) 玩家ID:479883430753206272 移动到新位置: -2.1414218 , 0 , -0.85857874
2025-11-20 15:08:32.0439 (StateSyncRequestHandler.cs:17) 玩家ID:479883430753206272 移动到新位置: -1.9414217 , 0 , -0.85857874
2025-11-20 15:08:32.1381 (StateSyncRequestHandler.cs:17) 玩家ID:479883430753206272 移动到新位置: -1.7414217 , 0 , -0.85857874
2025-11-20 15:08:32.2305 (StateSyncRequestHandler.cs:17) 玩家ID:479883430753206272 移动到新位置: -1.7414217 , 0 , -0.85857874
2025-11-20 15:08:32.6483 (StateSyncRequestHandler.cs:17) 玩家ID:479883430753206272 移动到新位置: -1.7414217 , 0 , -1.0585787
2025-11-20 15:08:32.7408 (StateSyncRequestHandler.cs:17) 玩家ID:479883430753206272 移动到新位置: -1.7414217 , 0 , -1.0585787
2025-11-20 15:08:33.1417 (StateSyncRequestHandler.cs:17) 玩家ID:479883430753206272 移动到新位置: -1.9414217 , 0 , -1.0585787
2025-11-20 15:08:33.2520 (StateSyncRequestHandler.cs:17) 玩家ID:479883430753206272 移动到新位置: -1.9414217 , 0 , -1.0585787
2025-11-20 15:08:33.9353 (StateSyncRequestHandler.cs:17) 玩家ID:479883430753206272 移动到新位置: -1.7414217 , 0 , -1.0585787
2025-11-20 15:08:34.0431 (StateSyncRequestHandler.cs:17) 玩家ID:479883430753206272 移动到新位置: -1.7414217 , 0 , -1.0585787
2025-11-20 15:08:34.4439 (StateSyncRequestHandler.cs:17) 玩家ID:479883430753206272 移动到新位置: -1.7414217 , 0 , -1.2585788
2025-11-20 15:08:34.5372 (StateSyncRequestHandler.cs:17) 玩家ID:479883430753206272 移动到新位置: -1.7414217 , 0 , -1.4585788
2025-11-20 15:08:34.6444 (StateSyncRequestHandler.cs:17) 玩家ID:479883430753206272 移动到新位置: -1.7414217 , 0 , -1.4585788
2025-11-20 15:08:35.1581 (StateSyncRequestHandler.cs:17) 玩家ID:479883430753206272 移动到新位置: -1.7414217 , 0 , -1.2585788
2025-11-20 15:08:35.2496 (StateSyncRequestHandler.cs:17) 玩家ID:479883430753206272 移动到新位置: -1.7414217 , 0 , -1.2585788
2025-11-20 15:08:36.1337 (StateSyncRequestHandler.cs:17) 玩家ID:479883430753206272 移动到新位置: -1.7414217 , 0 , -1.4585788
2025-11-20 15:08:36.2569 (StateSyncRequestHandler.cs:17) 玩家ID:479883430753206272 移动到新位置: -1.7414217 , 0 , -1.4585788
2025-11-20 15:08:36.6430 (StateSyncRequestHandler.cs:17) 玩家ID:479883430753206272 移动到新位置: -1.9414217 , 0 , -1.4585788
2025-11-20 15:08:36.7525 (StateSyncRequestHandler.cs:17) 玩家ID:479883430753206272 移动到新位置: -1.9414217 , 0 , -1.4585788
2025-11-20 15:08:37.1412 (StateSyncRequestHandler.cs:17) 玩家ID:479883430753206272 移动到新位置: -1.7414217 , 0 , -1.4585788
2025-11-20 15:08:37.2337 (StateSyncRequestHandler.cs:17) 玩家ID:479883430753206272 移动到新位置: -1.7414217 , 0 , -1.4585788
2025-11-20 15:08:37.7335 (StateSyncRequestHandler.cs:17) 玩家ID:479883430753206272 移动到新位置: -1.7414217 , 0 , -1.6585789
2025-11-20 15:08:37.8432 (StateSyncRequestHandler.cs:17) 玩家ID:479883430753206272 移动到新位置: -1.7414217 , 0 , -1.8585789
2025-11-20 15:08:37.9367 (StateSyncRequestHandler.cs:17) 玩家ID:479883430753206272 移动到新位置: -1.7414217 , 0 , -1.8585789
2025-11-20 15:08:38.2474 (StateSyncRequestHandler.cs:17) 玩家ID:479883430753206272 移动到新位置: -1.9414217 , 0 , -1.8585789
2025-11-20 15:08:38.3402 (StateSyncRequestHandler.cs:17) 玩家ID:479883430753206272 移动到新位置: -2.1414218 , 0 , -1.8585789
2025-11-20 15:08:38.4477 (StateSyncRequestHandler.cs:17) 玩家ID:479883430753206272 移动到新位置: -2.1414218 , 0 , -1.6585789
2025-11-20 15:08:38.5402 (StateSyncRequestHandler.cs:17) 玩家ID:479883430753206272 移动到新位置: -2.1414218 , 0 , -1.4585788
2025-11-20 15:08:38.6478 (StateSyncRequestHandler.cs:17) 玩家ID:479883430753206272 移动到新位置: -2.1414218 , 0 , -1.2585788
2025-11-20 15:08:38.7411 (StateSyncRequestHandler.cs:17) 玩家ID:479883430753206272 移动到新位置: -2.1414218 , 0 , -1.0585787
2025-11-20 15:08:38.8340 (StateSyncRequestHandler.cs:17) 玩家ID:479883430753206272 移动到新位置: -2.1414218 , 0 , -1.0585787
2025-11-20 15:08:39.7472 (StateSyncRequestHandler.cs:17) 玩家ID:479883430753206272 移动到新位置: -1.9414217 , 0 , -1.0585787
2025-11-20 15:08:39.8416 (StateSyncRequestHandler.cs:17) 玩家ID:479883430753206272 移动到新位置: -1.7414217 , 0 , -1.0585787
2025-11-20 15:08:39.9512 (StateSyncRequestHandler.cs:17) 玩家ID:479883430753206272 移动到新位置: -1.7414217 , 0 , -1.0585787
2025-11-20 15:08:40.1521 (StateSyncRequestHandler.cs:17) 玩家ID:479883430753206272 移动到新位置: -1.7414217 , 0 , -1.2585788
2025-11-20 15:08:40.2445 (StateSyncRequestHandler.cs:17) 玩家ID:479883430753206272 移动到新位置: -1.7414217 , 0 , -1.4585788
2025-11-20 15:08:40.3534 (StateSyncRequestHandler.cs:17) 玩家ID:479883430753206272 移动到新位置: -1.7414217 , 0 , -1.4585788
2025-11-20 15:08:40.8358 (StateSyncRequestHandler.cs:17) 玩家ID:479883430753206272 移动到新位置: -1.5414217 , 0 , -1.4585788
2025-11-20 15:08:40.9439 (StateSyncRequestHandler.cs:17) 玩家ID:479883430753206272 移动到新位置: -1.5414217 , 0 , -1.4585788
2025-11-20 15:08:41.4522 (StateSyncRequestHandler.cs:17) 玩家ID:479883430753206272 移动到新位置: -1.7414217 , 0 , -1.4585788
2025-11-20 15:08:41.5443 (StateSyncRequestHandler.cs:17) 玩家ID:479883430753206272 移动到新位置: -1.7414217 , 0 , -1.4585788
2025-11-20 15:09:00.6484 (StateSyncRequestHandler.cs:17) 玩家ID:479883430753206272 移动到新位置: -1.7414217 , 0 , -1.2585788
2025-11-20 15:09:00.7407 (StateSyncRequestHandler.cs:17) 玩家ID:479883430753206272 移动到新位置: -1.7414217 , 0 , -1.0585787
2025-11-20 15:09:00.8483 (StateSyncRequestHandler.cs:17) 玩家ID:479883430753206272 移动到新位置: -1.7414217 , 0 , -0.85857874
2025-11-20 15:09:00.9416 (StateSyncRequestHandler.cs:17) 玩家ID:479883430753206272 移动到新位置: -1.7414217 , 0 , -0.85857874
2025-11-20 15:09:01.3594 (StateSyncRequestHandler.cs:17) 玩家ID:479883430753206272 移动到新位置: -1.882843 , 0 , -1.0000001
2025-11-20 15:09:01.4522 (StateSyncRequestHandler.cs:17) 玩家ID:479883430753206272 移动到新位置: -1.882843 , 0 , -1.2
2025-11-20 15:09:01.5581 (StateSyncRequestHandler.cs:17) 玩家ID:479883430753206272 移动到新位置: -1.7414217 , 0 , -1.3414214
2025-11-20 15:09:01.6497 (StateSyncRequestHandler.cs:17) 玩家ID:479883430753206272 移动到新位置: -1.6000004 , 0 , -1.4828427
2025-11-20 15:09:01.7438 (StateSyncRequestHandler.cs:17) 玩家ID:479883430753206272 移动到新位置: -1.4585791 , 0 , -1.624264
2025-11-20 15:09:01.8506 (StateSyncRequestHandler.cs:17) 玩家ID:479883430753206272 移动到新位置: -1.3171577 , 0 , -1.7656853
2025-11-20 15:09:01.9595 (StateSyncRequestHandler.cs:17) 玩家ID:479883430753206272 移动到新位置: -1.3171577 , 0 , -1.9656854
2025-11-20 15:09:02.0515 (StateSyncRequestHandler.cs:17) 玩家ID:479883430753206272 移动到新位置: -1.3171577 , 0 , -1.9656854
2025-11-20 15:09:02.2386 (StateSyncRequestHandler.cs:17) 玩家ID:479883430753206272 移动到新位置: -1.5171578 , 0 , -1.9656854
2025-11-20 15:09:02.3308 (StateSyncRequestHandler.cs:17) 玩家ID:479883430753206272 移动到新位置: -1.5171578 , 0 , -1.7656853
2025-11-20 15:09:02.4398 (StateSyncRequestHandler.cs:17) 玩家ID:479883430753206272 移动到新位置: -1.5171578 , 0 , -1.5656853
2025-11-20 15:09:02.5477 (StateSyncRequestHandler.cs:17) 玩家ID:479883430753206272 移动到新位置: -1.3757365 , 0 , -1.424264
2025-11-20 15:09:02.6419 (StateSyncRequestHandler.cs:17) 玩家ID:479883430753206272 移动到新位置: -1.2343152 , 0 , -1.2828426
2025-11-20 15:09:02.7488 (StateSyncRequestHandler.cs:17) 玩家ID:479883430753206272 移动到新位置: -1.0928938 , 0 , -1.1414213
2025-11-20 15:09:02.8408 (StateSyncRequestHandler.cs:17) 玩家ID:479883430753206272 移动到新位置: -0.9514725 , 0 , -1
2025-11-20 15:09:02.9338 (StateSyncRequestHandler.cs:17) 玩家ID:479883430753206272 移动到新位置: -1.1514726 , 0 , -1
2025-11-20 15:09:03.0404 (StateSyncRequestHandler.cs:17) 玩家ID:479883430753206272 移动到新位置: -1.3514726 , 0 , -1
2025-11-20 15:09:03.1492 (StateSyncRequestHandler.cs:17) 玩家ID:479883430753206272 移动到新位置: -1.3514726 , 0 , -1.2
2025-11-20 15:09:03.2419 (StateSyncRequestHandler.cs:17) 玩家ID:479883430753206272 移动到新位置: -1.3514726 , 0 , -1.4000001
2025-11-20 15:09:03.3344 (StateSyncRequestHandler.cs:17) 玩家ID:479883430753206272 移动到新位置: -1.3514726 , 0 , -1.4000001
2025-11-20 15:09:04.8321 (StateSyncRequestHandler.cs:17) 玩家ID:479883430753206272 移动到新位置: -1.3514726 , 0 , -1.6000001
2025-11-20 15:09:04.9542 (StateSyncRequestHandler.cs:17) 玩家ID:479883430753206272 移动到新位置: -1.3514726 , 0 , -1.8000002
2025-11-20 15:09:05.0455 (StateSyncRequestHandler.cs:17) 玩家ID:479883430753206272 移动到新位置: -1.3514726 , 0 , -2.0000002
2025-11-20 15:09:05.1542 (StateSyncRequestHandler.cs:17) 玩家ID:479883430753206272 移动到新位置: -1.5514727 , 0 , -2.0000002
2025-11-20 15:09:05.2469 (StateSyncRequestHandler.cs:17) 玩家ID:479883430753206272 移动到新位置: -1.7514727 , 0 , -2.0000002
2025-11-20 15:09:05.3563 (StateSyncRequestHandler.cs:17) 玩家ID:479883430753206272 移动到新位置: -1.9514728 , 0 , -2.0000002
2025-11-20 15:09:05.4492 (StateSyncRequestHandler.cs:17) 玩家ID:479883430753206272 移动到新位置: -1.9514728 , 0 , -1.8000002
2025-11-20 15:09:05.5436 (StateSyncRequestHandler.cs:17) 玩家ID:479883430753206272 移动到新位置: -1.9514728 , 0 , -1.6000001
2025-11-20 15:09:05.6344 (StateSyncRequestHandler.cs:17) 玩家ID:479883430753206272 移动到新位置: -1.9514728 , 0 , -1.4000001
2025-11-20 15:09:05.7578 (StateSyncRequestHandler.cs:17) 玩家ID:479883430753206272 移动到新位置: -2.1514728 , 0 , -1.4000001
2025-11-20 15:09:05.8507 (StateSyncRequestHandler.cs:17) 玩家ID:479883430753206272 移动到新位置: -2.3514729 , 0 , -1.4000001
2025-11-20 15:09:05.9420 (StateSyncRequestHandler.cs:17) 玩家ID:479883430753206272 移动到新位置: -2.3514729 , 0 , -1.6000001
2025-11-20 15:09:06.0493 (StateSyncRequestHandler.cs:17) 玩家ID:479883430753206272 移动到新位置: -2.2100515 , 0 , -1.7414215
2025-11-20 15:09:06.1574 (StateSyncRequestHandler.cs:17) 玩家ID:479883430753206272 移动到新位置: -2.0686302 , 0 , -1.8828428
2025-11-20 15:09:06.2502 (StateSyncRequestHandler.cs:17) 玩家ID:479883430753206272 移动到新位置: -2.0686302 , 0 , -2.0828428
2025-11-20 15:09:06.3425 (StateSyncRequestHandler.cs:17) 玩家ID:479883430753206272 移动到新位置: -2.2100515 , 0 , -2.2242641
2025-11-20 15:09:06.4358 (StateSyncRequestHandler.cs:17) 玩家ID:479883430753206272 移动到新位置: -2.3514729 , 0 , -2.3656855
2025-11-20 15:09:06.5444 (StateSyncRequestHandler.cs:17) 玩家ID:479883430753206272 移动到新位置: -2.551473 , 0 , -2.3656855
2025-11-20 15:09:06.6389 (StateSyncRequestHandler.cs:17) 玩家ID:479883430753206272 移动到新位置: -2.751473 , 0 , -2.3656855
2025-11-20 15:09:06.7489 (StateSyncRequestHandler.cs:17) 玩家ID:479883430753206272 移动到新位置: -2.951473 , 0 , -2.3656855
2025-11-20 15:09:06.8405 (StateSyncRequestHandler.cs:17) 玩家ID:479883430753206272 移动到新位置: -3.151473 , 0 , -2.3656855
2025-11-20 15:09:06.9504 (StateSyncRequestHandler.cs:17) 玩家ID:479883430753206272 移动到新位置: -3.351473 , 0 , -2.3656855
2025-11-20 15:09:07.0444 (StateSyncRequestHandler.cs:17) 玩家ID:479883430753206272 移动到新位置: -3.5514731 , 0 , -2.3656855
2025-11-20 15:09:07.1373 (StateSyncRequestHandler.cs:17) 玩家ID:479883430753206272 移动到新位置: -3.7514732 , 0 , -2.3656855
2025-11-20 15:09:07.2469 (StateSyncRequestHandler.cs:17) 玩家ID:479883430753206272 移动到新位置: -3.7514732 , 0 , -2.5656855
2025-11-20 15:09:07.3390 (StateSyncRequestHandler.cs:17) 玩家ID:479883430753206272 移动到新位置: -3.7514732 , 0 , -2.7656856
2025-11-20 15:09:07.4480 (StateSyncRequestHandler.cs:17) 玩家ID:479883430753206272 移动到新位置: -3.7514732 , 0 , -2.9656856
2025-11-20 15:09:07.5581 (StateSyncRequestHandler.cs:17) 玩家ID:479883430753206272 移动到新位置: -3.7514732 , 0 , -3.1656857
2025-11-20 15:09:07.6497 (StateSyncRequestHandler.cs:17) 玩家ID:479883430753206272 移动到新位置: -3.8928945 , 0 , -3.307107
2025-11-20 15:09:07.7446 (StateSyncRequestHandler.cs:17) 玩家ID:479883430753206272 移动到新位置: -4.0928946 , 0 , -3.307107
2025-11-20 15:09:07.8542 (StateSyncRequestHandler.cs:17) 玩家ID:479883430753206272 移动到新位置: -4.2928944 , 0 , -3.307107
2025-11-20 15:09:07.9470 (StateSyncRequestHandler.cs:17) 玩家ID:479883430753206272 移动到新位置: -4.492894 , 0 , -3.307107
2025-11-20 15:09:08.0410 (StateSyncRequestHandler.cs:17) 玩家ID:479883430753206272 移动到新位置: -4.692894 , 0 , -3.307107
2025-11-20 15:09:08.1352 (StateSyncRequestHandler.cs:17) 玩家ID:479883430753206272 移动到新位置: -4.8343153 , 0 , -3.1656857
2025-11-20 15:09:08.2445 (StateSyncRequestHandler.cs:17) 玩家ID:479883430753206272 移动到新位置: -4.8343153 , 0 , -2.9656856
2025-11-20 15:09:08.3353 (StateSyncRequestHandler.cs:17) 玩家ID:479883430753206272 移动到新位置: -4.8343153 , 0 , -2.7656856
2025-11-20 15:09:08.4425 (StateSyncRequestHandler.cs:17) 玩家ID:479883430753206272 移动到新位置: -4.8343153 , 0 , -2.5656855
2025-11-20 15:09:08.5520 (StateSyncRequestHandler.cs:17) 玩家ID:479883430753206272 移动到新位置: -4.8343153 , 0 , -2.3656855
2025-11-20 15:09:08.6449 (StateSyncRequestHandler.cs:17) 玩家ID:479883430753206272 移动到新位置: -4.8343153 , 0 , -2.1656854
2025-11-20 15:09:08.7382 (StateSyncRequestHandler.cs:17) 玩家ID:479883430753206272 移动到新位置: -4.8343153 , 0 , -1.9656854
2025-11-20 15:09:08.8464 (StateSyncRequestHandler.cs:17) 玩家ID:479883430753206272 移动到新位置: -4.8343153 , 0 , -1.7656853
2025-11-20 15:09:08.9551 (StateSyncRequestHandler.cs:17) 玩家ID:479883430753206272 移动到新位置: -4.8343153 , 0 , -1.5656853
2025-11-20 15:09:09.0504 (StateSyncRequestHandler.cs:17) 玩家ID:479883430753206272 移动到新位置: -4.692894 , 0 , -1.424264
2025-11-20 15:09:09.1604 (StateSyncRequestHandler.cs:17) 玩家ID:479883430753206272 移动到新位置: -4.492894 , 0 , -1.424264
2025-11-20 15:09:09.2384 (StateSyncRequestHandler.cs:17) 玩家ID:479883430753206272 移动到新位置: -4.2928944 , 0 , -1.424264
2025-11-20 15:09:09.3457 (StateSyncRequestHandler.cs:17) 玩家ID:479883430753206272 移动到新位置: -4.0928946 , 0 , -1.424264
2025-11-20 15:09:09.4370 (StateSyncRequestHandler.cs:17) 玩家ID:479883430753206272 移动到新位置: -3.8928945 , 0 , -1.424264
2025-11-20 15:09:09.5457 (StateSyncRequestHandler.cs:17) 玩家ID:479883430753206272 移动到新位置: -3.7514732 , 0 , -1.2828426
2025-11-20 15:09:09.6402 (StateSyncRequestHandler.cs:17) 玩家ID:479883430753206272 移动到新位置: -3.6100519 , 0 , -1.1414213
2025-11-20 15:09:09.7496 (StateSyncRequestHandler.cs:17) 玩家ID:479883430753206272 移动到新位置: -3.4686306 , 0 , -1
2025-11-20 15:09:09.8424 (StateSyncRequestHandler.cs:17) 玩家ID:479883430753206272 移动到新位置: -3.4686306 , 0 , -0.8
2025-11-20 15:09:09.9373 (StateSyncRequestHandler.cs:17) 玩家ID:479883430753206272 移动到新位置: -3.6100519 , 0 , -0.65857863
2025-11-20 15:09:10.0461 (StateSyncRequestHandler.cs:17) 玩家ID:479883430753206272 移动到新位置: -3.810052 , 0 , -0.65857863
2025-11-20 15:09:10.1404 (StateSyncRequestHandler.cs:17) 玩家ID:479883430753206272 移动到新位置: -3.810052 , 0 , -0.65857863
2025-11-20 15:09:15.1402 (StateSyncRequestHandler.cs:17) 玩家ID:479882966896738304 移动到新位置: -4.9899487 , 0 , -1.5414209
2025-11-20 15:09:15.2496 (StateSyncRequestHandler.cs:17) 玩家ID:479882966896738304 移动到新位置: -4.9899487 , 0 , -1.741421
2025-11-20 15:09:15.3436 (StateSyncRequestHandler.cs:17) 玩家ID:479882966896738304 移动到新位置: -4.9899487 , 0 , -1.941421
2025-11-20 15:09:15.4529 (StateSyncRequestHandler.cs:17) 玩家ID:479882966896738304 移动到新位置: -4.789949 , 0 , -1.941421
2025-11-20 15:09:15.5454 (StateSyncRequestHandler.cs:17) 玩家ID:479882966896738304 移动到新位置: -4.589949 , 0 , -1.941421
2025-11-20 15:09:15.6547 (StateSyncRequestHandler.cs:17) 玩家ID:479882966896738304 移动到新位置: -4.3899493 , 0 , -1.941421
2025-11-20 15:09:15.7626 (StateSyncRequestHandler.cs:17) 玩家ID:479882966896738304 移动到新位置: -4.1899495 , 0 , -1.941421
2025-11-20 15:09:15.8556 (StateSyncRequestHandler.cs:17) 玩家ID:479882966896738304 移动到新位置: -4.048528 , 0 , -1.7999997
2025-11-20 15:09:15.9504 (StateSyncRequestHandler.cs:17) 玩家ID:479882966896738304 移动到新位置: -4.048528 , 0 , -1.5999997
2025-11-20 15:09:16.0437 (StateSyncRequestHandler.cs:17) 玩家ID:479882966896738304 移动到新位置: -4.048528 , 0 , -1.3999996
2025-11-20 15:09:16.1534 (StateSyncRequestHandler.cs:17) 玩家ID:479882966896738304 移动到新位置: -4.048528 , 0 , -1.1999996
2025-11-20 15:09:16.2466 (StateSyncRequestHandler.cs:17) 玩家ID:479882966896738304 移动到新位置: -4.048528 , 0 , -0.9999996
2025-11-20 15:09:16.3562 (StateSyncRequestHandler.cs:17) 玩家ID:479882966896738304 移动到新位置: -3.9071069 , 0 , -0.8585782
2025-11-20 15:09:16.4494 (StateSyncRequestHandler.cs:17) 玩家ID:479882966896738304 移动到新位置: -3.7071068 , 0 , -0.8585782
2025-11-20 15:09:16.5583 (StateSyncRequestHandler.cs:17) 玩家ID:479882966896738304 移动到新位置: -3.5071068 , 0 , -0.8585782
2025-11-20 15:09:16.6520 (StateSyncRequestHandler.cs:17) 玩家ID:479882966896738304 移动到新位置: -3.3071067 , 0 , -0.8585782
2025-11-20 15:09:16.7456 (StateSyncRequestHandler.cs:17) 玩家ID:479882966896738304 移动到新位置: -3.1071067 , 0 , -0.8585782
2025-11-20 15:09:16.8405 (StateSyncRequestHandler.cs:17) 玩家ID:479882966896738304 移动到新位置: -2.9071066 , 0 , -0.8585782
2025-11-20 15:09:16.9517 (StateSyncRequestHandler.cs:17) 玩家ID:479882966896738304 移动到新位置: -2.7656853 , 0 , -0.9999995
2025-11-20 15:09:17.0440 (StateSyncRequestHandler.cs:17) 玩家ID:479882966896738304 移动到新位置: -2.7656853 , 0 , -1.1999996
2025-11-20 15:09:17.1516 (StateSyncRequestHandler.cs:17) 玩家ID:479882966896738304 移动到新位置: -2.7656853 , 0 , -1.3999996
2025-11-20 15:09:17.2442 (StateSyncRequestHandler.cs:17) 玩家ID:479882966896738304 移动到新位置: -2.7656853 , 0 , -1.5999997
2025-11-20 15:09:17.3683 (StateSyncRequestHandler.cs:17) 玩家ID:479882966896738304 移动到新位置: -2.7656853 , 0 , -1.7999997
2025-11-20 15:09:17.4448 (StateSyncRequestHandler.cs:17) 玩家ID:479882966896738304 移动到新位置: -2.7656853 , 0 , -1.9999998
2025-11-20 15:09:17.5513 (StateSyncRequestHandler.cs:17) 玩家ID:479882966896738304 移动到新位置: -2.7656853 , 0 , -2.1999998
2025-11-20 15:09:17.6427 (StateSyncRequestHandler.cs:17) 玩家ID:479882966896738304 移动到新位置: -2.7656853 , 0 , -2.3999999
2025-11-20 15:09:17.7509 (StateSyncRequestHandler.cs:17) 玩家ID:479882966896738304 移动到新位置: -2.7656853 , 0 , -2.6
2025-11-20 15:09:17.8432 (StateSyncRequestHandler.cs:17) 玩家ID:479882966896738304 移动到新位置: -2.7656853 , 0 , -2.8
2025-11-20 15:09:17.9497 (StateSyncRequestHandler.cs:17) 玩家ID:479882966896738304 移动到新位置: -2.7656853 , 0 , -3
2025-11-20 15:09:18.0420 (StateSyncRequestHandler.cs:17) 玩家ID:479882966896738304 移动到新位置: -2.7656853 , 0 , -3.2
2025-11-20 15:09:18.1477 (StateSyncRequestHandler.cs:17) 玩家ID:479882966896738304 移动到新位置: -2.7656853 , 0 , -3.4
2025-11-20 15:09:18.2566 (StateSyncRequestHandler.cs:17) 玩家ID:479882966896738304 移动到新位置: -2.624264 , 0 , -3.5414214
2025-11-20 15:09:18.3487 (StateSyncRequestHandler.cs:17) 玩家ID:479882966896738304 移动到新位置: -2.4828427 , 0 , -3.6828427
2025-11-20 15:09:18.4562 (StateSyncRequestHandler.cs:17) 玩家ID:479882966896738304 移动到新位置: -2.2828426 , 0 , -3.6828427
2025-11-20 15:09:18.5495 (StateSyncRequestHandler.cs:17) 玩家ID:479882966896738304 移动到新位置: -2.0828426 , 0 , -3.6828427
2025-11-20 15:09:18.6567 (StateSyncRequestHandler.cs:17) 玩家ID:479882966896738304 移动到新位置: -1.9414213 , 0 , -3.5414214
2025-11-20 15:09:18.7514 (StateSyncRequestHandler.cs:17) 玩家ID:479882966896738304 移动到新位置: -1.9414213 , 0 , -3.3414214
2025-11-20 15:09:18.8587 (StateSyncRequestHandler.cs:17) 玩家ID:479882966896738304 移动到新位置: -2.0828426 , 0 , -3.2
2025-11-20 15:09:18.9507 (StateSyncRequestHandler.cs:17) 玩家ID:479882966896738304 移动到新位置: -2.224264 , 0 , -3.0585787
2025-11-20 15:09:19.0455 (StateSyncRequestHandler.cs:17) 玩家ID:479882966896738304 移动到新位置: -2.424264 , 0 , -3.0585787
2025-11-20 15:09:19.1552 (StateSyncRequestHandler.cs:17) 玩家ID:479882966896738304 移动到新位置: -2.624264 , 0 , -3.0585787
2025-11-20 15:09:19.2483 (StateSyncRequestHandler.cs:17) 玩家ID:479882966896738304 移动到新位置: -2.824264 , 0 , -3.0585787
2025-11-20 15:09:19.3419 (StateSyncRequestHandler.cs:17) 玩家ID:479882966896738304 移动到新位置: -2.9656854 , 0 , -2.9171574
2025-11-20 15:09:19.4656 (StateSyncRequestHandler.cs:17) 玩家ID:479882966896738304 移动到新位置: -2.9656854 , 0 , -2.7171574
2025-11-20 15:09:19.5442 (StateSyncRequestHandler.cs:17) 玩家ID:479882966896738304 移动到新位置: -2.824264 , 0 , -2.575736
2025-11-20 15:09:19.6533 (StateSyncRequestHandler.cs:17) 玩家ID:479882966896738304 移动到新位置: -2.6828427 , 0 , -2.4343147
2025-11-20 15:09:19.7469 (StateSyncRequestHandler.cs:17) 玩家ID:479882966896738304 移动到新位置: -2.5414214 , 0 , -2.2928934
2025-11-20 15:09:19.8548 (StateSyncRequestHandler.cs:17) 玩家ID:479882966896738304 移动到新位置: -2.4 , 0 , -2.151472
2025-11-20 15:09:19.9470 (StateSyncRequestHandler.cs:17) 玩家ID:479882966896738304 移动到新位置: -2.2 , 0 , -2.151472
2025-11-20 15:09:20.0398 (StateSyncRequestHandler.cs:17) 玩家ID:479882966896738304 移动到新位置: -2 , 0 , -2.151472
2025-11-20 15:09:20.1493 (StateSyncRequestHandler.cs:17) 玩家ID:479882966896738304 移动到新位置: -1.8 , 0 , -2.151472
2025-11-20 15:09:20.2590 (StateSyncRequestHandler.cs:17) 玩家ID:479882966896738304 移动到新位置: -1.5999999 , 0 , -2.151472
2025-11-20 15:09:20.3380 (StateSyncRequestHandler.cs:17) 玩家ID:479882966896738304 移动到新位置: -1.4585786 , 0 , -2.0100508
2025-11-20 15:09:20.4470 (StateSyncRequestHandler.cs:17) 玩家ID:479882966896738304 移动到新位置: -1.4585786 , 0 , -1.8100507
2025-11-20 15:09:20.5551 (StateSyncRequestHandler.cs:17) 玩家ID:479882966896738304 移动到新位置: -1.6585786 , 0 , -1.8100507
2025-11-20 15:09:20.6486 (StateSyncRequestHandler.cs:17) 玩家ID:479882966896738304 移动到新位置: -1.8585787 , 0 , -1.8100507
2025-11-20 15:09:20.7406 (StateSyncRequestHandler.cs:17) 玩家ID:479882966896738304 移动到新位置: -2 , 0 , -1.951472
2025-11-20 15:09:20.8504 (StateSyncRequestHandler.cs:17) 玩家ID:479882966896738304 移动到新位置: -2 , 0 , -2.151472
2025-11-20 15:09:20.9595 (StateSyncRequestHandler.cs:17) 玩家ID:479882966896738304 移动到新位置: -2 , 0 , -2.3514721
2025-11-20 15:09:21.0531 (StateSyncRequestHandler.cs:17) 玩家ID:479882966896738304 移动到新位置: -2 , 0 , -2.5514722
2025-11-20 15:09:21.1458 (StateSyncRequestHandler.cs:17) 玩家ID:479882966896738304 移动到新位置: -2.1414213 , 0 , -2.6928935
2025-11-20 15:09:21.2383 (StateSyncRequestHandler.cs:17) 玩家ID:479882966896738304 移动到新位置: -2.2828426 , 0 , -2.8343148
2025-11-20 15:09:21.3456 (StateSyncRequestHandler.cs:17) 玩家ID:479882966896738304 移动到新位置: -2.4828427 , 0 , -2.8343148
2025-11-20 15:09:21.4549 (StateSyncRequestHandler.cs:17) 玩家ID:479882966896738304 移动到新位置: -2.6828427 , 0 , -2.8343148
2025-11-20 15:09:21.5473 (StateSyncRequestHandler.cs:17) 玩家ID:479882966896738304 移动到新位置: -2.824264 , 0 , -2.9757361
2025-11-20 15:09:21.6401 (StateSyncRequestHandler.cs:17) 玩家ID:479882966896738304 移动到新位置: -2.824264 , 0 , -2.9757361
2025-11-20 15:20:55.9943  

==========================================================================
 
  ███████╗ █████╗ ███╗   ██╗████████╗ █████╗  ██████╗ ██╗   ██╗
  ██╔════╝██╔══██╗████╗  ██║╚══██╔══╝██╔══██╗██╔════╝ ╚██╗ ██╔╝
  █████╗  ███████║██╔██╗ ██║   ██║   ███████║╚█████╗   ╚████╔╝ 
  ██╔══╝  ██╔══██║██║╚██╗██║   ██║   ██╔══██║╚════██║   ╚██╔╝  
  ██║     ██║  ██║██║ ╚████║   ██║   ██║  ██║██████╔╝    ██║   
  ╚═╝     ╚═╝  ╚═╝╚═╝  ╚═══╝   ╚═╝   ╚═╝  ╚═╝╚═════╝     ╚═╝   
                                                            
 Version : Fantasy 2.0 Official version
==========================================================================

2025-11-20 15:20:56.0395  Current inner network protocol:TCP
2025-11-20 15:20:56.0540  Max Message Size(byte):1048560
2025-11-20 15:20:56.0540  Current session idle timeout:8000
2025-11-20 15:20:56.0540  Session-check interval:5000 
2025-11-20 15:20:56.7178  SceneConfigId = 1001 networkTarget = Inner TCPServer Listen 127.0.0.1:11002
2025-11-20 15:20:57.0201  SceneConfigId = 1001 networkTarget = Outer KCPServer Listen 127.0.0.1:20000
2025-11-20 15:20:57.0201  Process:1 Startup Complete SceneCount:1
