2025-11-20 13:10:22.5396 (LoginRequestHandler.cs:17) 收到登录请求
2025-11-20 13:10:22.5396 (LoginRequestHandler.cs:38) 当前没有其他玩家在线，无需广播
2025-11-20 13:12:45.1331 (LoginRequestHandler.cs:17) 收到登录请求
2025-11-20 13:12:45.1331 (LoginRequestHandler.cs:38) 当前没有其他玩家在线，无需广播
2025-11-20 13:12:46.2059 (StateSyncRequestHandler.cs:35) 当前没有其他玩家在线，无需广播状态同步消息
2025-11-20 13:12:46.2748 (StateSyncRequestHandler.cs:35) 当前没有其他玩家在线，无需广播状态同步消息
2025-11-20 13:12:46.3725 (StateSyncRequestHandler.cs:35) 当前没有其他玩家在线，无需广播状态同步消息
2025-11-20 13:12:47.5782 (StateSyncRequestHandler.cs:35) 当前没有其他玩家在线，无需广播状态同步消息
2025-11-20 13:12:47.6749 (StateSyncRequestHandler.cs:35) 当前没有其他玩家在线，无需广播状态同步消息
2025-11-20 13:12:47.7726 (StateSyncRequestHandler.cs:35) 当前没有其他玩家在线，无需广播状态同步消息
2025-11-20 13:12:47.9613 (StateSyncRequestHandler.cs:35) 当前没有其他玩家在线，无需广播状态同步消息
2025-11-20 13:12:48.0089 (StateSyncRequestHandler.cs:35) 当前没有其他玩家在线，无需广播状态同步消息
2025-11-20 13:12:48.0762 (StateSyncRequestHandler.cs:35) 当前没有其他玩家在线，无需广播状态同步消息
2025-11-20 13:12:48.1801 (StateSyncRequestHandler.cs:35) 当前没有其他玩家在线，无需广播状态同步消息
2025-11-20 13:12:48.2721 (StateSyncRequestHandler.cs:35) 当前没有其他玩家在线，无需广播状态同步消息
2025-11-20 13:12:48.3726 (StateSyncRequestHandler.cs:35) 当前没有其他玩家在线，无需广播状态同步消息
2025-11-20 13:12:48.4782 (StateSyncRequestHandler.cs:35) 当前没有其他玩家在线，无需广播状态同步消息
2025-11-20 13:12:48.5795 (StateSyncRequestHandler.cs:35) 当前没有其他玩家在线，无需广播状态同步消息
2025-11-20 13:12:48.6698 (StateSyncRequestHandler.cs:35) 当前没有其他玩家在线，无需广播状态同步消息
2025-11-20 13:12:48.7815 (StateSyncRequestHandler.cs:35) 当前没有其他玩家在线，无需广播状态同步消息
2025-11-20 13:12:48.8798 (StateSyncRequestHandler.cs:35) 当前没有其他玩家在线，无需广播状态同步消息
2025-11-20 13:12:48.9716 (StateSyncRequestHandler.cs:35) 当前没有其他玩家在线，无需广播状态同步消息
2025-11-20 13:13:14.0136 (StateSyncRequestHandler.cs:35) 当前没有其他玩家在线，无需广播状态同步消息
2025-11-20 13:13:14.1122 (StateSyncRequestHandler.cs:35) 当前没有其他玩家在线，无需广播状态同步消息
2025-11-20 13:13:14.2179 (StateSyncRequestHandler.cs:35) 当前没有其他玩家在线，无需广播状态同步消息
2025-11-20 13:13:14.3111 (StateSyncRequestHandler.cs:35) 当前没有其他玩家在线，无需广播状态同步消息
2025-11-20 13:13:14.4155 (StateSyncRequestHandler.cs:35) 当前没有其他玩家在线，无需广播状态同步消息
2025-11-20 13:13:14.5140 (StateSyncRequestHandler.cs:35) 当前没有其他玩家在线，无需广播状态同步消息
2025-11-20 13:13:14.6156 (StateSyncRequestHandler.cs:35) 当前没有其他玩家在线，无需广播状态同步消息
2025-11-20 13:13:14.7130 (StateSyncRequestHandler.cs:35) 当前没有其他玩家在线，无需广播状态同步消息
2025-11-20 13:13:14.8157 (StateSyncRequestHandler.cs:35) 当前没有其他玩家在线，无需广播状态同步消息
2025-11-20 13:13:14.9096 (StateSyncRequestHandler.cs:35) 当前没有其他玩家在线，无需广播状态同步消息
2025-11-20 13:13:15.0140 (StateSyncRequestHandler.cs:35) 当前没有其他玩家在线，无需广播状态同步消息
2025-11-20 13:13:15.1083 (StateSyncRequestHandler.cs:35) 当前没有其他玩家在线，无需广播状态同步消息
2025-11-20 13:16:30.3647 (LoginRequestHandler.cs:17) 收到登录请求
2025-11-20 13:16:30.3683 (LoginRequestHandler.cs:38) 当前没有其他玩家在线，无需广播
2025-11-20 13:16:32.9215 (StateSyncRequestHandler.cs:35) 当前没有其他玩家在线，无需广播状态同步消息
2025-11-20 13:16:32.9961 (StateSyncRequestHandler.cs:35) 当前没有其他玩家在线，无需广播状态同步消息
2025-11-20 13:16:33.1017 (StateSyncRequestHandler.cs:35) 当前没有其他玩家在线，无需广播状态同步消息
2025-11-20 13:16:33.2057 (StateSyncRequestHandler.cs:35) 当前没有其他玩家在线，无需广播状态同步消息
2025-11-20 13:16:33.3026 (StateSyncRequestHandler.cs:35) 当前没有其他玩家在线，无需广播状态同步消息
2025-11-20 13:16:33.4056 (StateSyncRequestHandler.cs:35) 当前没有其他玩家在线，无需广播状态同步消息
2025-11-20 13:16:33.5031 (StateSyncRequestHandler.cs:35) 当前没有其他玩家在线，无需广播状态同步消息
2025-11-20 13:16:33.5994 (StateSyncRequestHandler.cs:35) 当前没有其他玩家在线，无需广播状态同步消息
2025-11-20 13:16:33.7009 (StateSyncRequestHandler.cs:35) 当前没有其他玩家在线，无需广播状态同步消息
2025-11-20 13:16:57.2006 (StateSyncRequestHandler.cs:35) 当前没有其他玩家在线，无需广播状态同步消息
2025-11-20 13:16:57.3037 (StateSyncRequestHandler.cs:35) 当前没有其他玩家在线，无需广播状态同步消息
2025-11-20 13:16:57.3947 (StateSyncRequestHandler.cs:35) 当前没有其他玩家在线，无需广播状态同步消息
2025-11-20 13:16:57.5009 (StateSyncRequestHandler.cs:35) 当前没有其他玩家在线，无需广播状态同步消息
2025-11-20 13:16:57.5973 (StateSyncRequestHandler.cs:35) 当前没有其他玩家在线，无需广播状态同步消息
2025-11-20 13:16:57.7058 (StateSyncRequestHandler.cs:35) 当前没有其他玩家在线，无需广播状态同步消息
2025-11-20 13:16:57.8010 (StateSyncRequestHandler.cs:35) 当前没有其他玩家在线，无需广播状态同步消息
2025-11-20 13:16:57.9115 (StateSyncRequestHandler.cs:35) 当前没有其他玩家在线，无需广播状态同步消息
2025-11-20 13:16:57.9950 (StateSyncRequestHandler.cs:35) 当前没有其他玩家在线，无需广播状态同步消息
2025-11-20 13:16:58.1012 (StateSyncRequestHandler.cs:35) 当前没有其他玩家在线，无需广播状态同步消息
2025-11-20 13:16:58.2022 (StateSyncRequestHandler.cs:35) 当前没有其他玩家在线，无需广播状态同步消息
2025-11-20 13:18:55.9796 (LoginRequestHandler.cs:17) 收到登录请求
2025-11-20 13:18:55.9796 (LoginRequestHandler.cs:38) 当前没有其他玩家在线，无需广播
2025-11-20 13:18:56.7600 (StateSyncRequestHandler.cs:35) 当前没有其他玩家在线，无需广播状态同步消息
2025-11-20 13:18:56.8276 (StateSyncRequestHandler.cs:35) 当前没有其他玩家在线，无需广播状态同步消息
2025-11-20 13:18:56.9308 (StateSyncRequestHandler.cs:35) 当前没有其他玩家在线，无需广播状态同步消息
2025-11-20 13:18:57.0415 (StateSyncRequestHandler.cs:35) 当前没有其他玩家在线，无需广播状态同步消息
2025-11-20 13:18:57.1303 (StateSyncRequestHandler.cs:35) 当前没有其他玩家在线，无需广播状态同步消息
2025-11-20 13:18:57.6322 (StateSyncRequestHandler.cs:35) 当前没有其他玩家在线，无需广播状态同步消息
2025-11-20 13:18:57.7308 (StateSyncRequestHandler.cs:35) 当前没有其他玩家在线，无需广播状态同步消息
2025-11-20 13:18:57.8308 (StateSyncRequestHandler.cs:35) 当前没有其他玩家在线，无需广播状态同步消息
2025-11-20 13:18:57.9257 (StateSyncRequestHandler.cs:35) 当前没有其他玩家在线，无需广播状态同步消息
2025-11-20 13:18:58.0299 (StateSyncRequestHandler.cs:35) 当前没有其他玩家在线，无需广播状态同步消息
2025-11-20 13:18:58.1262 (StateSyncRequestHandler.cs:35) 当前没有其他玩家在线，无需广播状态同步消息
2025-11-20 13:18:58.2305 (StateSyncRequestHandler.cs:35) 当前没有其他玩家在线，无需广播状态同步消息
2025-11-20 13:18:58.3328 (StateSyncRequestHandler.cs:35) 当前没有其他玩家在线，无需广播状态同步消息
2025-11-20 13:18:58.4309 (StateSyncRequestHandler.cs:35) 当前没有其他玩家在线，无需广播状态同步消息
2025-11-20 13:18:58.5261 (StateSyncRequestHandler.cs:35) 当前没有其他玩家在线，无需广播状态同步消息
2025-11-20 13:18:58.6315 (StateSyncRequestHandler.cs:35) 当前没有其他玩家在线，无需广播状态同步消息
2025-11-20 13:23:35.4548 (LoginRequestHandler.cs:17) 收到登录请求
2025-11-20 13:23:35.4621 (LoginRequestHandler.cs:38) 当前没有其他玩家在线，无需广播
2025-11-20 13:23:37.5119 (StateSyncRequestHandler.cs:35) 当前没有其他玩家在线，无需广播状态同步消息
2025-11-20 13:23:37.5837 (StateSyncRequestHandler.cs:35) 当前没有其他玩家在线，无需广播状态同步消息
2025-11-20 13:23:37.6909 (StateSyncRequestHandler.cs:35) 当前没有其他玩家在线，无需广播状态同步消息
2025-11-20 13:23:37.7898 (StateSyncRequestHandler.cs:35) 当前没有其他玩家在线，无需广播状态同步消息
2025-11-20 13:23:37.8877 (StateSyncRequestHandler.cs:35) 当前没有其他玩家在线，无需广播状态同步消息
2025-11-20 13:23:37.9872 (StateSyncRequestHandler.cs:35) 当前没有其他玩家在线，无需广播状态同步消息
2025-11-20 13:23:38.0894 (StateSyncRequestHandler.cs:35) 当前没有其他玩家在线，无需广播状态同步消息
2025-11-20 13:23:38.1912 (StateSyncRequestHandler.cs:35) 当前没有其他玩家在线，无需广播状态同步消息
2025-11-20 13:23:50.6870 (StateSyncRequestHandler.cs:35) 当前没有其他玩家在线，无需广播状态同步消息
2025-11-20 13:23:50.7859 (StateSyncRequestHandler.cs:35) 当前没有其他玩家在线，无需广播状态同步消息
2025-11-20 13:23:50.8995 (StateSyncRequestHandler.cs:35) 当前没有其他玩家在线，无需广播状态同步消息
2025-11-20 13:23:50.9894 (StateSyncRequestHandler.cs:35) 当前没有其他玩家在线，无需广播状态同步消息
2025-11-20 13:23:51.0924 (StateSyncRequestHandler.cs:35) 当前没有其他玩家在线，无需广播状态同步消息
2025-11-20 13:23:51.1863 (StateSyncRequestHandler.cs:35) 当前没有其他玩家在线，无需广播状态同步消息
2025-11-20 13:23:51.2923 (StateSyncRequestHandler.cs:35) 当前没有其他玩家在线，无需广播状态同步消息
2025-11-20 13:23:51.3854 (StateSyncRequestHandler.cs:35) 当前没有其他玩家在线，无需广播状态同步消息
2025-11-20 13:23:51.4836 (StateSyncRequestHandler.cs:35) 当前没有其他玩家在线，无需广播状态同步消息
2025-11-20 13:23:51.5914 (StateSyncRequestHandler.cs:35) 当前没有其他玩家在线，无需广播状态同步消息
2025-11-20 13:23:51.6877 (StateSyncRequestHandler.cs:35) 当前没有其他玩家在线，无需广播状态同步消息
2025-11-20 13:23:51.7901 (StateSyncRequestHandler.cs:35) 当前没有其他玩家在线，无需广播状态同步消息
2025-11-20 13:23:51.8875 (StateSyncRequestHandler.cs:35) 当前没有其他玩家在线，无需广播状态同步消息
2025-11-20 13:23:51.9846 (StateSyncRequestHandler.cs:35) 当前没有其他玩家在线，无需广播状态同步消息
2025-11-20 13:23:52.0843 (StateSyncRequestHandler.cs:35) 当前没有其他玩家在线，无需广播状态同步消息
2025-11-20 13:23:52.1905 (StateSyncRequestHandler.cs:35) 当前没有其他玩家在线，无需广播状态同步消息
2025-11-20 13:23:52.2856 (StateSyncRequestHandler.cs:35) 当前没有其他玩家在线，无需广播状态同步消息
2025-11-20 13:23:52.3879 (StateSyncRequestHandler.cs:35) 当前没有其他玩家在线，无需广播状态同步消息
2025-11-20 13:23:52.4915 (StateSyncRequestHandler.cs:35) 当前没有其他玩家在线，无需广播状态同步消息
2025-11-20 13:23:52.5873 (StateSyncRequestHandler.cs:35) 当前没有其他玩家在线，无需广播状态同步消息
2025-11-20 13:28:45.8589 (LoginRequestHandler.cs:17) 收到登录请求
2025-11-20 13:28:45.8667 (LoginRequestHandler.cs:38) 当前没有其他玩家在线，无需广播
2025-11-20 13:28:59.6100 (StateSyncRequestHandler.cs:35) 当前没有其他玩家在线，无需广播状态同步消息
2025-11-20 13:28:59.6921 (StateSyncRequestHandler.cs:35) 当前没有其他玩家在线，无需广播状态同步消息
2025-11-20 13:28:59.8013 (StateSyncRequestHandler.cs:35) 当前没有其他玩家在线，无需广播状态同步消息
2025-11-20 13:28:59.8870 (StateSyncRequestHandler.cs:35) 当前没有其他玩家在线，无需广播状态同步消息
2025-11-20 13:28:59.9986 (StateSyncRequestHandler.cs:35) 当前没有其他玩家在线，无需广播状态同步消息
2025-11-20 13:29:00.0886 (StateSyncRequestHandler.cs:35) 当前没有其他玩家在线，无需广播状态同步消息
2025-11-20 13:29:00.1942 (StateSyncRequestHandler.cs:35) 当前没有其他玩家在线，无需广播状态同步消息
2025-11-20 13:29:00.2835 (StateSyncRequestHandler.cs:35) 当前没有其他玩家在线，无需广播状态同步消息
2025-11-20 13:29:00.3882 (StateSyncRequestHandler.cs:35) 当前没有其他玩家在线，无需广播状态同步消息
2025-11-20 13:29:00.4937 (StateSyncRequestHandler.cs:35) 当前没有其他玩家在线，无需广播状态同步消息
2025-11-20 13:29:15.0909 (StateSyncRequestHandler.cs:35) 当前没有其他玩家在线，无需广播状态同步消息
2025-11-20 13:29:15.1882 (StateSyncRequestHandler.cs:35) 当前没有其他玩家在线，无需广播状态同步消息
2025-11-20 13:29:15.2908 (StateSyncRequestHandler.cs:35) 当前没有其他玩家在线，无需广播状态同步消息
2025-11-20 13:29:15.3889 (StateSyncRequestHandler.cs:35) 当前没有其他玩家在线，无需广播状态同步消息
2025-11-20 13:29:15.4901 (StateSyncRequestHandler.cs:35) 当前没有其他玩家在线，无需广播状态同步消息
2025-11-20 13:29:15.5854 (StateSyncRequestHandler.cs:35) 当前没有其他玩家在线，无需广播状态同步消息
2025-11-20 13:29:15.6900 (StateSyncRequestHandler.cs:35) 当前没有其他玩家在线，无需广播状态同步消息
2025-11-20 13:29:15.7977 (StateSyncRequestHandler.cs:35) 当前没有其他玩家在线，无需广播状态同步消息
2025-11-20 13:32:08.4953 (LoginRequestHandler.cs:17) 收到登录请求
2025-11-20 13:32:08.4953 (LoginRequestHandler.cs:38) 当前没有其他玩家在线，无需广播
2025-11-20 13:32:09.2595 (StateSyncRequestHandler.cs:35) 当前没有其他玩家在线，无需广播状态同步消息
2025-11-20 13:32:09.3403 (StateSyncRequestHandler.cs:35) 当前没有其他玩家在线，无需广播状态同步消息
2025-11-20 13:32:09.4375 (StateSyncRequestHandler.cs:35) 当前没有其他玩家在线，无需广播状态同步消息
2025-11-20 13:32:09.5405 (StateSyncRequestHandler.cs:35) 当前没有其他玩家在线，无需广播状态同步消息
2025-11-20 13:32:09.6356 (StateSyncRequestHandler.cs:35) 当前没有其他玩家在线，无需广播状态同步消息
2025-11-20 13:32:09.7317 (StateSyncRequestHandler.cs:35) 当前没有其他玩家在线，无需广播状态同步消息
2025-11-20 13:32:09.8401 (StateSyncRequestHandler.cs:35) 当前没有其他玩家在线，无需广播状态同步消息
2025-11-20 13:32:09.9404 (StateSyncRequestHandler.cs:35) 当前没有其他玩家在线，无需广播状态同步消息
2025-11-20 13:32:10.0324 (StateSyncRequestHandler.cs:35) 当前没有其他玩家在线，无需广播状态同步消息
2025-11-20 13:32:11.3352 (StateSyncRequestHandler.cs:35) 当前没有其他玩家在线，无需广播状态同步消息
2025-11-20 13:32:11.4324 (StateSyncRequestHandler.cs:35) 当前没有其他玩家在线，无需广播状态同步消息
2025-11-20 13:32:11.5376 (StateSyncRequestHandler.cs:35) 当前没有其他玩家在线，无需广播状态同步消息
2025-11-20 13:32:11.6361 (StateSyncRequestHandler.cs:35) 当前没有其他玩家在线，无需广播状态同步消息
2025-11-20 13:32:11.7398 (StateSyncRequestHandler.cs:35) 当前没有其他玩家在线，无需广播状态同步消息
2025-11-20 13:32:11.8436 (StateSyncRequestHandler.cs:35) 当前没有其他玩家在线，无需广播状态同步消息
2025-11-20 13:32:11.9386 (StateSyncRequestHandler.cs:35) 当前没有其他玩家在线，无需广播状态同步消息
2025-11-20 13:32:33.7367 (StateSyncRequestHandler.cs:35) 当前没有其他玩家在线，无需广播状态同步消息
2025-11-20 13:32:33.8354 (StateSyncRequestHandler.cs:35) 当前没有其他玩家在线，无需广播状态同步消息
2025-11-20 13:32:33.9311 (StateSyncRequestHandler.cs:35) 当前没有其他玩家在线，无需广播状态同步消息
2025-11-20 13:32:34.0328 (StateSyncRequestHandler.cs:35) 当前没有其他玩家在线，无需广播状态同步消息
2025-11-20 13:32:34.1364 (StateSyncRequestHandler.cs:35) 当前没有其他玩家在线，无需广播状态同步消息
2025-11-20 13:32:34.2375 (StateSyncRequestHandler.cs:35) 当前没有其他玩家在线，无需广播状态同步消息
2025-11-20 13:32:34.3360 (StateSyncRequestHandler.cs:35) 当前没有其他玩家在线，无需广播状态同步消息
2025-11-20 13:32:34.4339 (StateSyncRequestHandler.cs:35) 当前没有其他玩家在线，无需广播状态同步消息
2025-11-20 13:32:34.5365 (StateSyncRequestHandler.cs:35) 当前没有其他玩家在线，无需广播状态同步消息
2025-11-20 13:32:34.6325 (StateSyncRequestHandler.cs:35) 当前没有其他玩家在线，无需广播状态同步消息
2025-11-20 13:32:34.7350 (StateSyncRequestHandler.cs:35) 当前没有其他玩家在线，无需广播状态同步消息
2025-11-20 13:36:53.3807 (LoginRequestHandler.cs:17) 收到登录请求
2025-11-20 13:36:53.3837 (LoginRequestHandler.cs:38) 当前没有其他玩家在线，无需广播
2025-11-20 13:36:54.1561 (StateSyncRequestHandler.cs:35) 当前没有其他玩家在线，无需广播状态同步消息
2025-11-20 13:36:54.2306 (StateSyncRequestHandler.cs:35) 当前没有其他玩家在线，无需广播状态同步消息
2025-11-20 13:36:54.3319 (StateSyncRequestHandler.cs:35) 当前没有其他玩家在线，无需广播状态同步消息
2025-11-20 13:36:54.4292 (StateSyncRequestHandler.cs:35) 当前没有其他玩家在线，无需广播状态同步消息
2025-11-20 13:36:54.5264 (StateSyncRequestHandler.cs:35) 当前没有其他玩家在线，无需广播状态同步消息
2025-11-20 13:36:54.6296 (StateSyncRequestHandler.cs:35) 当前没有其他玩家在线，无需广播状态同步消息
2025-11-20 13:36:54.7253 (StateSyncRequestHandler.cs:35) 当前没有其他玩家在线，无需广播状态同步消息
2025-11-20 13:36:54.8249 (StateSyncRequestHandler.cs:35) 当前没有其他玩家在线，无需广播状态同步消息
2025-11-20 13:36:54.9357 (StateSyncRequestHandler.cs:35) 当前没有其他玩家在线，无需广播状态同步消息
2025-11-20 13:36:55.0405 (StateSyncRequestHandler.cs:35) 当前没有其他玩家在线，无需广播状态同步消息
2025-11-20 13:36:55.1313 (StateSyncRequestHandler.cs:35) 当前没有其他玩家在线，无需广播状态同步消息
2025-11-20 13:36:55.2218 (StateSyncRequestHandler.cs:35) 当前没有其他玩家在线，无需广播状态同步消息
2025-11-20 13:36:55.3254 (StateSyncRequestHandler.cs:35) 当前没有其他玩家在线，无需广播状态同步消息
2025-11-20 13:36:55.4264 (StateSyncRequestHandler.cs:35) 当前没有其他玩家在线，无需广播状态同步消息
2025-11-20 13:36:55.5278 (StateSyncRequestHandler.cs:35) 当前没有其他玩家在线，无需广播状态同步消息
2025-11-20 13:36:55.6263 (StateSyncRequestHandler.cs:35) 当前没有其他玩家在线，无需广播状态同步消息
2025-11-20 13:36:55.7243 (StateSyncRequestHandler.cs:35) 当前没有其他玩家在线，无需广播状态同步消息
2025-11-20 13:36:55.8273 (StateSyncRequestHandler.cs:35) 当前没有其他玩家在线，无需广播状态同步消息
2025-11-20 13:36:55.9214 (StateSyncRequestHandler.cs:35) 当前没有其他玩家在线，无需广播状态同步消息
2025-11-20 13:36:56.0214 (StateSyncRequestHandler.cs:35) 当前没有其他玩家在线，无需广播状态同步消息
2025-11-20 13:36:56.4259 (StateSyncRequestHandler.cs:35) 当前没有其他玩家在线，无需广播状态同步消息
2025-11-20 13:36:56.5217 (StateSyncRequestHandler.cs:35) 当前没有其他玩家在线，无需广播状态同步消息
2025-11-20 13:36:56.6267 (StateSyncRequestHandler.cs:35) 当前没有其他玩家在线，无需广播状态同步消息
2025-11-20 13:36:56.7292 (StateSyncRequestHandler.cs:35) 当前没有其他玩家在线，无需广播状态同步消息
2025-11-20 13:36:56.8265 (StateSyncRequestHandler.cs:35) 当前没有其他玩家在线，无需广播状态同步消息
2025-11-20 13:36:56.9260 (StateSyncRequestHandler.cs:35) 当前没有其他玩家在线，无需广播状态同步消息
2025-11-20 13:36:57.0292 (StateSyncRequestHandler.cs:35) 当前没有其他玩家在线，无需广播状态同步消息
2025-11-20 13:36:57.1299 (StateSyncRequestHandler.cs:35) 当前没有其他玩家在线，无需广播状态同步消息
2025-11-20 13:36:57.2269 (StateSyncRequestHandler.cs:35) 当前没有其他玩家在线，无需广播状态同步消息
2025-11-20 13:36:57.3287 (StateSyncRequestHandler.cs:35) 当前没有其他玩家在线，无需广播状态同步消息
2025-11-20 13:36:57.4223 (StateSyncRequestHandler.cs:35) 当前没有其他玩家在线，无需广播状态同步消息
2025-11-20 13:36:57.5236 (StateSyncRequestHandler.cs:35) 当前没有其他玩家在线，无需广播状态同步消息
2025-11-20 13:36:57.6303 (StateSyncRequestHandler.cs:35) 当前没有其他玩家在线，无需广播状态同步消息
2025-11-20 13:36:57.7285 (StateSyncRequestHandler.cs:35) 当前没有其他玩家在线，无需广播状态同步消息
2025-11-20 13:36:57.8352 (StateSyncRequestHandler.cs:35) 当前没有其他玩家在线，无需广播状态同步消息
2025-11-20 13:36:57.9257 (StateSyncRequestHandler.cs:35) 当前没有其他玩家在线，无需广播状态同步消息
2025-11-20 13:36:58.0253 (StateSyncRequestHandler.cs:35) 当前没有其他玩家在线，无需广播状态同步消息
2025-11-20 13:36:58.1286 (StateSyncRequestHandler.cs:35) 当前没有其他玩家在线，无需广播状态同步消息
2025-11-20 13:36:58.2289 (StateSyncRequestHandler.cs:35) 当前没有其他玩家在线，无需广播状态同步消息
2025-11-20 13:36:58.3256 (StateSyncRequestHandler.cs:35) 当前没有其他玩家在线，无需广播状态同步消息
2025-11-20 13:37:01.0272 (StateSyncRequestHandler.cs:35) 当前没有其他玩家在线，无需广播状态同步消息
2025-11-20 13:37:01.1283 (StateSyncRequestHandler.cs:35) 当前没有其他玩家在线，无需广播状态同步消息
2025-11-20 13:37:01.2264 (StateSyncRequestHandler.cs:35) 当前没有其他玩家在线，无需广播状态同步消息
2025-11-20 13:37:01.3219 (StateSyncRequestHandler.cs:35) 当前没有其他玩家在线，无需广播状态同步消息
2025-11-20 13:37:01.4237 (StateSyncRequestHandler.cs:35) 当前没有其他玩家在线，无需广播状态同步消息
2025-11-20 13:37:01.5305 (StateSyncRequestHandler.cs:35) 当前没有其他玩家在线，无需广播状态同步消息
2025-11-20 13:37:01.6294 (StateSyncRequestHandler.cs:35) 当前没有其他玩家在线，无需广播状态同步消息
2025-11-20 13:37:01.8282 (StateSyncRequestHandler.cs:35) 当前没有其他玩家在线，无需广播状态同步消息
2025-11-20 13:37:01.9271 (StateSyncRequestHandler.cs:35) 当前没有其他玩家在线，无需广播状态同步消息
2025-11-20 13:37:02.0215 (StateSyncRequestHandler.cs:35) 当前没有其他玩家在线，无需广播状态同步消息
2025-11-20 13:37:02.1242 (StateSyncRequestHandler.cs:35) 当前没有其他玩家在线，无需广播状态同步消息
2025-11-20 13:37:02.2233 (StateSyncRequestHandler.cs:35) 当前没有其他玩家在线，无需广播状态同步消息
2025-11-20 13:37:02.3267 (StateSyncRequestHandler.cs:35) 当前没有其他玩家在线，无需广播状态同步消息
2025-11-20 13:37:02.4271 (StateSyncRequestHandler.cs:35) 当前没有其他玩家在线，无需广播状态同步消息
2025-11-20 13:37:02.5244 (StateSyncRequestHandler.cs:35) 当前没有其他玩家在线，无需广播状态同步消息
2025-11-20 13:37:02.6305 (StateSyncRequestHandler.cs:35) 当前没有其他玩家在线，无需广播状态同步消息
2025-11-20 13:37:02.7257 (StateSyncRequestHandler.cs:35) 当前没有其他玩家在线，无需广播状态同步消息
2025-11-20 13:37:02.8256 (StateSyncRequestHandler.cs:35) 当前没有其他玩家在线，无需广播状态同步消息
2025-11-20 13:37:02.9214 (StateSyncRequestHandler.cs:35) 当前没有其他玩家在线，无需广播状态同步消息
2025-11-20 13:37:03.0292 (StateSyncRequestHandler.cs:35) 当前没有其他玩家在线，无需广播状态同步消息
2025-11-20 13:37:03.1360  当前没有其他玩家在线，无需广播状态同步消息
2025-11-20 13:37:03.2253  当前没有其他玩家在线，无需广播状态同步消息
2025-11-20 13:37:03.3240  当前没有其他玩家在线，无需广播状态同步消息
2025-11-20 13:37:03.4225  当前没有其他玩家在线，无需广播状态同步消息
2025-11-20 13:37:03.5272  当前没有其他玩家在线，无需广播状态同步消息
2025-11-20 13:37:03.6234  当前没有其他玩家在线，无需广播状态同步消息
2025-11-20 13:37:03.7255  当前没有其他玩家在线，无需广播状态同步消息
2025-11-20 13:37:03.8215  当前没有其他玩家在线，无需广播状态同步消息
2025-11-20 13:37:03.9246  当前没有其他玩家在线，无需广播状态同步消息
2025-11-20 13:37:04.0234  当前没有其他玩家在线，无需广播状态同步消息
2025-11-20 13:37:04.1383  当前没有其他玩家在线，无需广播状态同步消息
2025-11-20 13:37:04.2264  当前没有其他玩家在线，无需广播状态同步消息
2025-11-20 13:37:04.3257  当前没有其他玩家在线，无需广播状态同步消息
2025-11-20 13:37:04.4275  当前没有其他玩家在线，无需广播状态同步消息
2025-11-20 13:37:04.5267  当前没有其他玩家在线，无需广播状态同步消息
2025-11-20 13:37:04.6288  当前没有其他玩家在线，无需广播状态同步消息
2025-11-20 13:37:04.7277  当前没有其他玩家在线，无需广播状态同步消息
2025-11-20 13:37:04.8386  当前没有其他玩家在线，无需广播状态同步消息
2025-11-20 13:37:04.9217  当前没有其他玩家在线，无需广播状态同步消息
2025-11-20 13:37:05.0267  当前没有其他玩家在线，无需广播状态同步消息
2025-11-20 13:37:05.1235  当前没有其他玩家在线，无需广播状态同步消息
2025-11-20 13:37:05.2210  当前没有其他玩家在线，无需广播状态同步消息
2025-11-20 13:37:05.3267  当前没有其他玩家在线，无需广播状态同步消息
2025-11-20 13:37:05.4234  当前没有其他玩家在线，无需广播状态同步消息
2025-11-20 13:37:07.2200  当前没有其他玩家在线，无需广播状态同步消息
2025-11-20 13:37:07.3373  当前没有其他玩家在线，无需广播状态同步消息
2025-11-20 13:37:07.4220  当前没有其他玩家在线，无需广播状态同步消息
2025-11-20 13:37:07.5360  当前没有其他玩家在线，无需广播状态同步消息
2025-11-20 13:37:07.6236  当前没有其他玩家在线，无需广播状态同步消息
2025-11-20 13:37:07.7301  当前没有其他玩家在线，无需广播状态同步消息
2025-11-20 13:37:07.8258  当前没有其他玩家在线，无需广播状态同步消息
2025-11-20 13:37:07.9221  当前没有其他玩家在线，无需广播状态同步消息
2025-11-20 13:37:08.0256  当前没有其他玩家在线，无需广播状态同步消息
2025-11-20 13:37:08.1251  当前没有其他玩家在线，无需广播状态同步消息
2025-11-20 13:37:08.2261  当前没有其他玩家在线，无需广播状态同步消息
2025-11-20 13:37:08.3230  当前没有其他玩家在线，无需广播状态同步消息
2025-11-20 13:37:08.4263  当前没有其他玩家在线，无需广播状态同步消息
2025-11-20 13:37:08.5365  当前没有其他玩家在线，无需广播状态同步消息
2025-11-20 13:37:08.6254  当前没有其他玩家在线，无需广播状态同步消息
2025-11-20 13:37:08.7222  当前没有其他玩家在线，无需广播状态同步消息
2025-11-20 13:37:08.8263  当前没有其他玩家在线，无需广播状态同步消息
2025-11-20 13:37:08.9211  当前没有其他玩家在线，无需广播状态同步消息
2025-11-20 13:37:09.0256  当前没有其他玩家在线，无需广播状态同步消息
2025-11-20 13:37:09.1259  当前没有其他玩家在线，无需广播状态同步消息
2025-11-20 13:37:09.2219  当前没有其他玩家在线，无需广播状态同步消息
2025-11-20 13:37:09.3315  当前没有其他玩家在线，无需广播状态同步消息
2025-11-20 13:37:09.4263  当前没有其他玩家在线，无需广播状态同步消息
2025-11-20 13:42:30.9760 (LoginRequestHandler.cs:17) 收到登录请求
2025-11-20 13:42:30.9784 (LoginRequestHandler.cs:38) 当前没有其他玩家在线，无需广播
2025-11-20 13:42:32.4142 (StateSyncRequestHandler.cs:35) 当前没有其他玩家在线，无需广播状态同步消息
2025-11-20 13:42:32.4957 (StateSyncRequestHandler.cs:35) 当前没有其他玩家在线，无需广播状态同步消息
2025-11-20 13:42:32.5889 (StateSyncRequestHandler.cs:35) 当前没有其他玩家在线，无需广播状态同步消息
2025-11-20 13:42:32.6980 (StateSyncRequestHandler.cs:35) 当前没有其他玩家在线，无需广播状态同步消息
2025-11-20 13:42:32.7951 (StateSyncRequestHandler.cs:35) 当前没有其他玩家在线，无需广播状态同步消息
2025-11-20 13:42:32.8924 (StateSyncRequestHandler.cs:35) 当前没有其他玩家在线，无需广播状态同步消息
2025-11-20 13:42:32.9970 (StateSyncRequestHandler.cs:35) 当前没有其他玩家在线，无需广播状态同步消息
2025-11-20 13:42:33.0963 (StateSyncRequestHandler.cs:35) 当前没有其他玩家在线，无需广播状态同步消息
2025-11-20 13:42:33.1971 (StateSyncRequestHandler.cs:35) 当前没有其他玩家在线，无需广播状态同步消息
2025-11-20 13:42:33.2970 (StateSyncRequestHandler.cs:35) 当前没有其他玩家在线，无需广播状态同步消息
2025-11-20 13:42:33.3932 (StateSyncRequestHandler.cs:35) 当前没有其他玩家在线，无需广播状态同步消息
2025-11-20 13:42:33.5020 (StateSyncRequestHandler.cs:35) 当前没有其他玩家在线，无需广播状态同步消息
2025-11-20 13:42:33.5964 (StateSyncRequestHandler.cs:35) 当前没有其他玩家在线，无需广播状态同步消息
2025-11-20 13:42:33.6918 (StateSyncRequestHandler.cs:35) 当前没有其他玩家在线，无需广播状态同步消息
2025-11-20 13:42:33.7938 (StateSyncRequestHandler.cs:35) 当前没有其他玩家在线，无需广播状态同步消息
2025-11-20 13:42:33.8923 (StateSyncRequestHandler.cs:35) 当前没有其他玩家在线，无需广播状态同步消息
2025-11-20 13:42:33.9896 (StateSyncRequestHandler.cs:35) 当前没有其他玩家在线，无需广播状态同步消息
2025-11-20 13:42:34.0909 (StateSyncRequestHandler.cs:35) 当前没有其他玩家在线，无需广播状态同步消息
2025-11-20 13:42:34.1898 (StateSyncRequestHandler.cs:35) 当前没有其他玩家在线，无需广播状态同步消息
2025-11-20 13:42:34.2874 (StateSyncRequestHandler.cs:35) 当前没有其他玩家在线，无需广播状态同步消息
2025-11-20 13:42:34.3950 (StateSyncRequestHandler.cs:35) 当前没有其他玩家在线，无需广播状态同步消息
2025-11-20 13:42:38.7934 (StateSyncRequestHandler.cs:35) 当前没有其他玩家在线，无需广播状态同步消息
2025-11-20 13:42:38.8896 (StateSyncRequestHandler.cs:35) 当前没有其他玩家在线，无需广播状态同步消息
2025-11-20 13:42:38.9919 (StateSyncRequestHandler.cs:35) 当前没有其他玩家在线，无需广播状态同步消息
2025-11-20 13:42:39.0903 (StateSyncRequestHandler.cs:35) 当前没有其他玩家在线，无需广播状态同步消息
2025-11-20 13:42:39.1901 (StateSyncRequestHandler.cs:35) 当前没有其他玩家在线，无需广播状态同步消息
2025-11-20 13:42:39.2944 (StateSyncRequestHandler.cs:35) 当前没有其他玩家在线，无需广播状态同步消息
2025-11-20 13:42:39.3925 (StateSyncRequestHandler.cs:35) 当前没有其他玩家在线，无需广播状态同步消息
2025-11-20 13:42:39.4970 (StateSyncRequestHandler.cs:35) 当前没有其他玩家在线，无需广播状态同步消息
2025-11-20 13:42:39.5964 (StateSyncRequestHandler.cs:35) 当前没有其他玩家在线，无需广播状态同步消息
2025-11-20 13:42:39.6956 (StateSyncRequestHandler.cs:35) 当前没有其他玩家在线，无需广播状态同步消息
2025-11-20 13:42:39.7995 (StateSyncRequestHandler.cs:35) 当前没有其他玩家在线，无需广播状态同步消息
2025-11-20 13:42:39.8945 (StateSyncRequestHandler.cs:35) 当前没有其他玩家在线，无需广播状态同步消息
2025-11-20 13:42:39.9904 (StateSyncRequestHandler.cs:35) 当前没有其他玩家在线，无需广播状态同步消息
2025-11-20 13:42:40.0896 (StateSyncRequestHandler.cs:35) 当前没有其他玩家在线，无需广播状态同步消息
2025-11-20 13:42:40.1912 (StateSyncRequestHandler.cs:35) 当前没有其他玩家在线，无需广播状态同步消息
2025-11-20 13:42:40.2960 (StateSyncRequestHandler.cs:35) 当前没有其他玩家在线，无需广播状态同步消息
2025-11-20 13:42:40.3923 (StateSyncRequestHandler.cs:35) 当前没有其他玩家在线，无需广播状态同步消息
2025-11-20 13:42:40.5012 (StateSyncRequestHandler.cs:35) 当前没有其他玩家在线，无需广播状态同步消息
2025-11-20 13:42:40.5959 (StateSyncRequestHandler.cs:35) 当前没有其他玩家在线，无需广播状态同步消息
2025-11-20 13:42:40.6918 (StateSyncRequestHandler.cs:35) 当前没有其他玩家在线，无需广播状态同步消息
2025-11-20 13:42:40.7993 (StateSyncRequestHandler.cs:35) 当前没有其他玩家在线，无需广播状态同步消息
2025-11-20 13:42:40.8917 (StateSyncRequestHandler.cs:35) 当前没有其他玩家在线，无需广播状态同步消息
2025-11-20 13:42:40.9881 (StateSyncRequestHandler.cs:35) 当前没有其他玩家在线，无需广播状态同步消息
2025-11-20 13:42:41.0884 (StateSyncRequestHandler.cs:35) 当前没有其他玩家在线，无需广播状态同步消息
2025-11-20 13:42:41.1919 (StateSyncRequestHandler.cs:35) 当前没有其他玩家在线，无需广播状态同步消息
2025-11-20 13:42:41.2912 (StateSyncRequestHandler.cs:35) 当前没有其他玩家在线，无需广播状态同步消息
2025-11-20 13:42:41.3924 (StateSyncRequestHandler.cs:35) 当前没有其他玩家在线，无需广播状态同步消息
2025-11-20 13:42:41.4964 (StateSyncRequestHandler.cs:35) 当前没有其他玩家在线，无需广播状态同步消息
2025-11-20 13:42:41.5941 (StateSyncRequestHandler.cs:35) 当前没有其他玩家在线，无需广播状态同步消息
2025-11-20 13:42:41.6975 (StateSyncRequestHandler.cs:35) 当前没有其他玩家在线，无需广播状态同步消息
2025-11-20 13:42:41.7885 (StateSyncRequestHandler.cs:35) 当前没有其他玩家在线，无需广播状态同步消息
2025-11-20 13:42:41.8930 (StateSyncRequestHandler.cs:35) 当前没有其他玩家在线，无需广播状态同步消息
2025-11-20 13:42:41.9907 (StateSyncRequestHandler.cs:35) 当前没有其他玩家在线，无需广播状态同步消息
2025-11-20 13:42:42.0931 (StateSyncRequestHandler.cs:35) 当前没有其他玩家在线，无需广播状态同步消息
2025-11-20 13:42:42.1874 (StateSyncRequestHandler.cs:35) 当前没有其他玩家在线，无需广播状态同步消息
2025-11-20 13:42:42.2950 (StateSyncRequestHandler.cs:35) 当前没有其他玩家在线，无需广播状态同步消息
2025-11-20 13:42:42.3976 (StateSyncRequestHandler.cs:35) 当前没有其他玩家在线，无需广播状态同步消息
2025-11-20 13:42:42.4913 (StateSyncRequestHandler.cs:35) 当前没有其他玩家在线，无需广播状态同步消息
2025-11-20 13:42:42.6043 (StateSyncRequestHandler.cs:35) 当前没有其他玩家在线，无需广播状态同步消息
2025-11-20 13:42:42.7024  当前没有其他玩家在线，无需广播状态同步消息
2025-11-20 13:42:42.7947  当前没有其他玩家在线，无需广播状态同步消息
2025-11-20 13:42:42.8895  当前没有其他玩家在线，无需广播状态同步消息
2025-11-20 13:42:42.9963  当前没有其他玩家在线，无需广播状态同步消息
2025-11-20 13:42:43.0941  当前没有其他玩家在线，无需广播状态同步消息
2025-11-20 13:42:43.1926  当前没有其他玩家在线，无需广播状态同步消息
2025-11-20 13:42:43.3040  当前没有其他玩家在线，无需广播状态同步消息
2025-11-20 13:42:43.3886  当前没有其他玩家在线，无需广播状态同步消息
2025-11-20 13:42:43.4921  当前没有其他玩家在线，无需广播状态同步消息
2025-11-20 13:42:43.5881  当前没有其他玩家在线，无需广播状态同步消息
2025-11-20 13:42:43.6921  当前没有其他玩家在线，无需广播状态同步消息
2025-11-20 13:42:43.7960  当前没有其他玩家在线，无需广播状态同步消息
2025-11-20 13:42:43.8924  当前没有其他玩家在线，无需广播状态同步消息
2025-11-20 13:42:43.9957  当前没有其他玩家在线，无需广播状态同步消息
2025-11-20 13:42:44.0965  当前没有其他玩家在线，无需广播状态同步消息
2025-11-20 13:42:44.1913  当前没有其他玩家在线，无需广播状态同步消息
2025-11-20 13:42:44.2889  当前没有其他玩家在线，无需广播状态同步消息
2025-11-20 13:42:44.3941  当前没有其他玩家在线，无需广播状态同步消息
2025-11-20 13:42:44.4919  当前没有其他玩家在线，无需广播状态同步消息
2025-11-20 13:42:44.5937  当前没有其他玩家在线，无需广播状态同步消息
2025-11-20 13:42:44.6937  当前没有其他玩家在线，无需广播状态同步消息
2025-11-20 13:42:45.4057  当前没有其他玩家在线，无需广播状态同步消息
2025-11-20 13:42:45.4894  当前没有其他玩家在线，无需广播状态同步消息
2025-11-20 13:42:45.5916  当前没有其他玩家在线，无需广播状态同步消息
2025-11-20 13:42:45.6955  当前没有其他玩家在线，无需广播状态同步消息
2025-11-20 13:42:45.7922  当前没有其他玩家在线，无需广播状态同步消息
2025-11-20 13:42:45.8904  当前没有其他玩家在线，无需广播状态同步消息
2025-11-20 13:42:45.9919  当前没有其他玩家在线，无需广播状态同步消息
2025-11-20 13:42:46.0916  当前没有其他玩家在线，无需广播状态同步消息
2025-11-20 13:42:46.1904  当前没有其他玩家在线，无需广播状态同步消息
2025-11-20 13:42:46.2905  当前没有其他玩家在线，无需广播状态同步消息
2025-11-20 13:42:46.3941  当前没有其他玩家在线，无需广播状态同步消息
2025-11-20 13:42:46.4952  当前没有其他玩家在线，无需广播状态同步消息
2025-11-20 13:42:46.5898  当前没有其他玩家在线，无需广播状态同步消息
2025-11-20 13:42:47.2877  当前没有其他玩家在线，无需广播状态同步消息
2025-11-20 13:42:47.3937  当前没有其他玩家在线，无需广播状态同步消息
2025-11-20 13:42:47.4906  当前没有其他玩家在线，无需广播状态同步消息
2025-11-20 13:42:47.5949  当前没有其他玩家在线，无需广播状态同步消息
2025-11-20 13:42:47.6904  当前没有其他玩家在线，无需广播状态同步消息
2025-11-20 13:42:47.7942  当前没有其他玩家在线，无需广播状态同步消息
2025-11-20 13:42:47.8916  当前没有其他玩家在线，无需广播状态同步消息
2025-11-20 13:42:47.9957  当前没有其他玩家在线，无需广播状态同步消息
2025-11-20 13:42:48.0916  当前没有其他玩家在线，无需广播状态同步消息
2025-11-20 13:42:48.1893  当前没有其他玩家在线，无需广播状态同步消息
2025-11-20 13:42:48.2930  当前没有其他玩家在线，无需广播状态同步消息
2025-11-20 13:42:48.3936  当前没有其他玩家在线，无需广播状态同步消息
2025-11-20 13:42:48.4879  当前没有其他玩家在线，无需广播状态同步消息
2025-11-20 13:42:48.5930  当前没有其他玩家在线，无需广播状态同步消息
2025-11-20 13:42:48.6951  当前没有其他玩家在线，无需广播状态同步消息
2025-11-20 13:42:48.7955  当前没有其他玩家在线，无需广播状态同步消息
2025-11-20 13:42:48.8976  当前没有其他玩家在线，无需广播状态同步消息
2025-11-20 13:42:48.9885  当前没有其他玩家在线，无需广播状态同步消息
2025-11-20 13:42:49.0916  当前没有其他玩家在线，无需广播状态同步消息
2025-11-20 13:42:49.1894  当前没有其他玩家在线，无需广播状态同步消息
2025-11-20 13:42:49.2896  当前没有其他玩家在线，无需广播状态同步消息
2025-11-20 13:42:49.3947  当前没有其他玩家在线，无需广播状态同步消息
2025-11-20 13:42:49.4958  当前没有其他玩家在线，无需广播状态同步消息
2025-11-20 13:42:49.5966  当前没有其他玩家在线，无需广播状态同步消息
2025-11-20 13:42:49.7050  当前没有其他玩家在线，无需广播状态同步消息
2025-11-20 13:42:49.7945  当前没有其他玩家在线，无需广播状态同步消息
2025-11-20 13:42:49.8926  当前没有其他玩家在线，无需广播状态同步消息
2025-11-20 13:42:49.9897  当前没有其他玩家在线，无需广播状态同步消息
2025-11-20 13:42:50.0944  当前没有其他玩家在线，无需广播状态同步消息
2025-11-20 13:42:50.1956  当前没有其他玩家在线，无需广播状态同步消息
2025-11-20 13:42:50.2880  当前没有其他玩家在线，无需广播状态同步消息
2025-11-20 13:42:50.3947  当前没有其他玩家在线，无需广播状态同步消息
2025-11-20 13:42:50.4877  当前没有其他玩家在线，无需广播状态同步消息
2025-11-20 13:42:50.5917  当前没有其他玩家在线，无需广播状态同步消息
2025-11-20 13:42:50.6877  当前没有其他玩家在线，无需广播状态同步消息
2025-11-20 13:42:50.7895  当前没有其他玩家在线，无需广播状态同步消息
2025-11-20 13:42:50.8946  当前没有其他玩家在线，无需广播状态同步消息
2025-11-20 13:42:50.9906  当前没有其他玩家在线，无需广播状态同步消息
2025-11-20 13:42:51.0998  当前没有其他玩家在线，无需广播状态同步消息
2025-11-20 13:42:51.1971  当前没有其他玩家在线，无需广播状态同步消息
2025-11-20 13:42:51.2959  当前没有其他玩家在线，无需广播状态同步消息
2025-11-20 13:42:51.3938  当前没有其他玩家在线，无需广播状态同步消息
2025-11-20 13:42:52.3003  当前没有其他玩家在线，无需广播状态同步消息
2025-11-20 13:42:52.3890  当前没有其他玩家在线，无需广播状态同步消息
2025-11-20 13:42:52.5020  当前没有其他玩家在线，无需广播状态同步消息
2025-11-20 13:42:52.5967  当前没有其他玩家在线，无需广播状态同步消息
2025-11-20 13:42:52.7000  当前没有其他玩家在线，无需广播状态同步消息
2025-11-20 13:42:52.7876  当前没有其他玩家在线，无需广播状态同步消息
2025-11-20 13:42:52.9004  当前没有其他玩家在线，无需广播状态同步消息
2025-11-20 13:42:52.9917  当前没有其他玩家在线，无需广播状态同步消息
2025-11-20 13:42:53.0970  当前没有其他玩家在线，无需广播状态同步消息
2025-11-20 13:42:53.1953  当前没有其他玩家在线，无需广播状态同步消息
2025-11-20 13:42:53.2945  当前没有其他玩家在线，无需广播状态同步消息
2025-11-20 13:42:53.3931  当前没有其他玩家在线，无需广播状态同步消息
2025-11-20 13:42:55.0903  当前没有其他玩家在线，无需广播状态同步消息
2025-11-20 13:42:55.1959  当前没有其他玩家在线，无需广播状态同步消息
2025-11-20 13:42:55.2957  当前没有其他玩家在线，无需广播状态同步消息
2025-11-20 13:42:55.4000  当前没有其他玩家在线，无需广播状态同步消息
2025-11-20 13:42:55.4962  当前没有其他玩家在线，无需广播状态同步消息
2025-11-20 13:42:55.5915  当前没有其他玩家在线，无需广播状态同步消息
2025-11-20 13:42:55.6907  当前没有其他玩家在线，无需广播状态同步消息
2025-11-20 13:42:55.7898  当前没有其他玩家在线，无需广播状态同步消息
2025-11-20 13:42:55.8979  当前没有其他玩家在线，无需广播状态同步消息
2025-11-20 13:42:55.9962  当前没有其他玩家在线，无需广播状态同步消息
2025-11-20 13:42:56.0943  当前没有其他玩家在线，无需广播状态同步消息
2025-11-20 13:42:57.2905  当前没有其他玩家在线，无需广播状态同步消息
2025-11-20 13:42:57.3948  当前没有其他玩家在线，无需广播状态同步消息
2025-11-20 13:42:57.4931  当前没有其他玩家在线，无需广播状态同步消息
2025-11-20 13:42:57.5903  当前没有其他玩家在线，无需广播状态同步消息
2025-11-20 13:42:57.6895  当前没有其他玩家在线，无需广播状态同步消息
2025-11-20 13:42:57.7940  当前没有其他玩家在线，无需广播状态同步消息
2025-11-20 13:42:57.8931  当前没有其他玩家在线，无需广播状态同步消息
2025-11-20 13:42:57.9918  当前没有其他玩家在线，无需广播状态同步消息
2025-11-20 13:42:58.0913  当前没有其他玩家在线，无需广播状态同步消息
2025-11-20 13:42:58.1909  当前没有其他玩家在线，无需广播状态同步消息
2025-11-20 13:42:58.2896  当前没有其他玩家在线，无需广播状态同步消息
2025-11-20 13:42:58.3889  当前没有其他玩家在线，无需广播状态同步消息
2025-11-20 13:42:58.4969  当前没有其他玩家在线，无需广播状态同步消息
2025-11-20 13:42:58.5957  当前没有其他玩家在线，无需广播状态同步消息
2025-11-20 13:42:58.6890  当前没有其他玩家在线，无需广播状态同步消息
2025-11-20 13:42:58.7888  当前没有其他玩家在线，无需广播状态同步消息
2025-11-20 13:42:58.8980  当前没有其他玩家在线，无需广播状态同步消息
2025-11-20 13:42:58.9954  当前没有其他玩家在线，无需广播状态同步消息
2025-11-20 13:42:59.0969  当前没有其他玩家在线，无需广播状态同步消息
2025-11-20 13:42:59.1963  当前没有其他玩家在线，无需广播状态同步消息
2025-11-20 13:42:59.2993  当前没有其他玩家在线，无需广播状态同步消息
2025-11-20 13:42:59.3981  当前没有其他玩家在线，无需广播状态同步消息
2025-11-20 13:42:59.4951  当前没有其他玩家在线，无需广播状态同步消息
2025-11-20 13:42:59.5944  当前没有其他玩家在线，无需广播状态同步消息
2025-11-20 13:42:59.6883  当前没有其他玩家在线，无需广播状态同步消息
2025-11-20 13:42:59.7925  当前没有其他玩家在线，无需广播状态同步消息
2025-11-20 13:42:59.8921  当前没有其他玩家在线，无需广播状态同步消息
2025-11-20 13:42:59.9877  当前没有其他玩家在线，无需广播状态同步消息
2025-11-20 13:43:00.0879  当前没有其他玩家在线，无需广播状态同步消息
2025-11-20 13:43:00.1881  当前没有其他玩家在线，无需广播状态同步消息
2025-11-20 13:43:00.2899  当前没有其他玩家在线，无需广播状态同步消息
2025-11-20 13:43:00.3972  当前没有其他玩家在线，无需广播状态同步消息
2025-11-20 13:43:00.4936  当前没有其他玩家在线，无需广播状态同步消息
2025-11-20 13:43:00.5886  当前没有其他玩家在线，无需广播状态同步消息
2025-11-20 13:43:00.6894  当前没有其他玩家在线，无需广播状态同步消息
2025-11-20 13:43:00.7954  当前没有其他玩家在线，无需广播状态同步消息
2025-11-20 13:43:00.8916  当前没有其他玩家在线，无需广播状态同步消息
2025-11-20 13:43:01.0069  当前没有其他玩家在线，无需广播状态同步消息
2025-11-20 13:43:01.0882  当前没有其他玩家在线，无需广播状态同步消息
2025-11-20 13:43:01.1923  当前没有其他玩家在线，无需广播状态同步消息
2025-11-20 13:43:01.2883  当前没有其他玩家在线，无需广播状态同步消息
2025-11-20 13:43:01.3917  当前没有其他玩家在线，无需广播状态同步消息
2025-11-20 13:43:01.4954  当前没有其他玩家在线，无需广播状态同步消息
2025-11-20 13:43:01.5942  当前没有其他玩家在线，无需广播状态同步消息
2025-11-20 13:43:01.6905  当前没有其他玩家在线，无需广播状态同步消息
2025-11-20 13:43:01.7889  当前没有其他玩家在线，无需广播状态同步消息
2025-11-20 13:43:01.8912  当前没有其他玩家在线，无需广播状态同步消息
2025-11-20 13:43:03.3949  当前没有其他玩家在线，无需广播状态同步消息
2025-11-20 13:43:03.4927  当前没有其他玩家在线，无需广播状态同步消息
2025-11-20 13:43:03.5950  当前没有其他玩家在线，无需广播状态同步消息
2025-11-20 13:43:03.6935  当前没有其他玩家在线，无需广播状态同步消息
2025-11-20 13:43:03.7884  当前没有其他玩家在线，无需广播状态同步消息
2025-11-20 13:43:03.8894  当前没有其他玩家在线，无需广播状态同步消息
2025-11-20 13:43:03.9882  当前没有其他玩家在线，无需广播状态同步消息
2025-11-20 13:43:04.0927  当前没有其他玩家在线，无需广播状态同步消息
2025-11-20 13:43:04.1938  当前没有其他玩家在线，无需广播状态同步消息
2025-11-20 13:43:04.2898  当前没有其他玩家在线，无需广播状态同步消息
2025-11-20 13:43:04.3928  当前没有其他玩家在线，无需广播状态同步消息
2025-11-20 13:43:04.4963  当前没有其他玩家在线，无需广播状态同步消息
2025-11-20 13:43:04.5939  当前没有其他玩家在线，无需广播状态同步消息
2025-11-20 13:43:04.6893  当前没有其他玩家在线，无需广播状态同步消息
2025-11-20 13:43:04.7881  当前没有其他玩家在线，无需广播状态同步消息
2025-11-20 13:43:04.8918  当前没有其他玩家在线，无需广播状态同步消息
2025-11-20 13:43:04.9932  当前没有其他玩家在线，无需广播状态同步消息
2025-11-20 13:43:05.0889  当前没有其他玩家在线，无需广播状态同步消息
2025-11-20 13:43:05.1885  当前没有其他玩家在线，无需广播状态同步消息
2025-11-20 13:43:05.2884  当前没有其他玩家在线，无需广播状态同步消息
2025-11-20 13:43:05.3943  当前没有其他玩家在线，无需广播状态同步消息
2025-11-20 13:43:05.4935  当前没有其他玩家在线，无需广播状态同步消息
2025-11-20 13:43:06.5975  当前没有其他玩家在线，无需广播状态同步消息
2025-11-20 13:43:06.6940  当前没有其他玩家在线，无需广播状态同步消息
2025-11-20 13:43:06.7895  当前没有其他玩家在线，无需广播状态同步消息
2025-11-20 13:43:06.8911  当前没有其他玩家在线，无需广播状态同步消息
2025-11-20 13:43:06.9939  当前没有其他玩家在线，无需广播状态同步消息
2025-11-20 13:43:07.0903  当前没有其他玩家在线，无需广播状态同步消息
2025-11-20 13:43:07.1907  当前没有其他玩家在线，无需广播状态同步消息
2025-11-20 13:43:07.2941  当前没有其他玩家在线，无需广播状态同步消息
2025-11-20 13:43:07.3891  当前没有其他玩家在线，无需广播状态同步消息
2025-11-20 13:43:07.4939  当前没有其他玩家在线，无需广播状态同步消息
2025-11-20 13:43:07.5920  当前没有其他玩家在线，无需广播状态同步消息
2025-11-20 13:43:07.6915  当前没有其他玩家在线，无需广播状态同步消息
2025-11-20 13:43:07.7925  当前没有其他玩家在线，无需广播状态同步消息
2025-11-20 13:43:07.9039  当前没有其他玩家在线，无需广播状态同步消息
2025-11-20 13:43:07.9940  当前没有其他玩家在线，无需广播状态同步消息
2025-11-20 13:43:08.1037  当前没有其他玩家在线，无需广播状态同步消息
2025-11-20 13:43:08.1909  当前没有其他玩家在线，无需广播状态同步消息
2025-11-20 13:43:08.3027  当前没有其他玩家在线，无需广播状态同步消息
2025-11-20 13:43:08.3895  当前没有其他玩家在线，无需广播状态同步消息
2025-11-20 13:43:08.4894  当前没有其他玩家在线，无需广播状态同步消息
2025-11-20 13:43:08.5979  当前没有其他玩家在线，无需广播状态同步消息
2025-11-20 13:43:08.6961  当前没有其他玩家在线，无需广播状态同步消息
2025-11-20 13:43:08.7925  当前没有其他玩家在线，无需广播状态同步消息
2025-11-20 13:43:14.2917  当前没有其他玩家在线，无需广播状态同步消息
2025-11-20 13:43:14.3929  当前没有其他玩家在线，无需广播状态同步消息
2025-11-20 13:43:14.4884  当前没有其他玩家在线，无需广播状态同步消息
2025-11-20 13:43:14.5888  当前没有其他玩家在线，无需广播状态同步消息
2025-11-20 13:43:14.6885  当前没有其他玩家在线，无需广播状态同步消息
2025-11-20 13:43:14.7977  当前没有其他玩家在线，无需广播状态同步消息
2025-11-20 13:43:14.8987  当前没有其他玩家在线，无需广播状态同步消息
2025-11-20 13:43:14.9880  当前没有其他玩家在线，无需广播状态同步消息
2025-11-20 13:43:15.0919  当前没有其他玩家在线，无需广播状态同步消息
2025-11-20 13:43:15.1945  当前没有其他玩家在线，无需广播状态同步消息
2025-11-20 13:43:15.4937  当前没有其他玩家在线，无需广播状态同步消息
2025-11-20 13:43:15.5961  当前没有其他玩家在线，无需广播状态同步消息
2025-11-20 13:43:15.6905  当前没有其他玩家在线，无需广播状态同步消息
2025-11-20 13:43:15.7878  当前没有其他玩家在线，无需广播状态同步消息
2025-11-20 13:43:15.8985  当前没有其他玩家在线，无需广播状态同步消息
2025-11-20 13:43:15.9950  当前没有其他玩家在线，无需广播状态同步消息
2025-11-20 13:43:16.0991  当前没有其他玩家在线，无需广播状态同步消息
2025-11-20 13:43:16.1959  当前没有其他玩家在线，无需广播状态同步消息
2025-11-20 13:43:16.6951  当前没有其他玩家在线，无需广播状态同步消息
2025-11-20 13:43:16.7872  当前没有其他玩家在线，无需广播状态同步消息
2025-11-20 13:43:17.1916  当前没有其他玩家在线，无需广播状态同步消息
2025-11-20 13:43:17.2897  当前没有其他玩家在线，无需广播状态同步消息
2025-11-20 13:43:17.3972  当前没有其他玩家在线，无需广播状态同步消息
2025-11-20 13:43:18.1947  当前没有其他玩家在线，无需广播状态同步消息
2025-11-20 13:43:18.2918  当前没有其他玩家在线，无需广播状态同步消息
2025-11-20 13:43:18.3979  当前没有其他玩家在线，无需广播状态同步消息
2025-11-20 13:43:18.4875  当前没有其他玩家在线，无需广播状态同步消息
2025-11-20 13:43:18.5932  当前没有其他玩家在线，无需广播状态同步消息
2025-11-20 13:43:19.2919  当前没有其他玩家在线，无需广播状态同步消息
2025-11-20 13:43:19.3973  当前没有其他玩家在线，无需广播状态同步消息
2025-11-20 13:43:19.4901  当前没有其他玩家在线，无需广播状态同步消息
2025-11-20 13:43:19.5950  当前没有其他玩家在线，无需广播状态同步消息
2025-11-20 13:43:21.0926  当前没有其他玩家在线，无需广播状态同步消息
2025-11-20 13:43:21.1995  当前没有其他玩家在线，无需广播状态同步消息
2025-11-20 13:43:21.3018  当前没有其他玩家在线，无需广播状态同步消息
2025-11-20 13:43:21.3909  当前没有其他玩家在线，无需广播状态同步消息
2025-11-20 13:43:21.4938  当前没有其他玩家在线，无需广播状态同步消息
2025-11-20 13:43:21.5895  当前没有其他玩家在线，无需广播状态同步消息
2025-11-20 13:43:21.6898  当前没有其他玩家在线，无需广播状态同步消息
2025-11-20 13:43:21.7884  当前没有其他玩家在线，无需广播状态同步消息
2025-11-20 13:43:21.8893  当前没有其他玩家在线，无需广播状态同步消息
2025-11-20 13:43:21.9982  当前没有其他玩家在线，无需广播状态同步消息
2025-11-20 13:43:22.0957  当前没有其他玩家在线，无需广播状态同步消息
2025-11-20 13:43:22.1936  当前没有其他玩家在线，无需广播状态同步消息
2025-11-20 13:43:22.2943  当前没有其他玩家在线，无需广播状态同步消息
2025-11-20 13:43:22.3966  当前没有其他玩家在线，无需广播状态同步消息
2025-11-20 13:43:22.4907  当前没有其他玩家在线，无需广播状态同步消息
2025-11-20 13:43:22.5982  当前没有其他玩家在线，无需广播状态同步消息
2025-11-20 13:43:22.6926  当前没有其他玩家在线，无需广播状态同步消息
2025-11-20 13:43:22.7967  当前没有其他玩家在线，无需广播状态同步消息
2025-11-20 13:43:22.8917  当前没有其他玩家在线，无需广播状态同步消息
2025-11-20 13:43:22.9916  当前没有其他玩家在线，无需广播状态同步消息
2025-11-20 13:43:23.0914  当前没有其他玩家在线，无需广播状态同步消息
2025-11-20 13:43:23.1898  当前没有其他玩家在线，无需广播状态同步消息
2025-11-20 13:43:23.2943  当前没有其他玩家在线，无需广播状态同步消息
2025-11-20 13:43:23.3927  当前没有其他玩家在线，无需广播状态同步消息
2025-11-20 13:43:23.4969  当前没有其他玩家在线，无需广播状态同步消息
2025-11-20 13:43:23.5945  当前没有其他玩家在线，无需广播状态同步消息
2025-11-20 13:43:23.6917  当前没有其他玩家在线，无需广播状态同步消息
2025-11-20 13:43:23.7922  当前没有其他玩家在线，无需广播状态同步消息
2025-11-20 13:43:24.1894  当前没有其他玩家在线，无需广播状态同步消息
2025-11-20 13:43:24.2959  当前没有其他玩家在线，无需广播状态同步消息
2025-11-20 13:43:24.3960  当前没有其他玩家在线，无需广播状态同步消息
2025-11-20 13:43:24.4884  当前没有其他玩家在线，无需广播状态同步消息
2025-11-20 13:43:24.5919  当前没有其他玩家在线，无需广播状态同步消息
2025-11-20 13:43:24.7082  当前没有其他玩家在线，无需广播状态同步消息
2025-11-20 13:43:24.7888  当前没有其他玩家在线，无需广播状态同步消息
2025-11-20 13:43:24.8965  当前没有其他玩家在线，无需广播状态同步消息
2025-11-20 13:43:24.9957  当前没有其他玩家在线，无需广播状态同步消息
2025-11-20 13:43:25.0933  当前没有其他玩家在线，无需广播状态同步消息
2025-11-20 13:43:25.1890  当前没有其他玩家在线，无需广播状态同步消息
2025-11-20 13:43:25.2904  当前没有其他玩家在线，无需广播状态同步消息
2025-11-20 13:43:25.3914  当前没有其他玩家在线，无需广播状态同步消息
2025-11-20 13:43:25.4975  当前没有其他玩家在线，无需广播状态同步消息
2025-11-20 13:43:25.5923  当前没有其他玩家在线，无需广播状态同步消息
2025-11-20 13:43:25.6873  当前没有其他玩家在线，无需广播状态同步消息
2025-11-20 13:43:25.8003  当前没有其他玩家在线，无需广播状态同步消息
2025-11-20 13:43:25.8961  当前没有其他玩家在线，无需广播状态同步消息
2025-11-20 13:43:41.3812  收到登录请求
2025-11-20 13:43:41.3867  向ID:479795091865862144发送其他玩家登录请求
2025-11-20 13:48:37.8916 (LoginRequestHandler.cs:17) 收到登录请求
2025-11-20 13:48:37.8989 (LoginRequestHandler.cs:38) 当前没有其他玩家在线，无需广播
2025-11-20 13:48:38.6576 (StateSyncRequestHandler.cs:35) 当前没有其他玩家在线，无需广播状态同步消息
2025-11-20 13:48:38.7309 (StateSyncRequestHandler.cs:35) 当前没有其他玩家在线，无需广播状态同步消息
2025-11-20 13:48:38.8255 (StateSyncRequestHandler.cs:35) 当前没有其他玩家在线，无需广播状态同步消息
2025-11-20 13:48:38.9272 (StateSyncRequestHandler.cs:35) 当前没有其他玩家在线，无需广播状态同步消息
2025-11-20 13:48:39.0235 (StateSyncRequestHandler.cs:35) 当前没有其他玩家在线，无需广播状态同步消息
2025-11-20 13:48:39.1278 (StateSyncRequestHandler.cs:35) 当前没有其他玩家在线，无需广播状态同步消息
2025-11-20 13:48:39.2298 (StateSyncRequestHandler.cs:35) 当前没有其他玩家在线，无需广播状态同步消息
2025-11-20 13:48:39.3323 (StateSyncRequestHandler.cs:35) 当前没有其他玩家在线，无需广播状态同步消息
2025-11-20 13:48:39.4274 (StateSyncRequestHandler.cs:35) 当前没有其他玩家在线，无需广播状态同步消息
2025-11-20 13:48:39.5291 (StateSyncRequestHandler.cs:35) 当前没有其他玩家在线，无需广播状态同步消息
2025-11-20 13:48:39.6294 (StateSyncRequestHandler.cs:35) 当前没有其他玩家在线，无需广播状态同步消息
2025-11-20 13:48:39.7286 (StateSyncRequestHandler.cs:35) 当前没有其他玩家在线，无需广播状态同步消息
2025-11-20 13:48:39.8279 (StateSyncRequestHandler.cs:35) 当前没有其他玩家在线，无需广播状态同步消息
2025-11-20 13:48:39.9301 (StateSyncRequestHandler.cs:35) 当前没有其他玩家在线，无需广播状态同步消息
2025-11-20 13:48:40.0332 (StateSyncRequestHandler.cs:35) 当前没有其他玩家在线，无需广播状态同步消息
2025-11-20 13:48:40.1235 (StateSyncRequestHandler.cs:35) 当前没有其他玩家在线，无需广播状态同步消息
2025-11-20 13:48:40.2226 (StateSyncRequestHandler.cs:35) 当前没有其他玩家在线，无需广播状态同步消息
2025-11-20 13:48:41.2322 (StateSyncRequestHandler.cs:35) 当前没有其他玩家在线，无需广播状态同步消息
2025-11-20 13:48:41.3240 (StateSyncRequestHandler.cs:35) 当前没有其他玩家在线，无需广播状态同步消息
2025-11-20 13:48:41.4247 (StateSyncRequestHandler.cs:35) 当前没有其他玩家在线，无需广播状态同步消息
2025-11-20 13:48:41.5223 (StateSyncRequestHandler.cs:35) 当前没有其他玩家在线，无需广播状态同步消息
2025-11-20 13:48:41.6270 (StateSyncRequestHandler.cs:35) 当前没有其他玩家在线，无需广播状态同步消息
2025-11-20 13:48:41.7222 (StateSyncRequestHandler.cs:35) 当前没有其他玩家在线，无需广播状态同步消息
2025-11-20 13:48:41.8280 (StateSyncRequestHandler.cs:35) 当前没有其他玩家在线，无需广播状态同步消息
2025-11-20 13:48:41.9299 (StateSyncRequestHandler.cs:35) 当前没有其他玩家在线，无需广播状态同步消息
2025-11-20 13:48:42.0279 (StateSyncRequestHandler.cs:35) 当前没有其他玩家在线，无需广播状态同步消息
2025-11-20 13:48:42.1281 (StateSyncRequestHandler.cs:35) 当前没有其他玩家在线，无需广播状态同步消息
2025-11-20 13:48:42.2317 (StateSyncRequestHandler.cs:35) 当前没有其他玩家在线，无需广播状态同步消息
2025-11-20 13:48:42.3245 (StateSyncRequestHandler.cs:35) 当前没有其他玩家在线，无需广播状态同步消息
2025-11-20 13:48:42.4224 (StateSyncRequestHandler.cs:35) 当前没有其他玩家在线，无需广播状态同步消息
2025-11-20 13:48:53.4982 (LoginRequestHandler.cs:17) 收到登录请求
2025-11-20 13:48:53.4982 (LoginRequestHandler.cs:51) 向ID:479801396877852672发送其他玩家登录请求
2025-11-20 13:56:21.7754 (LoginRequestHandler.cs:17) 收到登录请求
2025-11-20 13:56:21.7754 (LoginRequestHandler.cs:38) 当前没有其他玩家在线，无需广播
2025-11-20 13:56:22.9403 (StateSyncRequestHandler.cs:35) 当前没有其他玩家在线，无需广播状态同步消息
2025-11-20 13:56:23.5169 (StateSyncRequestHandler.cs:35) 当前没有其他玩家在线，无需广播状态同步消息
2025-11-20 13:56:25.8241 (StateSyncRequestHandler.cs:35) 当前没有其他玩家在线，无需广播状态同步消息
2025-11-20 13:56:27.5213 (StateSyncRequestHandler.cs:35) 当前没有其他玩家在线，无需广播状态同步消息
2025-11-20 13:56:28.3178 (StateSyncRequestHandler.cs:35) 当前没有其他玩家在线，无需广播状态同步消息
2025-11-20 13:56:32.5139 (StateSyncRequestHandler.cs:35) 当前没有其他玩家在线，无需广播状态同步消息
2025-11-20 13:56:33.7204 (StateSyncRequestHandler.cs:35) 当前没有其他玩家在线，无需广播状态同步消息
2025-11-20 13:56:34.2198 (StateSyncRequestHandler.cs:35) 当前没有其他玩家在线，无需广播状态同步消息
2025-11-20 13:56:35.4172 (StateSyncRequestHandler.cs:35) 当前没有其他玩家在线，无需广播状态同步消息
2025-11-20 13:56:36.0152 (StateSyncRequestHandler.cs:35) 当前没有其他玩家在线，无需广播状态同步消息
2025-11-20 13:56:39.1203 (StateSyncRequestHandler.cs:35) 当前没有其他玩家在线，无需广播状态同步消息
2025-11-20 13:56:40.3169 (StateSyncRequestHandler.cs:35) 当前没有其他玩家在线，无需广播状态同步消息
2025-11-20 13:56:41.0202 (StateSyncRequestHandler.cs:35) 当前没有其他玩家在线，无需广播状态同步消息
2025-11-20 13:56:44.9169 (StateSyncRequestHandler.cs:35) 当前没有其他玩家在线，无需广播状态同步消息
2025-11-20 13:56:45.3121 (StateSyncRequestHandler.cs:35) 当前没有其他玩家在线，无需广播状态同步消息
2025-11-20 13:56:45.4188 (StateSyncRequestHandler.cs:35) 当前没有其他玩家在线，无需广播状态同步消息
2025-11-20 13:56:45.5201 (StateSyncRequestHandler.cs:35) 当前没有其他玩家在线，无需广播状态同步消息
2025-11-20 13:56:45.6122 (StateSyncRequestHandler.cs:35) 当前没有其他玩家在线，无需广播状态同步消息
2025-11-20 13:56:45.7183 (StateSyncRequestHandler.cs:35) 当前没有其他玩家在线，无需广播状态同步消息
2025-11-20 13:56:45.8177 (StateSyncRequestHandler.cs:35) 当前没有其他玩家在线，无需广播状态同步消息
2025-11-20 13:56:45.9123 (StateSyncRequestHandler.cs:35) 当前没有其他玩家在线，无需广播状态同步消息
2025-11-20 13:56:46.0200 (StateSyncRequestHandler.cs:35) 当前没有其他玩家在线，无需广播状态同步消息
2025-11-20 13:56:46.1160 (StateSyncRequestHandler.cs:35) 当前没有其他玩家在线，无需广播状态同步消息
2025-11-20 13:56:46.2185 (StateSyncRequestHandler.cs:35) 当前没有其他玩家在线，无需广播状态同步消息
2025-11-20 13:56:46.3166 (StateSyncRequestHandler.cs:35) 当前没有其他玩家在线，无需广播状态同步消息
2025-11-20 13:56:46.4163 (StateSyncRequestHandler.cs:35) 当前没有其他玩家在线，无需广播状态同步消息
2025-11-20 13:56:46.5163 (StateSyncRequestHandler.cs:35) 当前没有其他玩家在线，无需广播状态同步消息
2025-11-20 13:56:46.6121 (StateSyncRequestHandler.cs:35) 当前没有其他玩家在线，无需广播状态同步消息
2025-11-20 13:56:46.7240 (StateSyncRequestHandler.cs:35) 当前没有其他玩家在线，无需广播状态同步消息
2025-11-20 13:56:46.8124 (StateSyncRequestHandler.cs:35) 当前没有其他玩家在线，无需广播状态同步消息
2025-11-20 13:56:46.9175 (StateSyncRequestHandler.cs:35) 当前没有其他玩家在线，无需广播状态同步消息
2025-11-20 13:56:47.7124 (StateSyncRequestHandler.cs:35) 当前没有其他玩家在线，无需广播状态同步消息
2025-11-20 13:56:48.2214 (StateSyncRequestHandler.cs:35) 当前没有其他玩家在线，无需广播状态同步消息
2025-11-20 13:56:48.6207 (StateSyncRequestHandler.cs:35) 当前没有其他玩家在线，无需广播状态同步消息
