2025-11-20 18:14:30.1693 (LoginRequestHandler.cs:18) 收到登录请求
2025-11-20 18:14:30.1693 (LoginRequestHandler.cs:49) 当前没有其他玩家在线，无需广播
2025-11-20 18:14:34.8680 (StateSyncRequestHandler.cs:35) 当前没有其他玩家在线，无需广播状态同步消息
2025-11-20 18:14:34.9305 (StateSyncRequestHandler.cs:35) 当前没有其他玩家在线，无需广播状态同步消息
2025-11-20 18:14:35.0334 (StateSyncRequestHandler.cs:35) 当前没有其他玩家在线，无需广播状态同步消息
2025-11-20 18:14:35.1316 (StateSyncRequestHandler.cs:35) 当前没有其他玩家在线，无需广播状态同步消息
2025-11-20 18:14:35.2338 (StateSyncRequestHandler.cs:35) 当前没有其他玩家在线，无需广播状态同步消息
2025-11-20 18:14:41.8328 (StateSyncRequestHandler.cs:35) 当前没有其他玩家在线，无需广播状态同步消息
2025-11-20 18:14:41.9331 (StateSyncRequestHandler.cs:35) 当前没有其他玩家在线，无需广播状态同步消息
2025-11-20 18:14:42.0325 (StateSyncRequestHandler.cs:35) 当前没有其他玩家在线，无需广播状态同步消息
2025-11-20 18:14:42.1235 (StateSyncRequestHandler.cs:35) 当前没有其他玩家在线，无需广播状态同步消息
2025-11-20 18:14:42.2274 (StateSyncRequestHandler.cs:35) 当前没有其他玩家在线，无需广播状态同步消息
2025-11-20 18:14:42.3334 (StateSyncRequestHandler.cs:35) 当前没有其他玩家在线，无需广播状态同步消息
2025-11-20 18:14:43.0320 (StateSyncRequestHandler.cs:35) 当前没有其他玩家在线，无需广播状态同步消息
2025-11-20 18:14:43.1325 (StateSyncRequestHandler.cs:35) 当前没有其他玩家在线，无需广播状态同步消息
2025-11-20 18:14:43.2348 (StateSyncRequestHandler.cs:35) 当前没有其他玩家在线，无需广播状态同步消息
2025-11-20 18:14:43.3339 (StateSyncRequestHandler.cs:35) 当前没有其他玩家在线，无需广播状态同步消息
2025-11-20 18:14:43.4230 (StateSyncRequestHandler.cs:35) 当前没有其他玩家在线，无需广播状态同步消息
2025-11-20 18:14:43.5351 (StateSyncRequestHandler.cs:35) 当前没有其他玩家在线，无需广播状态同步消息
2025-11-20 18:14:43.6261 (StateSyncRequestHandler.cs:35) 当前没有其他玩家在线，无需广播状态同步消息
2025-11-20 18:16:16.0223 (LoginRequestHandler.cs:18) 收到登录请求
2025-11-20 18:16:16.0253 (LoginRequestHandler.cs:49) 当前没有其他玩家在线，无需广播
2025-11-20 18:16:17.6993 (StateSyncRequestHandler.cs:35) 当前没有其他玩家在线，无需广播状态同步消息
2025-11-20 18:16:17.7727 (StateSyncRequestHandler.cs:35) 当前没有其他玩家在线，无需广播状态同步消息
2025-11-20 18:16:17.8679 (StateSyncRequestHandler.cs:35) 当前没有其他玩家在线，无需广播状态同步消息
2025-11-20 18:16:17.9689 (StateSyncRequestHandler.cs:35) 当前没有其他玩家在线，无需广播状态同步消息
2025-11-20 18:16:19.2642 (StateSyncRequestHandler.cs:35) 当前没有其他玩家在线，无需广播状态同步消息
2025-11-20 18:16:19.3695 (StateSyncRequestHandler.cs:35) 当前没有其他玩家在线，无需广播状态同步消息
2025-11-20 18:16:19.4699 (StateSyncRequestHandler.cs:35) 当前没有其他玩家在线，无需广播状态同步消息
2025-11-20 18:16:19.5676 (StateSyncRequestHandler.cs:35) 当前没有其他玩家在线，无需广播状态同步消息
2025-11-20 18:16:19.6746 (StateSyncRequestHandler.cs:35) 当前没有其他玩家在线，无需广播状态同步消息
2025-11-20 18:16:19.7630 (StateSyncRequestHandler.cs:35) 当前没有其他玩家在线，无需广播状态同步消息
2025-11-20 18:16:19.8655 (StateSyncRequestHandler.cs:35) 当前没有其他玩家在线，无需广播状态同步消息
2025-11-20 18:16:19.9724 (StateSyncRequestHandler.cs:35) 当前没有其他玩家在线，无需广播状态同步消息
2025-11-20 18:16:20.0661 (StateSyncRequestHandler.cs:35) 当前没有其他玩家在线，无需广播状态同步消息
2025-11-20 18:16:20.1666 (StateSyncRequestHandler.cs:35) 当前没有其他玩家在线，无需广播状态同步消息
2025-11-20 18:16:20.2650 (StateSyncRequestHandler.cs:35) 当前没有其他玩家在线，无需广播状态同步消息
2025-11-20 18:16:20.3652 (StateSyncRequestHandler.cs:35) 当前没有其他玩家在线，无需广播状态同步消息
2025-11-20 18:16:20.4629 (StateSyncRequestHandler.cs:35) 当前没有其他玩家在线，无需广播状态同步消息
2025-11-20 18:16:20.5705 (StateSyncRequestHandler.cs:35) 当前没有其他玩家在线，无需广播状态同步消息
2025-11-20 18:16:20.6734 (StateSyncRequestHandler.cs:35) 当前没有其他玩家在线，无需广播状态同步消息
2025-11-20 18:16:20.7790 (StateSyncRequestHandler.cs:35) 当前没有其他玩家在线，无需广播状态同步消息
2025-11-20 18:16:20.8737 (StateSyncRequestHandler.cs:35) 当前没有其他玩家在线，无需广播状态同步消息
2025-11-20 18:16:20.9708 (StateSyncRequestHandler.cs:35) 当前没有其他玩家在线，无需广播状态同步消息
2025-11-20 18:16:21.0691 (StateSyncRequestHandler.cs:35) 当前没有其他玩家在线，无需广播状态同步消息
2025-11-20 18:16:21.1735 (StateSyncRequestHandler.cs:35) 当前没有其他玩家在线，无需广播状态同步消息
2025-11-20 18:16:21.2632 (StateSyncRequestHandler.cs:35) 当前没有其他玩家在线，无需广播状态同步消息
2025-11-20 18:16:21.3653 (StateSyncRequestHandler.cs:35) 当前没有其他玩家在线，无需广播状态同步消息
2025-11-20 18:16:21.4748 (StateSyncRequestHandler.cs:35) 当前没有其他玩家在线，无需广播状态同步消息
2025-11-20 18:16:21.5667 (StateSyncRequestHandler.cs:35) 当前没有其他玩家在线，无需广播状态同步消息
2025-11-20 18:16:21.6733 (StateSyncRequestHandler.cs:35) 当前没有其他玩家在线，无需广播状态同步消息
2025-11-20 18:16:21.7673 (StateSyncRequestHandler.cs:35) 当前没有其他玩家在线，无需广播状态同步消息
2025-11-20 18:16:21.8659 (StateSyncRequestHandler.cs:35) 当前没有其他玩家在线，无需广播状态同步消息
2025-11-20 18:16:21.9696 (StateSyncRequestHandler.cs:35) 当前没有其他玩家在线，无需广播状态同步消息
2025-11-20 18:16:22.0708 (StateSyncRequestHandler.cs:35) 当前没有其他玩家在线，无需广播状态同步消息
2025-11-20 18:16:22.1690 (StateSyncRequestHandler.cs:35) 当前没有其他玩家在线，无需广播状态同步消息
2025-11-20 18:16:22.2741 (StateSyncRequestHandler.cs:35) 当前没有其他玩家在线，无需广播状态同步消息
2025-11-20 18:16:22.3634 (StateSyncRequestHandler.cs:35) 当前没有其他玩家在线，无需广播状态同步消息
2025-11-20 18:16:22.4661 (StateSyncRequestHandler.cs:35) 当前没有其他玩家在线，无需广播状态同步消息
2025-11-20 18:16:22.5639 (StateSyncRequestHandler.cs:35) 当前没有其他玩家在线，无需广播状态同步消息
2025-11-20 18:16:22.6659 (StateSyncRequestHandler.cs:35) 当前没有其他玩家在线，无需广播状态同步消息
2025-11-20 18:16:22.7712 (StateSyncRequestHandler.cs:35) 当前没有其他玩家在线，无需广播状态同步消息
2025-11-20 18:16:22.8735 (StateSyncRequestHandler.cs:35) 当前没有其他玩家在线，无需广播状态同步消息
2025-11-20 18:16:22.9746 (StateSyncRequestHandler.cs:35) 当前没有其他玩家在线，无需广播状态同步消息
2025-11-20 18:16:23.0733 (StateSyncRequestHandler.cs:35) 当前没有其他玩家在线，无需广播状态同步消息
2025-11-20 18:16:23.1629 (StateSyncRequestHandler.cs:35) 当前没有其他玩家在线，无需广播状态同步消息
2025-11-20 18:16:23.2710 (StateSyncRequestHandler.cs:35) 当前没有其他玩家在线，无需广播状态同步消息
2025-11-20 18:16:23.3711 (StateSyncRequestHandler.cs:35) 当前没有其他玩家在线，无需广播状态同步消息
2025-11-20 18:16:23.4632 (StateSyncRequestHandler.cs:35) 当前没有其他玩家在线，无需广播状态同步消息
2025-11-20 18:16:23.5674 (StateSyncRequestHandler.cs:35) 当前没有其他玩家在线，无需广播状态同步消息
2025-11-20 18:16:23.6661 (StateSyncRequestHandler.cs:35) 当前没有其他玩家在线，无需广播状态同步消息
2025-11-20 18:16:23.7684 (StateSyncRequestHandler.cs:35) 当前没有其他玩家在线，无需广播状态同步消息
2025-11-20 18:16:23.8732 (StateSyncRequestHandler.cs:35) 当前没有其他玩家在线，无需广播状态同步消息
2025-11-20 18:16:23.9717 (StateSyncRequestHandler.cs:35) 当前没有其他玩家在线，无需广播状态同步消息
2025-11-20 18:16:24.0696 (StateSyncRequestHandler.cs:35) 当前没有其他玩家在线，无需广播状态同步消息
2025-11-20 18:16:24.1716 (StateSyncRequestHandler.cs:35) 当前没有其他玩家在线，无需广播状态同步消息
2025-11-20 18:16:24.2655 (StateSyncRequestHandler.cs:35) 当前没有其他玩家在线，无需广播状态同步消息
2025-11-20 18:16:24.3711 (StateSyncRequestHandler.cs:35) 当前没有其他玩家在线，无需广播状态同步消息
2025-11-20 18:16:24.4647 (StateSyncRequestHandler.cs:35) 当前没有其他玩家在线，无需广播状态同步消息
2025-11-20 18:16:24.5765 (StateSyncRequestHandler.cs:35) 当前没有其他玩家在线，无需广播状态同步消息
2025-11-20 18:16:24.6771 (StateSyncRequestHandler.cs:35) 当前没有其他玩家在线，无需广播状态同步消息
2025-11-20 18:16:24.7760 (StateSyncRequestHandler.cs:35) 当前没有其他玩家在线，无需广播状态同步消息
2025-11-20 18:16:24.8645  当前没有其他玩家在线，无需广播状态同步消息
2025-11-20 18:16:24.9697  当前没有其他玩家在线，无需广播状态同步消息
2025-11-20 18:16:25.0696  当前没有其他玩家在线，无需广播状态同步消息
2025-11-20 18:16:25.1717  当前没有其他玩家在线，无需广播状态同步消息
2025-11-20 18:16:25.2699  当前没有其他玩家在线，无需广播状态同步消息
2025-11-20 18:16:25.3708  当前没有其他玩家在线，无需广播状态同步消息
2025-11-20 18:16:25.4693  当前没有其他玩家在线，无需广播状态同步消息
2025-11-20 18:16:25.5658  当前没有其他玩家在线，无需广播状态同步消息
2025-11-20 18:16:25.6633  当前没有其他玩家在线，无需广播状态同步消息
2025-11-20 18:16:25.7658  当前没有其他玩家在线，无需广播状态同步消息
2025-11-20 18:16:25.8663  当前没有其他玩家在线，无需广播状态同步消息
2025-11-20 18:16:25.9695  当前没有其他玩家在线，无需广播状态同步消息
2025-11-20 18:16:26.0624  当前没有其他玩家在线，无需广播状态同步消息
2025-11-20 18:16:26.1636  当前没有其他玩家在线，无需广播状态同步消息
2025-11-20 18:16:26.2695  当前没有其他玩家在线，无需广播状态同步消息
2025-11-20 18:16:26.3742  当前没有其他玩家在线，无需广播状态同步消息
2025-11-20 18:16:26.4631  当前没有其他玩家在线，无需广播状态同步消息
2025-11-20 18:16:26.5653  当前没有其他玩家在线，无需广播状态同步消息
2025-11-20 18:16:26.6666  当前没有其他玩家在线，无需广播状态同步消息
2025-11-20 18:16:26.7648  当前没有其他玩家在线，无需广播状态同步消息
2025-11-20 18:16:26.8752  当前没有其他玩家在线，无需广播状态同步消息
2025-11-20 18:16:26.9633  当前没有其他玩家在线，无需广播状态同步消息
2025-11-20 18:16:27.0765  当前没有其他玩家在线，无需广播状态同步消息
2025-11-20 18:16:27.1726  当前没有其他玩家在线，无需广播状态同步消息
2025-11-20 18:16:27.2740  当前没有其他玩家在线，无需广播状态同步消息
2025-11-20 18:16:27.3730  当前没有其他玩家在线，无需广播状态同步消息
2025-11-20 18:16:27.4627  当前没有其他玩家在线，无需广播状态同步消息
2025-11-20 18:16:27.5638  当前没有其他玩家在线，无需广播状态同步消息
2025-11-20 18:16:27.6695  当前没有其他玩家在线，无需广播状态同步消息
2025-11-20 18:16:27.7730  当前没有其他玩家在线，无需广播状态同步消息
2025-11-20 18:16:27.8645  当前没有其他玩家在线，无需广播状态同步消息
2025-11-20 18:16:27.9673  当前没有其他玩家在线，无需广播状态同步消息
2025-11-20 18:16:28.0751  当前没有其他玩家在线，无需广播状态同步消息
2025-11-20 18:16:28.1703  当前没有其他玩家在线，无需广播状态同步消息
2025-11-20 18:16:28.2662  当前没有其他玩家在线，无需广播状态同步消息
2025-11-20 18:16:28.3685  当前没有其他玩家在线，无需广播状态同步消息
2025-11-20 18:16:28.4651  当前没有其他玩家在线，无需广播状态同步消息
2025-11-20 18:16:28.5721  当前没有其他玩家在线，无需广播状态同步消息
2025-11-20 18:16:28.6708  当前没有其他玩家在线，无需广播状态同步消息
2025-11-20 18:16:28.7702  当前没有其他玩家在线，无需广播状态同步消息
2025-11-20 18:16:28.8686  当前没有其他玩家在线，无需广播状态同步消息
2025-11-20 18:16:28.9671  当前没有其他玩家在线，无需广播状态同步消息
2025-11-20 18:16:29.0655  当前没有其他玩家在线，无需广播状态同步消息
2025-11-20 18:16:29.1675  当前没有其他玩家在线，无需广播状态同步消息
2025-11-20 18:16:29.2648  当前没有其他玩家在线，无需广播状态同步消息
2025-11-20 18:16:29.3707  当前没有其他玩家在线，无需广播状态同步消息
2025-11-20 18:16:29.4661  当前没有其他玩家在线，无需广播状态同步消息
2025-11-20 18:16:29.5650  当前没有其他玩家在线，无需广播状态同步消息
2025-11-20 18:16:29.6746  当前没有其他玩家在线，无需广播状态同步消息
2025-11-20 18:16:29.7693  当前没有其他玩家在线，无需广播状态同步消息
2025-11-20 18:16:29.8686  当前没有其他玩家在线，无需广播状态同步消息
2025-11-20 18:16:29.9708  当前没有其他玩家在线，无需广播状态同步消息
2025-11-20 18:16:30.0687  当前没有其他玩家在线，无需广播状态同步消息
2025-11-20 18:16:30.1706  当前没有其他玩家在线，无需广播状态同步消息
2025-11-20 18:16:30.2685  当前没有其他玩家在线，无需广播状态同步消息
2025-11-20 18:16:30.3670  当前没有其他玩家在线，无需广播状态同步消息
2025-11-20 18:16:30.4647  当前没有其他玩家在线，无需广播状态同步消息
2025-11-20 18:16:30.5648  当前没有其他玩家在线，无需广播状态同步消息
2025-11-20 18:16:30.6685  当前没有其他玩家在线，无需广播状态同步消息
2025-11-20 18:16:30.7744  当前没有其他玩家在线，无需广播状态同步消息
2025-11-20 18:16:30.8762  当前没有其他玩家在线，无需广播状态同步消息
2025-11-20 18:16:30.9656  当前没有其他玩家在线，无需广播状态同步消息
2025-11-20 18:16:31.0768  当前没有其他玩家在线，无需广播状态同步消息
2025-11-20 18:16:31.1685  当前没有其他玩家在线，无需广播状态同步消息
2025-11-20 18:16:31.2676  当前没有其他玩家在线，无需广播状态同步消息
2025-11-20 18:16:31.3749  当前没有其他玩家在线，无需广播状态同步消息
2025-11-20 18:16:31.4730  当前没有其他玩家在线，无需广播状态同步消息
2025-11-20 18:16:31.5653  当前没有其他玩家在线，无需广播状态同步消息
2025-11-20 18:16:31.6653  当前没有其他玩家在线，无需广播状态同步消息
2025-11-20 18:16:31.7708  当前没有其他玩家在线，无需广播状态同步消息
2025-11-20 18:16:31.8652  当前没有其他玩家在线，无需广播状态同步消息
2025-11-20 18:16:31.9745  当前没有其他玩家在线，无需广播状态同步消息
2025-11-20 18:16:32.0687  当前没有其他玩家在线，无需广播状态同步消息
2025-11-20 18:16:32.1734  当前没有其他玩家在线，无需广播状态同步消息
2025-11-20 18:16:32.2731  当前没有其他玩家在线，无需广播状态同步消息
2025-11-20 18:16:32.3631  当前没有其他玩家在线，无需广播状态同步消息
2025-11-20 18:16:32.4736  当前没有其他玩家在线，无需广播状态同步消息
2025-11-20 18:16:32.5630  当前没有其他玩家在线，无需广播状态同步消息
2025-11-20 18:16:32.6661  当前没有其他玩家在线，无需广播状态同步消息
2025-11-20 18:16:32.7710  当前没有其他玩家在线，无需广播状态同步消息
2025-11-20 18:16:32.8736  当前没有其他玩家在线，无需广播状态同步消息
2025-11-20 18:16:32.9680  当前没有其他玩家在线，无需广播状态同步消息
2025-11-20 18:16:33.0699  当前没有其他玩家在线，无需广播状态同步消息
2025-11-20 18:16:33.1746  当前没有其他玩家在线，无需广播状态同步消息
2025-11-20 18:16:33.2722  当前没有其他玩家在线，无需广播状态同步消息
2025-11-20 18:16:33.3667  当前没有其他玩家在线，无需广播状态同步消息
2025-11-20 18:16:33.4686  当前没有其他玩家在线，无需广播状态同步消息
2025-11-20 18:16:33.5655  当前没有其他玩家在线，无需广播状态同步消息
2025-11-20 18:16:33.6688  当前没有其他玩家在线，无需广播状态同步消息
2025-11-20 18:16:33.7755  当前没有其他玩家在线，无需广播状态同步消息
2025-11-20 18:16:33.8736  当前没有其他玩家在线，无需广播状态同步消息
2025-11-20 18:17:13.1228  收到登录请求
2025-11-20 18:17:13.1228  向ID:480077288397078528发送其他玩家登录请求
2025-11-20 18:18:15.5903  向玩家ID:480077288397078528 发送玩家ID:480078267649622016下线消息
2025-11-20 18:18:15.5903  玩家ID:480078267649622016 下线成功
2025-11-20 18:18:17.1772  当前没有其他玩家在线，无需广播状态同步消息
2025-11-20 18:18:17.2693  当前没有其他玩家在线，无需广播状态同步消息
2025-11-20 18:18:17.3780  当前没有其他玩家在线，无需广播状态同步消息
2025-11-20 18:18:17.4712  当前没有其他玩家在线，无需广播状态同步消息
2025-11-20 18:18:17.5784  当前没有其他玩家在线，无需广播状态同步消息
2025-11-20 18:18:17.6851  当前没有其他玩家在线，无需广播状态同步消息
2025-11-20 18:18:17.7756  当前没有其他玩家在线，无需广播状态同步消息
2025-11-20 18:18:17.8836  当前没有其他玩家在线，无需广播状态同步消息
2025-11-20 18:18:20.3265  收到登录请求
2025-11-20 18:18:20.3265  向ID:480077288397078528发送其他玩家登录请求
2025-11-20 18:23:32.3577 (LoginRequestHandler.cs:18) 收到登录请求
2025-11-20 18:23:32.3577 (LoginRequestHandler.cs:49) 当前没有其他玩家在线，无需广播
2025-11-20 18:23:33.1331 (StateSyncRequestHandler.cs:35) 当前没有其他玩家在线，无需广播状态同步消息
2025-11-20 18:23:33.2041 (StateSyncRequestHandler.cs:35) 当前没有其他玩家在线，无需广播状态同步消息
2025-11-20 18:23:33.3003 (StateSyncRequestHandler.cs:35) 当前没有其他玩家在线，无需广播状态同步消息
2025-11-20 18:23:33.4077 (StateSyncRequestHandler.cs:35) 当前没有其他玩家在线，无需广播状态同步消息
2025-11-20 18:23:33.5015 (StateSyncRequestHandler.cs:35) 当前没有其他玩家在线，无需广播状态同步消息
2025-11-20 18:23:33.6005 (StateSyncRequestHandler.cs:35) 当前没有其他玩家在线，无需广播状态同步消息
2025-11-20 18:23:46.4051 (StateSyncRequestHandler.cs:35) 当前没有其他玩家在线，无需广播状态同步消息
2025-11-20 18:23:46.4961 (StateSyncRequestHandler.cs:35) 当前没有其他玩家在线，无需广播状态同步消息
2025-11-20 18:23:46.6098 (StateSyncRequestHandler.cs:35) 当前没有其他玩家在线，无需广播状态同步消息
2025-11-20 18:23:46.7061 (StateSyncRequestHandler.cs:35) 当前没有其他玩家在线，无需广播状态同步消息
2025-11-20 18:23:46.7953 (StateSyncRequestHandler.cs:35) 当前没有其他玩家在线，无需广播状态同步消息
2025-11-20 18:23:46.9038 (StateSyncRequestHandler.cs:35) 当前没有其他玩家在线，无需广播状态同步消息
2025-11-20 18:23:46.9936 (StateSyncRequestHandler.cs:35) 当前没有其他玩家在线，无需广播状态同步消息
2025-11-20 18:23:47.1053 (StateSyncRequestHandler.cs:35) 当前没有其他玩家在线，无需广播状态同步消息
2025-11-20 18:23:47.1952 (StateSyncRequestHandler.cs:35) 当前没有其他玩家在线，无需广播状态同步消息
2025-11-20 18:23:47.3002 (StateSyncRequestHandler.cs:35) 当前没有其他玩家在线，无需广播状态同步消息
2025-11-20 18:23:47.4026 (StateSyncRequestHandler.cs:35) 当前没有其他玩家在线，无需广播状态同步消息
2025-11-20 18:23:47.4959 (StateSyncRequestHandler.cs:35) 当前没有其他玩家在线，无需广播状态同步消息
2025-11-20 18:23:47.6054 (StateSyncRequestHandler.cs:35) 当前没有其他玩家在线，无需广播状态同步消息
2025-11-20 18:24:07.2032 (StateSyncRequestHandler.cs:35) 当前没有其他玩家在线，无需广播状态同步消息
2025-11-20 18:24:07.3068 (StateSyncRequestHandler.cs:35) 当前没有其他玩家在线，无需广播状态同步消息
2025-11-20 18:24:12.4019 (StateSyncRequestHandler.cs:35) 当前没有其他玩家在线，无需广播状态同步消息
2025-11-20 18:24:12.5016 (StateSyncRequestHandler.cs:35) 当前没有其他玩家在线，无需广播状态同步消息
2025-11-20 18:24:12.6043 (StateSyncRequestHandler.cs:35) 当前没有其他玩家在线，无需广播状态同步消息
2025-11-20 18:24:12.6984 (StateSyncRequestHandler.cs:35) 当前没有其他玩家在线，无需广播状态同步消息
2025-11-20 18:24:12.7994 (StateSyncRequestHandler.cs:35) 当前没有其他玩家在线，无需广播状态同步消息
2025-11-20 18:24:12.8992 (StateSyncRequestHandler.cs:35) 当前没有其他玩家在线，无需广播状态同步消息
2025-11-20 18:24:12.9996 (StateSyncRequestHandler.cs:35) 当前没有其他玩家在线，无需广播状态同步消息
2025-11-20 18:24:13.1076 (StateSyncRequestHandler.cs:35) 当前没有其他玩家在线，无需广播状态同步消息
2025-11-20 18:24:13.1965 (StateSyncRequestHandler.cs:35) 当前没有其他玩家在线，无需广播状态同步消息
2025-11-20 18:24:13.3112 (StateSyncRequestHandler.cs:35) 当前没有其他玩家在线，无需广播状态同步消息
2025-11-20 18:24:13.3952 (StateSyncRequestHandler.cs:35) 当前没有其他玩家在线，无需广播状态同步消息
2025-11-20 18:24:13.5024 (StateSyncRequestHandler.cs:35) 当前没有其他玩家在线，无需广播状态同步消息
2025-11-20 18:24:13.5979 (StateSyncRequestHandler.cs:35) 当前没有其他玩家在线，无需广播状态同步消息
2025-11-20 18:24:13.6960 (StateSyncRequestHandler.cs:35) 当前没有其他玩家在线，无需广播状态同步消息
2025-11-20 18:24:13.7978 (StateSyncRequestHandler.cs:35) 当前没有其他玩家在线，无需广播状态同步消息
2025-11-20 18:24:13.9065 (StateSyncRequestHandler.cs:35) 当前没有其他玩家在线，无需广播状态同步消息
2025-11-20 18:24:14.0008 (StateSyncRequestHandler.cs:35) 当前没有其他玩家在线，无需广播状态同步消息
2025-11-20 18:24:14.1021 (StateSyncRequestHandler.cs:35) 当前没有其他玩家在线，无需广播状态同步消息
2025-11-20 18:24:14.1995 (StateSyncRequestHandler.cs:35) 当前没有其他玩家在线，无需广播状态同步消息
2025-11-20 18:24:14.3039 (StateSyncRequestHandler.cs:35) 当前没有其他玩家在线，无需广播状态同步消息
2025-11-20 18:24:14.3992 (StateSyncRequestHandler.cs:35) 当前没有其他玩家在线，无需广播状态同步消息
2025-11-20 18:24:14.5001 (StateSyncRequestHandler.cs:35) 当前没有其他玩家在线，无需广播状态同步消息
2025-11-20 18:24:14.5958 (StateSyncRequestHandler.cs:35) 当前没有其他玩家在线，无需广播状态同步消息
2025-11-20 18:24:14.7006 (StateSyncRequestHandler.cs:35) 当前没有其他玩家在线，无需广播状态同步消息
2025-11-20 18:24:14.7943 (StateSyncRequestHandler.cs:35) 当前没有其他玩家在线，无需广播状态同步消息
2025-11-20 18:24:14.9012 (StateSyncRequestHandler.cs:35) 当前没有其他玩家在线，无需广播状态同步消息
2025-11-20 18:24:15.0041 (StateSyncRequestHandler.cs:35) 当前没有其他玩家在线，无需广播状态同步消息
2025-11-20 18:24:15.1042 (StateSyncRequestHandler.cs:35) 当前没有其他玩家在线，无需广播状态同步消息
2025-11-20 18:24:15.1972 (StateSyncRequestHandler.cs:35) 当前没有其他玩家在线，无需广播状态同步消息
2025-11-20 18:24:15.2972 (StateSyncRequestHandler.cs:35) 当前没有其他玩家在线，无需广播状态同步消息
2025-11-20 18:24:15.4038 (StateSyncRequestHandler.cs:35) 当前没有其他玩家在线，无需广播状态同步消息
2025-11-20 18:24:15.4998 (StateSyncRequestHandler.cs:35) 当前没有其他玩家在线，无需广播状态同步消息
2025-11-20 18:24:15.6025 (StateSyncRequestHandler.cs:35) 当前没有其他玩家在线，无需广播状态同步消息
2025-11-20 18:24:15.7009 (StateSyncRequestHandler.cs:35) 当前没有其他玩家在线，无需广播状态同步消息
2025-11-20 18:24:15.7958 (StateSyncRequestHandler.cs:35) 当前没有其他玩家在线，无需广播状态同步消息
2025-11-20 18:24:15.9041 (StateSyncRequestHandler.cs:35) 当前没有其他玩家在线，无需广播状态同步消息
2025-11-20 18:24:16.0072 (StateSyncRequestHandler.cs:35) 当前没有其他玩家在线，无需广播状态同步消息
2025-11-20 18:24:16.1012 (StateSyncRequestHandler.cs:35) 当前没有其他玩家在线，无需广播状态同步消息
2025-11-20 18:24:16.2025 (StateSyncRequestHandler.cs:35) 当前没有其他玩家在线，无需广播状态同步消息
2025-11-20 18:24:16.2939  当前没有其他玩家在线，无需广播状态同步消息
2025-11-20 18:24:16.3955  当前没有其他玩家在线，无需广播状态同步消息
2025-11-20 18:24:16.5035  当前没有其他玩家在线，无需广播状态同步消息
2025-11-20 18:24:16.6012  当前没有其他玩家在线，无需广播状态同步消息
2025-11-20 18:24:16.6950  当前没有其他玩家在线，无需广播状态同步消息
2025-11-20 18:24:16.7983  当前没有其他玩家在线，无需广播状态同步消息
2025-11-20 18:24:16.9060  当前没有其他玩家在线，无需广播状态同步消息
2025-11-20 18:24:16.9988  当前没有其他玩家在线，无需广播状态同步消息
2025-11-20 18:24:17.0956  当前没有其他玩家在线，无需广播状态同步消息
2025-11-20 18:24:17.2045  当前没有其他玩家在线，无需广播状态同步消息
2025-11-20 18:24:17.2993  当前没有其他玩家在线，无需广播状态同步消息
2025-11-20 18:24:17.3986  当前没有其他玩家在线，无需广播状态同步消息
2025-11-20 18:24:17.4988  当前没有其他玩家在线，无需广播状态同步消息
2025-11-20 18:24:17.6030  当前没有其他玩家在线，无需广播状态同步消息
2025-11-20 18:24:17.6965  当前没有其他玩家在线，无需广播状态同步消息
2025-11-20 18:24:17.7966  当前没有其他玩家在线，无需广播状态同步消息
2025-11-20 18:24:17.8963  当前没有其他玩家在线，无需广播状态同步消息
2025-11-20 18:24:17.9958  当前没有其他玩家在线，无需广播状态同步消息
2025-11-20 18:24:18.0951  当前没有其他玩家在线，无需广播状态同步消息
2025-11-20 18:24:18.2003  当前没有其他玩家在线，无需广播状态同步消息
2025-11-20 18:24:18.2993  当前没有其他玩家在线，无需广播状态同步消息
2025-11-20 18:24:18.4030  当前没有其他玩家在线，无需广播状态同步消息
2025-11-20 18:24:18.4997  当前没有其他玩家在线，无需广播状态同步消息
2025-11-20 18:24:19.2963  当前没有其他玩家在线，无需广播状态同步消息
2025-11-20 18:24:19.3951  当前没有其他玩家在线，无需广播状态同步消息
2025-11-20 18:24:19.4992  当前没有其他玩家在线，无需广播状态同步消息
2025-11-20 18:24:19.6015  当前没有其他玩家在线，无需广播状态同步消息
2025-11-20 18:24:19.7050  当前没有其他玩家在线，无需广播状态同步消息
2025-11-20 18:24:19.7972  当前没有其他玩家在线，无需广播状态同步消息
2025-11-20 18:24:19.9038  当前没有其他玩家在线，无需广播状态同步消息
2025-11-20 18:24:20.0042  当前没有其他玩家在线，无需广播状态同步消息
2025-11-20 18:24:20.0988  当前没有其他玩家在线，无需广播状态同步消息
2025-11-20 18:24:20.1984  当前没有其他玩家在线，无需广播状态同步消息
2025-11-20 18:24:20.3029  当前没有其他玩家在线，无需广播状态同步消息
2025-11-20 18:24:20.4035  当前没有其他玩家在线，无需广播状态同步消息
2025-11-20 18:24:20.5094  当前没有其他玩家在线，无需广播状态同步消息
2025-11-20 18:24:20.6018  当前没有其他玩家在线，无需广播状态同步消息
2025-11-20 18:24:20.7001  当前没有其他玩家在线，无需广播状态同步消息
2025-11-20 18:24:20.8046  当前没有其他玩家在线，无需广播状态同步消息
2025-11-20 18:24:20.8963  当前没有其他玩家在线，无需广播状态同步消息
2025-11-20 18:24:20.9955  当前没有其他玩家在线，无需广播状态同步消息
2025-11-20 18:24:21.1018  当前没有其他玩家在线，无需广播状态同步消息
2025-11-20 18:24:21.2058  当前没有其他玩家在线，无需广播状态同步消息
2025-11-20 18:24:21.2955  当前没有其他玩家在线，无需广播状态同步消息
2025-11-20 18:24:21.3955  当前没有其他玩家在线，无需广播状态同步消息
2025-11-20 18:24:21.4963  当前没有其他玩家在线，无需广播状态同步消息
2025-11-20 18:24:21.5978  当前没有其他玩家在线，无需广播状态同步消息
2025-11-20 18:24:21.6990  当前没有其他玩家在线，无需广播状态同步消息
2025-11-20 18:24:21.7983  当前没有其他玩家在线，无需广播状态同步消息
2025-11-20 18:24:21.8955  当前没有其他玩家在线，无需广播状态同步消息
2025-11-20 18:24:21.9949  当前没有其他玩家在线，无需广播状态同步消息
2025-11-20 18:24:22.0955  当前没有其他玩家在线，无需广播状态同步消息
2025-11-20 18:24:22.1953  当前没有其他玩家在线，无需广播状态同步消息
2025-11-20 18:24:22.2975  当前没有其他玩家在线，无需广播状态同步消息
2025-11-20 18:24:23.2968  当前没有其他玩家在线，无需广播状态同步消息
2025-11-20 18:24:23.3975  当前没有其他玩家在线，无需广播状态同步消息
2025-11-20 18:24:23.4963  当前没有其他玩家在线，无需广播状态同步消息
2025-11-20 18:24:23.6023  当前没有其他玩家在线，无需广播状态同步消息
2025-11-20 18:24:23.6997  当前没有其他玩家在线，无需广播状态同步消息
2025-11-20 18:24:23.7960  当前没有其他玩家在线，无需广播状态同步消息
2025-11-20 18:24:23.9034  当前没有其他玩家在线，无需广播状态同步消息
2025-11-20 18:24:24.0054  当前没有其他玩家在线，无需广播状态同步消息
2025-11-20 18:24:24.0970  当前没有其他玩家在线，无需广播状态同步消息
2025-11-20 18:24:24.2002  当前没有其他玩家在线，无需广播状态同步消息
2025-11-20 18:24:24.3035  当前没有其他玩家在线，无需广播状态同步消息
2025-11-20 18:24:24.4027  当前没有其他玩家在线，无需广播状态同步消息
2025-11-20 18:24:24.5039  当前没有其他玩家在线，无需广播状态同步消息
2025-11-20 18:24:24.5939  当前没有其他玩家在线，无需广播状态同步消息
2025-11-20 18:24:24.6963  当前没有其他玩家在线，无需广播状态同步消息
2025-11-20 18:24:24.7948  当前没有其他玩家在线，无需广播状态同步消息
2025-11-20 18:24:24.9011  当前没有其他玩家在线，无需广播状态同步消息
2025-11-20 18:24:24.9948  当前没有其他玩家在线，无需广播状态同步消息
2025-11-20 18:24:25.1042  当前没有其他玩家在线，无需广播状态同步消息
2025-11-20 18:24:25.2002  当前没有其他玩家在线，无需广播状态同步消息
2025-11-20 18:24:25.3017  当前没有其他玩家在线，无需广播状态同步消息
2025-11-20 18:24:25.3961  当前没有其他玩家在线，无需广播状态同步消息
2025-11-20 18:24:25.5062  当前没有其他玩家在线，无需广播状态同步消息
2025-11-20 18:24:25.5992  当前没有其他玩家在线，无需广播状态同步消息
2025-11-20 18:24:25.7028  当前没有其他玩家在线，无需广播状态同步消息
2025-11-20 18:24:25.7947  当前没有其他玩家在线，无需广播状态同步消息
2025-11-20 18:24:25.8966  当前没有其他玩家在线，无需广播状态同步消息
2025-11-20 18:24:26.0028  当前没有其他玩家在线，无需广播状态同步消息
2025-11-20 18:24:26.1000  当前没有其他玩家在线，无需广播状态同步消息
2025-11-20 18:24:26.2053  当前没有其他玩家在线，无需广播状态同步消息
2025-11-20 18:24:26.3034  当前没有其他玩家在线，无需广播状态同步消息
2025-11-20 18:24:26.3990  当前没有其他玩家在线，无需广播状态同步消息
2025-11-20 18:24:26.5048  当前没有其他玩家在线，无需广播状态同步消息
2025-11-20 18:24:26.5965  当前没有其他玩家在线，无需广播状态同步消息
2025-11-20 18:24:26.7061  当前没有其他玩家在线，无需广播状态同步消息
2025-11-20 18:24:26.7980  当前没有其他玩家在线，无需广播状态同步消息
2025-11-20 18:24:26.8942  当前没有其他玩家在线，无需广播状态同步消息
2025-11-20 18:24:27.0000  当前没有其他玩家在线，无需广播状态同步消息
2025-11-20 18:24:27.0997  当前没有其他玩家在线，无需广播状态同步消息
2025-11-20 18:24:27.1947  当前没有其他玩家在线，无需广播状态同步消息
2025-11-20 18:24:27.2997  当前没有其他玩家在线，无需广播状态同步消息
2025-11-20 18:24:27.4053  当前没有其他玩家在线，无需广播状态同步消息
2025-11-20 18:24:27.4964  当前没有其他玩家在线，无需广播状态同步消息
2025-11-20 18:24:27.5946  当前没有其他玩家在线，无需广播状态同步消息
2025-11-20 18:24:27.7029  当前没有其他玩家在线，无需广播状态同步消息
2025-11-20 18:24:27.8028  当前没有其他玩家在线，无需广播状态同步消息
2025-11-20 18:24:27.8947  当前没有其他玩家在线，无需广播状态同步消息
2025-11-20 18:24:28.0054  当前没有其他玩家在线，无需广播状态同步消息
2025-11-20 18:24:28.0944  当前没有其他玩家在线，无需广播状态同步消息
2025-11-20 18:24:28.1952  当前没有其他玩家在线，无需广播状态同步消息
2025-11-20 18:24:28.2976  当前没有其他玩家在线，无需广播状态同步消息
2025-11-20 18:24:28.3998  当前没有其他玩家在线，无需广播状态同步消息
2025-11-20 18:24:28.5045  当前没有其他玩家在线，无需广播状态同步消息
2025-11-20 18:24:28.6000  当前没有其他玩家在线，无需广播状态同步消息
2025-11-20 18:24:28.7074  当前没有其他玩家在线，无需广播状态同步消息
2025-11-20 18:24:28.8038  当前没有其他玩家在线，无需广播状态同步消息
2025-11-20 18:24:29.2060  当前没有其他玩家在线，无需广播状态同步消息
2025-11-20 18:24:29.3051  当前没有其他玩家在线，无需广播状态同步消息
2025-11-20 18:24:29.4038  当前没有其他玩家在线，无需广播状态同步消息
2025-11-20 18:24:29.4961  当前没有其他玩家在线，无需广播状态同步消息
2025-11-20 18:24:29.6960  当前没有其他玩家在线，无需广播状态同步消息
2025-11-20 18:24:29.7990  当前没有其他玩家在线，无需广播状态同步消息
2025-11-20 18:24:29.9023  当前没有其他玩家在线，无需广播状态同步消息
2025-11-20 18:24:29.9982  当前没有其他玩家在线，无需广播状态同步消息
2025-11-20 18:24:30.1014  当前没有其他玩家在线，无需广播状态同步消息
2025-11-20 18:24:30.6975  当前没有其他玩家在线，无需广播状态同步消息
2025-11-20 18:24:30.8034  当前没有其他玩家在线，无需广播状态同步消息
2025-11-20 18:24:30.9039  当前没有其他玩家在线，无需广播状态同步消息
2025-11-20 18:24:31.5022  当前没有其他玩家在线，无需广播状态同步消息
2025-11-20 18:24:31.6015  当前没有其他玩家在线，无需广播状态同步消息
2025-11-20 18:24:31.6954  当前没有其他玩家在线，无需广播状态同步消息
2025-11-20 18:24:31.8048  当前没有其他玩家在线，无需广播状态同步消息
2025-11-20 18:24:31.8964  当前没有其他玩家在线，无需广播状态同步消息
2025-11-20 18:24:32.0021  当前没有其他玩家在线，无需广播状态同步消息
2025-11-20 18:24:32.0951  当前没有其他玩家在线，无需广播状态同步消息
2025-11-20 18:24:32.2017  当前没有其他玩家在线，无需广播状态同步消息
2025-11-20 18:24:32.2989  当前没有其他玩家在线，无需广播状态同步消息
2025-11-20 18:24:32.4053  当前没有其他玩家在线，无需广播状态同步消息
2025-11-20 18:24:32.5044  当前没有其他玩家在线，无需广播状态同步消息
2025-11-20 18:24:32.5994  当前没有其他玩家在线，无需广播状态同步消息
2025-11-20 18:24:32.7044  当前没有其他玩家在线，无需广播状态同步消息
2025-11-20 18:24:32.7931  当前没有其他玩家在线，无需广播状态同步消息
2025-11-20 18:24:32.8970  当前没有其他玩家在线，无需广播状态同步消息
2025-11-20 18:24:32.9999  当前没有其他玩家在线，无需广播状态同步消息
2025-11-20 18:24:33.0971  当前没有其他玩家在线，无需广播状态同步消息
2025-11-20 18:24:33.1977  当前没有其他玩家在线，无需广播状态同步消息
2025-11-20 18:24:33.2994  当前没有其他玩家在线，无需广播状态同步消息
2025-11-20 18:24:33.4042  当前没有其他玩家在线，无需广播状态同步消息
2025-11-20 18:24:33.4977  当前没有其他玩家在线，无需广播状态同步消息
2025-11-20 18:24:33.5944  当前没有其他玩家在线，无需广播状态同步消息
2025-11-20 18:24:33.6950  当前没有其他玩家在线，无需广播状态同步消息
2025-11-20 18:24:33.8010  当前没有其他玩家在线，无需广播状态同步消息
2025-11-20 18:24:33.8980  当前没有其他玩家在线，无需广播状态同步消息
2025-11-20 18:24:33.9937  当前没有其他玩家在线，无需广播状态同步消息
2025-11-20 18:24:34.0945  当前没有其他玩家在线，无需广播状态同步消息
2025-11-20 18:24:34.2028  当前没有其他玩家在线，无需广播状态同步消息
2025-11-20 18:24:34.3045  当前没有其他玩家在线，无需广播状态同步消息
2025-11-20 18:24:34.3988  当前没有其他玩家在线，无需广播状态同步消息
2025-11-20 18:24:34.5061  当前没有其他玩家在线，无需广播状态同步消息
2025-11-20 18:24:34.5996  当前没有其他玩家在线，无需广播状态同步消息
2025-11-20 18:24:34.7070  当前没有其他玩家在线，无需广播状态同步消息
2025-11-20 18:24:34.8025  当前没有其他玩家在线，无需广播状态同步消息
2025-11-20 18:24:34.8998  当前没有其他玩家在线，无需广播状态同步消息
2025-11-20 18:24:35.0078  当前没有其他玩家在线，无需广播状态同步消息
2025-11-20 18:24:35.1051  当前没有其他玩家在线，无需广播状态同步消息
2025-11-20 18:24:43.5101  当前没有其他玩家在线，无需广播状态同步消息
2025-11-20 18:24:43.6029  当前没有其他玩家在线，无需广播状态同步消息
2025-11-20 18:24:43.7132  当前没有其他玩家在线，无需广播状态同步消息
2025-11-20 18:24:43.8064  当前没有其他玩家在线，无需广播状态同步消息
2025-11-20 18:24:43.8992  当前没有其他玩家在线，无需广播状态同步消息
2025-11-20 18:24:44.0079  当前没有其他玩家在线，无需广播状态同步消息
2025-11-20 18:24:44.1010  当前没有其他玩家在线，无需广播状态同步消息
2025-11-20 18:24:44.2113  当前没有其他玩家在线，无需广播状态同步消息
2025-11-20 18:24:51.0264  收到登录请求
2025-11-20 18:24:51.0264  向ID:480084778820042752发送其他玩家登录请求
2025-11-20 18:27:30.8469 (LoginRequestHandler.cs:18) 收到登录请求
2025-11-20 18:27:30.8522 (LoginRequestHandler.cs:49) 当前没有其他玩家在线，无需广播
2025-11-20 18:27:32.2428 (StateSyncRequestHandler.cs:35) 当前没有其他玩家在线，无需广播状态同步消息
2025-11-20 18:27:32.3138 (StateSyncRequestHandler.cs:35) 当前没有其他玩家在线，无需广播状态同步消息
2025-11-20 18:27:32.4108 (StateSyncRequestHandler.cs:35) 当前没有其他玩家在线，无需广播状态同步消息
2025-11-20 18:27:32.5128 (StateSyncRequestHandler.cs:35) 当前没有其他玩家在线，无需广播状态同步消息
2025-11-20 18:27:32.6114 (StateSyncRequestHandler.cs:35) 当前没有其他玩家在线，无需广播状态同步消息
2025-11-20 18:27:32.7143 (StateSyncRequestHandler.cs:35) 当前没有其他玩家在线，无需广播状态同步消息
2025-11-20 18:27:36.3073 (StateSyncRequestHandler.cs:35) 当前没有其他玩家在线，无需广播状态同步消息
2025-11-20 18:27:36.4039 (StateSyncRequestHandler.cs:35) 当前没有其他玩家在线，无需广播状态同步消息
2025-11-20 18:27:36.5082 (StateSyncRequestHandler.cs:35) 当前没有其他玩家在线，无需广播状态同步消息
2025-11-20 18:27:36.6125 (StateSyncRequestHandler.cs:35) 当前没有其他玩家在线，无需广播状态同步消息
2025-11-20 18:27:36.7061 (StateSyncRequestHandler.cs:35) 当前没有其他玩家在线，无需广播状态同步消息
2025-11-20 18:27:36.8062 (StateSyncRequestHandler.cs:35) 当前没有其他玩家在线，无需广播状态同步消息
2025-11-20 18:27:36.9142 (StateSyncRequestHandler.cs:35) 当前没有其他玩家在线，无需广播状态同步消息
2025-11-20 18:27:37.0137 (StateSyncRequestHandler.cs:35) 当前没有其他玩家在线，无需广播状态同步消息
2025-11-20 18:27:37.1112 (StateSyncRequestHandler.cs:35) 当前没有其他玩家在线，无需广播状态同步消息
2025-11-20 18:27:37.2110 (StateSyncRequestHandler.cs:35) 当前没有其他玩家在线，无需广播状态同步消息
2025-11-20 18:27:37.3141 (StateSyncRequestHandler.cs:35) 当前没有其他玩家在线，无需广播状态同步消息
2025-11-20 18:27:37.4230 (StateSyncRequestHandler.cs:35) 当前没有其他玩家在线，无需广播状态同步消息
2025-11-20 18:27:37.5066 (StateSyncRequestHandler.cs:35) 当前没有其他玩家在线，无需广播状态同步消息
2025-11-20 18:27:37.6019 (StateSyncRequestHandler.cs:35) 当前没有其他玩家在线，无需广播状态同步消息
2025-11-20 18:27:37.7116 (StateSyncRequestHandler.cs:35) 当前没有其他玩家在线，无需广播状态同步消息
2025-11-20 18:27:37.8098 (StateSyncRequestHandler.cs:35) 当前没有其他玩家在线，无需广播状态同步消息
2025-11-20 18:27:37.9063 (StateSyncRequestHandler.cs:35) 当前没有其他玩家在线，无需广播状态同步消息
2025-11-20 18:27:38.0099 (StateSyncRequestHandler.cs:35) 当前没有其他玩家在线，无需广播状态同步消息
2025-11-20 18:27:38.1115 (StateSyncRequestHandler.cs:35) 当前没有其他玩家在线，无需广播状态同步消息
2025-11-20 18:27:38.2068 (StateSyncRequestHandler.cs:35) 当前没有其他玩家在线，无需广播状态同步消息
2025-11-20 18:27:38.3118 (StateSyncRequestHandler.cs:35) 当前没有其他玩家在线，无需广播状态同步消息
2025-11-20 18:27:38.4055 (StateSyncRequestHandler.cs:35) 当前没有其他玩家在线，无需广播状态同步消息
2025-11-20 18:27:38.5017 (StateSyncRequestHandler.cs:35) 当前没有其他玩家在线，无需广播状态同步消息
2025-11-20 18:27:38.6093 (StateSyncRequestHandler.cs:35) 当前没有其他玩家在线，无需广播状态同步消息
2025-11-20 18:27:38.7038 (StateSyncRequestHandler.cs:35) 当前没有其他玩家在线，无需广播状态同步消息
2025-11-20 18:27:38.8091 (StateSyncRequestHandler.cs:35) 当前没有其他玩家在线，无需广播状态同步消息
2025-11-20 18:27:38.9070 (StateSyncRequestHandler.cs:35) 当前没有其他玩家在线，无需广播状态同步消息
2025-11-20 18:27:39.0148 (StateSyncRequestHandler.cs:35) 当前没有其他玩家在线，无需广播状态同步消息
2025-11-20 18:27:39.1104 (StateSyncRequestHandler.cs:35) 当前没有其他玩家在线，无需广播状态同步消息
2025-11-20 18:27:39.2058 (StateSyncRequestHandler.cs:35) 当前没有其他玩家在线，无需广播状态同步消息
2025-11-20 18:27:39.3022 (StateSyncRequestHandler.cs:35) 当前没有其他玩家在线，无需广播状态同步消息
2025-11-20 18:27:39.4083 (StateSyncRequestHandler.cs:35) 当前没有其他玩家在线，无需广播状态同步消息
2025-11-20 18:27:39.5117 (StateSyncRequestHandler.cs:35) 当前没有其他玩家在线，无需广播状态同步消息
2025-11-20 18:27:39.6079 (StateSyncRequestHandler.cs:35) 当前没有其他玩家在线，无需广播状态同步消息
2025-11-20 18:27:39.7086 (StateSyncRequestHandler.cs:35) 当前没有其他玩家在线，无需广播状态同步消息
2025-11-20 18:27:39.8124 (StateSyncRequestHandler.cs:35) 当前没有其他玩家在线，无需广播状态同步消息
2025-11-20 18:27:39.9020 (StateSyncRequestHandler.cs:35) 当前没有其他玩家在线，无需广播状态同步消息
2025-11-20 18:27:40.0096 (StateSyncRequestHandler.cs:35) 当前没有其他玩家在线，无需广播状态同步消息
2025-11-20 18:27:40.1077 (StateSyncRequestHandler.cs:35) 当前没有其他玩家在线，无需广播状态同步消息
2025-11-20 18:27:40.2058 (StateSyncRequestHandler.cs:35) 当前没有其他玩家在线，无需广播状态同步消息
2025-11-20 18:27:40.3150 (StateSyncRequestHandler.cs:35) 当前没有其他玩家在线，无需广播状态同步消息
2025-11-20 18:27:40.4055 (StateSyncRequestHandler.cs:35) 当前没有其他玩家在线，无需广播状态同步消息
2025-11-20 18:27:40.5032 (StateSyncRequestHandler.cs:35) 当前没有其他玩家在线，无需广播状态同步消息
2025-11-20 18:27:40.6112 (StateSyncRequestHandler.cs:35) 当前没有其他玩家在线，无需广播状态同步消息
2025-11-20 18:27:40.7081 (StateSyncRequestHandler.cs:35) 当前没有其他玩家在线，无需广播状态同步消息
2025-11-20 18:27:40.8021 (StateSyncRequestHandler.cs:35) 当前没有其他玩家在线，无需广播状态同步消息
2025-11-20 18:27:40.9141 (StateSyncRequestHandler.cs:35) 当前没有其他玩家在线，无需广播状态同步消息
2025-11-20 18:27:41.0078 (StateSyncRequestHandler.cs:35) 当前没有其他玩家在线，无需广播状态同步消息
2025-11-20 18:27:41.1193 (StateSyncRequestHandler.cs:35) 当前没有其他玩家在线，无需广播状态同步消息
2025-11-20 18:27:41.2095 (StateSyncRequestHandler.cs:35) 当前没有其他玩家在线，无需广播状态同步消息
2025-11-20 18:27:41.3090 (StateSyncRequestHandler.cs:35) 当前没有其他玩家在线，无需广播状态同步消息
2025-11-20 18:27:41.4056 (StateSyncRequestHandler.cs:35) 当前没有其他玩家在线，无需广播状态同步消息
2025-11-20 18:27:41.5047 (StateSyncRequestHandler.cs:35) 当前没有其他玩家在线，无需广播状态同步消息
2025-11-20 18:27:41.6074 (StateSyncRequestHandler.cs:35) 当前没有其他玩家在线，无需广播状态同步消息
2025-11-20 18:27:41.7024  当前没有其他玩家在线，无需广播状态同步消息
2025-11-20 18:27:41.8071  当前没有其他玩家在线，无需广播状态同步消息
2025-11-20 18:27:41.9039  当前没有其他玩家在线，无需广播状态同步消息
2025-11-20 18:27:42.0060  当前没有其他玩家在线，无需广播状态同步消息
2025-11-20 18:27:42.1057  当前没有其他玩家在线，无需广播状态同步消息
2025-11-20 18:27:42.2061  当前没有其他玩家在线，无需广播状态同步消息
2025-11-20 18:27:42.3113  当前没有其他玩家在线，无需广播状态同步消息
2025-11-20 18:27:42.4059  当前没有其他玩家在线，无需广播状态同步消息
2025-11-20 18:27:42.5107  当前没有其他玩家在线，无需广播状态同步消息
2025-11-20 18:27:42.6066  当前没有其他玩家在线，无需广播状态同步消息
2025-11-20 18:27:42.7037  当前没有其他玩家在线，无需广播状态同步消息
2025-11-20 18:27:42.8097  当前没有其他玩家在线，无需广播状态同步消息
2025-11-20 18:27:42.9107  当前没有其他玩家在线，无需广播状态同步消息
2025-11-20 18:27:43.0028  当前没有其他玩家在线，无需广播状态同步消息
2025-11-20 18:27:43.1099  当前没有其他玩家在线，无需广播状态同步消息
2025-11-20 18:27:43.2102  当前没有其他玩家在线，无需广播状态同步消息
2025-11-20 18:27:43.3103  当前没有其他玩家在线，无需广播状态同步消息
2025-11-20 18:27:43.5082  当前没有其他玩家在线，无需广播状态同步消息
2025-11-20 18:27:43.6095  当前没有其他玩家在线，无需广播状态同步消息
2025-11-20 18:27:43.9072  当前没有其他玩家在线，无需广播状态同步消息
2025-11-20 18:27:44.0037  当前没有其他玩家在线，无需广播状态同步消息
2025-11-20 18:27:44.3023  当前没有其他玩家在线，无需广播状态同步消息
2025-11-20 18:27:44.4121  当前没有其他玩家在线，无需广播状态同步消息
2025-11-20 18:27:44.8101  当前没有其他玩家在线，无需广播状态同步消息
2025-11-20 18:27:44.9042  当前没有其他玩家在线，无需广播状态同步消息
2025-11-20 18:27:45.2019  当前没有其他玩家在线，无需广播状态同步消息
2025-11-20 18:27:45.3133  当前没有其他玩家在线，无需广播状态同步消息
2025-11-20 18:27:45.6023  当前没有其他玩家在线，无需广播状态同步消息
2025-11-20 18:27:45.7130  当前没有其他玩家在线，无需广播状态同步消息
2025-11-20 18:27:45.8042  当前没有其他玩家在线，无需广播状态同步消息
2025-11-20 18:27:45.9021  当前没有其他玩家在线，无需广播状态同步消息
2025-11-20 18:27:46.0074  当前没有其他玩家在线，无需广播状态同步消息
2025-11-20 18:27:46.1122  当前没有其他玩家在线，无需广播状态同步消息
2025-11-20 18:27:46.2027  当前没有其他玩家在线，无需广播状态同步消息
2025-11-20 18:27:55.0174  当前没有其他玩家在线，无需广播状态同步消息
2025-11-20 18:27:55.1104  当前没有其他玩家在线，无需广播状态同步消息
2025-11-20 18:27:55.2176  当前没有其他玩家在线，无需广播状态同步消息
2025-11-20 18:27:55.3118  当前没有其他玩家在线，无需广播状态同步消息
2025-11-20 18:27:55.4057  当前没有其他玩家在线，无需广播状态同步消息
2025-11-20 18:27:55.5136  当前没有其他玩家在线，无需广播状态同步消息
2025-11-20 18:27:56.2106  当前没有其他玩家在线，无需广播状态同步消息
2025-11-20 18:27:56.3197  当前没有其他玩家在线，无需广播状态同步消息
2025-11-20 18:27:56.4119  当前没有其他玩家在线，无需广播状态同步消息
2025-11-20 18:27:56.5199  当前没有其他玩家在线，无需广播状态同步消息
2025-11-20 18:27:56.6130  当前没有其他玩家在线，无需广播状态同步消息
2025-11-20 18:27:56.7203  当前没有其他玩家在线，无需广播状态同步消息
2025-11-20 18:27:56.8131  当前没有其他玩家在线，无需广播状态同步消息
2025-11-20 18:27:57.6046  当前没有其他玩家在线，无需广播状态同步消息
2025-11-20 18:27:57.7131  当前没有其他玩家在线，无需广播状态同步消息
2025-11-20 18:27:58.1169  当前没有其他玩家在线，无需广播状态同步消息
2025-11-20 18:27:58.2092  当前没有其他玩家在线，无需广播状态同步消息
2025-11-20 18:28:10.1290  当前没有其他玩家在线，无需广播状态同步消息
2025-11-20 18:28:10.2263  当前没有其他玩家在线，无需广播状态同步消息
2025-11-20 18:28:10.3144  当前没有其他玩家在线，无需广播状态同步消息
2025-11-20 18:28:10.4088  当前没有其他玩家在线，无需广播状态同步消息
2025-11-20 18:28:10.5167  当前没有其他玩家在线，无需广播状态同步消息
2025-11-20 18:28:12.2065  收到登录请求
2025-11-20 18:28:12.2065  向ID:480088867628908545发送其他玩家登录请求
2025-11-20 18:28:24.9185  向玩家ID:480088867628908545 发送玩家ID:480089589183414272下线消息
2025-11-20 18:28:24.9185  玩家ID:480089589183414272 下线成功
2025-11-20 18:28:27.8167  当前服务器上没有其他玩家在线，无需广播下线消息
2025-11-20 18:28:27.8167  玩家ID:480088867628908545 下线成功
2025-11-20 18:34:29.0248  收到登录请求
2025-11-20 18:34:29.0248  当前没有其他玩家在线，无需广播
2025-11-20 18:34:29.8479  当前没有其他玩家在线，无需广播状态同步消息
2025-11-20 18:34:29.9240  当前没有其他玩家在线，无需广播状态同步消息
2025-11-20 18:34:30.0332  当前没有其他玩家在线，无需广播状态同步消息
2025-11-20 18:34:30.1264  当前没有其他玩家在线，无需广播状态同步消息
2025-11-20 18:34:30.2331  当前没有其他玩家在线，无需广播状态同步消息
2025-11-20 18:34:30.3261  当前没有其他玩家在线，无需广播状态同步消息
2025-11-20 18:34:30.4343  当前没有其他玩家在线，无需广播状态同步消息
2025-11-20 18:34:30.5414  当前没有其他玩家在线，无需广播状态同步消息
2025-11-20 18:34:30.6491  当前没有其他玩家在线，无需广播状态同步消息
2025-11-20 18:34:30.7242  当前没有其他玩家在线，无需广播状态同步消息
2025-11-20 18:34:30.8455  当前没有其他玩家在线，无需广播状态同步消息
2025-11-20 18:34:30.9388  当前没有其他玩家在线，无需广播状态同步消息
2025-11-20 18:34:31.0303  当前没有其他玩家在线，无需广播状态同步消息
2025-11-20 18:34:31.1237  当前没有其他玩家在线，无需广播状态同步消息
2025-11-20 18:34:31.2476  当前没有其他玩家在线，无需广播状态同步消息
2025-11-20 18:34:31.3398  当前没有其他玩家在线，无需广播状态同步消息
2025-11-20 18:34:31.4317  当前没有其他玩家在线，无需广播状态同步消息
2025-11-20 18:34:31.5270  当前没有其他玩家在线，无需广播状态同步消息
2025-11-20 18:34:31.6381  当前没有其他玩家在线，无需广播状态同步消息
2025-11-20 18:34:31.7304  当前没有其他玩家在线，无需广播状态同步消息
2025-11-20 18:34:31.8399  当前没有其他玩家在线，无需广播状态同步消息
2025-11-20 18:34:31.9341  当前没有其他玩家在线，无需广播状态同步消息
2025-11-20 18:34:32.0411  当前没有其他玩家在线，无需广播状态同步消息
2025-11-20 18:34:32.1329  当前没有其他玩家在线，无需广播状态同步消息
2025-11-20 18:34:32.2403  当前没有其他玩家在线，无需广播状态同步消息
2025-11-20 18:34:32.3335  当前没有其他玩家在线，无需广播状态同步消息
2025-11-20 18:34:32.4274  当前没有其他玩家在线，无需广播状态同步消息
2025-11-20 18:34:32.5358  当前没有其他玩家在线，无需广播状态同步消息
2025-11-20 18:34:32.6417  当前没有其他玩家在线，无需广播状态同步消息
2025-11-20 18:34:32.7338  当前没有其他玩家在线，无需广播状态同步消息
2025-11-20 18:34:32.8284  当前没有其他玩家在线，无需广播状态同步消息
2025-11-20 18:34:32.9376  当前没有其他玩家在线，无需广播状态同步消息
2025-11-20 18:34:33.0304  当前没有其他玩家在线，无需广播状态同步消息
2025-11-20 18:34:33.1242  当前没有其他玩家在线，无需广播状态同步消息
2025-11-20 18:34:37.4383  当前没有其他玩家在线，无需广播状态同步消息
2025-11-20 18:34:37.5304  当前没有其他玩家在线，无需广播状态同步消息
2025-11-20 18:34:37.6384  当前没有其他玩家在线，无需广播状态同步消息
2025-11-20 18:34:37.7317  当前没有其他玩家在线，无需广播状态同步消息
2025-11-20 18:34:37.8410  当前没有其他玩家在线，无需广播状态同步消息
2025-11-20 18:34:37.9344  当前没有其他玩家在线，无需广播状态同步消息
2025-11-20 18:34:38.0265  当前没有其他玩家在线，无需广播状态同步消息
2025-11-20 18:35:07.3136  收到登录请求
2025-11-20 18:35:07.3136  向ID:480096065994096640发送其他玩家登录请求
2025-11-20 18:35:39.0084  向玩家ID:480096065994096640 发送玩家ID:480096718829125632下线消息
2025-11-20 18:35:39.0084  玩家ID:480096718829125632 下线成功
2025-11-20 18:35:41.4541  当前服务器上没有其他玩家在线，无需广播下线消息
2025-11-20 18:35:41.4541  玩家ID:480096065994096640 下线成功
2025-11-20 18:47:52.0471 (LoginRequestHandler.cs:18) 收到登录请求
2025-11-20 18:47:52.0544 (LoginRequestHandler.cs:49) 当前没有其他玩家在线，无需广播
2025-11-20 18:47:52.9462 (StateSyncRequestHandler.cs:35) 当前没有其他玩家在线，无需广播状态同步消息
2025-11-20 18:47:53.0030 (StateSyncRequestHandler.cs:35) 当前没有其他玩家在线，无需广播状态同步消息
2025-11-20 18:47:53.0964 (StateSyncRequestHandler.cs:35) 当前没有其他玩家在线，无需广播状态同步消息
2025-11-20 18:47:53.1879 (StateSyncRequestHandler.cs:35) 当前没有其他玩家在线，无需广播状态同步消息
2025-11-20 18:47:53.2959 (StateSyncRequestHandler.cs:35) 当前没有其他玩家在线，无需广播状态同步消息
2025-11-20 18:47:53.3873 (StateSyncRequestHandler.cs:35) 当前没有其他玩家在线，无需广播状态同步消息
2025-11-20 18:47:54.3408 (LoginRequestHandler.cs:18) 收到登录请求
2025-11-20 18:47:54.3408 (LoginRequestHandler.cs:62) 向ID:480109861429051392发送其他玩家登录请求
2025-11-20 18:49:10.5775 (LogoutRequestHandler.cs:46) 向玩家ID:480109895788789760 发送玩家ID:480109861429051392下线消息
2025-11-20 18:49:10.5775 (LogoutRequestHandler.cs:49) 玩家ID:480109861429051392 下线成功
2025-11-20 18:49:13.4727 (LogoutRequestHandler.cs:28) 当前服务器上没有其他玩家在线，无需广播下线消息
2025-11-20 18:49:13.4727 (LogoutRequestHandler.cs:29) 玩家ID:480109895788789760 下线成功
2025-11-20 18:51:40.2960 (LoginRequestHandler.cs:18) 收到登录请求
2025-11-20 18:51:40.2960 (LoginRequestHandler.cs:49) 当前没有其他玩家在线，无需广播
2025-11-20 18:51:42.2389 (StateSyncRequestHandler.cs:35) 当前没有其他玩家在线，无需广播状态同步消息
2025-11-20 18:51:42.3164 (StateSyncRequestHandler.cs:35) 当前没有其他玩家在线，无需广播状态同步消息
2025-11-20 18:51:42.4247 (StateSyncRequestHandler.cs:35) 当前没有其他玩家在线，无需广播状态同步消息
2025-11-20 18:51:42.5180 (StateSyncRequestHandler.cs:35) 当前没有其他玩家在线，无需广播状态同步消息
2025-11-20 18:51:42.6235 (StateSyncRequestHandler.cs:35) 当前没有其他玩家在线，无需广播状态同步消息
2025-11-20 18:51:42.7153 (StateSyncRequestHandler.cs:35) 当前没有其他玩家在线，无需广播状态同步消息
2025-11-20 18:51:42.8229 (StateSyncRequestHandler.cs:35) 当前没有其他玩家在线，无需广播状态同步消息
2025-11-20 18:51:42.9154 (StateSyncRequestHandler.cs:35) 当前没有其他玩家在线，无需广播状态同步消息
2025-11-20 18:51:43.0220 (StateSyncRequestHandler.cs:35) 当前没有其他玩家在线，无需广播状态同步消息
2025-11-20 18:51:43.1144 (StateSyncRequestHandler.cs:35) 当前没有其他玩家在线，无需广播状态同步消息
2025-11-20 18:51:43.2229 (StateSyncRequestHandler.cs:35) 当前没有其他玩家在线，无需广播状态同步消息
2025-11-20 18:51:43.3148 (StateSyncRequestHandler.cs:35) 当前没有其他玩家在线，无需广播状态同步消息
2025-11-20 18:51:43.4217 (StateSyncRequestHandler.cs:35) 当前没有其他玩家在线，无需广播状态同步消息
2025-11-20 18:51:43.5142 (StateSyncRequestHandler.cs:35) 当前没有其他玩家在线，无需广播状态同步消息
2025-11-20 18:51:43.6219 (StateSyncRequestHandler.cs:35) 当前没有其他玩家在线，无需广播状态同步消息
2025-11-20 18:51:43.7309 (StateSyncRequestHandler.cs:35) 当前没有其他玩家在线，无需广播状态同步消息
2025-11-20 18:51:43.8081 (StateSyncRequestHandler.cs:35) 当前没有其他玩家在线，无需广播状态同步消息
2025-11-20 18:51:43.9155 (StateSyncRequestHandler.cs:35) 当前没有其他玩家在线，无需广播状态同步消息
2025-11-20 18:51:44.0238 (StateSyncRequestHandler.cs:35) 当前没有其他玩家在线，无需广播状态同步消息
2025-11-20 18:51:44.1156 (StateSyncRequestHandler.cs:35) 当前没有其他玩家在线，无需广播状态同步消息
2025-11-20 18:51:44.2377 (StateSyncRequestHandler.cs:35) 当前没有其他玩家在线，无需广播状态同步消息
2025-11-20 18:51:44.3161 (StateSyncRequestHandler.cs:35) 当前没有其他玩家在线，无需广播状态同步消息
2025-11-20 18:51:44.4247 (StateSyncRequestHandler.cs:35) 当前没有其他玩家在线，无需广播状态同步消息
2025-11-20 18:51:44.5170 (StateSyncRequestHandler.cs:35) 当前没有其他玩家在线，无需广播状态同步消息
2025-11-20 18:51:44.6102 (StateSyncRequestHandler.cs:35) 当前没有其他玩家在线，无需广播状态同步消息
2025-11-20 18:51:44.7190 (StateSyncRequestHandler.cs:35) 当前没有其他玩家在线，无需广播状态同步消息
2025-11-20 18:51:44.8109 (StateSyncRequestHandler.cs:35) 当前没有其他玩家在线，无需广播状态同步消息
2025-11-20 18:51:44.9178 (StateSyncRequestHandler.cs:35) 当前没有其他玩家在线，无需广播状态同步消息
2025-11-20 18:51:45.0243 (StateSyncRequestHandler.cs:35) 当前没有其他玩家在线，无需广播状态同步消息
2025-11-20 18:51:45.1176 (StateSyncRequestHandler.cs:35) 当前没有其他玩家在线，无需广播状态同步消息
2025-11-20 18:51:45.2253 (StateSyncRequestHandler.cs:35) 当前没有其他玩家在线，无需广播状态同步消息
2025-11-20 18:51:45.3172 (StateSyncRequestHandler.cs:35) 当前没有其他玩家在线，无需广播状态同步消息
2025-11-20 18:51:45.4095 (StateSyncRequestHandler.cs:35) 当前没有其他玩家在线，无需广播状态同步消息
2025-11-20 18:51:45.5165 (StateSyncRequestHandler.cs:35) 当前没有其他玩家在线，无需广播状态同步消息
2025-11-20 18:51:45.6094 (StateSyncRequestHandler.cs:35) 当前没有其他玩家在线，无需广播状态同步消息
2025-11-20 18:51:45.7167 (StateSyncRequestHandler.cs:35) 当前没有其他玩家在线，无需广播状态同步消息
2025-11-20 18:51:45.8256 (StateSyncRequestHandler.cs:35) 当前没有其他玩家在线，无需广播状态同步消息
2025-11-20 18:51:45.9188 (StateSyncRequestHandler.cs:35) 当前没有其他玩家在线，无需广播状态同步消息
2025-11-20 18:51:46.0255 (StateSyncRequestHandler.cs:35) 当前没有其他玩家在线，无需广播状态同步消息
2025-11-20 18:51:46.1169 (StateSyncRequestHandler.cs:35) 当前没有其他玩家在线，无需广播状态同步消息
2025-11-20 18:51:46.2252 (StateSyncRequestHandler.cs:35) 当前没有其他玩家在线，无需广播状态同步消息
2025-11-20 18:51:46.3167 (StateSyncRequestHandler.cs:35) 当前没有其他玩家在线，无需广播状态同步消息
2025-11-20 18:51:46.4086 (StateSyncRequestHandler.cs:35) 当前没有其他玩家在线，无需广播状态同步消息
2025-11-20 18:51:46.5159 (StateSyncRequestHandler.cs:35) 当前没有其他玩家在线，无需广播状态同步消息
2025-11-20 18:51:46.6098 (StateSyncRequestHandler.cs:35) 当前没有其他玩家在线，无需广播状态同步消息
2025-11-20 18:51:46.7185 (StateSyncRequestHandler.cs:35) 当前没有其他玩家在线，无需广播状态同步消息
2025-11-20 18:51:46.8268  当前没有其他玩家在线，无需广播状态同步消息
2025-11-20 18:51:46.9184  当前没有其他玩家在线，无需广播状态同步消息
2025-11-20 18:51:47.0101  当前没有其他玩家在线，无需广播状态同步消息
2025-11-20 18:51:47.1328  当前没有其他玩家在线，无需广播状态同步消息
2025-11-20 18:51:47.2090  当前没有其他玩家在线，无需广播状态同步消息
2025-11-20 18:51:48.8727  当前服务器上没有其他玩家在线，无需广播下线消息
2025-11-20 18:51:48.8727  玩家ID:480113778439225344 下线成功
2025-11-20 18:53:24.3995  收到登录请求
2025-11-20 18:53:24.3995  当前没有其他玩家在线，无需广播
2025-11-20 18:53:26.7149  当前没有其他玩家在线，无需广播状态同步消息
2025-11-20 18:53:26.8087  当前没有其他玩家在线，无需广播状态同步消息
2025-11-20 18:53:26.9169  当前没有其他玩家在线，无需广播状态同步消息
2025-11-20 18:53:27.0112  当前没有其他玩家在线，无需广播状态同步消息
2025-11-20 18:53:27.1188  当前没有其他玩家在线，无需广播状态同步消息
2025-11-20 18:53:27.2134  当前没有其他玩家在线，无需广播状态同步消息
2025-11-20 18:53:27.3049  当前没有其他玩家在线，无需广播状态同步消息
2025-11-20 18:53:27.4145  当前没有其他玩家在线，无需广播状态同步消息
2025-11-20 18:53:27.5096  当前没有其他玩家在线，无需广播状态同步消息
2025-11-20 18:53:27.6171  当前没有其他玩家在线，无需广播状态同步消息
2025-11-20 18:53:27.7105  当前没有其他玩家在线，无需广播状态同步消息
2025-11-20 18:53:27.8179  当前没有其他玩家在线，无需广播状态同步消息
2025-11-20 18:53:27.9112  当前没有其他玩家在线，无需广播状态同步消息
2025-11-20 18:53:28.0053  当前没有其他玩家在线，无需广播状态同步消息
2025-11-20 18:53:28.1127  当前没有其他玩家在线，无需广播状态同步消息
2025-11-20 18:53:28.2062  当前没有其他玩家在线，无需广播状态同步消息
2025-11-20 18:53:28.3148  当前没有其他玩家在线，无需广播状态同步消息
2025-11-20 18:53:28.4068  当前没有其他玩家在线，无需广播状态同步消息
2025-11-20 18:53:28.5148  当前没有其他玩家在线，无需广播状态同步消息
2025-11-20 18:53:28.6091  当前没有其他玩家在线，无需广播状态同步消息
2025-11-20 18:53:28.7174  当前没有其他玩家在线，无需广播状态同步消息
2025-11-20 18:53:28.8105  当前没有其他玩家在线，无需广播状态同步消息
2025-11-20 18:53:28.9050  当前没有其他玩家在线，无需广播状态同步消息
2025-11-20 18:53:29.0144  当前没有其他玩家在线，无需广播状态同步消息
2025-11-20 18:53:29.1077  当前没有其他玩家在线，无需广播状态同步消息
2025-11-20 18:53:29.2166  当前没有其他玩家在线，无需广播状态同步消息
2025-11-20 18:53:29.3105  当前没有其他玩家在线，无需广播状态同步消息
2025-11-20 18:53:29.4048  当前没有其他玩家在线，无需广播状态同步消息
2025-11-20 18:53:29.5123  当前没有其他玩家在线，无需广播状态同步消息
2025-11-20 18:53:29.6050  当前没有其他玩家在线，无需广播状态同步消息
2025-11-20 18:53:29.7129  当前没有其他玩家在线，无需广播状态同步消息
2025-11-20 18:53:29.8053  当前没有其他玩家在线，无需广播状态同步消息
2025-11-20 18:53:29.9165  当前没有其他玩家在线，无需广播状态同步消息
2025-11-20 18:53:30.0072  当前没有其他玩家在线，无需广播状态同步消息
2025-11-20 18:53:30.1176  当前没有其他玩家在线，无需广播状态同步消息
2025-11-20 18:53:30.2118  当前没有其他玩家在线，无需广播状态同步消息
2025-11-20 18:53:30.3052  当前没有其他玩家在线，无需广播状态同步消息
2025-11-20 18:53:30.4143  当前没有其他玩家在线，无需广播状态同步消息
2025-11-20 18:53:30.5077  当前没有其他玩家在线，无需广播状态同步消息
2025-11-20 18:53:30.6177  当前没有其他玩家在线，无需广播状态同步消息
2025-11-20 18:53:30.7114  当前没有其他玩家在线，无需广播状态同步消息
2025-11-20 18:53:30.8045  当前没有其他玩家在线，无需广播状态同步消息
2025-11-20 18:53:30.9112  当前没有其他玩家在线，无需广播状态同步消息
2025-11-20 18:53:31.0191  当前没有其他玩家在线，无需广播状态同步消息
2025-11-20 18:53:31.1109  当前没有其他玩家在线，无需广播状态同步消息
2025-11-20 18:53:31.2190  当前没有其他玩家在线，无需广播状态同步消息
2025-11-20 18:53:31.3141  当前没有其他玩家在线，无需广播状态同步消息
2025-11-20 18:53:31.4073  当前没有其他玩家在线，无需广播状态同步消息
2025-11-20 18:53:31.5172  当前没有其他玩家在线，无需广播状态同步消息
2025-11-20 18:53:31.6107  当前没有其他玩家在线，无需广播状态同步消息
2025-11-20 18:53:31.7063  当前没有其他玩家在线，无需广播状态同步消息
2025-11-20 18:53:31.8159  当前没有其他玩家在线，无需广播状态同步消息
2025-11-20 18:53:31.9103  当前没有其他玩家在线，无需广播状态同步消息
2025-11-20 18:53:32.0187  当前没有其他玩家在线，无需广播状态同步消息
2025-11-20 18:53:32.1117  当前没有其他玩家在线，无需广播状态同步消息
2025-11-20 18:53:32.2046  当前没有其他玩家在线，无需广播状态同步消息
2025-11-20 18:53:32.3133  当前没有其他玩家在线，无需广播状态同步消息
2025-11-20 18:53:32.4071  当前没有其他玩家在线，无需广播状态同步消息
2025-11-20 18:53:32.5176  当前没有其他玩家在线，无需广播状态同步消息
2025-11-20 18:53:32.6108  当前没有其他玩家在线，无需广播状态同步消息
2025-11-20 18:53:32.7186  当前没有其他玩家在线，无需广播状态同步消息
2025-11-20 18:53:32.8112  当前没有其他玩家在线，无需广播状态同步消息
2025-11-20 18:53:32.9047  当前没有其他玩家在线，无需广播状态同步消息
2025-11-20 18:53:33.0122  当前没有其他玩家在线，无需广播状态同步消息
2025-11-20 18:53:33.1045  当前没有其他玩家在线，无需广播状态同步消息
2025-11-20 18:53:33.2149  当前没有其他玩家在线，无需广播状态同步消息
2025-11-20 18:53:36.9981  收到登录请求
2025-11-20 18:53:36.9981  向ID:480115565145620480发送其他玩家登录请求
2025-11-20 18:56:36.0192  向玩家ID:480115771304050688 发送玩家ID:480115565145620480下线消息
2025-11-20 18:56:36.0192  玩家ID:480115565145620480 下线成功
2025-11-20 18:56:38.7049  收到登录请求
2025-11-20 18:56:38.7049  向ID:480115771304050688发送其他玩家登录请求
2025-11-20 18:58:15.9832  向玩家ID:480115771304050688 发送玩家ID:480118898040242176下线消息
2025-11-20 18:58:15.9832  玩家ID:480118898040242176 下线成功
2025-11-20 18:59:15.4959  当前没有其他玩家在线，无需广播状态同步消息
2025-11-20 18:59:15.6042  当前没有其他玩家在线，无需广播状态同步消息
2025-11-20 18:59:15.6991  当前没有其他玩家在线，无需广播状态同步消息
2025-11-20 18:59:15.8064  当前没有其他玩家在线，无需广播状态同步消息
2025-11-20 18:59:15.8976  当前没有其他玩家在线，无需广播状态同步消息
2025-11-20 18:59:16.0059  当前没有其他玩家在线，无需广播状态同步消息
2025-11-20 18:59:16.0992  当前没有其他玩家在线，无需广播状态同步消息
2025-11-20 18:59:16.2077  当前没有其他玩家在线，无需广播状态同步消息
2025-11-20 18:59:16.3019  当前没有其他玩家在线，无需广播状态同步消息
2025-11-20 18:59:16.4100  当前没有其他玩家在线，无需广播状态同步消息
2025-11-20 18:59:16.5029  当前没有其他玩家在线，无需广播状态同步消息
2025-11-20 18:59:16.5948  当前没有其他玩家在线，无需广播状态同步消息
2025-11-20 18:59:16.7170  当前没有其他玩家在线，无需广播状态同步消息
2025-11-20 18:59:16.7955  当前没有其他玩家在线，无需广播状态同步消息
2025-11-20 18:59:16.9057  当前没有其他玩家在线，无需广播状态同步消息
2025-11-20 18:59:16.9989  当前没有其他玩家在线，无需广播状态同步消息
2025-11-20 18:59:17.1072  当前没有其他玩家在线，无需广播状态同步消息
2025-11-20 18:59:17.2009  当前没有其他玩家在线，无需广播状态同步消息
2025-11-20 18:59:17.2931  当前没有其他玩家在线，无需广播状态同步消息
2025-11-20 18:59:17.4033  当前没有其他玩家在线，无需广播状态同步消息
2025-11-20 18:59:17.4969  当前没有其他玩家在线，无需广播状态同步消息
2025-11-20 18:59:20.2720  收到登录请求
2025-11-20 18:59:20.2720  向ID:480115771304050688发送其他玩家登录请求
2025-11-20 18:59:57.2350  向玩家ID:480115771304050688 发送玩家ID:480121681179049984下线消息
2025-11-20 18:59:57.2350  玩家ID:480121681179049984 下线成功
