2025-11-20 14:14:08.6066 (LoginRequestHandler.cs:18) 收到登录请求
2025-11-20 14:14:08.6066 (LoginRequestHandler.cs:48) 当前没有其他玩家在线，无需广播
2025-11-20 14:14:09.2851 (StateSyncRequestHandler.cs:35) 当前没有其他玩家在线，无需广播状态同步消息
2025-11-20 14:14:09.3537 (StateSyncRequestHandler.cs:35) 当前没有其他玩家在线，无需广播状态同步消息
2025-11-20 14:14:09.4452 (StateSyncRequestHandler.cs:35) 当前没有其他玩家在线，无需广播状态同步消息
2025-11-20 14:14:09.5528 (StateSyncRequestHandler.cs:35) 当前没有其他玩家在线，无需广播状态同步消息
2025-11-20 14:14:09.6607 (StateSyncRequestHandler.cs:35) 当前没有其他玩家在线，无需广播状态同步消息
2025-11-20 14:14:09.7555 (StateSyncRequestHandler.cs:35) 当前没有其他玩家在线，无需广播状态同步消息
2025-11-20 14:14:09.8479 (StateSyncRequestHandler.cs:35) 当前没有其他玩家在线，无需广播状态同步消息
2025-11-20 14:14:09.9562 (StateSyncRequestHandler.cs:35) 当前没有其他玩家在线，无需广播状态同步消息
2025-11-20 14:14:10.0492 (StateSyncRequestHandler.cs:35) 当前没有其他玩家在线，无需广播状态同步消息
2025-11-20 14:14:10.1585 (StateSyncRequestHandler.cs:35) 当前没有其他玩家在线，无需广播状态同步消息
2025-11-20 14:14:10.2522 (StateSyncRequestHandler.cs:35) 当前没有其他玩家在线，无需广播状态同步消息
2025-11-20 14:14:10.3447 (StateSyncRequestHandler.cs:35) 当前没有其他玩家在线，无需广播状态同步消息
2025-11-20 14:14:10.8567 (StateSyncRequestHandler.cs:35) 当前没有其他玩家在线，无需广播状态同步消息
2025-11-20 14:14:10.9494 (StateSyncRequestHandler.cs:35) 当前没有其他玩家在线，无需广播状态同步消息
2025-11-20 14:14:11.0584 (StateSyncRequestHandler.cs:35) 当前没有其他玩家在线，无需广播状态同步消息
2025-11-20 14:14:11.1516 (StateSyncRequestHandler.cs:35) 当前没有其他玩家在线，无需广播状态同步消息
2025-11-20 14:14:11.2603 (StateSyncRequestHandler.cs:35) 当前没有其他玩家在线，无需广播状态同步消息
2025-11-20 14:14:11.3533 (StateSyncRequestHandler.cs:35) 当前没有其他玩家在线，无需广播状态同步消息
2025-11-20 14:14:11.4452 (StateSyncRequestHandler.cs:35) 当前没有其他玩家在线，无需广播状态同步消息
2025-11-20 14:14:11.5543 (StateSyncRequestHandler.cs:35) 当前没有其他玩家在线，无需广播状态同步消息
2025-11-20 14:14:11.6640 (StateSyncRequestHandler.cs:35) 当前没有其他玩家在线，无需广播状态同步消息
2025-11-20 14:14:11.7576 (StateSyncRequestHandler.cs:35) 当前没有其他玩家在线，无需广播状态同步消息
2025-11-20 14:14:11.8519 (StateSyncRequestHandler.cs:35) 当前没有其他玩家在线，无需广播状态同步消息
2025-11-20 14:14:11.9598 (StateSyncRequestHandler.cs:35) 当前没有其他玩家在线，无需广播状态同步消息
2025-11-20 14:14:12.0514 (StateSyncRequestHandler.cs:35) 当前没有其他玩家在线，无需广播状态同步消息
2025-11-20 14:14:12.1594 (StateSyncRequestHandler.cs:35) 当前没有其他玩家在线，无需广播状态同步消息
2025-11-20 14:14:12.2516 (StateSyncRequestHandler.cs:35) 当前没有其他玩家在线，无需广播状态同步消息
2025-11-20 14:14:12.3445 (StateSyncRequestHandler.cs:35) 当前没有其他玩家在线，无需广播状态同步消息
2025-11-20 14:14:12.4530 (StateSyncRequestHandler.cs:35) 当前没有其他玩家在线，无需广播状态同步消息
2025-11-20 14:14:12.5596 (StateSyncRequestHandler.cs:35) 当前没有其他玩家在线，无需广播状态同步消息
2025-11-20 14:14:12.6538 (StateSyncRequestHandler.cs:35) 当前没有其他玩家在线，无需广播状态同步消息
2025-11-20 14:14:13.0570 (StateSyncRequestHandler.cs:35) 当前没有其他玩家在线，无需广播状态同步消息
2025-11-20 14:14:13.1494 (StateSyncRequestHandler.cs:35) 当前没有其他玩家在线，无需广播状态同步消息
2025-11-20 14:14:13.2595 (StateSyncRequestHandler.cs:35) 当前没有其他玩家在线，无需广播状态同步消息
2025-11-20 14:14:13.3524 (StateSyncRequestHandler.cs:35) 当前没有其他玩家在线，无需广播状态同步消息
2025-11-20 14:14:13.4458 (StateSyncRequestHandler.cs:35) 当前没有其他玩家在线，无需广播状态同步消息
2025-11-20 14:14:13.5543 (StateSyncRequestHandler.cs:35) 当前没有其他玩家在线，无需广播状态同步消息
2025-11-20 14:14:13.6483 (StateSyncRequestHandler.cs:35) 当前没有其他玩家在线，无需广播状态同步消息
2025-11-20 14:14:13.7565 (StateSyncRequestHandler.cs:35) 当前没有其他玩家在线，无需广播状态同步消息
2025-11-20 14:14:14.0494 (StateSyncRequestHandler.cs:35) 当前没有其他玩家在线，无需广播状态同步消息
2025-11-20 14:14:14.1721 (StateSyncRequestHandler.cs:35) 当前没有其他玩家在线，无需广播状态同步消息
2025-11-20 14:14:14.2529 (StateSyncRequestHandler.cs:35) 当前没有其他玩家在线，无需广播状态同步消息
2025-11-20 14:14:14.3456 (StateSyncRequestHandler.cs:35) 当前没有其他玩家在线，无需广播状态同步消息
2025-11-20 14:14:14.4523 (StateSyncRequestHandler.cs:35) 当前没有其他玩家在线，无需广播状态同步消息
2025-11-20 14:14:14.5454 (StateSyncRequestHandler.cs:35) 当前没有其他玩家在线，无需广播状态同步消息
2025-11-20 14:14:14.7626 (StateSyncRequestHandler.cs:35) 当前没有其他玩家在线，无需广播状态同步消息
2025-11-20 14:14:14.8562 (StateSyncRequestHandler.cs:35) 当前没有其他玩家在线，无需广播状态同步消息
2025-11-20 14:14:14.9637 (StateSyncRequestHandler.cs:35) 当前没有其他玩家在线，无需广播状态同步消息
2025-11-20 14:14:15.0563 (StateSyncRequestHandler.cs:35) 当前没有其他玩家在线，无需广播状态同步消息
2025-11-20 14:14:15.1647 (StateSyncRequestHandler.cs:35) 当前没有其他玩家在线，无需广播状态同步消息
2025-11-20 14:14:15.2579 (StateSyncRequestHandler.cs:35) 当前没有其他玩家在线，无需广播状态同步消息
2025-11-20 14:14:15.3515 (StateSyncRequestHandler.cs:35) 当前没有其他玩家在线，无需广播状态同步消息
2025-11-20 14:14:15.7496 (StateSyncRequestHandler.cs:35) 当前没有其他玩家在线，无需广播状态同步消息
2025-11-20 14:14:15.8590 (StateSyncRequestHandler.cs:35) 当前没有其他玩家在线，无需广播状态同步消息
2025-11-20 14:14:15.9648 (StateSyncRequestHandler.cs:35) 当前没有其他玩家在线，无需广播状态同步消息
2025-11-20 14:14:16.0600 (StateSyncRequestHandler.cs:35) 当前没有其他玩家在线，无需广播状态同步消息
2025-11-20 14:14:16.1521 (StateSyncRequestHandler.cs:35) 当前没有其他玩家在线，无需广播状态同步消息
2025-11-20 14:14:16.2622 (StateSyncRequestHandler.cs:35) 当前没有其他玩家在线，无需广播状态同步消息
2025-11-20 14:14:16.3564 (StateSyncRequestHandler.cs:35) 当前没有其他玩家在线，无需广播状态同步消息
2025-11-20 14:14:16.4655 (StateSyncRequestHandler.cs:35) 当前没有其他玩家在线，无需广播状态同步消息
2025-11-20 14:14:16.5590  当前没有其他玩家在线，无需广播状态同步消息
2025-11-20 14:14:16.6666  当前没有其他玩家在线，无需广播状态同步消息
2025-11-20 14:14:16.7448  当前没有其他玩家在线，无需广播状态同步消息
2025-11-20 14:14:16.8523  当前没有其他玩家在线，无需广播状态同步消息
2025-11-20 14:14:17.0540  当前没有其他玩家在线，无需广播状态同步消息
2025-11-20 14:14:17.1462  当前没有其他玩家在线，无需广播状态同步消息
2025-11-20 14:14:17.2568  当前没有其他玩家在线，无需广播状态同步消息
2025-11-20 14:14:17.3490  当前没有其他玩家在线，无需广播状态同步消息
2025-11-20 14:14:17.4568  当前没有其他玩家在线，无需广播状态同步消息
2025-11-20 14:14:17.5641  当前没有其他玩家在线，无需广播状态同步消息
2025-11-20 14:14:17.8573  当前没有其他玩家在线，无需广播状态同步消息
2025-11-20 14:14:17.9495  当前没有其他玩家在线，无需广播状态同步消息
2025-11-20 14:14:18.0588  当前没有其他玩家在线，无需广播状态同步消息
2025-11-20 14:14:18.1527  当前没有其他玩家在线，无需广播状态同步消息
2025-11-20 14:14:18.3555  当前没有其他玩家在线，无需广播状态同步消息
2025-11-20 14:14:18.4633  当前没有其他玩家在线，无需广播状态同步消息
2025-11-20 14:14:18.5705  当前没有其他玩家在线，无需广播状态同步消息
2025-11-20 14:14:18.6631  当前没有其他玩家在线，无需广播状态同步消息
2025-11-20 14:14:18.7579  当前没有其他玩家在线，无需广播状态同步消息
2025-11-20 14:14:18.8511  当前没有其他玩家在线，无需广播状态同步消息
2025-11-20 14:14:19.2526  当前没有其他玩家在线，无需广播状态同步消息
2025-11-20 14:14:19.3606  当前没有其他玩家在线，无需广播状态同步消息
2025-11-20 14:14:28.7670  收到登录请求
2025-11-20 14:14:33.6879  收到登录请求
2025-11-20 14:17:20.9828 (LoginRequestHandler.cs:18) 收到登录请求
2025-11-20 14:17:20.9828 (LoginRequestHandler.cs:48) 当前没有其他玩家在线，无需广播
2025-11-20 14:17:21.7817 (StateSyncRequestHandler.cs:35) 当前没有其他玩家在线，无需广播状态同步消息
2025-11-20 14:17:21.8510 (StateSyncRequestHandler.cs:35) 当前没有其他玩家在线，无需广播状态同步消息
2025-11-20 14:17:21.9398 (StateSyncRequestHandler.cs:35) 当前没有其他玩家在线，无需广播状态同步消息
2025-11-20 14:17:22.0517 (StateSyncRequestHandler.cs:35) 当前没有其他玩家在线，无需广播状态同步消息
2025-11-20 14:17:22.1415 (StateSyncRequestHandler.cs:35) 当前没有其他玩家在线，无需广播状态同步消息
2025-11-20 14:17:22.2427 (StateSyncRequestHandler.cs:35) 当前没有其他玩家在线，无需广播状态同步消息
2025-11-20 14:17:22.3463 (StateSyncRequestHandler.cs:35) 当前没有其他玩家在线，无需广播状态同步消息
2025-11-20 14:17:22.4495 (StateSyncRequestHandler.cs:35) 当前没有其他玩家在线，无需广播状态同步消息
2025-11-20 14:17:22.5529 (StateSyncRequestHandler.cs:35) 当前没有其他玩家在线，无需广播状态同步消息
2025-11-20 14:17:36.3799 (LoginRequestHandler.cs:18) 收到登录请求
2025-11-20 14:17:36.3838 (LoginRequestHandler.cs:61) 向ID:479830997792456704发送其他玩家登录请求
2025-11-20 14:18:00.8666 (LogoutRequestHandler.cs:45) 向玩家ID:479830997792456704 发送玩家ID:479831272670363648下线消息
2025-11-20 14:18:00.8670 (LogoutRequestHandler.cs:48) 玩家ID:479831272670363648 下线成功
2025-11-20 14:18:02.3533 (LoginRequestHandler.cs:18) 收到登录请求
2025-11-20 14:18:02.3533 (LoginRequestHandler.cs:61) 向ID:479830997792456704发送其他玩家登录请求
2025-11-20 14:18:13.6183 (LogoutRequestHandler.cs:45) 向玩家ID:479830997792456704 发送玩家ID:479831719346962432下线消息
2025-11-20 14:18:13.6183 (LogoutRequestHandler.cs:48) 玩家ID:479831719346962432 下线成功
2025-11-20 14:18:16.3364 (LogoutRequestHandler.cs:28) 当前服务器上没有其他玩家在线，无需广播下线消息
2025-11-20 14:20:09.1884 (LoginRequestHandler.cs:18) 收到登录请求
2025-11-20 14:20:09.1884 (LoginRequestHandler.cs:48) 当前没有其他玩家在线，无需广播
2025-11-20 14:20:10.1194 (StateSyncRequestHandler.cs:35) 当前没有其他玩家在线，无需广播状态同步消息
2025-11-20 14:20:10.1982 (StateSyncRequestHandler.cs:35) 当前没有其他玩家在线，无需广播状态同步消息
2025-11-20 14:20:10.3227 (StateSyncRequestHandler.cs:35) 当前没有其他玩家在线，无需广播状态同步消息
2025-11-20 14:20:10.4177 (StateSyncRequestHandler.cs:35) 当前没有其他玩家在线，无需广播状态同步消息
2025-11-20 14:20:10.5107 (StateSyncRequestHandler.cs:35) 当前没有其他玩家在线，无需广播状态同步消息
2025-11-20 14:20:10.6059 (StateSyncRequestHandler.cs:35) 当前没有其他玩家在线，无需广播状态同步消息
2025-11-20 14:20:10.6979 (StateSyncRequestHandler.cs:35) 当前没有其他玩家在线，无需广播状态同步消息
2025-11-20 14:20:10.8063 (StateSyncRequestHandler.cs:35) 当前没有其他玩家在线，无需广播状态同步消息
2025-11-20 14:20:10.9154 (StateSyncRequestHandler.cs:35) 当前没有其他玩家在线，无需广播状态同步消息
2025-11-20 14:20:11.0094 (StateSyncRequestHandler.cs:35) 当前没有其他玩家在线，无需广播状态同步消息
2025-11-20 14:20:11.1014 (StateSyncRequestHandler.cs:35) 当前没有其他玩家在线，无需广播状态同步消息
2025-11-20 14:20:11.2095 (StateSyncRequestHandler.cs:35) 当前没有其他玩家在线，无需广播状态同步消息
2025-11-20 14:20:11.3018 (StateSyncRequestHandler.cs:35) 当前没有其他玩家在线，无需广播状态同步消息
2025-11-20 14:20:11.4101 (StateSyncRequestHandler.cs:35) 当前没有其他玩家在线，无需广播状态同步消息
2025-11-20 14:20:11.5186 (StateSyncRequestHandler.cs:35) 当前没有其他玩家在线，无需广播状态同步消息
2025-11-20 14:20:11.6115 (StateSyncRequestHandler.cs:35) 当前没有其他玩家在线，无需广播状态同步消息
2025-11-20 14:20:11.7054 (StateSyncRequestHandler.cs:35) 当前没有其他玩家在线，无需广播状态同步消息
2025-11-20 14:20:35.6104 (LoginRequestHandler.cs:18) 收到登录请求
2025-11-20 14:20:35.6104 (LoginRequestHandler.cs:61) 向ID:479833901190348800发送其他玩家登录请求
2025-11-20 14:22:58.8943 (LoginRequestHandler.cs:18) 收到登录请求
2025-11-20 14:22:58.8982 (LoginRequestHandler.cs:48) 当前没有其他玩家在线，无需广播
2025-11-20 14:22:59.7646 (StateSyncRequestHandler.cs:35) 当前没有其他玩家在线，无需广播状态同步消息
2025-11-20 14:22:59.8465 (StateSyncRequestHandler.cs:35) 当前没有其他玩家在线，无需广播状态同步消息
2025-11-20 14:22:59.9378 (StateSyncRequestHandler.cs:35) 当前没有其他玩家在线，无需广播状态同步消息
2025-11-20 14:23:00.0399 (StateSyncRequestHandler.cs:35) 当前没有其他玩家在线，无需广播状态同步消息
2025-11-20 14:23:00.1402 (StateSyncRequestHandler.cs:35) 当前没有其他玩家在线，无需广播状态同步消息
2025-11-20 14:23:00.2369 (StateSyncRequestHandler.cs:35) 当前没有其他玩家在线，无需广播状态同步消息
2025-11-20 14:23:00.3440 (StateSyncRequestHandler.cs:35) 当前没有其他玩家在线，无需广播状态同步消息
2025-11-20 14:23:00.4494 (StateSyncRequestHandler.cs:35) 当前没有其他玩家在线，无需广播状态同步消息
2025-11-20 14:23:00.5388 (StateSyncRequestHandler.cs:35) 当前没有其他玩家在线，无需广播状态同步消息
2025-11-20 14:23:00.6450 (StateSyncRequestHandler.cs:35) 当前没有其他玩家在线，无需广播状态同步消息
2025-11-20 14:23:00.7378 (StateSyncRequestHandler.cs:35) 当前没有其他玩家在线，无需广播状态同步消息
2025-11-20 14:23:00.8467 (StateSyncRequestHandler.cs:35) 当前没有其他玩家在线，无需广播状态同步消息
2025-11-20 14:23:00.9470 (StateSyncRequestHandler.cs:35) 当前没有其他玩家在线，无需广播状态同步消息
2025-11-20 14:23:01.0443 (StateSyncRequestHandler.cs:35) 当前没有其他玩家在线，无需广播状态同步消息
2025-11-20 14:23:01.1402 (StateSyncRequestHandler.cs:35) 当前没有其他玩家在线，无需广播状态同步消息
2025-11-20 14:23:01.2402 (StateSyncRequestHandler.cs:35) 当前没有其他玩家在线，无需广播状态同步消息
2025-11-20 14:23:01.3405 (StateSyncRequestHandler.cs:35) 当前没有其他玩家在线，无需广播状态同步消息
2025-11-20 14:23:01.4357 (StateSyncRequestHandler.cs:35) 当前没有其他玩家在线，无需广播状态同步消息
2025-11-20 14:23:01.5457 (StateSyncRequestHandler.cs:35) 当前没有其他玩家在线，无需广播状态同步消息
2025-11-20 14:23:01.6390 (StateSyncRequestHandler.cs:35) 当前没有其他玩家在线，无需广播状态同步消息
2025-11-20 14:23:01.7438 (StateSyncRequestHandler.cs:35) 当前没有其他玩家在线，无需广播状态同步消息
2025-11-20 14:23:01.8437 (StateSyncRequestHandler.cs:35) 当前没有其他玩家在线，无需广播状态同步消息
2025-11-20 14:23:01.9419 (StateSyncRequestHandler.cs:35) 当前没有其他玩家在线，无需广播状态同步消息
2025-11-20 14:23:02.0366 (StateSyncRequestHandler.cs:35) 当前没有其他玩家在线，无需广播状态同步消息
2025-11-20 14:23:02.1430 (StateSyncRequestHandler.cs:35) 当前没有其他玩家在线，无需广播状态同步消息
2025-11-20 14:23:02.2452 (StateSyncRequestHandler.cs:35) 当前没有其他玩家在线，无需广播状态同步消息
2025-11-20 14:23:02.3431 (StateSyncRequestHandler.cs:35) 当前没有其他玩家在线，无需广播状态同步消息
2025-11-20 14:23:02.4374 (StateSyncRequestHandler.cs:35) 当前没有其他玩家在线，无需广播状态同步消息
2025-11-20 14:23:02.5374 (StateSyncRequestHandler.cs:35) 当前没有其他玩家在线，无需广播状态同步消息
2025-11-20 14:23:02.6366 (StateSyncRequestHandler.cs:35) 当前没有其他玩家在线，无需广播状态同步消息
2025-11-20 14:23:02.7453 (StateSyncRequestHandler.cs:35) 当前没有其他玩家在线，无需广播状态同步消息
2025-11-20 14:23:02.8379 (StateSyncRequestHandler.cs:35) 当前没有其他玩家在线，无需广播状态同步消息
2025-11-20 14:23:02.9543 (StateSyncRequestHandler.cs:35) 当前没有其他玩家在线，无需广播状态同步消息
2025-11-20 14:23:03.0394 (StateSyncRequestHandler.cs:35) 当前没有其他玩家在线，无需广播状态同步消息
2025-11-20 14:23:03.1387 (StateSyncRequestHandler.cs:35) 当前没有其他玩家在线，无需广播状态同步消息
2025-11-20 14:23:03.2457 (StateSyncRequestHandler.cs:35) 当前没有其他玩家在线，无需广播状态同步消息
2025-11-20 14:23:22.4738 (LoginRequestHandler.cs:18) 收到登录请求
2025-11-20 14:23:22.4776 (LoginRequestHandler.cs:61) 向ID:479836804588240896发送其他玩家登录请求
2025-11-20 14:38:50.1026 (LoginRequestHandler.cs:18) 收到登录请求
2025-11-20 14:38:50.1026 (LoginRequestHandler.cs:48) 当前没有其他玩家在线，无需广播
2025-11-20 14:38:50.9855 (StateSyncRequestHandler.cs:35) 当前没有其他玩家在线，无需广播状态同步消息
2025-11-20 14:38:51.0464 (StateSyncRequestHandler.cs:35) 当前没有其他玩家在线，无需广播状态同步消息
2025-11-20 14:38:51.1445 (StateSyncRequestHandler.cs:35) 当前没有其他玩家在线，无需广播状态同步消息
2025-11-20 14:38:51.2479 (StateSyncRequestHandler.cs:35) 当前没有其他玩家在线，无需广播状态同步消息
2025-11-20 14:38:51.3566 (StateSyncRequestHandler.cs:35) 当前没有其他玩家在线，无需广播状态同步消息
2025-11-20 14:38:51.4549 (StateSyncRequestHandler.cs:35) 当前没有其他玩家在线，无需广播状态同步消息
2025-11-20 14:38:51.5441 (StateSyncRequestHandler.cs:35) 当前没有其他玩家在线，无需广播状态同步消息
2025-11-20 14:38:51.6533 (StateSyncRequestHandler.cs:35) 当前没有其他玩家在线，无需广播状态同步消息
2025-11-20 14:38:51.9542 (StateSyncRequestHandler.cs:35) 当前没有其他玩家在线，无需广播状态同步消息
2025-11-20 14:38:52.0495 (StateSyncRequestHandler.cs:35) 当前没有其他玩家在线，无需广播状态同步消息
2025-11-20 14:38:52.1507 (StateSyncRequestHandler.cs:35) 当前没有其他玩家在线，无需广播状态同步消息
2025-11-20 14:38:52.2465 (StateSyncRequestHandler.cs:35) 当前没有其他玩家在线，无需广播状态同步消息
2025-11-20 14:38:52.3428 (StateSyncRequestHandler.cs:35) 当前没有其他玩家在线，无需广播状态同步消息
2025-11-20 14:38:52.4504 (StateSyncRequestHandler.cs:35) 当前没有其他玩家在线，无需广播状态同步消息
2025-11-20 14:38:52.5493 (StateSyncRequestHandler.cs:35) 当前没有其他玩家在线，无需广播状态同步消息
2025-11-20 14:38:52.6553 (StateSyncRequestHandler.cs:35) 当前没有其他玩家在线，无需广播状态同步消息
2025-11-20 14:38:52.7439 (StateSyncRequestHandler.cs:35) 当前没有其他玩家在线，无需广播状态同步消息
2025-11-20 14:38:52.8543 (StateSyncRequestHandler.cs:35) 当前没有其他玩家在线，无需广播状态同步消息
2025-11-20 14:38:53.2540 (StateSyncRequestHandler.cs:35) 当前没有其他玩家在线，无需广播状态同步消息
2025-11-20 14:38:53.3538 (StateSyncRequestHandler.cs:35) 当前没有其他玩家在线，无需广播状态同步消息
2025-11-20 14:38:53.4433 (StateSyncRequestHandler.cs:35) 当前没有其他玩家在线，无需广播状态同步消息
2025-11-20 14:38:53.5507 (StateSyncRequestHandler.cs:35) 当前没有其他玩家在线，无需广播状态同步消息
2025-11-20 14:38:53.6461 (StateSyncRequestHandler.cs:35) 当前没有其他玩家在线，无需广播状态同步消息
2025-11-20 14:38:53.7544 (StateSyncRequestHandler.cs:35) 当前没有其他玩家在线，无需广播状态同步消息
2025-11-20 14:38:53.8528 (StateSyncRequestHandler.cs:35) 当前没有其他玩家在线，无需广播状态同步消息
2025-11-20 14:38:53.9471 (StateSyncRequestHandler.cs:35) 当前没有其他玩家在线，无需广播状态同步消息
2025-11-20 14:38:54.0521 (StateSyncRequestHandler.cs:35) 当前没有其他玩家在线，无需广播状态同步消息
2025-11-20 14:38:54.1531 (StateSyncRequestHandler.cs:35) 当前没有其他玩家在线，无需广播状态同步消息
2025-11-20 14:38:54.2535 (StateSyncRequestHandler.cs:35) 当前没有其他玩家在线，无需广播状态同步消息
2025-11-20 14:38:54.3457 (StateSyncRequestHandler.cs:35) 当前没有其他玩家在线，无需广播状态同步消息
2025-11-20 14:38:54.4514 (StateSyncRequestHandler.cs:35) 当前没有其他玩家在线，无需广播状态同步消息
2025-11-20 14:38:54.5446 (StateSyncRequestHandler.cs:35) 当前没有其他玩家在线，无需广播状态同步消息
2025-11-20 14:38:54.6444 (StateSyncRequestHandler.cs:35) 当前没有其他玩家在线，无需广播状态同步消息
2025-11-20 14:38:54.7500 (StateSyncRequestHandler.cs:35) 当前没有其他玩家在线，无需广播状态同步消息
2025-11-20 14:38:54.8484 (StateSyncRequestHandler.cs:35) 当前没有其他玩家在线，无需广播状态同步消息
2025-11-20 14:38:54.9476 (StateSyncRequestHandler.cs:35) 当前没有其他玩家在线，无需广播状态同步消息
2025-11-20 14:38:55.0505 (StateSyncRequestHandler.cs:35) 当前没有其他玩家在线，无需广播状态同步消息
2025-11-20 14:38:55.1417 (StateSyncRequestHandler.cs:35) 当前没有其他玩家在线，无需广播状态同步消息
2025-11-20 14:38:55.2469 (StateSyncRequestHandler.cs:35) 当前没有其他玩家在线，无需广播状态同步消息
2025-11-20 14:38:55.3486 (StateSyncRequestHandler.cs:35) 当前没有其他玩家在线，无需广播状态同步消息
2025-11-20 14:38:55.4496 (StateSyncRequestHandler.cs:35) 当前没有其他玩家在线，无需广播状态同步消息
2025-11-20 14:38:55.5516 (StateSyncRequestHandler.cs:35) 当前没有其他玩家在线，无需广播状态同步消息
2025-11-20 14:38:55.6477 (StateSyncRequestHandler.cs:35) 当前没有其他玩家在线，无需广播状态同步消息
2025-11-20 14:38:55.7528 (StateSyncRequestHandler.cs:35) 当前没有其他玩家在线，无需广播状态同步消息
2025-11-20 14:38:55.8500 (StateSyncRequestHandler.cs:35) 当前没有其他玩家在线，无需广播状态同步消息
2025-11-20 14:38:55.9535 (StateSyncRequestHandler.cs:35) 当前没有其他玩家在线，无需广播状态同步消息
2025-11-20 14:38:56.0448 (StateSyncRequestHandler.cs:35) 当前没有其他玩家在线，无需广播状态同步消息
2025-11-20 14:38:56.1454 (StateSyncRequestHandler.cs:35) 当前没有其他玩家在线，无需广播状态同步消息
2025-11-20 14:38:56.2507 (StateSyncRequestHandler.cs:35) 当前没有其他玩家在线，无需广播状态同步消息
2025-11-20 14:38:56.3486 (StateSyncRequestHandler.cs:35) 当前没有其他玩家在线，无需广播状态同步消息
2025-11-20 14:38:56.4429 (StateSyncRequestHandler.cs:35) 当前没有其他玩家在线，无需广播状态同步消息
2025-11-20 14:38:56.5508 (StateSyncRequestHandler.cs:35) 当前没有其他玩家在线，无需广播状态同步消息
2025-11-20 14:38:56.6522 (StateSyncRequestHandler.cs:35) 当前没有其他玩家在线，无需广播状态同步消息
2025-11-20 14:38:56.7484 (StateSyncRequestHandler.cs:35) 当前没有其他玩家在线，无需广播状态同步消息
2025-11-20 14:38:56.8492 (StateSyncRequestHandler.cs:35) 当前没有其他玩家在线，无需广播状态同步消息
2025-11-20 14:38:56.9486 (StateSyncRequestHandler.cs:35) 当前没有其他玩家在线，无需广播状态同步消息
2025-11-20 14:38:57.0438 (StateSyncRequestHandler.cs:35) 当前没有其他玩家在线，无需广播状态同步消息
2025-11-20 14:38:57.1517 (StateSyncRequestHandler.cs:35) 当前没有其他玩家在线，无需广播状态同步消息
2025-11-20 14:38:57.2520 (StateSyncRequestHandler.cs:35) 当前没有其他玩家在线，无需广播状态同步消息
2025-11-20 14:38:57.3497 (StateSyncRequestHandler.cs:35) 当前没有其他玩家在线，无需广播状态同步消息
2025-11-20 14:38:57.4522 (StateSyncRequestHandler.cs:35) 当前没有其他玩家在线，无需广播状态同步消息
2025-11-20 14:38:57.5439  当前没有其他玩家在线，无需广播状态同步消息
2025-11-20 14:38:57.6451  当前没有其他玩家在线，无需广播状态同步消息
2025-11-20 14:38:57.7461  当前没有其他玩家在线，无需广播状态同步消息
2025-11-20 14:38:58.2431  当前没有其他玩家在线，无需广播状态同步消息
2025-11-20 14:38:58.3509  当前没有其他玩家在线，无需广播状态同步消息
2025-11-20 14:38:58.4430  当前没有其他玩家在线，无需广播状态同步消息
2025-11-20 14:38:58.5494  当前没有其他玩家在线，无需广播状态同步消息
2025-11-20 14:38:58.6495  当前没有其他玩家在线，无需广播状态同步消息
2025-11-20 14:38:58.7503  当前没有其他玩家在线，无需广播状态同步消息
2025-11-20 14:38:58.8540  当前没有其他玩家在线，无需广播状态同步消息
2025-11-20 14:38:58.9537  当前没有其他玩家在线，无需广播状态同步消息
2025-11-20 14:38:59.0482  当前没有其他玩家在线，无需广播状态同步消息
2025-11-20 14:38:59.1452  当前没有其他玩家在线，无需广播状态同步消息
2025-11-20 14:38:59.2501  当前没有其他玩家在线，无需广播状态同步消息
2025-11-20 14:38:59.3520  当前没有其他玩家在线，无需广播状态同步消息
2025-11-20 14:38:59.4484  当前没有其他玩家在线，无需广播状态同步消息
2025-11-20 14:38:59.5505  当前没有其他玩家在线，无需广播状态同步消息
2025-11-20 14:38:59.6454  当前没有其他玩家在线，无需广播状态同步消息
2025-11-20 14:38:59.7487  当前没有其他玩家在线，无需广播状态同步消息
2025-11-20 14:38:59.8500  当前没有其他玩家在线，无需广播状态同步消息
2025-11-20 14:38:59.9456  当前没有其他玩家在线，无需广播状态同步消息
2025-11-20 14:39:00.6522  当前没有其他玩家在线，无需广播状态同步消息
2025-11-20 14:39:00.7551  当前没有其他玩家在线，无需广播状态同步消息
2025-11-20 14:39:01.2519  当前没有其他玩家在线，无需广播状态同步消息
2025-11-20 14:39:01.3443  当前没有其他玩家在线，无需广播状态同步消息
2025-11-20 14:39:14.6511  当前没有其他玩家在线，无需广播状态同步消息
2025-11-20 14:39:14.7452  当前没有其他玩家在线，无需广播状态同步消息
2025-11-20 14:39:14.8550  当前没有其他玩家在线，无需广播状态同步消息
2025-11-20 14:39:14.9477  当前没有其他玩家在线，无需广播状态同步消息
2025-11-20 14:39:15.0420  当前没有其他玩家在线，无需广播状态同步消息
2025-11-20 14:39:15.1457  当前没有其他玩家在线，无需广播状态同步消息
2025-11-20 14:39:15.2530  当前没有其他玩家在线，无需广播状态同步消息
2025-11-20 14:39:20.6080  当前服务器上没有其他玩家在线，无需广播下线消息
2025-11-20 14:39:49.9111  收到登录请求
2025-11-20 14:39:49.9111  当前没有其他玩家在线，无需广播
2025-11-20 14:39:51.1437  当前没有其他玩家在线，无需广播状态同步消息
2025-11-20 14:39:51.2383  当前没有其他玩家在线，无需广播状态同步消息
2025-11-20 14:39:51.3446  当前没有其他玩家在线，无需广播状态同步消息
2025-11-20 14:39:51.4392  当前没有其他玩家在线，无需广播状态同步消息
2025-11-20 14:39:51.5333  当前没有其他玩家在线，无需广播状态同步消息
2025-11-20 14:39:51.6369  当前没有其他玩家在线，无需广播状态同步消息
2025-11-20 14:39:52.0335  当前没有其他玩家在线，无需广播状态同步消息
2025-11-20 14:39:52.1430  当前没有其他玩家在线，无需广播状态同步消息
2025-11-20 14:39:58.5408  当前没有其他玩家在线，无需广播状态同步消息
2025-11-20 14:39:58.6351  当前没有其他玩家在线，无需广播状态同步消息
2025-11-20 14:39:58.7423  当前没有其他玩家在线，无需广播状态同步消息
2025-11-20 14:39:58.8378  当前没有其他玩家在线，无需广播状态同步消息
2025-11-20 14:39:58.9327  当前没有其他玩家在线，无需广播状态同步消息
2025-11-20 14:39:59.0440  当前没有其他玩家在线，无需广播状态同步消息
2025-11-20 14:39:59.1434  当前没有其他玩家在线，无需广播状态同步消息
2025-11-20 14:39:59.2409  当前没有其他玩家在线，无需广播状态同步消息
2025-11-20 14:39:59.3448  当前没有其他玩家在线，无需广播状态同步消息
2025-11-20 14:39:59.4368  当前没有其他玩家在线，无需广播状态同步消息
2025-11-20 14:39:59.5355  当前没有其他玩家在线，无需广播状态同步消息
2025-11-20 14:39:59.6442  当前没有其他玩家在线，无需广播状态同步消息
2025-11-20 14:39:59.7351  当前没有其他玩家在线，无需广播状态同步消息
2025-11-20 14:39:59.8335  当前没有其他玩家在线，无需广播状态同步消息
2025-11-20 14:39:59.9356  当前没有其他玩家在线，无需广播状态同步消息
2025-11-20 14:40:00.0436  当前没有其他玩家在线，无需广播状态同步消息
2025-11-20 14:40:00.1441  当前没有其他玩家在线，无需广播状态同步消息
2025-11-20 14:40:00.2339  当前没有其他玩家在线，无需广播状态同步消息
2025-11-20 14:40:00.3395  当前没有其他玩家在线，无需广播状态同步消息
2025-11-20 14:40:00.4346  当前没有其他玩家在线，无需广播状态同步消息
2025-11-20 14:40:00.5337  当前没有其他玩家在线，无需广播状态同步消息
2025-11-20 14:40:00.6417  当前没有其他玩家在线，无需广播状态同步消息
2025-11-20 14:40:00.7382  当前没有其他玩家在线，无需广播状态同步消息
2025-11-20 14:40:00.8369  当前没有其他玩家在线，无需广播状态同步消息
2025-11-20 14:40:00.9435  当前没有其他玩家在线，无需广播状态同步消息
2025-11-20 14:40:01.0408  当前没有其他玩家在线，无需广播状态同步消息
2025-11-20 14:40:01.1356  当前没有其他玩家在线，无需广播状态同步消息
2025-11-20 14:40:01.2418  当前没有其他玩家在线，无需广播状态同步消息
2025-11-20 14:40:01.3421  当前没有其他玩家在线，无需广播状态同步消息
2025-11-20 14:40:01.4391  当前没有其他玩家在线，无需广播状态同步消息
2025-11-20 14:40:01.5436  当前没有其他玩家在线，无需广播状态同步消息
2025-11-20 14:40:01.6381  当前没有其他玩家在线，无需广播状态同步消息
2025-11-20 14:40:01.7434  当前没有其他玩家在线，无需广播状态同步消息
2025-11-20 14:40:01.8437  当前没有其他玩家在线，无需广播状态同步消息
2025-11-20 14:40:01.9365  当前没有其他玩家在线，无需广播状态同步消息
2025-11-20 14:40:02.0434  当前没有其他玩家在线，无需广播状态同步消息
2025-11-20 14:40:02.1368  当前没有其他玩家在线，无需广播状态同步消息
2025-11-20 14:40:02.2428  当前没有其他玩家在线，无需广播状态同步消息
2025-11-20 14:40:02.3433  当前没有其他玩家在线，无需广播状态同步消息
2025-11-20 14:40:02.4332  当前没有其他玩家在线，无需广播状态同步消息
2025-11-20 14:40:02.5442  当前没有其他玩家在线，无需广播状态同步消息
2025-11-20 14:40:02.6393  当前没有其他玩家在线，无需广播状态同步消息
2025-11-20 14:58:26.3732 (LoginRequestHandler.cs:18) 收到登录请求
2025-11-20 14:58:26.3732 (LoginRequestHandler.cs:48) 当前没有其他玩家在线，无需广播
2025-11-20 14:58:27.2947 (StateSyncRequestHandler.cs:35) 当前没有其他玩家在线，无需广播状态同步消息
2025-11-20 14:58:27.3433 (StateSyncRequestHandler.cs:35) 当前没有其他玩家在线，无需广播状态同步消息
2025-11-20 14:58:27.4527 (StateSyncRequestHandler.cs:35) 当前没有其他玩家在线，无需广播状态同步消息
2025-11-20 14:58:27.5450 (StateSyncRequestHandler.cs:35) 当前没有其他玩家在线，无需广播状态同步消息
2025-11-20 14:58:27.6426 (StateSyncRequestHandler.cs:35) 当前没有其他玩家在线，无需广播状态同步消息
2025-11-20 14:58:27.7468 (StateSyncRequestHandler.cs:35) 当前没有其他玩家在线，无需广播状态同步消息
2025-11-20 14:58:27.8552 (StateSyncRequestHandler.cs:35) 当前没有其他玩家在线，无需广播状态同步消息
2025-11-20 14:58:28.3550 (StateSyncRequestHandler.cs:35) 当前没有其他玩家在线，无需广播状态同步消息
2025-11-20 14:58:28.4484 (StateSyncRequestHandler.cs:35) 当前没有其他玩家在线，无需广播状态同步消息
2025-11-20 14:58:28.5572 (StateSyncRequestHandler.cs:35) 当前没有其他玩家在线，无需广播状态同步消息
2025-11-20 14:58:28.6482 (StateSyncRequestHandler.cs:35) 当前没有其他玩家在线，无需广播状态同步消息
2025-11-20 14:58:28.7577 (StateSyncRequestHandler.cs:35) 当前没有其他玩家在线，无需广播状态同步消息
2025-11-20 14:58:28.8518 (StateSyncRequestHandler.cs:35) 当前没有其他玩家在线，无需广播状态同步消息
2025-11-20 14:58:28.9452 (StateSyncRequestHandler.cs:35) 当前没有其他玩家在线，无需广播状态同步消息
2025-11-20 14:58:29.4543 (StateSyncRequestHandler.cs:35) 当前没有其他玩家在线，无需广播状态同步消息
2025-11-20 14:58:29.5465 (StateSyncRequestHandler.cs:35) 当前没有其他玩家在线，无需广播状态同步消息
2025-11-20 14:58:29.6405 (StateSyncRequestHandler.cs:35) 当前没有其他玩家在线，无需广播状态同步消息
2025-11-20 14:58:29.7491 (StateSyncRequestHandler.cs:35) 当前没有其他玩家在线，无需广播状态同步消息
2025-11-20 14:58:29.8422 (StateSyncRequestHandler.cs:35) 当前没有其他玩家在线，无需广播状态同步消息
2025-11-20 14:58:29.9511 (StateSyncRequestHandler.cs:35) 当前没有其他玩家在线，无需广播状态同步消息
2025-11-20 14:58:30.0436 (StateSyncRequestHandler.cs:35) 当前没有其他玩家在线，无需广播状态同步消息
2025-11-20 14:58:30.1374 (StateSyncRequestHandler.cs:35) 当前没有其他玩家在线，无需广播状态同步消息
2025-11-20 14:58:30.2479 (StateSyncRequestHandler.cs:35) 当前没有其他玩家在线，无需广播状态同步消息
2025-11-20 14:58:30.3410 (StateSyncRequestHandler.cs:35) 当前没有其他玩家在线，无需广播状态同步消息
2025-11-20 14:58:30.4485 (StateSyncRequestHandler.cs:35) 当前没有其他玩家在线，无需广播状态同步消息
2025-11-20 14:58:30.5572 (StateSyncRequestHandler.cs:35) 当前没有其他玩家在线，无需广播状态同步消息
2025-11-20 14:58:30.6356 (StateSyncRequestHandler.cs:35) 当前没有其他玩家在线，无需广播状态同步消息
2025-11-20 14:58:30.7440 (StateSyncRequestHandler.cs:35) 当前没有其他玩家在线，无需广播状态同步消息
2025-11-20 14:58:30.8506 (StateSyncRequestHandler.cs:35) 当前没有其他玩家在线，无需广播状态同步消息
2025-11-20 14:58:30.9430 (StateSyncRequestHandler.cs:35) 当前没有其他玩家在线，无需广播状态同步消息
2025-11-20 14:58:31.0514 (StateSyncRequestHandler.cs:35) 当前没有其他玩家在线，无需广播状态同步消息
2025-11-20 14:58:31.1435 (StateSyncRequestHandler.cs:35) 当前没有其他玩家在线，无需广播状态同步消息
2025-11-20 14:58:31.2371 (StateSyncRequestHandler.cs:35) 当前没有其他玩家在线，无需广播状态同步消息
2025-11-20 14:58:31.3459 (StateSyncRequestHandler.cs:35) 当前没有其他玩家在线，无需广播状态同步消息
2025-11-20 14:58:31.4373 (StateSyncRequestHandler.cs:35) 当前没有其他玩家在线，无需广播状态同步消息
2025-11-20 14:58:31.5444 (StateSyncRequestHandler.cs:35) 当前没有其他玩家在线，无需广播状态同步消息
2025-11-20 14:58:31.6523 (StateSyncRequestHandler.cs:35) 当前没有其他玩家在线，无需广播状态同步消息
2025-11-20 14:58:31.7619 (StateSyncRequestHandler.cs:35) 当前没有其他玩家在线，无需广播状态同步消息
2025-11-20 14:58:31.8406 (StateSyncRequestHandler.cs:35) 当前没有其他玩家在线，无需广播状态同步消息
2025-11-20 14:58:31.9495 (StateSyncRequestHandler.cs:35) 当前没有其他玩家在线，无需广播状态同步消息
2025-11-20 14:58:32.0578 (StateSyncRequestHandler.cs:35) 当前没有其他玩家在线，无需广播状态同步消息
2025-11-20 14:58:32.1511 (StateSyncRequestHandler.cs:35) 当前没有其他玩家在线，无需广播状态同步消息
2025-11-20 14:58:32.2467 (StateSyncRequestHandler.cs:35) 当前没有其他玩家在线，无需广播状态同步消息
2025-11-20 14:58:32.3538 (StateSyncRequestHandler.cs:35) 当前没有其他玩家在线，无需广播状态同步消息
2025-11-20 14:58:32.7582 (StateSyncRequestHandler.cs:35) 当前没有其他玩家在线，无需广播状态同步消息
2025-11-20 14:58:32.8502 (StateSyncRequestHandler.cs:35) 当前没有其他玩家在线，无需广播状态同步消息
2025-11-20 14:58:32.9447 (StateSyncRequestHandler.cs:35) 当前没有其他玩家在线，无需广播状态同步消息
2025-11-20 14:58:33.0542 (StateSyncRequestHandler.cs:35) 当前没有其他玩家在线，无需广播状态同步消息
2025-11-20 14:58:33.1468 (StateSyncRequestHandler.cs:35) 当前没有其他玩家在线，无需广播状态同步消息
2025-11-20 14:58:33.2559 (StateSyncRequestHandler.cs:35) 当前没有其他玩家在线，无需广播状态同步消息
2025-11-20 14:58:33.4398 (StateSyncRequestHandler.cs:35) 当前没有其他玩家在线，无需广播状态同步消息
2025-11-20 14:58:33.5493 (StateSyncRequestHandler.cs:35) 当前没有其他玩家在线，无需广播状态同步消息
2025-11-20 14:58:33.6418 (StateSyncRequestHandler.cs:35) 当前没有其他玩家在线，无需广播状态同步消息
2025-11-20 14:58:33.7510 (StateSyncRequestHandler.cs:35) 当前没有其他玩家在线，无需广播状态同步消息
2025-11-20 14:58:33.8454 (StateSyncRequestHandler.cs:35) 当前没有其他玩家在线，无需广播状态同步消息
2025-11-20 14:58:33.9534 (StateSyncRequestHandler.cs:35) 当前没有其他玩家在线，无需广播状态同步消息
2025-11-20 14:58:34.0474 (StateSyncRequestHandler.cs:35) 当前没有其他玩家在线，无需广播状态同步消息
2025-11-20 14:58:34.1395 (StateSyncRequestHandler.cs:35) 当前没有其他玩家在线，无需广播状态同步消息
2025-11-20 14:58:34.2472 (StateSyncRequestHandler.cs:35) 当前没有其他玩家在线，无需广播状态同步消息
2025-11-20 14:58:34.3399 (StateSyncRequestHandler.cs:35) 当前没有其他玩家在线，无需广播状态同步消息
2025-11-20 14:58:34.4509 (StateSyncRequestHandler.cs:35) 当前没有其他玩家在线，无需广播状态同步消息
2025-11-20 14:58:34.5441  当前没有其他玩家在线，无需广播状态同步消息
2025-11-20 14:58:34.6509  当前没有其他玩家在线，无需广播状态同步消息
2025-11-20 14:58:34.7437  当前没有其他玩家在线，无需广播状态同步消息
2025-11-20 14:58:35.2416  当前没有其他玩家在线，无需广播状态同步消息
2025-11-20 14:58:35.3485  当前没有其他玩家在线，无需广播状态同步消息
2025-11-20 14:58:35.7505  当前没有其他玩家在线，无需广播状态同步消息
2025-11-20 14:58:35.8432  当前没有其他玩家在线，无需广播状态同步消息
2025-11-20 14:58:35.9527  当前没有其他玩家在线，无需广播状态同步消息
2025-11-20 14:58:36.0454  当前没有其他玩家在线，无需广播状态同步消息
2025-11-20 14:58:36.1391  当前没有其他玩家在线，无需广播状态同步消息
2025-11-20 14:58:36.2482  当前没有其他玩家在线，无需广播状态同步消息
2025-11-20 14:58:36.3563  当前没有其他玩家在线，无需广播状态同步消息
2025-11-20 14:58:36.4492  当前没有其他玩家在线，无需广播状态同步消息
2025-11-20 14:58:36.7454  当前没有其他玩家在线，无需广播状态同步消息
2025-11-20 14:58:36.8534  当前没有其他玩家在线，无需广播状态同步消息
2025-11-20 14:59:09.5549  当前没有其他玩家在线，无需广播状态同步消息
2025-11-20 14:59:09.6471  当前没有其他玩家在线，无需广播状态同步消息
2025-11-20 14:59:09.7409  当前没有其他玩家在线，无需广播状态同步消息
2025-11-20 14:59:09.8483  当前没有其他玩家在线，无需广播状态同步消息
2025-11-20 14:59:09.9561  当前没有其他玩家在线，无需广播状态同步消息
2025-11-20 14:59:10.5482  当前没有其他玩家在线，无需广播状态同步消息
2025-11-20 14:59:10.6415  当前没有其他玩家在线，无需广播状态同步消息
2025-11-20 14:59:10.7366  当前没有其他玩家在线，无需广播状态同步消息
2025-11-20 14:59:12.5610  当前没有其他玩家在线，无需广播状态同步消息
2025-11-20 14:59:12.6375  当前没有其他玩家在线，无需广播状态同步消息
2025-11-20 14:59:12.7462  当前没有其他玩家在线，无需广播状态同步消息
2025-11-20 14:59:13.5510  当前没有其他玩家在线，无需广播状态同步消息
2025-11-20 14:59:13.6439  当前没有其他玩家在线，无需广播状态同步消息
2025-11-20 14:59:13.7511  当前没有其他玩家在线，无需广播状态同步消息
2025-11-20 14:59:13.8457  当前没有其他玩家在线，无需广播状态同步消息
2025-11-20 14:59:13.9384  当前没有其他玩家在线，无需广播状态同步消息
2025-11-20 14:59:14.0474  当前没有其他玩家在线，无需广播状态同步消息
2025-11-20 14:59:14.1405  当前没有其他玩家在线，无需广播状态同步消息
2025-11-20 14:59:14.2495  当前没有其他玩家在线，无需广播状态同步消息
2025-11-20 14:59:14.3561  当前没有其他玩家在线，无需广播状态同步消息
2025-11-20 14:59:15.2559  当前没有其他玩家在线，无需广播状态同步消息
2025-11-20 14:59:15.3497  当前没有其他玩家在线，无需广播状态同步消息
2025-11-20 14:59:15.4435  当前没有其他玩家在线，无需广播状态同步消息
2025-11-20 14:59:16.0477  当前没有其他玩家在线，无需广播状态同步消息
2025-11-20 14:59:16.1568  当前没有其他玩家在线，无需广播状态同步消息
2025-11-20 14:59:16.3436  当前没有其他玩家在线，无需广播状态同步消息
2025-11-20 14:59:16.4355  当前没有其他玩家在线，无需广播状态同步消息
2025-11-20 14:59:16.5428  当前没有其他玩家在线，无需广播状态同步消息
2025-11-20 14:59:16.6507  当前没有其他玩家在线，无需广播状态同步消息
2025-11-20 14:59:17.3490  当前没有其他玩家在线，无需广播状态同步消息
2025-11-20 14:59:17.4582  当前没有其他玩家在线，无需广播状态同步消息
2025-11-20 14:59:19.0412  当前没有其他玩家在线，无需广播状态同步消息
2025-11-20 14:59:19.1505  当前没有其他玩家在线，无需广播状态同步消息
2025-11-20 14:59:19.9467  当前没有其他玩家在线，无需广播状态同步消息
2025-11-20 14:59:20.0397  当前没有其他玩家在线，无需广播状态同步消息
2025-11-20 14:59:20.7537  当前没有其他玩家在线，无需广播状态同步消息
2025-11-20 14:59:20.8458  当前没有其他玩家在线，无需广播状态同步消息
2025-11-20 14:59:21.1572  当前没有其他玩家在线，无需广播状态同步消息
2025-11-20 14:59:21.2342  当前没有其他玩家在线，无需广播状态同步消息
2025-11-20 14:59:21.3447  当前没有其他玩家在线，无需广播状态同步消息
2025-11-20 14:59:21.4385  当前没有其他玩家在线，无需广播状态同步消息
2025-11-20 14:59:21.5478  当前没有其他玩家在线，无需广播状态同步消息
2025-11-20 14:59:21.6572  当前没有其他玩家在线，无需广播状态同步消息
2025-11-20 14:59:22.0459  当前没有其他玩家在线，无需广播状态同步消息
2025-11-20 14:59:22.1538  当前没有其他玩家在线，无需广播状态同步消息
2025-11-20 14:59:22.2464  当前没有其他玩家在线，无需广播状态同步消息
2025-11-20 14:59:23.4544  当前没有其他玩家在线，无需广播状态同步消息
2025-11-20 14:59:23.5472  当前没有其他玩家在线，无需广播状态同步消息
2025-11-20 14:59:27.3529  当前没有其他玩家在线，无需广播状态同步消息
2025-11-20 14:59:27.4456  当前没有其他玩家在线，无需广播状态同步消息
2025-11-20 14:59:27.5379  当前没有其他玩家在线，无需广播状态同步消息
2025-11-20 14:59:27.6468  当前没有其他玩家在线，无需广播状态同步消息
2025-11-20 14:59:27.7400  当前没有其他玩家在线，无需广播状态同步消息
2025-11-20 14:59:27.8491  当前没有其他玩家在线，无需广播状态同步消息
2025-11-20 14:59:27.9439  当前没有其他玩家在线，无需广播状态同步消息
2025-11-20 14:59:28.0388  当前没有其他玩家在线，无需广播状态同步消息
2025-11-20 14:59:28.1460  当前没有其他玩家在线，无需广播状态同步消息
2025-11-20 14:59:28.2398  当前没有其他玩家在线，无需广播状态同步消息
2025-11-20 14:59:28.3499  当前没有其他玩家在线，无需广播状态同步消息
2025-11-20 14:59:28.4431  当前没有其他玩家在线，无需广播状态同步消息
2025-11-20 14:59:28.5514  当前没有其他玩家在线，无需广播状态同步消息
2025-11-20 14:59:28.9414  当前没有其他玩家在线，无需广播状态同步消息
2025-11-20 14:59:29.0497  当前没有其他玩家在线，无需广播状态同步消息
2025-11-20 14:59:29.1424  当前没有其他玩家在线，无需广播状态同步消息
2025-11-20 14:59:29.5440  当前没有其他玩家在线，无需广播状态同步消息
2025-11-20 14:59:29.6372  当前没有其他玩家在线，无需广播状态同步消息
