2025-11-20 15:00:14.0608  当前服务器上没有其他玩家在线，无需广播下线消息
2025-11-20 15:01:50.5079  收到登录请求
2025-11-20 15:01:50.5079  当前没有其他玩家在线，无需广播
2025-11-20 15:01:51.5262  当前没有其他玩家在线，无需广播状态同步消息
2025-11-20 15:01:51.6187  当前没有其他玩家在线，无需广播状态同步消息
2025-11-20 15:01:51.7282  当前没有其他玩家在线，无需广播状态同步消息
2025-11-20 15:01:51.8361  当前没有其他玩家在线，无需广播状态同步消息
2025-11-20 15:01:52.5304  当前没有其他玩家在线，无需广播状态同步消息
2025-11-20 15:01:52.6235  当前没有其他玩家在线，无需广播状态同步消息
2025-11-20 15:01:52.7321  当前没有其他玩家在线，无需广播状态同步消息
2025-11-20 15:01:52.8251  当前没有其他玩家在线，无需广播状态同步消息
2025-11-20 15:01:53.3247  当前没有其他玩家在线，无需广播状态同步消息
2025-11-20 15:01:53.4329  当前没有其他玩家在线，无需广播状态同步消息
2025-11-20 15:01:53.5259  当前没有其他玩家在线，无需广播状态同步消息
2025-11-20 15:01:53.6352  当前没有其他玩家在线，无需广播状态同步消息
2025-11-20 15:01:53.7299  当前没有其他玩家在线，无需广播状态同步消息
2025-11-20 15:01:53.8385  当前没有其他玩家在线，无需广播状态同步消息
2025-11-20 15:01:54.6316  当前没有其他玩家在线，无需广播状态同步消息
2025-11-20 15:01:54.7245  当前没有其他玩家在线，无需广播状态同步消息
2025-11-20 15:01:54.8326  当前没有其他玩家在线，无需广播状态同步消息
2025-11-20 15:01:55.1268  当前没有其他玩家在线，无需广播状态同步消息
2025-11-20 15:01:55.2183  当前没有其他玩家在线，无需广播状态同步消息
2025-11-20 15:01:56.0240  当前没有其他玩家在线，无需广播状态同步消息
2025-11-20 15:01:56.1166  当前没有其他玩家在线，无需广播状态同步消息
2025-11-20 15:01:56.2243  当前没有其他玩家在线，无需广播状态同步消息
2025-11-20 15:01:56.6276  当前没有其他玩家在线，无需广播状态同步消息
2025-11-20 15:01:56.7365  当前没有其他玩家在线，无需广播状态同步消息
2025-11-20 15:01:57.2307  当前没有其他玩家在线，无需广播状态同步消息
2025-11-20 15:01:57.3385  当前没有其他玩家在线，无需广播状态同步消息
2025-11-20 15:01:57.7275  当前没有其他玩家在线，无需广播状态同步消息
2025-11-20 15:01:57.8222  当前没有其他玩家在线，无需广播状态同步消息
2025-11-20 15:01:57.9163  当前没有其他玩家在线，无需广播状态同步消息
2025-11-20 15:01:58.4300  当前没有其他玩家在线，无需广播状态同步消息
2025-11-20 15:01:58.5231  当前没有其他玩家在线，无需广播状态同步消息
2025-11-20 15:01:58.9280  当前没有其他玩家在线，无需广播状态同步消息
2025-11-20 15:01:59.0218  当前没有其他玩家在线，无需广播状态同步消息
2025-11-20 15:02:00.3242  当前没有其他玩家在线，无需广播状态同步消息
2025-11-20 15:02:00.4355  当前没有其他玩家在线，无需广播状态同步消息
2025-11-20 15:02:00.5289  当前没有其他玩家在线，无需广播状态同步消息
2025-11-20 15:02:01.6263  当前没有其他玩家在线，无需广播状态同步消息
2025-11-20 15:02:01.7194  当前没有其他玩家在线，无需广播状态同步消息
2025-11-20 15:02:01.8302  当前没有其他玩家在线，无需广播状态同步消息
2025-11-20 15:02:01.9371  当前没有其他玩家在线，无需广播状态同步消息
2025-11-20 15:02:02.0301  当前没有其他玩家在线，无需广播状态同步消息
2025-11-20 15:02:02.1233  当前没有其他玩家在线，无需广播状态同步消息
2025-11-20 15:02:02.7281  当前没有其他玩家在线，无需广播状态同步消息
2025-11-20 15:02:02.8223  当前没有其他玩家在线，无需广播状态同步消息
2025-11-20 15:02:02.9157  当前没有其他玩家在线，无需广播状态同步消息
2025-11-20 15:02:03.5264  当前没有其他玩家在线，无需广播状态同步消息
2025-11-20 15:02:03.6348  当前没有其他玩家在线，无需广播状态同步消息
2025-11-20 15:02:03.7279  当前没有其他玩家在线，无需广播状态同步消息
2025-11-20 15:02:03.8215  当前没有其他玩家在线，无需广播状态同步消息
2025-11-20 15:02:04.1294  当前没有其他玩家在线，无需广播状态同步消息
2025-11-20 15:02:04.2228  当前没有其他玩家在线，无需广播状态同步消息
2025-11-20 15:02:04.3152  当前没有其他玩家在线，无需广播状态同步消息
2025-11-20 15:02:04.4403  当前没有其他玩家在线，无需广播状态同步消息
2025-11-20 15:02:04.7196  当前没有其他玩家在线，无需广播状态同步消息
2025-11-20 15:02:04.8282  当前没有其他玩家在线，无需广播状态同步消息
2025-11-20 15:02:04.9373  当前没有其他玩家在线，无需广播状态同步消息
2025-11-20 15:02:05.0308  当前没有其他玩家在线，无需广播状态同步消息
2025-11-20 15:02:05.1237  当前没有其他玩家在线，无需广播状态同步消息
2025-11-20 15:02:05.2327  当前没有其他玩家在线，无需广播状态同步消息
2025-11-20 15:02:05.3256  当前没有其他玩家在线，无需广播状态同步消息
2025-11-20 15:02:05.4354  当前没有其他玩家在线，无需广播状态同步消息
2025-11-20 15:02:05.5286  当前没有其他玩家在线，无需广播状态同步消息
2025-11-20 15:02:05.6235  当前没有其他玩家在线，无需广播状态同步消息
2025-11-20 15:02:05.7322  当前没有其他玩家在线，无需广播状态同步消息
2025-11-20 15:02:05.8261  当前没有其他玩家在线，无需广播状态同步消息
2025-11-20 15:02:05.9349  当前没有其他玩家在线，无需广播状态同步消息
2025-11-20 15:02:06.0281  当前没有其他玩家在线，无需广播状态同步消息
2025-11-20 15:02:06.1352  当前没有其他玩家在线，无需广播状态同步消息
2025-11-20 15:02:06.2284  当前没有其他玩家在线，无需广播状态同步消息
2025-11-20 15:02:06.3369  当前没有其他玩家在线，无需广播状态同步消息
2025-11-20 15:02:06.4306  当前没有其他玩家在线，无需广播状态同步消息
2025-11-20 15:02:06.5392  当前没有其他玩家在线，无需广播状态同步消息
2025-11-20 15:02:06.6319  当前没有其他玩家在线，无需广播状态同步消息
2025-11-20 15:02:06.7237  当前没有其他玩家在线，无需广播状态同步消息
2025-11-20 15:02:06.8314  当前没有其他玩家在线，无需广播状态同步消息
2025-11-20 15:02:06.9240  当前没有其他玩家在线，无需广播状态同步消息
2025-11-20 15:02:07.0298  当前没有其他玩家在线，无需广播状态同步消息
2025-11-20 15:02:07.1394  当前没有其他玩家在线，无需广播状态同步消息
2025-11-20 15:02:07.2301  当前没有其他玩家在线，无需广播状态同步消息
2025-11-20 15:02:07.3214  当前没有其他玩家在线，无需广播状态同步消息
2025-11-20 15:02:07.4292  当前没有其他玩家在线，无需广播状态同步消息
2025-11-20 15:02:07.5233  当前没有其他玩家在线，无需广播状态同步消息
2025-11-20 15:02:07.6316  当前没有其他玩家在线，无需广播状态同步消息
2025-11-20 15:02:07.7262  当前没有其他玩家在线，无需广播状态同步消息
2025-11-20 15:02:07.8366  当前没有其他玩家在线，无需广播状态同步消息
2025-11-20 15:02:07.9302  当前没有其他玩家在线，无需广播状态同步消息
2025-11-20 15:02:08.0234  当前没有其他玩家在线，无需广播状态同步消息
2025-11-20 15:02:08.1307  当前没有其他玩家在线，无需广播状态同步消息
2025-11-20 15:02:08.2228  当前没有其他玩家在线，无需广播状态同步消息
2025-11-20 15:02:08.3314  当前没有其他玩家在线，无需广播状态同步消息
2025-11-20 15:02:08.4249  当前没有其他玩家在线，无需广播状态同步消息
2025-11-20 15:02:08.5317  当前没有其他玩家在线，无需广播状态同步消息
2025-11-20 15:02:08.6244  当前没有其他玩家在线，无需广播状态同步消息
2025-11-20 15:02:08.7334  当前没有其他玩家在线，无需广播状态同步消息
2025-11-20 15:02:08.8277  当前没有其他玩家在线，无需广播状态同步消息
2025-11-20 15:02:08.9382  当前没有其他玩家在线，无需广播状态同步消息
2025-11-20 15:02:09.0311  当前没有其他玩家在线，无需广播状态同步消息
2025-11-20 15:02:09.1246  当前没有其他玩家在线，无需广播状态同步消息
2025-11-20 15:02:09.2186  当前没有其他玩家在线，无需广播状态同步消息
2025-11-20 15:02:09.3249  当前没有其他玩家在线，无需广播状态同步消息
2025-11-20 15:02:09.4193  当前没有其他玩家在线，无需广播状态同步消息
2025-11-20 15:02:09.5271  当前没有其他玩家在线，无需广播状态同步消息
2025-11-20 15:02:09.6369  当前没有其他玩家在线，无需广播状态同步消息
2025-11-20 15:02:09.7308  当前没有其他玩家在线，无需广播状态同步消息
2025-11-20 15:02:09.8233  当前没有其他玩家在线，无需广播状态同步消息
2025-11-20 15:02:09.9336  当前没有其他玩家在线，无需广播状态同步消息
2025-11-20 15:02:10.0252  当前没有其他玩家在线，无需广播状态同步消息
2025-11-20 15:02:10.1340  当前没有其他玩家在线，无需广播状态同步消息
2025-11-20 15:02:10.2261  当前没有其他玩家在线，无需广播状态同步消息
2025-11-20 15:02:10.3205  当前没有其他玩家在线，无需广播状态同步消息
2025-11-20 15:02:10.4284  当前没有其他玩家在线，无需广播状态同步消息
2025-11-20 15:02:10.5228  当前没有其他玩家在线，无需广播状态同步消息
2025-11-20 15:02:10.6300  当前没有其他玩家在线，无需广播状态同步消息
2025-11-20 15:02:10.7384  当前没有其他玩家在线，无需广播状态同步消息
2025-11-20 15:02:10.8164  当前没有其他玩家在线，无需广播状态同步消息
2025-11-20 15:02:10.9267  当前没有其他玩家在线，无需广播状态同步消息
2025-11-20 15:02:11.0341  当前没有其他玩家在线，无需广播状态同步消息
2025-11-20 15:02:11.1287  当前没有其他玩家在线，无需广播状态同步消息
2025-11-20 15:02:11.2370  当前没有其他玩家在线，无需广播状态同步消息
2025-11-20 15:02:11.3309  当前没有其他玩家在线，无需广播状态同步消息
2025-11-20 15:02:11.4235  当前没有其他玩家在线，无需广播状态同步消息
2025-11-20 15:02:11.5323  当前没有其他玩家在线，无需广播状态同步消息
2025-11-20 15:02:11.6259  当前没有其他玩家在线，无需广播状态同步消息
2025-11-20 15:02:11.7327  当前没有其他玩家在线，无需广播状态同步消息
2025-11-20 15:02:11.8258  当前没有其他玩家在线，无需广播状态同步消息
2025-11-20 15:02:11.9347  当前没有其他玩家在线，无需广播状态同步消息
2025-11-20 15:02:12.0288  当前没有其他玩家在线，无需广播状态同步消息
2025-11-20 15:02:12.1223  当前没有其他玩家在线，无需广播状态同步消息
2025-11-20 15:02:12.2308  当前没有其他玩家在线，无需广播状态同步消息
2025-11-20 15:02:12.3245  当前没有其他玩家在线，无需广播状态同步消息
2025-11-20 15:02:12.4331  当前没有其他玩家在线，无需广播状态同步消息
2025-11-20 15:02:12.5266  当前没有其他玩家在线，无需广播状态同步消息
2025-11-20 15:02:12.6192  当前没有其他玩家在线，无需广播状态同步消息
2025-11-20 15:02:12.7285  当前没有其他玩家在线，无需广播状态同步消息
2025-11-20 15:02:12.8375  当前没有其他玩家在线，无需广播状态同步消息
2025-11-20 15:02:12.9299  当前没有其他玩家在线，无需广播状态同步消息
2025-11-20 15:02:13.0247  当前没有其他玩家在线，无需广播状态同步消息
2025-11-20 15:02:13.1340  当前没有其他玩家在线，无需广播状态同步消息
2025-11-20 15:02:13.2258  当前没有其他玩家在线，无需广播状态同步消息
2025-11-20 15:02:13.3367  当前没有其他玩家在线，无需广播状态同步消息
2025-11-20 15:02:13.4293  当前没有其他玩家在线，无需广播状态同步消息
2025-11-20 15:02:13.5226  当前没有其他玩家在线，无需广播状态同步消息
2025-11-20 15:02:13.6321  当前没有其他玩家在线，无需广播状态同步消息
2025-11-20 15:02:13.7270  当前没有其他玩家在线，无需广播状态同步消息
2025-11-20 15:02:13.8200  当前没有其他玩家在线，无需广播状态同步消息
2025-11-20 15:02:13.9293  当前没有其他玩家在线，无需广播状态同步消息
2025-11-20 15:02:14.0370  当前没有其他玩家在线，无需广播状态同步消息
2025-11-20 15:02:14.1310  当前没有其他玩家在线，无需广播状态同步消息
2025-11-20 15:02:14.2251  当前没有其他玩家在线，无需广播状态同步消息
2025-11-20 15:02:14.3177  当前没有其他玩家在线，无需广播状态同步消息
2025-11-20 15:02:14.4265  当前没有其他玩家在线，无需广播状态同步消息
2025-11-20 15:02:16.2224  当前没有其他玩家在线，无需广播状态同步消息
2025-11-20 15:02:16.3318  当前没有其他玩家在线，无需广播状态同步消息
2025-11-20 15:02:16.7381  当前没有其他玩家在线，无需广播状态同步消息
2025-11-20 15:02:16.8308  当前没有其他玩家在线，无需广播状态同步消息
2025-11-20 15:02:17.2187  当前没有其他玩家在线，无需广播状态同步消息
2025-11-20 15:02:17.3256  当前没有其他玩家在线，无需广播状态同步消息
2025-11-20 15:02:17.6343  当前没有其他玩家在线，无需广播状态同步消息
2025-11-20 15:02:17.7275  当前没有其他玩家在线，无需广播状态同步消息
2025-11-20 15:02:18.0255  当前没有其他玩家在线，无需广播状态同步消息
2025-11-20 15:02:18.1204  当前没有其他玩家在线，无需广播状态同步消息
2025-11-20 15:02:18.4307  当前没有其他玩家在线，无需广播状态同步消息
2025-11-20 15:02:18.5248  当前没有其他玩家在线，无需广播状态同步消息
2025-11-20 15:07:45.0822 (LoginRequestHandler.cs:18) 收到登录请求
2025-11-20 15:07:45.0890 (LoginRequestHandler.cs:49) 当前没有其他玩家在线，无需广播
2025-11-20 15:07:46.1826 (StateSyncRequestHandler.cs:35) 当前没有其他玩家在线，无需广播状态同步消息
2025-11-20 15:07:46.2536 (StateSyncRequestHandler.cs:35) 当前没有其他玩家在线，无需广播状态同步消息
2025-11-20 15:07:46.3476 (StateSyncRequestHandler.cs:35) 当前没有其他玩家在线，无需广播状态同步消息
2025-11-20 15:07:46.4554 (StateSyncRequestHandler.cs:35) 当前没有其他玩家在线，无需广播状态同步消息
2025-11-20 15:07:46.5473 (StateSyncRequestHandler.cs:35) 当前没有其他玩家在线，无需广播状态同步消息
2025-11-20 15:07:46.6418 (StateSyncRequestHandler.cs:35) 当前没有其他玩家在线，无需广播状态同步消息
2025-11-20 15:07:46.7493 (StateSyncRequestHandler.cs:35) 当前没有其他玩家在线，无需广播状态同步消息
2025-11-20 15:07:46.8583 (StateSyncRequestHandler.cs:35) 当前没有其他玩家在线，无需广播状态同步消息
2025-11-20 15:07:46.9503 (StateSyncRequestHandler.cs:35) 当前没有其他玩家在线，无需广播状态同步消息
2025-11-20 15:07:47.0434 (StateSyncRequestHandler.cs:35) 当前没有其他玩家在线，无需广播状态同步消息
2025-11-20 15:07:47.1499 (StateSyncRequestHandler.cs:35) 当前没有其他玩家在线，无需广播状态同步消息
2025-11-20 15:07:47.2603 (StateSyncRequestHandler.cs:35) 当前没有其他玩家在线，无需广播状态同步消息
2025-11-20 15:07:47.3372 (StateSyncRequestHandler.cs:35) 当前没有其他玩家在线，无需广播状态同步消息
2025-11-20 15:07:47.4623 (StateSyncRequestHandler.cs:35) 当前没有其他玩家在线，无需广播状态同步消息
2025-11-20 15:07:47.5407 (StateSyncRequestHandler.cs:35) 当前没有其他玩家在线，无需广播状态同步消息
2025-11-20 15:07:47.6482 (StateSyncRequestHandler.cs:35) 当前没有其他玩家在线，无需广播状态同步消息
2025-11-20 15:07:47.7553 (StateSyncRequestHandler.cs:35) 当前没有其他玩家在线，无需广播状态同步消息
2025-11-20 15:07:47.8478 (StateSyncRequestHandler.cs:35) 当前没有其他玩家在线，无需广播状态同步消息
2025-11-20 15:07:47.9409 (StateSyncRequestHandler.cs:35) 当前没有其他玩家在线，无需广播状态同步消息
2025-11-20 15:07:48.0484 (StateSyncRequestHandler.cs:35) 当前没有其他玩家在线，无需广播状态同步消息
2025-11-20 15:07:48.1563 (StateSyncRequestHandler.cs:35) 当前没有其他玩家在线，无需广播状态同步消息
2025-11-20 15:07:48.2482 (StateSyncRequestHandler.cs:35) 当前没有其他玩家在线，无需广播状态同步消息
2025-11-20 15:07:48.3411 (StateSyncRequestHandler.cs:35) 当前没有其他玩家在线，无需广播状态同步消息
2025-11-20 15:07:48.4492 (StateSyncRequestHandler.cs:35) 当前没有其他玩家在线，无需广播状态同步消息
2025-11-20 15:07:48.5404 (StateSyncRequestHandler.cs:35) 当前没有其他玩家在线，无需广播状态同步消息
2025-11-20 15:07:48.6480 (StateSyncRequestHandler.cs:35) 当前没有其他玩家在线，无需广播状态同步消息
2025-11-20 15:07:49.1416 (StateSyncRequestHandler.cs:35) 当前没有其他玩家在线，无需广播状态同步消息
2025-11-20 15:07:49.2501 (StateSyncRequestHandler.cs:35) 当前没有其他玩家在线，无需广播状态同步消息
2025-11-20 15:07:49.3440 (StateSyncRequestHandler.cs:35) 当前没有其他玩家在线，无需广播状态同步消息
2025-11-20 15:07:49.4524 (StateSyncRequestHandler.cs:35) 当前没有其他玩家在线，无需广播状态同步消息
2025-11-20 15:07:49.7444 (StateSyncRequestHandler.cs:35) 当前没有其他玩家在线，无需广播状态同步消息
2025-11-20 15:07:49.8511 (StateSyncRequestHandler.cs:35) 当前没有其他玩家在线，无需广播状态同步消息
2025-11-20 15:07:50.2415 (StateSyncRequestHandler.cs:35) 当前没有其他玩家在线，无需广播状态同步消息
2025-11-20 15:07:50.3480 (StateSyncRequestHandler.cs:35) 当前没有其他玩家在线，无需广播状态同步消息
2025-11-20 15:07:50.7520 (StateSyncRequestHandler.cs:35) 当前没有其他玩家在线，无需广播状态同步消息
2025-11-20 15:07:50.8451 (StateSyncRequestHandler.cs:35) 当前没有其他玩家在线，无需广播状态同步消息
2025-11-20 15:07:50.9542 (StateSyncRequestHandler.cs:35) 当前没有其他玩家在线，无需广播状态同步消息
2025-11-20 15:07:51.0477 (StateSyncRequestHandler.cs:35) 当前没有其他玩家在线，无需广播状态同步消息
2025-11-20 15:07:51.1405 (StateSyncRequestHandler.cs:35) 当前没有其他玩家在线，无需广播状态同步消息
2025-11-20 15:07:51.2494 (StateSyncRequestHandler.cs:35) 当前没有其他玩家在线，无需广播状态同步消息
2025-11-20 15:07:51.3419 (StateSyncRequestHandler.cs:35) 当前没有其他玩家在线，无需广播状态同步消息
2025-11-20 15:07:51.4500 (StateSyncRequestHandler.cs:35) 当前没有其他玩家在线，无需广播状态同步消息
2025-11-20 15:07:51.5594 (StateSyncRequestHandler.cs:35) 当前没有其他玩家在线，无需广播状态同步消息
2025-11-20 15:07:51.6506 (StateSyncRequestHandler.cs:35) 当前没有其他玩家在线，无需广播状态同步消息
2025-11-20 15:07:51.7605 (StateSyncRequestHandler.cs:35) 当前没有其他玩家在线，无需广播状态同步消息
2025-11-20 15:07:51.8544 (StateSyncRequestHandler.cs:35) 当前没有其他玩家在线，无需广播状态同步消息
2025-11-20 15:07:51.9473 (StateSyncRequestHandler.cs:35) 当前没有其他玩家在线，无需广播状态同步消息
2025-11-20 15:07:52.0549 (StateSyncRequestHandler.cs:35) 当前没有其他玩家在线，无需广播状态同步消息
2025-11-20 15:07:52.1456 (StateSyncRequestHandler.cs:35) 当前没有其他玩家在线，无需广播状态同步消息
2025-11-20 15:07:52.2545 (StateSyncRequestHandler.cs:35) 当前没有其他玩家在线，无需广播状态同步消息
2025-11-20 15:07:52.3479 (StateSyncRequestHandler.cs:35) 当前没有其他玩家在线，无需广播状态同步消息
2025-11-20 15:07:52.4409 (StateSyncRequestHandler.cs:35) 当前没有其他玩家在线，无需广播状态同步消息
2025-11-20 15:07:52.5482 (StateSyncRequestHandler.cs:35) 当前没有其他玩家在线，无需广播状态同步消息
2025-11-20 15:07:52.6559 (StateSyncRequestHandler.cs:35) 当前没有其他玩家在线，无需广播状态同步消息
2025-11-20 15:07:52.7485 (StateSyncRequestHandler.cs:35) 当前没有其他玩家在线，无需广播状态同步消息
2025-11-20 15:07:52.8427 (StateSyncRequestHandler.cs:35) 当前没有其他玩家在线，无需广播状态同步消息
2025-11-20 15:07:52.9508 (StateSyncRequestHandler.cs:35) 当前没有其他玩家在线，无需广播状态同步消息
2025-11-20 15:07:53.0427 (StateSyncRequestHandler.cs:35) 当前没有其他玩家在线，无需广播状态同步消息
2025-11-20 15:07:53.1510 (StateSyncRequestHandler.cs:35) 当前没有其他玩家在线，无需广播状态同步消息
2025-11-20 15:07:53.2439 (StateSyncRequestHandler.cs:35) 当前没有其他玩家在线，无需广播状态同步消息
2025-11-20 15:07:53.3507  当前没有其他玩家在线，无需广播状态同步消息
2025-11-20 15:07:53.4411  当前没有其他玩家在线，无需广播状态同步消息
2025-11-20 15:07:53.5489  当前没有其他玩家在线，无需广播状态同步消息
2025-11-20 15:07:53.6415  当前没有其他玩家在线，无需广播状态同步消息
2025-11-20 15:07:53.7510  当前没有其他玩家在线，无需广播状态同步消息
2025-11-20 15:07:53.8600  当前没有其他玩家在线，无需广播状态同步消息
2025-11-20 15:07:53.9513  当前没有其他玩家在线，无需广播状态同步消息
2025-11-20 15:07:54.0441  当前没有其他玩家在线，无需广播状态同步消息
2025-11-20 15:07:54.1517  当前没有其他玩家在线，无需广播状态同步消息
2025-11-20 15:07:54.2589  当前没有其他玩家在线，无需广播状态同步消息
2025-11-20 15:07:54.3358  当前没有其他玩家在线，无需广播状态同步消息
2025-11-20 15:07:54.4463  当前没有其他玩家在线，无需广播状态同步消息
2025-11-20 15:07:54.5401  当前没有其他玩家在线，无需广播状态同步消息
2025-11-20 15:07:54.6483  当前没有其他玩家在线，无需广播状态同步消息
2025-11-20 15:07:54.7577  当前没有其他玩家在线，无需广播状态同步消息
2025-11-20 15:07:54.8490  当前没有其他玩家在线，无需广播状态同步消息
2025-11-20 15:07:54.9435  当前没有其他玩家在线，无需广播状态同步消息
2025-11-20 15:07:55.0512  当前没有其他玩家在线，无需广播状态同步消息
2025-11-20 15:07:55.1440  当前没有其他玩家在线，无需广播状态同步消息
2025-11-20 15:07:55.2387  当前没有其他玩家在线，无需广播状态同步消息
2025-11-20 15:07:55.3457  当前没有其他玩家在线，无需广播状态同步消息
2025-11-20 15:07:55.4559  当前没有其他玩家在线，无需广播状态同步消息
2025-11-20 15:07:55.5483  当前没有其他玩家在线，无需广播状态同步消息
2025-11-20 15:07:55.6402  当前没有其他玩家在线，无需广播状态同步消息
2025-11-20 15:07:55.7491  当前没有其他玩家在线，无需广播状态同步消息
2025-11-20 15:07:55.8564  当前没有其他玩家在线，无需广播状态同步消息
2025-11-20 15:07:55.9494  当前没有其他玩家在线，无需广播状态同步消息
2025-11-20 15:07:56.0547  当前没有其他玩家在线，无需广播状态同步消息
2025-11-20 15:07:56.1480  当前没有其他玩家在线，无需广播状态同步消息
2025-11-20 15:07:56.2383  当前没有其他玩家在线，无需广播状态同步消息
2025-11-20 15:07:56.3487  当前没有其他玩家在线，无需广播状态同步消息
2025-11-20 15:07:56.4409  当前没有其他玩家在线，无需广播状态同步消息
2025-11-20 15:07:56.5488  当前没有其他玩家在线，无需广播状态同步消息
2025-11-20 15:07:56.6424  当前没有其他玩家在线，无需广播状态同步消息
2025-11-20 15:07:56.7497  当前没有其他玩家在线，无需广播状态同步消息
2025-11-20 15:07:56.8433  当前没有其他玩家在线，无需广播状态同步消息
2025-11-20 15:07:56.9509  当前没有其他玩家在线，无需广播状态同步消息
2025-11-20 15:07:57.0438  当前没有其他玩家在线，无需广播状态同步消息
2025-11-20 15:07:58.4468  当前没有其他玩家在线，无需广播状态同步消息
2025-11-20 15:07:58.5560  当前没有其他玩家在线，无需广播状态同步消息
2025-11-20 15:07:58.6486  当前没有其他玩家在线，无需广播状态同步消息
2025-11-20 15:07:58.7561  当前没有其他玩家在线，无需广播状态同步消息
2025-11-20 15:07:58.8486  当前没有其他玩家在线，无需广播状态同步消息
2025-11-20 15:07:58.9403  当前没有其他玩家在线，无需广播状态同步消息
2025-11-20 15:07:59.0470  当前没有其他玩家在线，无需广播状态同步消息
2025-11-20 15:07:59.1547  当前没有其他玩家在线，无需广播状态同步消息
2025-11-20 15:07:59.2475  当前没有其他玩家在线，无需广播状态同步消息
2025-11-20 15:07:59.3401  当前没有其他玩家在线，无需广播状态同步消息
2025-11-20 15:07:59.4480  当前没有其他玩家在线，无需广播状态同步消息
2025-11-20 15:07:59.5560  当前没有其他玩家在线，无需广播状态同步消息
2025-11-20 15:08:00.1453  当前没有其他玩家在线，无需广播状态同步消息
2025-11-20 15:08:00.2537  当前没有其他玩家在线，无需广播状态同步消息
2025-11-20 15:08:00.3446  当前没有其他玩家在线，无需广播状态同步消息
2025-11-20 15:08:01.2562  当前没有其他玩家在线，无需广播状态同步消息
2025-11-20 15:08:01.3484  当前没有其他玩家在线，无需广播状态同步消息
2025-11-20 15:08:01.4409  当前没有其他玩家在线，无需广播状态同步消息
2025-11-20 15:08:01.5502  当前没有其他玩家在线，无需广播状态同步消息
2025-11-20 15:08:02.0458  当前没有其他玩家在线，无需广播状态同步消息
2025-11-20 15:08:02.1544  当前没有其他玩家在线，无需广播状态同步消息
2025-11-20 15:08:02.2461  当前没有其他玩家在线，无需广播状态同步消息
2025-11-20 15:08:02.3551  当前没有其他玩家在线，无需广播状态同步消息
2025-11-20 15:08:02.4476  当前没有其他玩家在线，无需广播状态同步消息
2025-11-20 15:08:02.5540  当前没有其他玩家在线，无需广播状态同步消息
2025-11-20 15:08:02.7412  当前没有其他玩家在线，无需广播状态同步消息
2025-11-20 15:08:02.8491  当前没有其他玩家在线，无需广播状态同步消息
2025-11-20 15:08:02.9562  当前没有其他玩家在线，无需广播状态同步消息
2025-11-20 15:08:03.0477  当前没有其他玩家在线，无需广播状态同步消息
2025-11-20 15:08:03.1402  当前没有其他玩家在线，无需广播状态同步消息
2025-11-20 15:08:03.2501  当前没有其他玩家在线，无需广播状态同步消息
2025-11-20 15:08:03.3426  当前没有其他玩家在线，无需广播状态同步消息
2025-11-20 15:08:03.4521  当前没有其他玩家在线，无需广播状态同步消息
2025-11-20 15:08:03.5449  当前没有其他玩家在线，无需广播状态同步消息
2025-11-20 15:08:03.6363  当前没有其他玩家在线，无需广播状态同步消息
2025-11-20 15:08:03.7447  当前没有其他玩家在线，无需广播状态同步消息
2025-11-20 15:08:03.8541  当前没有其他玩家在线，无需广播状态同步消息
2025-11-20 15:08:03.9468  当前没有其他玩家在线，无需广播状态同步消息
2025-11-20 15:08:04.0405  当前没有其他玩家在线，无需广播状态同步消息
2025-11-20 15:08:04.1498  当前没有其他玩家在线，无需广播状态同步消息
2025-11-20 15:08:04.2580  当前没有其他玩家在线，无需广播状态同步消息
2025-11-20 15:08:04.3357  当前没有其他玩家在线，无需广播状态同步消息
2025-11-20 15:08:04.4592  当前没有其他玩家在线，无需广播状态同步消息
2025-11-20 15:08:04.5518  当前没有其他玩家在线，无需广播状态同步消息
2025-11-20 15:08:06.1493  当前没有其他玩家在线，无需广播状态同步消息
2025-11-20 15:08:06.2430  当前没有其他玩家在线，无需广播状态同步消息
2025-11-20 15:08:06.3507  当前没有其他玩家在线，无需广播状态同步消息
2025-11-20 15:08:06.4583  当前没有其他玩家在线，无需广播状态同步消息
2025-11-20 15:08:06.5509  当前没有其他玩家在线，无需广播状态同步消息
2025-11-20 15:08:06.6434  当前没有其他玩家在线，无需广播状态同步消息
2025-11-20 15:08:06.7522  当前没有其他玩家在线，无需广播状态同步消息
2025-11-20 15:08:12.5036  收到登录请求
2025-11-20 15:08:12.5036  向ID:479882966896738304发送其他玩家登录请求
2025-11-20 15:10:28.5714  向玩家ID:479883430753206272 发送玩家ID:479882966896738304下线消息
2025-11-20 15:10:28.5714  玩家ID:479882966896738304 下线成功
2025-11-20 15:10:38.1556  当前服务器上没有其他玩家在线，无需广播下线消息
