2025-11-22 13:14:50.8341 (LoginRequestHandler.cs:81) 当前没有其他玩家在线，无需广播
2025-11-22 13:14:52.2767 (StateSyncRequestHandler.cs:35) 当前没有其他玩家在线，无需广播状态同步消息
2025-11-22 13:14:52.3494 (StateSyncRequestHandler.cs:35) 当前没有其他玩家在线，无需广播状态同步消息
2025-11-22 13:14:52.4502 (StateSyncRequestHandler.cs:35) 当前没有其他玩家在线，无需广播状态同步消息
2025-11-22 13:14:52.5482 (StateSyncRequestHandler.cs:35) 当前没有其他玩家在线，无需广播状态同步消息
2025-11-22 13:14:52.6495 (StateSyncRequestHandler.cs:35) 当前没有其他玩家在线，无需广播状态同步消息
2025-11-22 13:14:52.7557 (StateSyncRequestHandler.cs:35) 当前没有其他玩家在线，无需广播状态同步消息
2025-11-22 13:14:52.8486 (StateSyncRequestHandler.cs:35) 当前没有其他玩家在线，无需广播状态同步消息
2025-11-22 13:14:52.9479 (StateSyncRequestHandler.cs:35) 当前没有其他玩家在线，无需广播状态同步消息
2025-11-22 13:14:53.0489 (StateSyncRequestHandler.cs:35) 当前没有其他玩家在线，无需广播状态同步消息
2025-11-22 13:14:53.1530 (StateSyncRequestHandler.cs:35) 当前没有其他玩家在线，无需广播状态同步消息
2025-11-22 13:14:53.2466 (StateSyncRequestHandler.cs:35) 当前没有其他玩家在线，无需广播状态同步消息
2025-11-22 13:14:53.3484 (StateSyncRequestHandler.cs:35) 当前没有其他玩家在线，无需广播状态同步消息
2025-11-22 13:14:53.4525 (StateSyncRequestHandler.cs:35) 当前没有其他玩家在线，无需广播状态同步消息
2025-11-22 13:14:53.5494 (StateSyncRequestHandler.cs:35) 当前没有其他玩家在线，无需广播状态同步消息
2025-11-22 13:14:53.6469 (StateSyncRequestHandler.cs:35) 当前没有其他玩家在线，无需广播状态同步消息
2025-11-22 13:14:53.7514 (StateSyncRequestHandler.cs:35) 当前没有其他玩家在线，无需广播状态同步消息
2025-11-22 13:14:53.8495 (StateSyncRequestHandler.cs:35) 当前没有其他玩家在线，无需广播状态同步消息
2025-11-22 13:14:53.9517 (StateSyncRequestHandler.cs:35) 当前没有其他玩家在线，无需广播状态同步消息
2025-11-22 13:14:54.0499 (StateSyncRequestHandler.cs:35) 当前没有其他玩家在线，无需广播状态同步消息
2025-11-22 13:14:54.1487 (StateSyncRequestHandler.cs:35) 当前没有其他玩家在线，无需广播状态同步消息
2025-11-22 13:14:54.2473 (StateSyncRequestHandler.cs:35) 当前没有其他玩家在线，无需广播状态同步消息
2025-11-22 13:14:54.3527 (StateSyncRequestHandler.cs:35) 当前没有其他玩家在线，无需广播状态同步消息
2025-11-22 13:14:54.4502 (StateSyncRequestHandler.cs:35) 当前没有其他玩家在线，无需广播状态同步消息
2025-11-22 13:14:54.5576 (StateSyncRequestHandler.cs:35) 当前没有其他玩家在线，无需广播状态同步消息
2025-11-22 13:14:54.6505 (StateSyncRequestHandler.cs:35) 当前没有其他玩家在线，无需广播状态同步消息
2025-11-22 13:14:54.7496 (StateSyncRequestHandler.cs:35) 当前没有其他玩家在线，无需广播状态同步消息
2025-11-22 13:14:54.8491 (StateSyncRequestHandler.cs:35) 当前没有其他玩家在线，无需广播状态同步消息
2025-11-22 13:14:54.9496 (StateSyncRequestHandler.cs:35) 当前没有其他玩家在线，无需广播状态同步消息
2025-11-22 13:14:55.0474 (StateSyncRequestHandler.cs:35) 当前没有其他玩家在线，无需广播状态同步消息
2025-11-22 13:14:55.1535 (StateSyncRequestHandler.cs:35) 当前没有其他玩家在线，无需广播状态同步消息
2025-11-22 13:14:55.2513 (StateSyncRequestHandler.cs:35) 当前没有其他玩家在线，无需广播状态同步消息
2025-11-22 13:14:55.3483 (StateSyncRequestHandler.cs:35) 当前没有其他玩家在线，无需广播状态同步消息
2025-11-22 13:14:55.4526 (StateSyncRequestHandler.cs:35) 当前没有其他玩家在线，无需广播状态同步消息
2025-11-22 13:14:55.5473 (StateSyncRequestHandler.cs:35) 当前没有其他玩家在线，无需广播状态同步消息
2025-11-22 13:14:55.6492 (StateSyncRequestHandler.cs:35) 当前没有其他玩家在线，无需广播状态同步消息
2025-11-22 13:14:55.7459 (StateSyncRequestHandler.cs:35) 当前没有其他玩家在线，无需广播状态同步消息
2025-11-22 13:14:55.8539 (StateSyncRequestHandler.cs:35) 当前没有其他玩家在线，无需广播状态同步消息
2025-11-22 13:15:02.5522 (StateSyncRequestHandler.cs:35) 当前没有其他玩家在线，无需广播状态同步消息
2025-11-22 13:15:02.6494 (StateSyncRequestHandler.cs:35) 当前没有其他玩家在线，无需广播状态同步消息
2025-11-22 13:15:02.7521 (StateSyncRequestHandler.cs:35) 当前没有其他玩家在线，无需广播状态同步消息
2025-11-22 13:15:02.8463 (StateSyncRequestHandler.cs:35) 当前没有其他玩家在线，无需广播状态同步消息
2025-11-22 13:15:02.9518 (StateSyncRequestHandler.cs:35) 当前没有其他玩家在线，无需广播状态同步消息
2025-11-22 13:15:03.0536 (StateSyncRequestHandler.cs:35) 当前没有其他玩家在线，无需广播状态同步消息
2025-11-22 13:15:03.1464 (StateSyncRequestHandler.cs:35) 当前没有其他玩家在线，无需广播状态同步消息
2025-11-22 13:15:03.2515 (StateSyncRequestHandler.cs:35) 当前没有其他玩家在线，无需广播状态同步消息
2025-11-22 13:15:03.3490 (StateSyncRequestHandler.cs:35) 当前没有其他玩家在线，无需广播状态同步消息
2025-11-22 13:15:03.4638 (StateSyncRequestHandler.cs:35) 当前没有其他玩家在线，无需广播状态同步消息
2025-11-22 13:15:03.5508 (StateSyncRequestHandler.cs:35) 当前没有其他玩家在线，无需广播状态同步消息
2025-11-22 13:15:03.6475 (StateSyncRequestHandler.cs:35) 当前没有其他玩家在线，无需广播状态同步消息
2025-11-22 13:15:03.7509 (StateSyncRequestHandler.cs:35) 当前没有其他玩家在线，无需广播状态同步消息
2025-11-22 13:15:03.8521 (StateSyncRequestHandler.cs:35) 当前没有其他玩家在线，无需广播状态同步消息
2025-11-22 13:15:03.9559 (StateSyncRequestHandler.cs:35) 当前没有其他玩家在线，无需广播状态同步消息
2025-11-22 13:15:04.0500 (StateSyncRequestHandler.cs:35) 当前没有其他玩家在线，无需广播状态同步消息
2025-11-22 13:15:04.1479 (StateSyncRequestHandler.cs:35) 当前没有其他玩家在线，无需广播状态同步消息
2025-11-22 13:15:04.2521 (StateSyncRequestHandler.cs:35) 当前没有其他玩家在线，无需广播状态同步消息
2025-11-22 13:15:04.3486 (StateSyncRequestHandler.cs:35) 当前没有其他玩家在线，无需广播状态同步消息
2025-11-22 13:15:04.4539 (StateSyncRequestHandler.cs:35) 当前没有其他玩家在线，无需广播状态同步消息
2025-11-22 13:15:04.5522 (StateSyncRequestHandler.cs:35) 当前没有其他玩家在线，无需广播状态同步消息
2025-11-22 13:15:04.6572 (StateSyncRequestHandler.cs:35) 当前没有其他玩家在线，无需广播状态同步消息
2025-11-22 13:15:04.7466 (StateSyncRequestHandler.cs:35) 当前没有其他玩家在线，无需广播状态同步消息
2025-11-22 13:15:04.8521  当前没有其他玩家在线，无需广播状态同步消息
2025-11-22 13:15:04.9488  当前没有其他玩家在线，无需广播状态同步消息
2025-11-22 13:15:05.0474  当前没有其他玩家在线，无需广播状态同步消息
2025-11-22 13:15:05.1573  当前没有其他玩家在线，无需广播状态同步消息
2025-11-22 13:15:05.2495  当前没有其他玩家在线，无需广播状态同步消息
2025-11-22 13:15:05.3490  当前没有其他玩家在线，无需广播状态同步消息
2025-11-22 13:15:05.4516  当前没有其他玩家在线，无需广播状态同步消息
2025-11-22 13:15:05.5551  当前没有其他玩家在线，无需广播状态同步消息
2025-11-22 13:15:05.6527  当前没有其他玩家在线，无需广播状态同步消息
2025-11-22 13:15:05.7543  当前没有其他玩家在线，无需广播状态同步消息
2025-11-22 13:15:05.8532  当前没有其他玩家在线，无需广播状态同步消息
2025-11-22 13:15:05.9513  当前没有其他玩家在线，无需广播状态同步消息
2025-11-22 13:15:06.0550  当前没有其他玩家在线，无需广播状态同步消息
2025-11-22 13:15:06.1526  当前没有其他玩家在线，无需广播状态同步消息
2025-11-22 13:15:06.2478  当前没有其他玩家在线，无需广播状态同步消息
2025-11-22 13:15:06.3498  当前没有其他玩家在线，无需广播状态同步消息
2025-11-22 13:15:06.4514  当前没有其他玩家在线，无需广播状态同步消息
2025-11-22 13:15:06.5593  当前没有其他玩家在线，无需广播状态同步消息
2025-11-22 13:15:06.6572  当前没有其他玩家在线，无需广播状态同步消息
2025-11-22 13:15:06.7510  当前没有其他玩家在线，无需广播状态同步消息
2025-11-22 13:15:06.8474  当前没有其他玩家在线，无需广播状态同步消息
2025-11-22 13:15:06.9468  当前没有其他玩家在线，无需广播状态同步消息
2025-11-22 13:15:07.0487  当前没有其他玩家在线，无需广播状态同步消息
2025-11-22 13:15:07.1622  当前没有其他玩家在线，无需广播状态同步消息
2025-11-22 13:15:07.2506  当前没有其他玩家在线，无需广播状态同步消息
2025-11-22 13:15:07.3502  当前没有其他玩家在线，无需广播状态同步消息
2025-11-22 13:15:07.4482  当前没有其他玩家在线，无需广播状态同步消息
2025-11-22 13:15:07.5513  当前没有其他玩家在线，无需广播状态同步消息
2025-11-22 13:15:07.6567  当前没有其他玩家在线，无需广播状态同步消息
2025-11-22 13:15:07.7477  当前没有其他玩家在线，无需广播状态同步消息
2025-11-22 13:15:07.8545  当前没有其他玩家在线，无需广播状态同步消息
2025-11-22 13:15:07.9500  当前没有其他玩家在线，无需广播状态同步消息
2025-11-22 13:15:08.0463  当前没有其他玩家在线，无需广播状态同步消息
2025-11-22 13:15:08.1513  当前没有其他玩家在线，无需广播状态同步消息
2025-11-22 13:15:08.2474  当前没有其他玩家在线，无需广播状态同步消息
2025-11-22 13:15:08.3493  当前没有其他玩家在线，无需广播状态同步消息
2025-11-22 13:15:08.4550  当前没有其他玩家在线，无需广播状态同步消息
2025-11-22 13:15:08.5591  当前没有其他玩家在线，无需广播状态同步消息
2025-11-22 13:15:08.6494  当前没有其他玩家在线，无需广播状态同步消息
2025-11-22 13:15:08.7510  当前没有其他玩家在线，无需广播状态同步消息
2025-11-22 13:15:08.8492  当前没有其他玩家在线，无需广播状态同步消息
2025-11-22 13:15:08.9519  当前没有其他玩家在线，无需广播状态同步消息
2025-11-22 13:15:09.0483  当前没有其他玩家在线，无需广播状态同步消息
2025-11-22 13:15:09.1514  当前没有其他玩家在线，无需广播状态同步消息
2025-11-22 13:15:10.1564  当前没有其他玩家在线，无需广播状态同步消息
2025-11-22 13:15:10.2524  当前没有其他玩家在线，无需广播状态同步消息
2025-11-22 13:15:10.3498  当前没有其他玩家在线，无需广播状态同步消息
2025-11-22 13:15:10.4458  当前没有其他玩家在线，无需广播状态同步消息
2025-11-22 13:15:10.5496  当前没有其他玩家在线，无需广播状态同步消息
2025-11-22 13:15:10.6471  当前没有其他玩家在线，无需广播状态同步消息
2025-11-22 13:15:11.4512  当前没有其他玩家在线，无需广播状态同步消息
2025-11-22 13:15:11.5569  当前没有其他玩家在线，无需广播状态同步消息
2025-11-22 13:15:11.6477  当前没有其他玩家在线，无需广播状态同步消息
2025-11-22 13:15:11.7455  当前没有其他玩家在线，无需广播状态同步消息
2025-11-22 13:15:11.8461  当前没有其他玩家在线，无需广播状态同步消息
2025-11-22 13:15:11.9544  当前没有其他玩家在线，无需广播状态同步消息
2025-11-22 13:15:12.0532  当前没有其他玩家在线，无需广播状态同步消息
2025-11-22 13:15:12.1529  当前没有其他玩家在线，无需广播状态同步消息
2025-11-22 13:15:12.2511  当前没有其他玩家在线，无需广播状态同步消息
2025-11-22 13:15:12.3515  当前没有其他玩家在线，无需广播状态同步消息
2025-11-22 13:15:12.4533  当前没有其他玩家在线，无需广播状态同步消息
2025-11-22 13:15:17.2509  当前没有其他玩家在线，无需广播状态同步消息
2025-11-22 13:15:17.3530  当前没有其他玩家在线，无需广播状态同步消息
2025-11-22 13:15:17.4523  当前没有其他玩家在线，无需广播状态同步消息
2025-11-22 13:15:17.5551  当前没有其他玩家在线，无需广播状态同步消息
2025-11-22 13:15:17.6491  当前没有其他玩家在线，无需广播状态同步消息
2025-11-22 13:15:17.7470  当前没有其他玩家在线，无需广播状态同步消息
2025-11-22 13:15:17.8495  当前没有其他玩家在线，无需广播状态同步消息
2025-11-22 13:15:17.9525  当前没有其他玩家在线，无需广播状态同步消息
2025-11-22 13:15:18.0477  当前没有其他玩家在线，无需广播状态同步消息
2025-11-22 13:15:18.1549  当前没有其他玩家在线，无需广播状态同步消息
2025-11-22 13:15:18.2523  当前没有其他玩家在线，无需广播状态同步消息
2025-11-22 13:15:18.3491  当前没有其他玩家在线，无需广播状态同步消息
2025-11-22 13:15:18.4500  当前没有其他玩家在线，无需广播状态同步消息
2025-11-22 13:15:18.5500  当前没有其他玩家在线，无需广播状态同步消息
2025-11-22 13:15:18.6537  当前没有其他玩家在线，无需广播状态同步消息
2025-11-22 13:15:18.7572  当前没有其他玩家在线，无需广播状态同步消息
2025-11-22 13:15:18.8514  当前没有其他玩家在线，无需广播状态同步消息
2025-11-22 13:15:18.9503  当前没有其他玩家在线，无需广播状态同步消息
2025-11-22 13:15:19.0536  当前没有其他玩家在线，无需广播状态同步消息
2025-11-22 13:15:19.1514  当前没有其他玩家在线，无需广播状态同步消息
2025-11-22 13:16:03.6153  向ID:482735254678011905发送其他玩家登录请求
2025-11-22 13:25:16.4057 (LoginRequestHandler.cs:81) 当前没有其他玩家在线，无需广播
2025-11-22 13:25:17.6741 (StateSyncRequestHandler.cs:36) 当前没有其他玩家在线，无需广播状态同步消息
2025-11-22 13:25:17.7571 (StateSyncRequestHandler.cs:36) 当前没有其他玩家在线，无需广播状态同步消息
2025-11-22 13:25:17.8547 (StateSyncRequestHandler.cs:36) 当前没有其他玩家在线，无需广播状态同步消息
2025-11-22 13:25:17.9568 (StateSyncRequestHandler.cs:36) 当前没有其他玩家在线，无需广播状态同步消息
2025-11-22 13:25:18.0610 (StateSyncRequestHandler.cs:36) 当前没有其他玩家在线，无需广播状态同步消息
2025-11-22 13:25:18.1549 (StateSyncRequestHandler.cs:36) 当前没有其他玩家在线，无需广播状态同步消息
2025-11-22 13:25:18.2611 (StateSyncRequestHandler.cs:36) 当前没有其他玩家在线，无需广播状态同步消息
2025-11-22 13:25:18.3544 (StateSyncRequestHandler.cs:36) 当前没有其他玩家在线，无需广播状态同步消息
2025-11-22 13:25:18.4607 (StateSyncRequestHandler.cs:36) 当前没有其他玩家在线，无需广播状态同步消息
2025-11-22 13:25:18.5717 (StateSyncRequestHandler.cs:36) 当前没有其他玩家在线，无需广播状态同步消息
2025-11-22 13:25:18.6572 (StateSyncRequestHandler.cs:36) 当前没有其他玩家在线，无需广播状态同步消息
2025-11-22 13:25:18.7592 (StateSyncRequestHandler.cs:36) 当前没有其他玩家在线，无需广播状态同步消息
2025-11-22 13:25:18.8647 (StateSyncRequestHandler.cs:36) 当前没有其他玩家在线，无需广播状态同步消息
2025-11-22 13:25:18.9548 (StateSyncRequestHandler.cs:36) 当前没有其他玩家在线，无需广播状态同步消息
2025-11-22 13:25:19.0607 (StateSyncRequestHandler.cs:36) 当前没有其他玩家在线，无需广播状态同步消息
2025-11-22 13:25:19.1580 (StateSyncRequestHandler.cs:36) 当前没有其他玩家在线，无需广播状态同步消息
2025-11-22 13:25:19.2533 (StateSyncRequestHandler.cs:36) 当前没有其他玩家在线，无需广播状态同步消息
2025-11-22 13:25:19.3560 (StateSyncRequestHandler.cs:36) 当前没有其他玩家在线，无需广播状态同步消息
2025-11-22 13:25:19.4576 (StateSyncRequestHandler.cs:36) 当前没有其他玩家在线，无需广播状态同步消息
2025-11-22 13:25:19.5537 (StateSyncRequestHandler.cs:36) 当前没有其他玩家在线，无需广播状态同步消息
2025-11-22 13:25:19.6557 (StateSyncRequestHandler.cs:36) 当前没有其他玩家在线，无需广播状态同步消息
2025-11-22 13:25:19.7538 (StateSyncRequestHandler.cs:36) 当前没有其他玩家在线，无需广播状态同步消息
2025-11-22 13:25:19.8594 (StateSyncRequestHandler.cs:36) 当前没有其他玩家在线，无需广播状态同步消息
2025-11-22 13:25:19.9540 (StateSyncRequestHandler.cs:36) 当前没有其他玩家在线，无需广播状态同步消息
2025-11-22 13:25:20.0644 (StateSyncRequestHandler.cs:36) 当前没有其他玩家在线，无需广播状态同步消息
2025-11-22 13:25:20.1586 (StateSyncRequestHandler.cs:36) 当前没有其他玩家在线，无需广播状态同步消息
2025-11-22 13:25:20.2589 (StateSyncRequestHandler.cs:36) 当前没有其他玩家在线，无需广播状态同步消息
2025-11-22 13:25:36.8343 (LoginRequestHandler.cs:94) 向ID:482746009276121089发送其他玩家登录请求
2025-11-22 13:30:05.6544 (LoginRequestHandler.cs:81) 当前没有其他玩家在线，无需广播
2025-11-22 13:30:07.2906 (StateSyncRequestHandler.cs:36) 当前没有其他玩家在线，无需广播状态同步消息
2025-11-22 13:30:07.3613 (StateSyncRequestHandler.cs:36) 当前没有其他玩家在线，无需广播状态同步消息
2025-11-22 13:30:07.4711 (StateSyncRequestHandler.cs:36) 当前没有其他玩家在线，无需广播状态同步消息
2025-11-22 13:30:07.5676 (StateSyncRequestHandler.cs:36) 当前没有其他玩家在线，无需广播状态同步消息
2025-11-22 13:30:07.6746 (StateSyncRequestHandler.cs:36) 当前没有其他玩家在线，无需广播状态同步消息
2025-11-22 13:30:10.5633 (StateSyncRequestHandler.cs:36) 当前没有其他玩家在线，无需广播状态同步消息
2025-11-22 13:30:10.6720 (StateSyncRequestHandler.cs:36) 当前没有其他玩家在线，无需广播状态同步消息
2025-11-22 13:30:10.7649 (StateSyncRequestHandler.cs:36) 当前没有其他玩家在线，无需广播状态同步消息
2025-11-22 13:30:10.8735 (StateSyncRequestHandler.cs:36) 当前没有其他玩家在线，无需广播状态同步消息
2025-11-22 13:30:10.9649 (StateSyncRequestHandler.cs:36) 当前没有其他玩家在线，无需广播状态同步消息
2025-11-22 13:30:11.0732 (StateSyncRequestHandler.cs:36) 当前没有其他玩家在线，无需广播状态同步消息
2025-11-22 13:30:11.1772 (StateSyncRequestHandler.cs:36) 当前没有其他玩家在线，无需广播状态同步消息
2025-11-22 13:30:11.2736 (StateSyncRequestHandler.cs:36) 当前没有其他玩家在线，无需广播状态同步消息
2025-11-22 13:30:11.3664 (StateSyncRequestHandler.cs:36) 当前没有其他玩家在线，无需广播状态同步消息
2025-11-22 13:30:11.4756 (StateSyncRequestHandler.cs:36) 当前没有其他玩家在线，无需广播状态同步消息
2025-11-22 13:30:11.5667 (StateSyncRequestHandler.cs:36) 当前没有其他玩家在线，无需广播状态同步消息
2025-11-22 13:30:13.8962 (LoginRequestHandler.cs:94) 向ID:482750974258315265发送其他玩家登录请求
