2025-11-22 22:17:39.4612 (LoginRequestHandler.cs:81) 当前没有其他玩家在线，无需广播
2025-11-22 22:17:41.3401 (StateSyncRequestHandler.cs:36) 当前没有其他玩家在线，无需广播状态同步消息
2025-11-22 22:17:41.4061 (StateSyncRequestHandler.cs:36) 当前没有其他玩家在线，无需广播状态同步消息
2025-11-22 22:17:41.4974 (StateSyncRequestHandler.cs:36) 当前没有其他玩家在线，无需广播状态同步消息
2025-11-22 22:17:41.6060 (StateSyncRequestHandler.cs:36) 当前没有其他玩家在线，无需广播状态同步消息
2025-11-22 22:17:41.6999 (StateSyncRequestHandler.cs:36) 当前没有其他玩家在线，无需广播状态同步消息
2025-11-22 22:17:41.8081 (StateSyncRequestHandler.cs:36) 当前没有其他玩家在线，无需广播状态同步消息
2025-11-22 22:17:41.9017 (StateSyncRequestHandler.cs:36) 当前没有其他玩家在线，无需广播状态同步消息
2025-11-22 22:17:42.0257 (StateSyncRequestHandler.cs:36) 当前没有其他玩家在线，无需广播状态同步消息
2025-11-22 22:17:42.1027 (StateSyncRequestHandler.cs:36) 当前没有其他玩家在线，无需广播状态同步消息
2025-11-22 22:17:42.2120 (StateSyncRequestHandler.cs:36) 当前没有其他玩家在线，无需广播状态同步消息
2025-11-22 22:17:42.3051 (StateSyncRequestHandler.cs:36) 当前没有其他玩家在线，无需广播状态同步消息
2025-11-22 22:17:42.4155 (StateSyncRequestHandler.cs:36) 当前没有其他玩家在线，无需广播状态同步消息
2025-11-22 22:17:42.5079 (StateSyncRequestHandler.cs:36) 当前没有其他玩家在线，无需广播状态同步消息
2025-11-22 22:17:42.6009 (StateSyncRequestHandler.cs:36) 当前没有其他玩家在线，无需广播状态同步消息
2025-11-22 22:17:42.7255 (StateSyncRequestHandler.cs:36) 当前没有其他玩家在线，无需广播状态同步消息
2025-11-22 22:17:42.8033 (StateSyncRequestHandler.cs:36) 当前没有其他玩家在线，无需广播状态同步消息
2025-11-22 22:17:42.9129 (StateSyncRequestHandler.cs:36) 当前没有其他玩家在线，无需广播状态同步消息
2025-11-22 22:17:43.0182 (StateSyncRequestHandler.cs:36) 当前没有其他玩家在线，无需广播状态同步消息
2025-11-22 22:17:43.1095 (StateSyncRequestHandler.cs:36) 当前没有其他玩家在线，无需广播状态同步消息
2025-11-22 22:17:43.2005 (StateSyncRequestHandler.cs:36) 当前没有其他玩家在线，无需广播状态同步消息
2025-11-22 22:17:46.9327 (LoginRequestHandler.cs:94) 向ID:483294785837465600发送其他玩家登录请求
2025-11-22 22:20:44.6927 (LoginRequestHandler.cs:85) 当前没有其他玩家在线，无需广播
2025-11-22 22:20:45.8506 (StateSyncRequestHandler.cs:36) 当前没有其他玩家在线，无需广播状态同步消息
2025-11-22 22:20:45.9273 (StateSyncRequestHandler.cs:36) 当前没有其他玩家在线，无需广播状态同步消息
2025-11-22 22:20:46.0266 (StateSyncRequestHandler.cs:36) 当前没有其他玩家在线，无需广播状态同步消息
2025-11-22 22:20:46.1278 (StateSyncRequestHandler.cs:36) 当前没有其他玩家在线，无需广播状态同步消息
2025-11-22 22:20:46.2359 (StateSyncRequestHandler.cs:36) 当前没有其他玩家在线，无需广播状态同步消息
2025-11-22 22:20:46.3293 (StateSyncRequestHandler.cs:36) 当前没有其他玩家在线，无需广播状态同步消息
2025-11-22 22:20:46.4311 (StateSyncRequestHandler.cs:36) 当前没有其他玩家在线，无需广播状态同步消息
2025-11-22 22:20:46.5356 (StateSyncRequestHandler.cs:36) 当前没有其他玩家在线，无需广播状态同步消息
2025-11-22 22:20:46.6307 (StateSyncRequestHandler.cs:36) 当前没有其他玩家在线，无需广播状态同步消息
2025-11-22 22:20:46.7297 (StateSyncRequestHandler.cs:36) 当前没有其他玩家在线，无需广播状态同步消息
2025-11-22 22:20:46.8322 (StateSyncRequestHandler.cs:36) 当前没有其他玩家在线，无需广播状态同步消息
2025-11-22 22:20:46.9353 (StateSyncRequestHandler.cs:36) 当前没有其他玩家在线，无需广播状态同步消息
2025-11-22 22:20:47.0343 (StateSyncRequestHandler.cs:36) 当前没有其他玩家在线，无需广播状态同步消息
2025-11-22 22:20:47.1240 (StateSyncRequestHandler.cs:36) 当前没有其他玩家在线，无需广播状态同步消息
2025-11-22 22:20:47.2267 (StateSyncRequestHandler.cs:36) 当前没有其他玩家在线，无需广播状态同步消息
2025-11-22 22:20:47.3356 (StateSyncRequestHandler.cs:36) 当前没有其他玩家在线，无需广播状态同步消息
2025-11-22 22:20:47.4336 (StateSyncRequestHandler.cs:36) 当前没有其他玩家在线，无需广播状态同步消息
2025-11-22 22:20:47.5296 (StateSyncRequestHandler.cs:36) 当前没有其他玩家在线，无需广播状态同步消息
2025-11-22 22:20:47.6342 (StateSyncRequestHandler.cs:36) 当前没有其他玩家在线，无需广播状态同步消息
2025-11-22 22:20:47.7289 (StateSyncRequestHandler.cs:36) 当前没有其他玩家在线，无需广播状态同步消息
2025-11-22 22:20:47.8339 (StateSyncRequestHandler.cs:36) 当前没有其他玩家在线，无需广播状态同步消息
2025-11-22 22:20:47.9357 (StateSyncRequestHandler.cs:36) 当前没有其他玩家在线，无需广播状态同步消息
2025-11-22 22:20:48.0257 (StateSyncRequestHandler.cs:36) 当前没有其他玩家在线，无需广播状态同步消息
2025-11-22 22:20:48.1286 (StateSyncRequestHandler.cs:36) 当前没有其他玩家在线，无需广播状态同步消息
2025-11-22 22:20:48.2319 (StateSyncRequestHandler.cs:36) 当前没有其他玩家在线，无需广播状态同步消息
2025-11-22 22:20:48.3300 (StateSyncRequestHandler.cs:36) 当前没有其他玩家在线，无需广播状态同步消息
2025-11-22 22:20:48.4326 (StateSyncRequestHandler.cs:36) 当前没有其他玩家在线，无需广播状态同步消息
2025-11-22 22:20:48.5335 (StateSyncRequestHandler.cs:36) 当前没有其他玩家在线，无需广播状态同步消息
2025-11-22 22:20:48.6281 (StateSyncRequestHandler.cs:36) 当前没有其他玩家在线，无需广播状态同步消息
2025-11-22 22:20:49.7304 (StateSyncRequestHandler.cs:36) 当前没有其他玩家在线，无需广播状态同步消息
2025-11-22 22:20:49.8358 (StateSyncRequestHandler.cs:36) 当前没有其他玩家在线，无需广播状态同步消息
2025-11-22 22:20:49.9293 (StateSyncRequestHandler.cs:36) 当前没有其他玩家在线，无需广播状态同步消息
2025-11-22 22:20:50.0308 (StateSyncRequestHandler.cs:36) 当前没有其他玩家在线，无需广播状态同步消息
2025-11-22 22:20:50.1297 (StateSyncRequestHandler.cs:36) 当前没有其他玩家在线，无需广播状态同步消息
2025-11-22 22:20:50.2311 (StateSyncRequestHandler.cs:36) 当前没有其他玩家在线，无需广播状态同步消息
2025-11-22 22:20:50.3291 (StateSyncRequestHandler.cs:36) 当前没有其他玩家在线，无需广播状态同步消息
2025-11-22 22:20:50.4249 (StateSyncRequestHandler.cs:36) 当前没有其他玩家在线，无需广播状态同步消息
2025-11-22 22:20:50.5256 (StateSyncRequestHandler.cs:36) 当前没有其他玩家在线，无需广播状态同步消息
2025-11-22 22:20:50.6324 (StateSyncRequestHandler.cs:36) 当前没有其他玩家在线，无需广播状态同步消息
2025-11-22 22:20:50.7317 (StateSyncRequestHandler.cs:36) 当前没有其他玩家在线，无需广播状态同步消息
2025-11-22 22:20:53.0350 (StateSyncRequestHandler.cs:36) 当前没有其他玩家在线，无需广播状态同步消息
2025-11-22 22:20:53.1287 (StateSyncRequestHandler.cs:36) 当前没有其他玩家在线，无需广播状态同步消息
2025-11-22 22:20:53.2257 (StateSyncRequestHandler.cs:36) 当前没有其他玩家在线，无需广播状态同步消息
2025-11-22 22:20:53.3249 (StateSyncRequestHandler.cs:36) 当前没有其他玩家在线，无需广播状态同步消息
2025-11-22 22:20:53.4272 (StateSyncRequestHandler.cs:36) 当前没有其他玩家在线，无需广播状态同步消息
2025-11-22 22:20:53.8312 (StateSyncRequestHandler.cs:36) 当前没有其他玩家在线，无需广播状态同步消息
2025-11-22 22:20:53.9260 (StateSyncRequestHandler.cs:36) 当前没有其他玩家在线，无需广播状态同步消息
2025-11-22 22:20:54.0316 (StateSyncRequestHandler.cs:36) 当前没有其他玩家在线，无需广播状态同步消息
2025-11-22 22:20:54.1301 (StateSyncRequestHandler.cs:36) 当前没有其他玩家在线，无需广播状态同步消息
2025-11-22 22:20:54.2351 (StateSyncRequestHandler.cs:36) 当前没有其他玩家在线，无需广播状态同步消息
2025-11-22 22:21:10.0606 (LoginRequestHandler.cs:98) 向ID:483297964113264641发送其他玩家登录请求
2025-11-22 22:21:25.3532 (LobbyPlayerManagerComponentSystem.cs:66) 不存在玩家ID : 0
2025-11-22 22:21:25.3532 (SessionDisposeComponentSystem.cs:18) 玩家下线失败，玩家ID:0
2025-11-22 22:23:05.9026 (LoginRequestHandler.cs:85) 当前没有其他玩家在线，无需广播
2025-11-22 22:23:07.3240 (StateSyncRequestHandler.cs:36) 当前没有其他玩家在线，无需广播状态同步消息
2025-11-22 22:23:07.3760 (StateSyncRequestHandler.cs:36) 当前没有其他玩家在线，无需广播状态同步消息
2025-11-22 22:23:07.4834 (StateSyncRequestHandler.cs:36) 当前没有其他玩家在线，无需广播状态同步消息
2025-11-22 22:23:07.5767 (StateSyncRequestHandler.cs:36) 当前没有其他玩家在线，无需广播状态同步消息
2025-11-22 22:23:07.6697 (StateSyncRequestHandler.cs:36) 当前没有其他玩家在线，无需广播状态同步消息
2025-11-22 22:23:07.7790 (StateSyncRequestHandler.cs:36) 当前没有其他玩家在线，无需广播状态同步消息
2025-11-22 22:23:07.8711 (StateSyncRequestHandler.cs:36) 当前没有其他玩家在线，无需广播状态同步消息
2025-11-22 22:23:07.9830 (StateSyncRequestHandler.cs:36) 当前没有其他玩家在线，无需广播状态同步消息
2025-11-22 22:23:08.0760 (StateSyncRequestHandler.cs:36) 当前没有其他玩家在线，无需广播状态同步消息
2025-11-22 22:23:08.1822 (StateSyncRequestHandler.cs:36) 当前没有其他玩家在线，无需广播状态同步消息
2025-11-22 22:23:08.2949 (StateSyncRequestHandler.cs:36) 当前没有其他玩家在线，无需广播状态同步消息
2025-11-22 22:23:08.3702 (StateSyncRequestHandler.cs:36) 当前没有其他玩家在线，无需广播状态同步消息
2025-11-22 22:23:08.4779 (StateSyncRequestHandler.cs:36) 当前没有其他玩家在线，无需广播状态同步消息
2025-11-22 22:23:08.5862 (StateSyncRequestHandler.cs:36) 当前没有其他玩家在线，无需广播状态同步消息
2025-11-22 22:23:08.6791 (StateSyncRequestHandler.cs:36) 当前没有其他玩家在线，无需广播状态同步消息
2025-11-22 22:23:13.3561 (LoginRequestHandler.cs:98) 向ID:483300386474819585发送其他玩家登录请求
2025-11-22 22:23:22.0417 (SessionDisposeComponentSystem.cs:51) 向玩家ID:482734309785206785 发送玩家ID:482736422909116417下线消息
2025-11-22 22:23:22.1998 (SessionDisposeComponentSystem.cs:57) 玩家ID:482736422909116417 下线成功 , 下线位置:x:0, y:0, z:0
2025-11-22 22:23:41.7969 (LoginRequestHandler.cs:98) 向ID:483300386474819585发送其他玩家登录请求
2025-11-22 22:23:58.8131 (SessionDisposeComponentSystem.cs:51) 向玩家ID:482736422909116417 发送玩家ID:482734309785206785下线消息
2025-11-22 22:23:58.8201 (SessionDisposeComponentSystem.cs:57) 玩家ID:482734309785206785 下线成功 , 下线位置:x:0, y:0, z:0
2025-11-22 22:24:02.6061 (SessionDisposeComponentSystem.cs:27) 当前服务器上没有其他玩家在线，无需广播下线消息
2025-11-22 22:24:02.6061 (SessionDisposeComponentSystem.cs:28) 玩家ID:482736422909116417 下线成功
2025-11-22 22:26:01.2764 (LoginRequestHandler.cs:85) 当前没有其他玩家在线，无需广播
2025-11-22 22:26:02.1733 (StateSyncRequestHandler.cs:36) 当前没有其他玩家在线，无需广播状态同步消息
2025-11-22 22:26:02.2463 (StateSyncRequestHandler.cs:36) 当前没有其他玩家在线，无需广播状态同步消息
2025-11-22 22:26:02.4474 (StateSyncRequestHandler.cs:36) 当前没有其他玩家在线，无需广播状态同步消息
2025-11-22 22:26:02.5550 (StateSyncRequestHandler.cs:36) 当前没有其他玩家在线，无需广播状态同步消息
2025-11-22 22:26:02.6492 (StateSyncRequestHandler.cs:36) 当前没有其他玩家在线，无需广播状态同步消息
2025-11-22 22:26:02.7583 (StateSyncRequestHandler.cs:36) 当前没有其他玩家在线，无需广播状态同步消息
2025-11-22 22:26:02.8493 (StateSyncRequestHandler.cs:36) 当前没有其他玩家在线，无需广播状态同步消息
2025-11-22 22:26:02.9567 (StateSyncRequestHandler.cs:36) 当前没有其他玩家在线，无需广播状态同步消息
2025-11-22 22:26:03.0517 (StateSyncRequestHandler.cs:36) 当前没有其他玩家在线，无需广播状态同步消息
2025-11-22 22:26:03.1604 (StateSyncRequestHandler.cs:36) 当前没有其他玩家在线，无需广播状态同步消息
2025-11-22 22:26:03.2522 (StateSyncRequestHandler.cs:36) 当前没有其他玩家在线，无需广播状态同步消息
2025-11-22 22:26:03.3451 (StateSyncRequestHandler.cs:36) 当前没有其他玩家在线，无需广播状态同步消息
2025-11-22 22:26:03.4570 (StateSyncRequestHandler.cs:36) 当前没有其他玩家在线，无需广播状态同步消息
2025-11-22 22:26:03.5497 (StateSyncRequestHandler.cs:36) 当前没有其他玩家在线，无需广播状态同步消息
2025-11-22 22:26:03.6572 (StateSyncRequestHandler.cs:36) 当前没有其他玩家在线，无需广播状态同步消息
2025-11-22 22:26:03.7500 (StateSyncRequestHandler.cs:36) 当前没有其他玩家在线，无需广播状态同步消息
2025-11-22 22:26:03.8603 (StateSyncRequestHandler.cs:36) 当前没有其他玩家在线，无需广播状态同步消息
2025-11-22 22:26:03.9376 (StateSyncRequestHandler.cs:36) 当前没有其他玩家在线，无需广播状态同步消息
2025-11-22 22:26:04.0468 (StateSyncRequestHandler.cs:36) 当前没有其他玩家在线，无需广播状态同步消息
2025-11-22 22:26:04.1397 (StateSyncRequestHandler.cs:36) 当前没有其他玩家在线，无需广播状态同步消息
2025-11-22 22:26:04.2489 (StateSyncRequestHandler.cs:36) 当前没有其他玩家在线，无需广播状态同步消息
2025-11-22 22:26:04.3569 (StateSyncRequestHandler.cs:36) 当前没有其他玩家在线，无需广播状态同步消息
2025-11-22 22:26:04.4502 (StateSyncRequestHandler.cs:36) 当前没有其他玩家在线，无需广播状态同步消息
2025-11-22 22:26:04.5606 (StateSyncRequestHandler.cs:36) 当前没有其他玩家在线，无需广播状态同步消息
2025-11-22 22:26:04.6526 (StateSyncRequestHandler.cs:36) 当前没有其他玩家在线，无需广播状态同步消息
2025-11-22 22:26:04.7468 (StateSyncRequestHandler.cs:36) 当前没有其他玩家在线，无需广播状态同步消息
2025-11-22 22:26:04.8563 (StateSyncRequestHandler.cs:36) 当前没有其他玩家在线，无需广播状态同步消息
2025-11-22 22:26:04.9500 (StateSyncRequestHandler.cs:36) 当前没有其他玩家在线，无需广播状态同步消息
2025-11-22 22:26:05.0583 (StateSyncRequestHandler.cs:36) 当前没有其他玩家在线，无需广播状态同步消息
2025-11-22 22:26:05.1499 (StateSyncRequestHandler.cs:36) 当前没有其他玩家在线，无需广播状态同步消息
2025-11-22 22:26:05.2572 (StateSyncRequestHandler.cs:36) 当前没有其他玩家在线，无需广播状态同步消息
2025-11-22 22:26:05.3517 (StateSyncRequestHandler.cs:36) 当前没有其他玩家在线，无需广播状态同步消息
2025-11-22 22:26:05.4602 (StateSyncRequestHandler.cs:36) 当前没有其他玩家在线，无需广播状态同步消息
2025-11-22 22:26:05.5522 (StateSyncRequestHandler.cs:36) 当前没有其他玩家在线，无需广播状态同步消息
2025-11-22 22:26:05.6460 (StateSyncRequestHandler.cs:36) 当前没有其他玩家在线，无需广播状态同步消息
2025-11-22 22:26:05.7385 (StateSyncRequestHandler.cs:36) 当前没有其他玩家在线，无需广播状态同步消息
2025-11-22 22:26:05.8473 (StateSyncRequestHandler.cs:36) 当前没有其他玩家在线，无需广播状态同步消息
2025-11-22 22:26:05.9566 (StateSyncRequestHandler.cs:36) 当前没有其他玩家在线，无需广播状态同步消息
2025-11-22 22:26:06.0495 (StateSyncRequestHandler.cs:36) 当前没有其他玩家在线，无需广播状态同步消息
2025-11-22 22:26:06.1427 (StateSyncRequestHandler.cs:36) 当前没有其他玩家在线，无需广播状态同步消息
2025-11-22 22:26:06.2536 (StateSyncRequestHandler.cs:36) 当前没有其他玩家在线，无需广播状态同步消息
2025-11-22 22:26:06.3488 (StateSyncRequestHandler.cs:36) 当前没有其他玩家在线，无需广播状态同步消息
2025-11-22 22:26:06.4440 (StateSyncRequestHandler.cs:36) 当前没有其他玩家在线，无需广播状态同步消息
2025-11-22 22:26:17.4275 (LoginRequestHandler.cs:98) 向ID:483303410131795968发送其他玩家登录请求
2025-11-22 22:26:27.1545 (SessionDisposeComponentSystem.cs:51) 向玩家ID:482734309785206785 发送玩家ID:482736422909116417下线消息
2025-11-22 22:26:27.3169 (SessionDisposeComponentSystem.cs:58) 玩家ID:482736422909116417 下线成功 , 下线位置:x:0, y:0, z:0
2025-11-22 22:27:23.6477 (LoginRequestHandler.cs:85) 当前没有其他玩家在线，无需广播
2025-11-22 22:27:24.8166 (StateSyncRequestHandler.cs:36) 当前没有其他玩家在线，无需广播状态同步消息
2025-11-22 22:27:24.8998 (StateSyncRequestHandler.cs:36) 当前没有其他玩家在线，无需广播状态同步消息
2025-11-22 22:27:24.9988 (StateSyncRequestHandler.cs:36) 当前没有其他玩家在线，无需广播状态同步消息
2025-11-22 22:27:25.1032 (StateSyncRequestHandler.cs:36) 当前没有其他玩家在线，无需广播状态同步消息
2025-11-22 22:27:25.1960 (StateSyncRequestHandler.cs:36) 当前没有其他玩家在线，无需广播状态同步消息
2025-11-22 22:27:25.2990 (StateSyncRequestHandler.cs:36) 当前没有其他玩家在线，无需广播状态同步消息
2025-11-22 22:27:25.4003 (StateSyncRequestHandler.cs:36) 当前没有其他玩家在线，无需广播状态同步消息
2025-11-22 22:27:25.5051 (StateSyncRequestHandler.cs:36) 当前没有其他玩家在线，无需广播状态同步消息
2025-11-22 22:27:25.5954 (StateSyncRequestHandler.cs:36) 当前没有其他玩家在线，无需广播状态同步消息
2025-11-22 22:27:25.6967 (StateSyncRequestHandler.cs:36) 当前没有其他玩家在线，无需广播状态同步消息
2025-11-22 22:27:25.7977 (StateSyncRequestHandler.cs:36) 当前没有其他玩家在线，无需广播状态同步消息
2025-11-22 22:27:25.8980 (StateSyncRequestHandler.cs:36) 当前没有其他玩家在线，无需广播状态同步消息
2025-11-22 22:27:25.9973 (StateSyncRequestHandler.cs:36) 当前没有其他玩家在线，无需广播状态同步消息
2025-11-22 22:27:26.0935 (StateSyncRequestHandler.cs:36) 当前没有其他玩家在线，无需广播状态同步消息
2025-11-22 22:27:26.1960 (StateSyncRequestHandler.cs:36) 当前没有其他玩家在线，无需广播状态同步消息
2025-11-22 22:27:26.2982 (StateSyncRequestHandler.cs:36) 当前没有其他玩家在线，无需广播状态同步消息
2025-11-22 22:27:26.3985 (StateSyncRequestHandler.cs:36) 当前没有其他玩家在线，无需广播状态同步消息
2025-11-22 22:27:26.4973 (StateSyncRequestHandler.cs:36) 当前没有其他玩家在线，无需广播状态同步消息
2025-11-22 22:27:26.6039 (StateSyncRequestHandler.cs:36) 当前没有其他玩家在线，无需广播状态同步消息
2025-11-22 22:27:26.6976 (StateSyncRequestHandler.cs:36) 当前没有其他玩家在线，无需广播状态同步消息
2025-11-22 22:27:26.7973 (StateSyncRequestHandler.cs:36) 当前没有其他玩家在线，无需广播状态同步消息
2025-11-22 22:27:26.8998 (StateSyncRequestHandler.cs:36) 当前没有其他玩家在线，无需广播状态同步消息
2025-11-22 22:27:26.9987 (StateSyncRequestHandler.cs:36) 当前没有其他玩家在线，无需广播状态同步消息
2025-11-22 22:27:27.0927 (StateSyncRequestHandler.cs:36) 当前没有其他玩家在线，无需广播状态同步消息
2025-11-22 22:27:28.2376 (SessionDisposeComponentSystem.cs:27) 当前服务器上没有其他玩家在线，无需广播下线消息
2025-11-22 22:27:28.2376 (SessionDisposeComponentSystem.cs:28) 玩家ID:482734309785206785 下线成功
2025-11-22 22:30:08.0594 (LoginRequestHandler.cs:85) 当前没有其他玩家在线，无需广播
2025-11-22 22:30:08.9920 (StateSyncRequestHandler.cs:36) 当前没有其他玩家在线，无需广播状态同步消息
2025-11-22 22:30:09.0648 (StateSyncRequestHandler.cs:36) 当前没有其他玩家在线，无需广播状态同步消息
2025-11-22 22:30:09.1720 (StateSyncRequestHandler.cs:36) 当前没有其他玩家在线，无需广播状态同步消息
2025-11-22 22:30:09.2648 (StateSyncRequestHandler.cs:36) 当前没有其他玩家在线，无需广播状态同步消息
2025-11-22 22:30:09.3720 (StateSyncRequestHandler.cs:36) 当前没有其他玩家在线，无需广播状态同步消息
2025-11-22 22:30:09.4798 (StateSyncRequestHandler.cs:36) 当前没有其他玩家在线，无需广播状态同步消息
2025-11-22 22:30:09.5730 (StateSyncRequestHandler.cs:36) 当前没有其他玩家在线，无需广播状态同步消息
2025-11-22 22:30:09.6651 (StateSyncRequestHandler.cs:36) 当前没有其他玩家在线，无需广播状态同步消息
2025-11-22 22:30:09.7749 (StateSyncRequestHandler.cs:36) 当前没有其他玩家在线，无需广播状态同步消息
2025-11-22 22:30:09.8694 (StateSyncRequestHandler.cs:36) 当前没有其他玩家在线，无需广播状态同步消息
2025-11-22 22:30:09.9776 (StateSyncRequestHandler.cs:36) 当前没有其他玩家在线，无需广播状态同步消息
2025-11-22 22:30:10.0803 (StateSyncRequestHandler.cs:36) 当前没有其他玩家在线，无需广播状态同步消息
2025-11-22 22:30:20.1096 (LoginRequestHandler.cs:98) 向ID:483307653559484416发送其他玩家登录请求
2025-11-22 22:32:47.1324 (LoginRequestHandler.cs:85) 当前没有其他玩家在线，无需广播
2025-11-22 22:32:47.9273 (StateSyncRequestHandler.cs:36) 当前没有其他玩家在线，无需广播状态同步消息
2025-11-22 22:32:48.0063 (StateSyncRequestHandler.cs:36) 当前没有其他玩家在线，无需广播状态同步消息
2025-11-22 22:32:48.1070 (StateSyncRequestHandler.cs:36) 当前没有其他玩家在线，无需广播状态同步消息
2025-11-22 22:32:48.2082 (StateSyncRequestHandler.cs:36) 当前没有其他玩家在线，无需广播状态同步消息
2025-11-22 22:32:48.3125 (StateSyncRequestHandler.cs:36) 当前没有其他玩家在线，无需广播状态同步消息
2025-11-22 22:32:48.4077 (StateSyncRequestHandler.cs:36) 当前没有其他玩家在线，无需广播状态同步消息
2025-11-22 22:32:48.5062 (StateSyncRequestHandler.cs:36) 当前没有其他玩家在线，无需广播状态同步消息
2025-11-22 22:32:48.6145 (StateSyncRequestHandler.cs:36) 当前没有其他玩家在线，无需广播状态同步消息
2025-11-22 22:32:48.7084 (StateSyncRequestHandler.cs:36) 当前没有其他玩家在线，无需广播状态同步消息
2025-11-22 22:32:48.8070 (StateSyncRequestHandler.cs:36) 当前没有其他玩家在线，无需广播状态同步消息
2025-11-22 22:32:48.9070 (StateSyncRequestHandler.cs:36) 当前没有其他玩家在线，无需广播状态同步消息
2025-11-22 22:32:49.0160 (StateSyncRequestHandler.cs:36) 当前没有其他玩家在线，无需广播状态同步消息
2025-11-22 22:32:49.1091 (StateSyncRequestHandler.cs:36) 当前没有其他玩家在线，无需广播状态同步消息
2025-11-22 22:32:49.2079 (StateSyncRequestHandler.cs:36) 当前没有其他玩家在线，无需广播状态同步消息
2025-11-22 22:32:49.3079 (StateSyncRequestHandler.cs:36) 当前没有其他玩家在线，无需广播状态同步消息
2025-11-22 22:32:49.4115 (StateSyncRequestHandler.cs:36) 当前没有其他玩家在线，无需广播状态同步消息
2025-11-22 22:32:49.5159 (StateSyncRequestHandler.cs:36) 当前没有其他玩家在线，无需广播状态同步消息
2025-11-22 22:32:49.6122 (StateSyncRequestHandler.cs:36) 当前没有其他玩家在线，无需广播状态同步消息
2025-11-22 22:32:49.7158 (StateSyncRequestHandler.cs:36) 当前没有其他玩家在线，无需广播状态同步消息
2025-11-22 22:32:49.8066 (StateSyncRequestHandler.cs:36) 当前没有其他玩家在线，无需广播状态同步消息
2025-11-22 22:32:49.9113 (StateSyncRequestHandler.cs:36) 当前没有其他玩家在线，无需广播状态同步消息
2025-11-22 22:32:50.0119 (StateSyncRequestHandler.cs:36) 当前没有其他玩家在线，无需广播状态同步消息
2025-11-22 22:32:50.1121 (StateSyncRequestHandler.cs:36) 当前没有其他玩家在线，无需广播状态同步消息
2025-11-22 22:32:50.2094 (StateSyncRequestHandler.cs:36) 当前没有其他玩家在线，无需广播状态同步消息
2025-11-22 22:32:50.3135 (StateSyncRequestHandler.cs:36) 当前没有其他玩家在线，无需广播状态同步消息
2025-11-22 22:32:50.4106 (StateSyncRequestHandler.cs:36) 当前没有其他玩家在线，无需广播状态同步消息
2025-11-22 22:32:50.5083 (StateSyncRequestHandler.cs:36) 当前没有其他玩家在线，无需广播状态同步消息
2025-11-22 22:32:50.6069 (StateSyncRequestHandler.cs:36) 当前没有其他玩家在线，无需广播状态同步消息
2025-11-22 22:32:50.7084 (StateSyncRequestHandler.cs:36) 当前没有其他玩家在线，无需广播状态同步消息
2025-11-22 22:32:50.8113 (StateSyncRequestHandler.cs:36) 当前没有其他玩家在线，无需广播状态同步消息
2025-11-22 22:32:50.9078 (StateSyncRequestHandler.cs:36) 当前没有其他玩家在线，无需广播状态同步消息
2025-11-22 22:32:51.0061 (StateSyncRequestHandler.cs:36) 当前没有其他玩家在线，无需广播状态同步消息
2025-11-22 22:32:51.1045 (StateSyncRequestHandler.cs:36) 当前没有其他玩家在线，无需广播状态同步消息
2025-11-22 22:32:51.2050 (StateSyncRequestHandler.cs:36) 当前没有其他玩家在线，无需广播状态同步消息
2025-11-22 22:32:51.3104 (StateSyncRequestHandler.cs:36) 当前没有其他玩家在线，无需广播状态同步消息
2025-11-22 22:32:51.4099 (StateSyncRequestHandler.cs:36) 当前没有其他玩家在线，无需广播状态同步消息
2025-11-22 22:32:51.5054 (StateSyncRequestHandler.cs:36) 当前没有其他玩家在线，无需广播状态同步消息
2025-11-22 22:32:51.6101 (StateSyncRequestHandler.cs:36) 当前没有其他玩家在线，无需广播状态同步消息
2025-11-22 22:32:51.7059 (StateSyncRequestHandler.cs:36) 当前没有其他玩家在线，无需广播状态同步消息
2025-11-22 22:32:51.8102 (StateSyncRequestHandler.cs:36) 当前没有其他玩家在线，无需广播状态同步消息
2025-11-22 22:32:51.9147 (StateSyncRequestHandler.cs:36) 当前没有其他玩家在线，无需广播状态同步消息
2025-11-22 22:32:53.1130 (StateSyncRequestHandler.cs:36) 当前没有其他玩家在线，无需广播状态同步消息
2025-11-22 22:32:53.2061 (StateSyncRequestHandler.cs:36) 当前没有其他玩家在线，无需广播状态同步消息
2025-11-22 22:32:53.3142 (StateSyncRequestHandler.cs:36) 当前没有其他玩家在线，无需广播状态同步消息
2025-11-22 22:32:53.4057 (StateSyncRequestHandler.cs:36) 当前没有其他玩家在线，无需广播状态同步消息
2025-11-22 22:32:53.5141 (StateSyncRequestHandler.cs:36) 当前没有其他玩家在线，无需广播状态同步消息
2025-11-22 22:32:53.6061 (StateSyncRequestHandler.cs:36) 当前没有其他玩家在线，无需广播状态同步消息
2025-11-22 22:32:53.7144 (StateSyncRequestHandler.cs:36) 当前没有其他玩家在线，无需广播状态同步消息
2025-11-22 22:32:53.8112 (StateSyncRequestHandler.cs:36) 当前没有其他玩家在线，无需广播状态同步消息
2025-11-22 22:32:53.9070 (StateSyncRequestHandler.cs:36) 当前没有其他玩家在线，无需广播状态同步消息
2025-11-22 22:32:54.0145 (StateSyncRequestHandler.cs:36) 当前没有其他玩家在线，无需广播状态同步消息
2025-11-22 22:32:54.1144 (StateSyncRequestHandler.cs:36) 当前没有其他玩家在线，无需广播状态同步消息
2025-11-22 22:32:54.2102 (StateSyncRequestHandler.cs:36) 当前没有其他玩家在线，无需广播状态同步消息
2025-11-22 22:32:54.3118 (StateSyncRequestHandler.cs:36) 当前没有其他玩家在线，无需广播状态同步消息
2025-11-22 22:32:54.4149 (StateSyncRequestHandler.cs:36) 当前没有其他玩家在线，无需广播状态同步消息
2025-11-22 22:32:55.7024 (SessionDisposeComponentSystem.cs:28) 当前服务器上没有其他玩家在线，无需广播下线消息
2025-11-22 22:32:55.7024 (SessionDisposeComponentSystem.cs:29) 玩家ID:482734309785206785 下线成功
2025-11-22 22:32:55.7690 (SessionDisposeComponentSystem.cs:32) 玩家ID:482734309785206785 下线成功 , 下线位置:x:0, y:0, z:0
2025-11-22 22:33:10.3386 (LoginRequestHandler.cs:85) 当前没有其他玩家在线，无需广播
2025-11-22 22:33:12.1787 (SessionDisposeComponentSystem.cs:28) 当前服务器上没有其他玩家在线，无需广播下线消息
2025-11-22 22:33:12.1787  玩家ID:482734309785206785 下线成功
2025-11-22 22:33:12.1787  玩家ID:482734309785206785 下线成功 , 下线位置:x:0, y:0, z:0
2025-11-22 22:38:48.0538 (LoginRequestHandler.cs:85) 当前没有其他玩家在线，无需广播
2025-11-22 22:38:48.9693 (StateSyncRequestHandler.cs:36) 当前没有其他玩家在线，无需广播状态同步消息
2025-11-22 22:38:49.0522 (StateSyncRequestHandler.cs:36) 当前没有其他玩家在线，无需广播状态同步消息
2025-11-22 22:38:49.1536 (StateSyncRequestHandler.cs:36) 当前没有其他玩家在线，无需广播状态同步消息
2025-11-22 22:38:49.2508 (StateSyncRequestHandler.cs:36) 当前没有其他玩家在线，无需广播状态同步消息
2025-11-22 22:38:49.3456 (StateSyncRequestHandler.cs:36) 当前没有其他玩家在线，无需广播状态同步消息
2025-11-22 22:38:49.4530 (StateSyncRequestHandler.cs:36) 当前没有其他玩家在线，无需广播状态同步消息
2025-11-22 22:38:49.5485 (StateSyncRequestHandler.cs:36) 当前没有其他玩家在线，无需广播状态同步消息
2025-11-22 22:38:49.6461 (StateSyncRequestHandler.cs:36) 当前没有其他玩家在线，无需广播状态同步消息
2025-11-22 22:38:49.7512 (StateSyncRequestHandler.cs:36) 当前没有其他玩家在线，无需广播状态同步消息
2025-11-22 22:38:49.8503 (StateSyncRequestHandler.cs:36) 当前没有其他玩家在线，无需广播状态同步消息
2025-11-22 22:38:49.9478 (StateSyncRequestHandler.cs:36) 当前没有其他玩家在线，无需广播状态同步消息
2025-11-22 22:38:50.0473 (StateSyncRequestHandler.cs:36) 当前没有其他玩家在线，无需广播状态同步消息
2025-11-22 22:38:50.1483 (StateSyncRequestHandler.cs:36) 当前没有其他玩家在线，无需广播状态同步消息
2025-11-22 22:38:50.2523 (StateSyncRequestHandler.cs:36) 当前没有其他玩家在线，无需广播状态同步消息
2025-11-22 22:38:50.3483 (StateSyncRequestHandler.cs:36) 当前没有其他玩家在线，无需广播状态同步消息
2025-11-22 22:38:50.4489 (StateSyncRequestHandler.cs:36) 当前没有其他玩家在线，无需广播状态同步消息
2025-11-22 22:38:50.5451 (StateSyncRequestHandler.cs:36) 当前没有其他玩家在线，无需广播状态同步消息
2025-11-22 22:38:50.6457 (StateSyncRequestHandler.cs:36) 当前没有其他玩家在线，无需广播状态同步消息
2025-11-22 22:38:50.7480 (StateSyncRequestHandler.cs:36) 当前没有其他玩家在线，无需广播状态同步消息
2025-11-22 22:38:50.8462 (StateSyncRequestHandler.cs:36) 当前没有其他玩家在线，无需广播状态同步消息
2025-11-22 22:38:50.9481 (StateSyncRequestHandler.cs:36) 当前没有其他玩家在线，无需广播状态同步消息
2025-11-22 22:38:51.0518 (StateSyncRequestHandler.cs:36) 当前没有其他玩家在线，无需广播状态同步消息
2025-11-22 22:38:51.1518 (StateSyncRequestHandler.cs:36) 当前没有其他玩家在线，无需广播状态同步消息
2025-11-22 22:38:51.2508 (StateSyncRequestHandler.cs:36) 当前没有其他玩家在线，无需广播状态同步消息
2025-11-22 22:38:51.3486 (StateSyncRequestHandler.cs:36) 当前没有其他玩家在线，无需广播状态同步消息
2025-11-22 22:38:51.4487 (StateSyncRequestHandler.cs:36) 当前没有其他玩家在线，无需广播状态同步消息
2025-11-22 22:38:51.5518 (StateSyncRequestHandler.cs:36) 当前没有其他玩家在线，无需广播状态同步消息
2025-11-22 22:38:51.6437 (StateSyncRequestHandler.cs:36) 当前没有其他玩家在线，无需广播状态同步消息
2025-11-22 22:38:51.7421 (StateSyncRequestHandler.cs:36) 当前没有其他玩家在线，无需广播状态同步消息
2025-11-22 22:38:51.8522 (StateSyncRequestHandler.cs:36) 当前没有其他玩家在线，无需广播状态同步消息
2025-11-22 22:38:51.9509 (StateSyncRequestHandler.cs:36) 当前没有其他玩家在线，无需广播状态同步消息
2025-11-22 22:38:52.7489 (StateSyncRequestHandler.cs:36) 当前没有其他玩家在线，无需广播状态同步消息
2025-11-22 22:38:52.8488 (StateSyncRequestHandler.cs:36) 当前没有其他玩家在线，无需广播状态同步消息
2025-11-22 22:38:52.9519 (StateSyncRequestHandler.cs:36) 当前没有其他玩家在线，无需广播状态同步消息
2025-11-22 22:38:53.0470 (StateSyncRequestHandler.cs:36) 当前没有其他玩家在线，无需广播状态同步消息
2025-11-22 22:38:53.1445 (StateSyncRequestHandler.cs:36) 当前没有其他玩家在线，无需广播状态同步消息
2025-11-22 22:38:53.2431 (StateSyncRequestHandler.cs:36) 当前没有其他玩家在线，无需广播状态同步消息
2025-11-22 22:38:53.3442 (StateSyncRequestHandler.cs:36) 当前没有其他玩家在线，无需广播状态同步消息
2025-11-22 22:38:53.4468 (StateSyncRequestHandler.cs:36) 当前没有其他玩家在线，无需广播状态同步消息
2025-11-22 22:38:53.5519 (StateSyncRequestHandler.cs:36) 当前没有其他玩家在线，无需广播状态同步消息
2025-11-22 22:38:53.6503 (StateSyncRequestHandler.cs:36) 当前没有其他玩家在线，无需广播状态同步消息
2025-11-22 22:38:53.7500 (StateSyncRequestHandler.cs:36) 当前没有其他玩家在线，无需广播状态同步消息
2025-11-22 22:38:53.8467 (StateSyncRequestHandler.cs:36) 当前没有其他玩家在线，无需广播状态同步消息
2025-11-22 22:38:53.9430 (StateSyncRequestHandler.cs:36) 当前没有其他玩家在线，无需广播状态同步消息
2025-11-22 22:38:54.0454 (StateSyncRequestHandler.cs:36) 当前没有其他玩家在线，无需广播状态同步消息
2025-11-22 22:38:54.1457 (StateSyncRequestHandler.cs:36) 当前没有其他玩家在线，无需广播状态同步消息
2025-11-22 22:38:54.3445 (StateSyncRequestHandler.cs:36) 当前没有其他玩家在线，无需广播状态同步消息
2025-11-22 22:38:54.4510 (StateSyncRequestHandler.cs:36) 当前没有其他玩家在线，无需广播状态同步消息
2025-11-22 22:38:54.6417 (StateSyncRequestHandler.cs:36) 当前没有其他玩家在线，无需广播状态同步消息
2025-11-22 22:38:54.7487 (StateSyncRequestHandler.cs:36) 当前没有其他玩家在线，无需广播状态同步消息
2025-11-22 22:38:54.8498 (StateSyncRequestHandler.cs:36) 当前没有其他玩家在线，无需广播状态同步消息
2025-11-22 22:38:54.9513 (StateSyncRequestHandler.cs:36) 当前没有其他玩家在线，无需广播状态同步消息
2025-11-22 22:38:55.0518 (StateSyncRequestHandler.cs:36) 当前没有其他玩家在线，无需广播状态同步消息
2025-11-22 22:38:55.4476 (StateSyncRequestHandler.cs:36) 当前没有其他玩家在线，无需广播状态同步消息
2025-11-22 22:38:55.5535 (StateSyncRequestHandler.cs:36) 当前没有其他玩家在线，无需广播状态同步消息
2025-11-22 22:38:55.6479 (StateSyncRequestHandler.cs:36) 当前没有其他玩家在线，无需广播状态同步消息
2025-11-22 22:38:56.0446 (StateSyncRequestHandler.cs:36) 当前没有其他玩家在线，无需广播状态同步消息
2025-11-22 22:38:56.1503 (StateSyncRequestHandler.cs:36) 当前没有其他玩家在线，无需广播状态同步消息
2025-11-22 22:38:57.7798 (SessionDisposeComponentSystem.cs:28) 当前服务器上没有其他玩家在线，无需广播下线消息
2025-11-22 22:38:57.7798 (SessionDisposeComponentSystem.cs:29) 玩家ID:482734309785206785 下线成功
2025-11-22 22:38:57.8488 (SessionDisposeComponentSystem.cs:32) 玩家ID:482734309785206785 下线成功 , 下线位置:x:-9.857007, y:0, z:-0.5755128
2025-11-22 22:39:05.2427  当前没有其他玩家在线，无需广播
2025-11-22 22:39:07.6715  当前没有其他玩家在线，无需广播状态同步消息
2025-11-22 22:39:07.7716  当前没有其他玩家在线，无需广播状态同步消息
2025-11-22 22:39:07.8682  当前没有其他玩家在线，无需广播状态同步消息
2025-11-22 22:39:29.7033  向ID:483316879149236225发送其他玩家登录请求
2025-11-22 22:39:34.0140  向玩家ID:482734309785206785 发送玩家ID:482736422909116417下线消息
2025-11-22 22:39:34.0140  玩家ID:482736422909116417 下线成功 , 下线位置:x:-1.2844876, y:0, z:0.79524
2025-11-22 22:39:44.4718  当前服务器上没有其他玩家在线，无需广播下线消息
2025-11-22 22:39:44.4718  玩家ID:482734309785206785 下线成功
2025-11-22 22:39:44.4718  玩家ID:482734309785206785 下线成功 , 下线位置:x:-0.39999998, y:0, z:0
2025-11-22 22:52:48.8069 (LoginRequestHandler.cs:71) 玩家上次上线位置：x:0, y:0, z:0
2025-11-22 22:52:48.8069 (LoginRequestHandler.cs:87) 当前没有其他玩家在线，无需广播
2025-11-22 22:52:49.6964 (StateSyncRequestHandler.cs:36) 当前没有其他玩家在线，无需广播状态同步消息
2025-11-22 22:52:49.7838 (StateSyncRequestHandler.cs:36) 当前没有其他玩家在线，无需广播状态同步消息
2025-11-22 22:52:49.8789 (StateSyncRequestHandler.cs:36) 当前没有其他玩家在线，无需广播状态同步消息
2025-11-22 22:52:49.9782 (StateSyncRequestHandler.cs:36) 当前没有其他玩家在线，无需广播状态同步消息
2025-11-22 22:52:50.0865 (StateSyncRequestHandler.cs:36) 当前没有其他玩家在线，无需广播状态同步消息
2025-11-22 22:52:50.1852 (StateSyncRequestHandler.cs:36) 当前没有其他玩家在线，无需广播状态同步消息
2025-11-22 22:52:50.2786 (StateSyncRequestHandler.cs:36) 当前没有其他玩家在线，无需广播状态同步消息
2025-11-22 22:52:50.3807 (StateSyncRequestHandler.cs:36) 当前没有其他玩家在线，无需广播状态同步消息
2025-11-22 22:52:50.4808 (StateSyncRequestHandler.cs:36) 当前没有其他玩家在线，无需广播状态同步消息
2025-11-22 22:52:50.5836 (StateSyncRequestHandler.cs:36) 当前没有其他玩家在线，无需广播状态同步消息
2025-11-22 22:52:50.6829 (StateSyncRequestHandler.cs:36) 当前没有其他玩家在线，无需广播状态同步消息
2025-11-22 22:52:50.7830 (StateSyncRequestHandler.cs:36) 当前没有其他玩家在线，无需广播状态同步消息
2025-11-22 22:52:50.8873 (StateSyncRequestHandler.cs:36) 当前没有其他玩家在线，无需广播状态同步消息
2025-11-22 22:52:50.9839 (StateSyncRequestHandler.cs:36) 当前没有其他玩家在线，无需广播状态同步消息
2025-11-22 22:52:51.0866 (StateSyncRequestHandler.cs:36) 当前没有其他玩家在线，无需广播状态同步消息
2025-11-22 22:52:51.1843 (StateSyncRequestHandler.cs:36) 当前没有其他玩家在线，无需广播状态同步消息
2025-11-22 22:52:51.2798 (StateSyncRequestHandler.cs:36) 当前没有其他玩家在线，无需广播状态同步消息
2025-11-22 22:52:51.3793 (StateSyncRequestHandler.cs:36) 当前没有其他玩家在线，无需广播状态同步消息
2025-11-22 22:52:52.2826 (StateSyncRequestHandler.cs:36) 当前没有其他玩家在线，无需广播状态同步消息
2025-11-22 22:52:52.3840 (StateSyncRequestHandler.cs:36) 当前没有其他玩家在线，无需广播状态同步消息
2025-11-22 22:52:52.4797 (StateSyncRequestHandler.cs:36) 当前没有其他玩家在线，无需广播状态同步消息
2025-11-22 22:52:52.5781 (StateSyncRequestHandler.cs:36) 当前没有其他玩家在线，无需广播状态同步消息
2025-11-22 22:52:52.6839 (StateSyncRequestHandler.cs:36) 当前没有其他玩家在线，无需广播状态同步消息
2025-11-22 22:52:54.7835 (StateSyncRequestHandler.cs:36) 当前没有其他玩家在线，无需广播状态同步消息
2025-11-22 22:52:54.8781 (StateSyncRequestHandler.cs:36) 当前没有其他玩家在线，无需广播状态同步消息
2025-11-22 22:52:54.9818 (StateSyncRequestHandler.cs:36) 当前没有其他玩家在线，无需广播状态同步消息
2025-11-22 22:52:55.0875 (StateSyncRequestHandler.cs:36) 当前没有其他玩家在线，无需广播状态同步消息
2025-11-22 22:52:55.1847 (StateSyncRequestHandler.cs:36) 当前没有其他玩家在线，无需广播状态同步消息
2025-11-22 22:52:55.2826 (StateSyncRequestHandler.cs:36) 当前没有其他玩家在线，无需广播状态同步消息
2025-11-22 22:52:55.3911 (StateSyncRequestHandler.cs:36) 当前没有其他玩家在线，无需广播状态同步消息
2025-11-22 22:52:55.4859 (StateSyncRequestHandler.cs:36) 当前没有其他玩家在线，无需广播状态同步消息
2025-11-22 22:52:55.5794 (StateSyncRequestHandler.cs:36) 当前没有其他玩家在线，无需广播状态同步消息
2025-11-22 22:52:55.6842 (StateSyncRequestHandler.cs:36) 当前没有其他玩家在线，无需广播状态同步消息
2025-11-22 22:52:55.7830 (StateSyncRequestHandler.cs:36) 当前没有其他玩家在线，无需广播状态同步消息
2025-11-22 22:52:55.8811 (StateSyncRequestHandler.cs:36) 当前没有其他玩家在线，无需广播状态同步消息
2025-11-22 22:52:55.9861 (StateSyncRequestHandler.cs:36) 当前没有其他玩家在线，无需广播状态同步消息
2025-11-22 22:52:56.0886 (StateSyncRequestHandler.cs:36) 当前没有其他玩家在线，无需广播状态同步消息
2025-11-22 22:52:56.1856 (StateSyncRequestHandler.cs:36) 当前没有其他玩家在线，无需广播状态同步消息
2025-11-22 22:52:56.2839 (StateSyncRequestHandler.cs:36) 当前没有其他玩家在线，无需广播状态同步消息
2025-11-22 22:52:56.3802 (StateSyncRequestHandler.cs:36) 当前没有其他玩家在线，无需广播状态同步消息
2025-11-22 22:52:56.4831 (StateSyncRequestHandler.cs:36) 当前没有其他玩家在线，无需广播状态同步消息
2025-11-22 22:52:56.5826 (StateSyncRequestHandler.cs:36) 当前没有其他玩家在线，无需广播状态同步消息
2025-11-22 22:52:56.6846 (StateSyncRequestHandler.cs:36) 当前没有其他玩家在线，无需广播状态同步消息
2025-11-22 22:52:56.7782 (StateSyncRequestHandler.cs:36) 当前没有其他玩家在线，无需广播状态同步消息
2025-11-22 22:52:56.8830 (StateSyncRequestHandler.cs:36) 当前没有其他玩家在线，无需广播状态同步消息
2025-11-22 22:52:56.9859 (StateSyncRequestHandler.cs:36) 当前没有其他玩家在线，无需广播状态同步消息
2025-11-22 22:52:57.0782 (StateSyncRequestHandler.cs:36) 当前没有其他玩家在线，无需广播状态同步消息
2025-11-22 22:52:57.1791 (StateSyncRequestHandler.cs:36) 当前没有其他玩家在线，无需广播状态同步消息
2025-11-22 22:52:57.2838 (StateSyncRequestHandler.cs:36) 当前没有其他玩家在线，无需广播状态同步消息
2025-11-22 22:52:57.3858 (StateSyncRequestHandler.cs:36) 当前没有其他玩家在线，无需广播状态同步消息
2025-11-22 22:52:57.4856 (StateSyncRequestHandler.cs:36) 当前没有其他玩家在线，无需广播状态同步消息
2025-11-22 22:52:57.5818 (StateSyncRequestHandler.cs:36) 当前没有其他玩家在线，无需广播状态同步消息
2025-11-22 22:53:03.7865 (SessionDisposeComponentSystem.cs:28) 当前服务器上没有其他玩家在线，无需广播下线消息
2025-11-22 22:53:03.8796 (SessionDisposeComponentSystem.cs:77) 账号ID:482734309785206785 数据已保存到数据库
2025-11-22 22:53:03.8796 (SessionDisposeComponentSystem.cs:34) 玩家ID:482734309785206785 下线成功 , 下线位置:x:-9.345419, y:0, z:-1.4904158
2025-11-22 22:53:12.9350 (LoginRequestHandler.cs:71) 玩家上次上线位置：x:-9.345419, y:0, z:-1.4904158
2025-11-22 22:53:12.9350 (LoginRequestHandler.cs:87) 当前没有其他玩家在线，无需广播
2025-11-22 22:53:14.8655 (StateSyncRequestHandler.cs:36) 当前没有其他玩家在线，无需广播状态同步消息
2025-11-22 22:53:14.9578 (StateSyncRequestHandler.cs:36) 当前没有其他玩家在线，无需广播状态同步消息
2025-11-22 22:53:15.0606 (StateSyncRequestHandler.cs:36) 当前没有其他玩家在线，无需广播状态同步消息
2025-11-22 22:53:15.1616  当前没有其他玩家在线，无需广播状态同步消息
2025-11-22 22:53:15.2583  当前没有其他玩家在线，无需广播状态同步消息
2025-11-22 22:53:15.3584  当前没有其他玩家在线，无需广播状态同步消息
2025-11-22 22:53:15.4615  当前没有其他玩家在线，无需广播状态同步消息
2025-11-22 22:53:15.5592  当前没有其他玩家在线，无需广播状态同步消息
2025-11-22 22:53:15.6627  当前没有其他玩家在线，无需广播状态同步消息
2025-11-22 22:53:15.7651  当前没有其他玩家在线，无需广播状态同步消息
2025-11-22 22:53:15.8657  当前没有其他玩家在线，无需广播状态同步消息
2025-11-22 22:53:15.9608  当前没有其他玩家在线，无需广播状态同步消息
2025-11-22 22:53:16.0663  当前没有其他玩家在线，无需广播状态同步消息
2025-11-22 22:53:16.1645  当前没有其他玩家在线，无需广播状态同步消息
2025-11-22 22:53:16.2578  当前没有其他玩家在线，无需广播状态同步消息
2025-11-22 22:53:16.3597  当前没有其他玩家在线，无需广播状态同步消息
2025-11-22 22:53:16.4599  当前没有其他玩家在线，无需广播状态同步消息
2025-11-22 22:53:16.5653  当前没有其他玩家在线，无需广播状态同步消息
2025-11-22 22:53:16.6603  当前没有其他玩家在线，无需广播状态同步消息
2025-11-22 22:53:16.7573  当前没有其他玩家在线，无需广播状态同步消息
2025-11-22 22:53:16.8635  当前没有其他玩家在线，无需广播状态同步消息
2025-11-22 22:53:16.9625  当前没有其他玩家在线，无需广播状态同步消息
2025-11-22 22:53:17.0649  当前没有其他玩家在线，无需广播状态同步消息
2025-11-22 22:53:17.1627  当前没有其他玩家在线，无需广播状态同步消息
2025-11-22 22:53:17.2623  当前没有其他玩家在线，无需广播状态同步消息
2025-11-22 22:53:17.3588  当前没有其他玩家在线，无需广播状态同步消息
2025-11-22 22:53:17.4613  当前没有其他玩家在线，无需广播状态同步消息
2025-11-22 22:53:17.5571  当前没有其他玩家在线，无需广播状态同步消息
2025-11-22 22:53:17.6624  当前没有其他玩家在线，无需广播状态同步消息
2025-11-22 22:53:17.7572  当前没有其他玩家在线，无需广播状态同步消息
2025-11-22 22:53:17.8625  当前没有其他玩家在线，无需广播状态同步消息
2025-11-22 22:53:17.9609  当前没有其他玩家在线，无需广播状态同步消息
2025-11-22 22:53:18.0667  当前没有其他玩家在线，无需广播状态同步消息
2025-11-22 22:53:18.1623  当前没有其他玩家在线，无需广播状态同步消息
2025-11-22 22:53:18.2589  当前没有其他玩家在线，无需广播状态同步消息
2025-11-22 22:53:18.3670  当前没有其他玩家在线，无需广播状态同步消息
2025-11-22 22:53:18.4584  当前没有其他玩家在线，无需广播状态同步消息
2025-11-22 22:53:18.5579  当前没有其他玩家在线，无需广播状态同步消息
2025-11-22 22:53:18.6574  当前没有其他玩家在线，无需广播状态同步消息
2025-11-22 22:53:18.7585  当前没有其他玩家在线，无需广播状态同步消息
